[2022-07-28 20:04:29,145] {taskinstance.py:1159} INFO - Dependencies all met for <TaskInstance: my_dag.commands scheduled__2022-07-28T00:00:00+00:00 [queued]>
[2022-07-28 20:04:29,150] {taskinstance.py:1159} INFO - Dependencies all met for <TaskInstance: my_dag.commands scheduled__2022-07-28T00:00:00+00:00 [queued]>
[2022-07-28 20:04:29,150] {taskinstance.py:1356} INFO - 
--------------------------------------------------------------------------------
[2022-07-28 20:04:29,151] {taskinstance.py:1357} INFO - Starting attempt 1 of 1
[2022-07-28 20:04:29,151] {taskinstance.py:1358} INFO - 
--------------------------------------------------------------------------------
[2022-07-28 20:04:29,163] {taskinstance.py:1377} INFO - Executing <Task(BashOperator): commands> on 2022-07-28 00:00:00+00:00
[2022-07-28 20:04:29,164] {standard_task_runner.py:52} INFO - Started process 2846 to run task
[2022-07-28 20:04:29,166] {standard_task_runner.py:79} INFO - Running: ['airflow', 'tasks', 'run', 'my_dag', 'commands', 'scheduled__2022-07-28T00:00:00+00:00', '--job-id', '8', '--raw', '--subdir', 'DAGS_FOLDER/mydag.py', '--cfg-path', '/tmp/tmp7bkl8m2v', '--error-file', '/tmp/tmplvt6sash']
[2022-07-28 20:04:29,167] {standard_task_runner.py:80} INFO - Job 8: Subtask commands
[2022-07-28 20:04:29,199] {task_command.py:370} INFO - Running <TaskInstance: my_dag.commands scheduled__2022-07-28T00:00:00+00:00 [running]> on host DESKTOP-5GAFI6N.localdomain
[2022-07-28 20:04:29,233] {taskinstance.py:1569} INFO - Exporting the following env vars:
AIRFLOW_CTX_DAG_OWNER=airflow
AIRFLOW_CTX_DAG_ID=my_dag
AIRFLOW_CTX_TASK_ID=commands
AIRFLOW_CTX_EXECUTION_DATE=2022-07-28T00:00:00+00:00
AIRFLOW_CTX_TRY_NUMBER=1
AIRFLOW_CTX_DAG_RUN_ID=scheduled__2022-07-28T00:00:00+00:00
[2022-07-28 20:04:29,234] {subprocess.py:62} INFO - Tmp dir root location: 
 /tmp
[2022-07-28 20:04:29,234] {subprocess.py:74} INFO - Running command: ['bash', '-c', 'sleep 5']
[2022-07-28 20:04:29,237] {subprocess.py:85} INFO - Output:
[2022-07-28 20:04:34,238] {subprocess.py:96} INFO - Command exited with return code 0
[2022-07-28 20:04:34,255] {taskinstance.py:1395} INFO - Marking task as SUCCESS. dag_id=my_dag, task_id=commands, execution_date=20220728T000000, start_date=20220729T000429, end_date=20220729T000434
[2022-07-28 20:04:34,277] {local_task_job.py:156} INFO - Task exited with return code 0
[2022-07-28 20:04:34,284] {local_task_job.py:273} INFO - 0 downstream tasks scheduled from follow-on schedule check
