[2022-07-28 20:06:00,762] {taskinstance.py:1159} INFO - Dependencies all met for <TaskInstance: my_dag.commands manual__2022-07-29T00:05:59+00:00 [queued]>
[2022-07-28 20:06:00,765] {taskinstance.py:1159} INFO - Dependencies all met for <TaskInstance: my_dag.commands manual__2022-07-29T00:05:59+00:00 [queued]>
[2022-07-28 20:06:00,765] {taskinstance.py:1356} INFO - 
--------------------------------------------------------------------------------
[2022-07-28 20:06:00,765] {taskinstance.py:1357} INFO - Starting attempt 1 of 1
[2022-07-28 20:06:00,765] {taskinstance.py:1358} INFO - 
--------------------------------------------------------------------------------
[2022-07-28 20:06:00,776] {taskinstance.py:1377} INFO - Executing <Task(BashOperator): commands> on 2022-07-29 00:05:59+00:00
[2022-07-28 20:06:00,777] {standard_task_runner.py:52} INFO - Started process 3300 to run task
[2022-07-28 20:06:00,778] {standard_task_runner.py:79} INFO - Running: ['airflow', 'tasks', 'run', 'my_dag', 'commands', 'manual__2022-07-29T00:05:59+00:00', '--job-id', '9', '--raw', '--subdir', 'DAGS_FOLDER/mydag.py', '--cfg-path', '/tmp/tmpable6tvu', '--error-file', '/tmp/tmp24fzzy7t']
[2022-07-28 20:06:00,778] {standard_task_runner.py:80} INFO - Job 9: Subtask commands
[2022-07-28 20:06:00,798] {task_command.py:370} INFO - Running <TaskInstance: my_dag.commands manual__2022-07-29T00:05:59+00:00 [running]> on host DESKTOP-5GAFI6N.localdomain
[2022-07-28 20:06:00,825] {taskinstance.py:1569} INFO - Exporting the following env vars:
AIRFLOW_CTX_DAG_OWNER=airflow
AIRFLOW_CTX_DAG_ID=my_dag
AIRFLOW_CTX_TASK_ID=commands
AIRFLOW_CTX_EXECUTION_DATE=2022-07-29T00:05:59+00:00
AIRFLOW_CTX_TRY_NUMBER=1
AIRFLOW_CTX_DAG_RUN_ID=manual__2022-07-29T00:05:59+00:00
[2022-07-28 20:06:00,825] {subprocess.py:62} INFO - Tmp dir root location: 
 /tmp
[2022-07-28 20:06:00,826] {subprocess.py:74} INFO - Running command: ['bash', '-c', 'sleep 5']
[2022-07-28 20:06:00,828] {subprocess.py:85} INFO - Output:
[2022-07-28 20:06:05,829] {subprocess.py:96} INFO - Command exited with return code 0
[2022-07-28 20:06:05,851] {taskinstance.py:1395} INFO - Marking task as SUCCESS. dag_id=my_dag, task_id=commands, execution_date=20220729T000559, start_date=20220729T000600, end_date=20220729T000605
[2022-07-28 20:06:05,892] {local_task_job.py:156} INFO - Task exited with return code 0
[2022-07-28 20:06:05,899] {local_task_job.py:273} INFO - 0 downstream tasks scheduled from follow-on schedule check
