[2022-07-28 19:46:46,655] {processor.py:153} INFO - Started process (PID=508) to work on /home/lemon/airflow/airflowenv/lib/python3.8/site-packages/airflow/example_dags/example_branch_python_dop_operator_3.py
[2022-07-28 19:46:46,655] {processor.py:641} INFO - Processing file /home/lemon/airflow/airflowenv/lib/python3.8/site-packages/airflow/example_dags/example_branch_python_dop_operator_3.py for tasks to queue
[2022-07-28 19:46:46,655] {logging_mixin.py:115} INFO - [2022-07-28 19:46:46,655] {dagbag.py:507} INFO - Filling up the DagBag from /home/lemon/airflow/airflowenv/lib/python3.8/site-packages/airflow/example_dags/example_branch_python_dop_operator_3.py
[2022-07-28 19:46:46,659] {processor.py:651} INFO - DAG(s) dict_keys(['example_branch_dop_operator_v3']) retrieved from /home/lemon/airflow/airflowenv/lib/python3.8/site-packages/airflow/example_dags/example_branch_python_dop_operator_3.py
[2022-07-28 19:46:46,697] {logging_mixin.py:115} INFO - [2022-07-28 19:46:46,697] {manager.py:508} INFO - Created Permission View: can delete on DAG:example_branch_dop_operator_v3
[2022-07-28 19:46:46,705] {logging_mixin.py:115} INFO - [2022-07-28 19:46:46,705] {manager.py:508} INFO - Created Permission View: can read on DAG:example_branch_dop_operator_v3
[2022-07-28 19:46:46,712] {logging_mixin.py:115} INFO - [2022-07-28 19:46:46,712] {manager.py:508} INFO - Created Permission View: can edit on DAG:example_branch_dop_operator_v3
[2022-07-28 19:46:46,712] {logging_mixin.py:115} INFO - [2022-07-28 19:46:46,712] {dag.py:2379} INFO - Sync 1 DAGs
[2022-07-28 19:46:46,716] {logging_mixin.py:115} INFO - [2022-07-28 19:46:46,716] {dag.py:2398} INFO - Creating ORM DAG for example_branch_dop_operator_v3
[2022-07-28 19:46:46,723] {logging_mixin.py:115} INFO - [2022-07-28 19:46:46,723] {dag.py:2927} INFO - Setting next_dagrun for example_branch_dop_operator_v3 to 2022-07-28T23:45:00+00:00, run_after=2022-07-28T23:46:00+00:00
[2022-07-28 19:46:46,735] {processor.py:161} INFO - Processing /home/lemon/airflow/airflowenv/lib/python3.8/site-packages/airflow/example_dags/example_branch_python_dop_operator_3.py took 0.082 seconds
[2022-07-28 19:47:21,406] {processor.py:153} INFO - Started process (PID=777) to work on /home/lemon/airflow/airflowenv/lib/python3.8/site-packages/airflow/example_dags/example_branch_python_dop_operator_3.py
[2022-07-28 19:47:21,407] {processor.py:641} INFO - Processing file /home/lemon/airflow/airflowenv/lib/python3.8/site-packages/airflow/example_dags/example_branch_python_dop_operator_3.py for tasks to queue
[2022-07-28 19:47:21,407] {logging_mixin.py:115} INFO - [2022-07-28 19:47:21,407] {dagbag.py:507} INFO - Filling up the DagBag from /home/lemon/airflow/airflowenv/lib/python3.8/site-packages/airflow/example_dags/example_branch_python_dop_operator_3.py
[2022-07-28 19:47:21,411] {processor.py:651} INFO - DAG(s) dict_keys(['example_branch_dop_operator_v3']) retrieved from /home/lemon/airflow/airflowenv/lib/python3.8/site-packages/airflow/example_dags/example_branch_python_dop_operator_3.py
[2022-07-28 19:47:21,419] {logging_mixin.py:115} INFO - [2022-07-28 19:47:21,419] {dag.py:2379} INFO - Sync 1 DAGs
[2022-07-28 19:47:21,430] {logging_mixin.py:115} INFO - [2022-07-28 19:47:21,430] {dag.py:2927} INFO - Setting next_dagrun for example_branch_dop_operator_v3 to 2022-07-28T23:46:00+00:00, run_after=2022-07-28T23:47:00+00:00
[2022-07-28 19:47:21,441] {processor.py:161} INFO - Processing /home/lemon/airflow/airflowenv/lib/python3.8/site-packages/airflow/example_dags/example_branch_python_dop_operator_3.py took 0.037 seconds
[2022-07-28 19:47:54,905] {processor.py:153} INFO - Started process (PID=964) to work on /home/lemon/airflow/airflowenv/lib/python3.8/site-packages/airflow/example_dags/example_branch_python_dop_operator_3.py
[2022-07-28 19:47:54,906] {processor.py:641} INFO - Processing file /home/lemon/airflow/airflowenv/lib/python3.8/site-packages/airflow/example_dags/example_branch_python_dop_operator_3.py for tasks to queue
[2022-07-28 19:47:54,906] {logging_mixin.py:115} INFO - [2022-07-28 19:47:54,906] {dagbag.py:507} INFO - Filling up the DagBag from /home/lemon/airflow/airflowenv/lib/python3.8/site-packages/airflow/example_dags/example_branch_python_dop_operator_3.py
[2022-07-28 19:47:54,911] {processor.py:651} INFO - DAG(s) dict_keys(['example_branch_dop_operator_v3']) retrieved from /home/lemon/airflow/airflowenv/lib/python3.8/site-packages/airflow/example_dags/example_branch_python_dop_operator_3.py
[2022-07-28 19:47:54,918] {logging_mixin.py:115} INFO - [2022-07-28 19:47:54,918] {dag.py:2379} INFO - Sync 1 DAGs
[2022-07-28 19:47:54,930] {logging_mixin.py:115} INFO - [2022-07-28 19:47:54,930] {dag.py:2927} INFO - Setting next_dagrun for example_branch_dop_operator_v3 to 2022-07-28T23:46:00+00:00, run_after=2022-07-28T23:47:00+00:00
[2022-07-28 19:47:54,942] {processor.py:161} INFO - Processing /home/lemon/airflow/airflowenv/lib/python3.8/site-packages/airflow/example_dags/example_branch_python_dop_operator_3.py took 0.038 seconds
[2022-07-28 19:48:26,670] {processor.py:153} INFO - Started process (PID=998) to work on /home/lemon/airflow/airflowenv/lib/python3.8/site-packages/airflow/example_dags/example_branch_python_dop_operator_3.py
[2022-07-28 19:48:26,670] {processor.py:641} INFO - Processing file /home/lemon/airflow/airflowenv/lib/python3.8/site-packages/airflow/example_dags/example_branch_python_dop_operator_3.py for tasks to queue
[2022-07-28 19:48:26,670] {logging_mixin.py:115} INFO - [2022-07-28 19:48:26,670] {dagbag.py:507} INFO - Filling up the DagBag from /home/lemon/airflow/airflowenv/lib/python3.8/site-packages/airflow/example_dags/example_branch_python_dop_operator_3.py
[2022-07-28 19:48:26,675] {processor.py:651} INFO - DAG(s) dict_keys(['example_branch_dop_operator_v3']) retrieved from /home/lemon/airflow/airflowenv/lib/python3.8/site-packages/airflow/example_dags/example_branch_python_dop_operator_3.py
[2022-07-28 19:48:26,683] {logging_mixin.py:115} INFO - [2022-07-28 19:48:26,683] {dag.py:2379} INFO - Sync 1 DAGs
[2022-07-28 19:48:26,693] {logging_mixin.py:115} INFO - [2022-07-28 19:48:26,693] {dag.py:2927} INFO - Setting next_dagrun for example_branch_dop_operator_v3 to 2022-07-28T23:47:00+00:00, run_after=2022-07-28T23:48:00+00:00
[2022-07-28 19:48:26,704] {processor.py:161} INFO - Processing /home/lemon/airflow/airflowenv/lib/python3.8/site-packages/airflow/example_dags/example_branch_python_dop_operator_3.py took 0.035 seconds
[2022-07-28 19:48:59,673] {processor.py:153} INFO - Started process (PID=1034) to work on /home/lemon/airflow/airflowenv/lib/python3.8/site-packages/airflow/example_dags/example_branch_python_dop_operator_3.py
[2022-07-28 19:48:59,674] {processor.py:641} INFO - Processing file /home/lemon/airflow/airflowenv/lib/python3.8/site-packages/airflow/example_dags/example_branch_python_dop_operator_3.py for tasks to queue
[2022-07-28 19:48:59,674] {logging_mixin.py:115} INFO - [2022-07-28 19:48:59,674] {dagbag.py:507} INFO - Filling up the DagBag from /home/lemon/airflow/airflowenv/lib/python3.8/site-packages/airflow/example_dags/example_branch_python_dop_operator_3.py
[2022-07-28 19:48:59,679] {processor.py:651} INFO - DAG(s) dict_keys(['example_branch_dop_operator_v3']) retrieved from /home/lemon/airflow/airflowenv/lib/python3.8/site-packages/airflow/example_dags/example_branch_python_dop_operator_3.py
[2022-07-28 19:48:59,686] {logging_mixin.py:115} INFO - [2022-07-28 19:48:59,686] {dag.py:2379} INFO - Sync 1 DAGs
[2022-07-28 19:48:59,696] {logging_mixin.py:115} INFO - [2022-07-28 19:48:59,696] {dag.py:2927} INFO - Setting next_dagrun for example_branch_dop_operator_v3 to 2022-07-28T23:47:00+00:00, run_after=2022-07-28T23:48:00+00:00
[2022-07-28 19:48:59,707] {processor.py:161} INFO - Processing /home/lemon/airflow/airflowenv/lib/python3.8/site-packages/airflow/example_dags/example_branch_python_dop_operator_3.py took 0.035 seconds
[2022-07-28 19:51:27,316] {processor.py:153} INFO - Started process (PID=1375) to work on /home/lemon/airflow/airflowenv/lib/python3.8/site-packages/airflow/example_dags/example_branch_python_dop_operator_3.py
[2022-07-28 19:51:27,318] {processor.py:641} INFO - Processing file /home/lemon/airflow/airflowenv/lib/python3.8/site-packages/airflow/example_dags/example_branch_python_dop_operator_3.py for tasks to queue
[2022-07-28 19:51:27,318] {logging_mixin.py:115} INFO - [2022-07-28 19:51:27,318] {dagbag.py:507} INFO - Filling up the DagBag from /home/lemon/airflow/airflowenv/lib/python3.8/site-packages/airflow/example_dags/example_branch_python_dop_operator_3.py
[2022-07-28 19:51:27,323] {processor.py:651} INFO - DAG(s) dict_keys(['example_branch_dop_operator_v3']) retrieved from /home/lemon/airflow/airflowenv/lib/python3.8/site-packages/airflow/example_dags/example_branch_python_dop_operator_3.py
[2022-07-28 19:51:27,331] {logging_mixin.py:115} INFO - [2022-07-28 19:51:27,331] {dag.py:2379} INFO - Sync 1 DAGs
[2022-07-28 19:51:27,341] {logging_mixin.py:115} INFO - [2022-07-28 19:51:27,341] {dag.py:2927} INFO - Setting next_dagrun for example_branch_dop_operator_v3 to 2022-07-28T23:50:00+00:00, run_after=2022-07-28T23:51:00+00:00
[2022-07-28 19:51:27,352] {processor.py:161} INFO - Processing /home/lemon/airflow/airflowenv/lib/python3.8/site-packages/airflow/example_dags/example_branch_python_dop_operator_3.py took 0.037 seconds
[2022-07-28 19:52:57,227] {processor.py:153} INFO - Started process (PID=1963) to work on /home/lemon/airflow/airflowenv/lib/python3.8/site-packages/airflow/example_dags/example_branch_python_dop_operator_3.py
[2022-07-28 19:52:57,235] {processor.py:641} INFO - Processing file /home/lemon/airflow/airflowenv/lib/python3.8/site-packages/airflow/example_dags/example_branch_python_dop_operator_3.py for tasks to queue
[2022-07-28 19:52:57,236] {logging_mixin.py:115} INFO - [2022-07-28 19:52:57,235] {dagbag.py:507} INFO - Filling up the DagBag from /home/lemon/airflow/airflowenv/lib/python3.8/site-packages/airflow/example_dags/example_branch_python_dop_operator_3.py
[2022-07-28 19:52:57,241] {processor.py:651} INFO - DAG(s) dict_keys(['example_branch_dop_operator_v3']) retrieved from /home/lemon/airflow/airflowenv/lib/python3.8/site-packages/airflow/example_dags/example_branch_python_dop_operator_3.py
[2022-07-28 19:52:57,248] {logging_mixin.py:115} INFO - [2022-07-28 19:52:57,248] {dag.py:2379} INFO - Sync 1 DAGs
[2022-07-28 19:52:57,260] {logging_mixin.py:115} INFO - [2022-07-28 19:52:57,260] {dag.py:2927} INFO - Setting next_dagrun for example_branch_dop_operator_v3 to 2022-07-28T23:51:00+00:00, run_after=2022-07-28T23:52:00+00:00
[2022-07-28 19:52:57,270] {processor.py:161} INFO - Processing /home/lemon/airflow/airflowenv/lib/python3.8/site-packages/airflow/example_dags/example_branch_python_dop_operator_3.py took 0.044 seconds
[2022-07-28 19:53:28,597] {processor.py:153} INFO - Started process (PID=2255) to work on /home/lemon/airflow/airflowenv/lib/python3.8/site-packages/airflow/example_dags/example_branch_python_dop_operator_3.py
[2022-07-28 19:53:28,598] {processor.py:641} INFO - Processing file /home/lemon/airflow/airflowenv/lib/python3.8/site-packages/airflow/example_dags/example_branch_python_dop_operator_3.py for tasks to queue
[2022-07-28 19:53:28,599] {logging_mixin.py:115} INFO - [2022-07-28 19:53:28,598] {dagbag.py:507} INFO - Filling up the DagBag from /home/lemon/airflow/airflowenv/lib/python3.8/site-packages/airflow/example_dags/example_branch_python_dop_operator_3.py
[2022-07-28 19:53:28,603] {processor.py:651} INFO - DAG(s) dict_keys(['example_branch_dop_operator_v3']) retrieved from /home/lemon/airflow/airflowenv/lib/python3.8/site-packages/airflow/example_dags/example_branch_python_dop_operator_3.py
[2022-07-28 19:53:28,611] {logging_mixin.py:115} INFO - [2022-07-28 19:53:28,611] {dag.py:2379} INFO - Sync 1 DAGs
[2022-07-28 19:53:28,624] {logging_mixin.py:115} INFO - [2022-07-28 19:53:28,624] {dag.py:2927} INFO - Setting next_dagrun for example_branch_dop_operator_v3 to 2022-07-28T23:52:00+00:00, run_after=2022-07-28T23:53:00+00:00
[2022-07-28 19:53:28,634] {processor.py:161} INFO - Processing /home/lemon/airflow/airflowenv/lib/python3.8/site-packages/airflow/example_dags/example_branch_python_dop_operator_3.py took 0.038 seconds
[2022-07-28 19:54:03,116] {processor.py:153} INFO - Started process (PID=2494) to work on /home/lemon/airflow/airflowenv/lib/python3.8/site-packages/airflow/example_dags/example_branch_python_dop_operator_3.py
[2022-07-28 19:54:03,123] {processor.py:641} INFO - Processing file /home/lemon/airflow/airflowenv/lib/python3.8/site-packages/airflow/example_dags/example_branch_python_dop_operator_3.py for tasks to queue
[2022-07-28 19:54:03,124] {logging_mixin.py:115} INFO - [2022-07-28 19:54:03,124] {dagbag.py:507} INFO - Filling up the DagBag from /home/lemon/airflow/airflowenv/lib/python3.8/site-packages/airflow/example_dags/example_branch_python_dop_operator_3.py
[2022-07-28 19:54:03,129] {processor.py:651} INFO - DAG(s) dict_keys(['example_branch_dop_operator_v3']) retrieved from /home/lemon/airflow/airflowenv/lib/python3.8/site-packages/airflow/example_dags/example_branch_python_dop_operator_3.py
[2022-07-28 19:54:03,136] {logging_mixin.py:115} INFO - [2022-07-28 19:54:03,136] {dag.py:2379} INFO - Sync 1 DAGs
[2022-07-28 19:54:03,148] {logging_mixin.py:115} INFO - [2022-07-28 19:54:03,148] {dag.py:2927} INFO - Setting next_dagrun for example_branch_dop_operator_v3 to 2022-07-28T23:53:00+00:00, run_after=2022-07-28T23:54:00+00:00
[2022-07-28 19:54:03,158] {processor.py:161} INFO - Processing /home/lemon/airflow/airflowenv/lib/python3.8/site-packages/airflow/example_dags/example_branch_python_dop_operator_3.py took 0.043 seconds
[2022-07-28 19:54:37,354] {processor.py:153} INFO - Started process (PID=2529) to work on /home/lemon/airflow/airflowenv/lib/python3.8/site-packages/airflow/example_dags/example_branch_python_dop_operator_3.py
[2022-07-28 19:54:37,356] {processor.py:641} INFO - Processing file /home/lemon/airflow/airflowenv/lib/python3.8/site-packages/airflow/example_dags/example_branch_python_dop_operator_3.py for tasks to queue
[2022-07-28 19:54:37,356] {logging_mixin.py:115} INFO - [2022-07-28 19:54:37,356] {dagbag.py:507} INFO - Filling up the DagBag from /home/lemon/airflow/airflowenv/lib/python3.8/site-packages/airflow/example_dags/example_branch_python_dop_operator_3.py
[2022-07-28 19:54:37,362] {processor.py:651} INFO - DAG(s) dict_keys(['example_branch_dop_operator_v3']) retrieved from /home/lemon/airflow/airflowenv/lib/python3.8/site-packages/airflow/example_dags/example_branch_python_dop_operator_3.py
[2022-07-28 19:54:37,369] {logging_mixin.py:115} INFO - [2022-07-28 19:54:37,369] {dag.py:2379} INFO - Sync 1 DAGs
[2022-07-28 19:54:37,381] {logging_mixin.py:115} INFO - [2022-07-28 19:54:37,381] {dag.py:2927} INFO - Setting next_dagrun for example_branch_dop_operator_v3 to 2022-07-28T23:53:00+00:00, run_after=2022-07-28T23:54:00+00:00
[2022-07-28 19:54:37,391] {processor.py:161} INFO - Processing /home/lemon/airflow/airflowenv/lib/python3.8/site-packages/airflow/example_dags/example_branch_python_dop_operator_3.py took 0.038 seconds
[2022-07-28 19:55:10,379] {processor.py:153} INFO - Started process (PID=2564) to work on /home/lemon/airflow/airflowenv/lib/python3.8/site-packages/airflow/example_dags/example_branch_python_dop_operator_3.py
[2022-07-28 19:55:10,380] {processor.py:641} INFO - Processing file /home/lemon/airflow/airflowenv/lib/python3.8/site-packages/airflow/example_dags/example_branch_python_dop_operator_3.py for tasks to queue
[2022-07-28 19:55:10,380] {logging_mixin.py:115} INFO - [2022-07-28 19:55:10,380] {dagbag.py:507} INFO - Filling up the DagBag from /home/lemon/airflow/airflowenv/lib/python3.8/site-packages/airflow/example_dags/example_branch_python_dop_operator_3.py
[2022-07-28 19:55:10,385] {processor.py:651} INFO - DAG(s) dict_keys(['example_branch_dop_operator_v3']) retrieved from /home/lemon/airflow/airflowenv/lib/python3.8/site-packages/airflow/example_dags/example_branch_python_dop_operator_3.py
[2022-07-28 19:55:10,394] {logging_mixin.py:115} INFO - [2022-07-28 19:55:10,394] {dag.py:2379} INFO - Sync 1 DAGs
[2022-07-28 19:55:10,407] {logging_mixin.py:115} INFO - [2022-07-28 19:55:10,407] {dag.py:2927} INFO - Setting next_dagrun for example_branch_dop_operator_v3 to 2022-07-28T23:54:00+00:00, run_after=2022-07-28T23:55:00+00:00
[2022-07-28 19:55:10,419] {processor.py:161} INFO - Processing /home/lemon/airflow/airflowenv/lib/python3.8/site-packages/airflow/example_dags/example_branch_python_dop_operator_3.py took 0.042 seconds
