[2022-07-28 19:46:50,649] {processor.py:153} INFO - Started process (PID=541) to work on /home/lemon/airflow/airflowenv/lib/python3.8/site-packages/airflow/example_dags/example_trigger_target_dag.py
[2022-07-28 19:46:50,649] {processor.py:641} INFO - Processing file /home/lemon/airflow/airflowenv/lib/python3.8/site-packages/airflow/example_dags/example_trigger_target_dag.py for tasks to queue
[2022-07-28 19:46:50,649] {logging_mixin.py:115} INFO - [2022-07-28 19:46:50,649] {dagbag.py:507} INFO - Filling up the DagBag from /home/lemon/airflow/airflowenv/lib/python3.8/site-packages/airflow/example_dags/example_trigger_target_dag.py
[2022-07-28 19:46:50,658] {processor.py:651} INFO - DAG(s) dict_keys(['example_trigger_target_dag']) retrieved from /home/lemon/airflow/airflowenv/lib/python3.8/site-packages/airflow/example_dags/example_trigger_target_dag.py
[2022-07-28 19:46:50,702] {logging_mixin.py:115} INFO - [2022-07-28 19:46:50,701] {manager.py:508} INFO - Created Permission View: can delete on DAG:example_trigger_target_dag
[2022-07-28 19:46:50,711] {logging_mixin.py:115} INFO - [2022-07-28 19:46:50,711] {manager.py:508} INFO - Created Permission View: can read on DAG:example_trigger_target_dag
[2022-07-28 19:46:50,720] {logging_mixin.py:115} INFO - [2022-07-28 19:46:50,720] {manager.py:508} INFO - Created Permission View: can edit on DAG:example_trigger_target_dag
[2022-07-28 19:46:50,721] {logging_mixin.py:115} INFO - [2022-07-28 19:46:50,721] {dag.py:2379} INFO - Sync 1 DAGs
[2022-07-28 19:46:50,726] {logging_mixin.py:115} INFO - [2022-07-28 19:46:50,726] {dag.py:2398} INFO - Creating ORM DAG for example_trigger_target_dag
[2022-07-28 19:46:50,732] {logging_mixin.py:115} INFO - [2022-07-28 19:46:50,732] {dag.py:2927} INFO - Setting next_dagrun for example_trigger_target_dag to None, run_after=None
[2022-07-28 19:46:50,747] {processor.py:161} INFO - Processing /home/lemon/airflow/airflowenv/lib/python3.8/site-packages/airflow/example_dags/example_trigger_target_dag.py took 0.099 seconds
[2022-07-28 19:47:25,406] {processor.py:153} INFO - Started process (PID=832) to work on /home/lemon/airflow/airflowenv/lib/python3.8/site-packages/airflow/example_dags/example_trigger_target_dag.py
[2022-07-28 19:47:25,414] {processor.py:641} INFO - Processing file /home/lemon/airflow/airflowenv/lib/python3.8/site-packages/airflow/example_dags/example_trigger_target_dag.py for tasks to queue
[2022-07-28 19:47:25,414] {logging_mixin.py:115} INFO - [2022-07-28 19:47:25,414] {dagbag.py:507} INFO - Filling up the DagBag from /home/lemon/airflow/airflowenv/lib/python3.8/site-packages/airflow/example_dags/example_trigger_target_dag.py
[2022-07-28 19:47:25,423] {processor.py:651} INFO - DAG(s) dict_keys(['example_trigger_target_dag']) retrieved from /home/lemon/airflow/airflowenv/lib/python3.8/site-packages/airflow/example_dags/example_trigger_target_dag.py
[2022-07-28 19:47:25,430] {logging_mixin.py:115} INFO - [2022-07-28 19:47:25,430] {dag.py:2379} INFO - Sync 1 DAGs
[2022-07-28 19:47:25,439] {logging_mixin.py:115} INFO - [2022-07-28 19:47:25,439] {dag.py:2927} INFO - Setting next_dagrun for example_trigger_target_dag to None, run_after=None
[2022-07-28 19:47:25,448] {processor.py:161} INFO - Processing /home/lemon/airflow/airflowenv/lib/python3.8/site-packages/airflow/example_dags/example_trigger_target_dag.py took 0.043 seconds
[2022-07-28 19:47:59,422] {processor.py:153} INFO - Started process (PID=968) to work on /home/lemon/airflow/airflowenv/lib/python3.8/site-packages/airflow/example_dags/example_trigger_target_dag.py
[2022-07-28 19:47:59,431] {processor.py:641} INFO - Processing file /home/lemon/airflow/airflowenv/lib/python3.8/site-packages/airflow/example_dags/example_trigger_target_dag.py for tasks to queue
[2022-07-28 19:47:59,432] {logging_mixin.py:115} INFO - [2022-07-28 19:47:59,432] {dagbag.py:507} INFO - Filling up the DagBag from /home/lemon/airflow/airflowenv/lib/python3.8/site-packages/airflow/example_dags/example_trigger_target_dag.py
[2022-07-28 19:47:59,440] {processor.py:651} INFO - DAG(s) dict_keys(['example_trigger_target_dag']) retrieved from /home/lemon/airflow/airflowenv/lib/python3.8/site-packages/airflow/example_dags/example_trigger_target_dag.py
[2022-07-28 19:47:59,448] {logging_mixin.py:115} INFO - [2022-07-28 19:47:59,448] {dag.py:2379} INFO - Sync 1 DAGs
[2022-07-28 19:47:59,458] {logging_mixin.py:115} INFO - [2022-07-28 19:47:59,458] {dag.py:2927} INFO - Setting next_dagrun for example_trigger_target_dag to None, run_after=None
[2022-07-28 19:47:59,469] {processor.py:161} INFO - Processing /home/lemon/airflow/airflowenv/lib/python3.8/site-packages/airflow/example_dags/example_trigger_target_dag.py took 0.048 seconds
[2022-07-28 19:48:31,178] {processor.py:153} INFO - Started process (PID=1004) to work on /home/lemon/airflow/airflowenv/lib/python3.8/site-packages/airflow/example_dags/example_trigger_target_dag.py
[2022-07-28 19:48:31,178] {processor.py:641} INFO - Processing file /home/lemon/airflow/airflowenv/lib/python3.8/site-packages/airflow/example_dags/example_trigger_target_dag.py for tasks to queue
[2022-07-28 19:48:31,178] {logging_mixin.py:115} INFO - [2022-07-28 19:48:31,178] {dagbag.py:507} INFO - Filling up the DagBag from /home/lemon/airflow/airflowenv/lib/python3.8/site-packages/airflow/example_dags/example_trigger_target_dag.py
[2022-07-28 19:48:31,186] {processor.py:651} INFO - DAG(s) dict_keys(['example_trigger_target_dag']) retrieved from /home/lemon/airflow/airflowenv/lib/python3.8/site-packages/airflow/example_dags/example_trigger_target_dag.py
[2022-07-28 19:48:31,193] {logging_mixin.py:115} INFO - [2022-07-28 19:48:31,193] {dag.py:2379} INFO - Sync 1 DAGs
[2022-07-28 19:48:31,201] {logging_mixin.py:115} INFO - [2022-07-28 19:48:31,201] {dag.py:2927} INFO - Setting next_dagrun for example_trigger_target_dag to None, run_after=None
[2022-07-28 19:48:31,211] {processor.py:161} INFO - Processing /home/lemon/airflow/airflowenv/lib/python3.8/site-packages/airflow/example_dags/example_trigger_target_dag.py took 0.035 seconds
[2022-07-28 19:49:03,675] {processor.py:153} INFO - Started process (PID=1051) to work on /home/lemon/airflow/airflowenv/lib/python3.8/site-packages/airflow/example_dags/example_trigger_target_dag.py
[2022-07-28 19:49:03,677] {processor.py:641} INFO - Processing file /home/lemon/airflow/airflowenv/lib/python3.8/site-packages/airflow/example_dags/example_trigger_target_dag.py for tasks to queue
[2022-07-28 19:49:03,677] {logging_mixin.py:115} INFO - [2022-07-28 19:49:03,677] {dagbag.py:507} INFO - Filling up the DagBag from /home/lemon/airflow/airflowenv/lib/python3.8/site-packages/airflow/example_dags/example_trigger_target_dag.py
[2022-07-28 19:49:03,686] {processor.py:651} INFO - DAG(s) dict_keys(['example_trigger_target_dag']) retrieved from /home/lemon/airflow/airflowenv/lib/python3.8/site-packages/airflow/example_dags/example_trigger_target_dag.py
[2022-07-28 19:49:03,692] {logging_mixin.py:115} INFO - [2022-07-28 19:49:03,692] {dag.py:2379} INFO - Sync 1 DAGs
[2022-07-28 19:49:03,701] {logging_mixin.py:115} INFO - [2022-07-28 19:49:03,701] {dag.py:2927} INFO - Setting next_dagrun for example_trigger_target_dag to None, run_after=None
[2022-07-28 19:49:03,711] {processor.py:161} INFO - Processing /home/lemon/airflow/airflowenv/lib/python3.8/site-packages/airflow/example_dags/example_trigger_target_dag.py took 0.037 seconds
[2022-07-28 19:51:31,325] {processor.py:153} INFO - Started process (PID=1430) to work on /home/lemon/airflow/airflowenv/lib/python3.8/site-packages/airflow/example_dags/example_trigger_target_dag.py
[2022-07-28 19:51:31,333] {processor.py:641} INFO - Processing file /home/lemon/airflow/airflowenv/lib/python3.8/site-packages/airflow/example_dags/example_trigger_target_dag.py for tasks to queue
[2022-07-28 19:51:31,333] {logging_mixin.py:115} INFO - [2022-07-28 19:51:31,333] {dagbag.py:507} INFO - Filling up the DagBag from /home/lemon/airflow/airflowenv/lib/python3.8/site-packages/airflow/example_dags/example_trigger_target_dag.py
[2022-07-28 19:51:31,343] {processor.py:651} INFO - DAG(s) dict_keys(['example_trigger_target_dag']) retrieved from /home/lemon/airflow/airflowenv/lib/python3.8/site-packages/airflow/example_dags/example_trigger_target_dag.py
[2022-07-28 19:51:31,352] {logging_mixin.py:115} INFO - [2022-07-28 19:51:31,352] {dag.py:2379} INFO - Sync 1 DAGs
[2022-07-28 19:51:31,366] {logging_mixin.py:115} INFO - [2022-07-28 19:51:31,365] {dag.py:2927} INFO - Setting next_dagrun for example_trigger_target_dag to None, run_after=None
[2022-07-28 19:51:31,379] {processor.py:161} INFO - Processing /home/lemon/airflow/airflowenv/lib/python3.8/site-packages/airflow/example_dags/example_trigger_target_dag.py took 0.055 seconds
[2022-07-28 19:53:01,229] {processor.py:153} INFO - Started process (PID=1967) to work on /home/lemon/airflow/airflowenv/lib/python3.8/site-packages/airflow/example_dags/example_trigger_target_dag.py
[2022-07-28 19:53:01,238] {processor.py:641} INFO - Processing file /home/lemon/airflow/airflowenv/lib/python3.8/site-packages/airflow/example_dags/example_trigger_target_dag.py for tasks to queue
[2022-07-28 19:53:01,239] {logging_mixin.py:115} INFO - [2022-07-28 19:53:01,239] {dagbag.py:507} INFO - Filling up the DagBag from /home/lemon/airflow/airflowenv/lib/python3.8/site-packages/airflow/example_dags/example_trigger_target_dag.py
[2022-07-28 19:53:01,247] {processor.py:651} INFO - DAG(s) dict_keys(['example_trigger_target_dag']) retrieved from /home/lemon/airflow/airflowenv/lib/python3.8/site-packages/airflow/example_dags/example_trigger_target_dag.py
[2022-07-28 19:53:01,254] {logging_mixin.py:115} INFO - [2022-07-28 19:53:01,254] {dag.py:2379} INFO - Sync 1 DAGs
[2022-07-28 19:53:01,263] {logging_mixin.py:115} INFO - [2022-07-28 19:53:01,263] {dag.py:2927} INFO - Setting next_dagrun for example_trigger_target_dag to None, run_after=None
[2022-07-28 19:53:01,272] {processor.py:161} INFO - Processing /home/lemon/airflow/airflowenv/lib/python3.8/site-packages/airflow/example_dags/example_trigger_target_dag.py took 0.044 seconds
[2022-07-28 19:53:32,865] {processor.py:153} INFO - Started process (PID=2310) to work on /home/lemon/airflow/airflowenv/lib/python3.8/site-packages/airflow/example_dags/example_trigger_target_dag.py
[2022-07-28 19:53:32,866] {processor.py:641} INFO - Processing file /home/lemon/airflow/airflowenv/lib/python3.8/site-packages/airflow/example_dags/example_trigger_target_dag.py for tasks to queue
[2022-07-28 19:53:32,867] {logging_mixin.py:115} INFO - [2022-07-28 19:53:32,867] {dagbag.py:507} INFO - Filling up the DagBag from /home/lemon/airflow/airflowenv/lib/python3.8/site-packages/airflow/example_dags/example_trigger_target_dag.py
[2022-07-28 19:53:32,875] {processor.py:651} INFO - DAG(s) dict_keys(['example_trigger_target_dag']) retrieved from /home/lemon/airflow/airflowenv/lib/python3.8/site-packages/airflow/example_dags/example_trigger_target_dag.py
[2022-07-28 19:53:32,881] {logging_mixin.py:115} INFO - [2022-07-28 19:53:32,881] {dag.py:2379} INFO - Sync 1 DAGs
[2022-07-28 19:53:32,890] {logging_mixin.py:115} INFO - [2022-07-28 19:53:32,890] {dag.py:2927} INFO - Setting next_dagrun for example_trigger_target_dag to None, run_after=None
[2022-07-28 19:53:32,900] {processor.py:161} INFO - Processing /home/lemon/airflow/airflowenv/lib/python3.8/site-packages/airflow/example_dags/example_trigger_target_dag.py took 0.036 seconds
[2022-07-28 19:54:06,727] {processor.py:153} INFO - Started process (PID=2498) to work on /home/lemon/airflow/airflowenv/lib/python3.8/site-packages/airflow/example_dags/example_trigger_target_dag.py
[2022-07-28 19:54:06,735] {processor.py:641} INFO - Processing file /home/lemon/airflow/airflowenv/lib/python3.8/site-packages/airflow/example_dags/example_trigger_target_dag.py for tasks to queue
[2022-07-28 19:54:06,735] {logging_mixin.py:115} INFO - [2022-07-28 19:54:06,735] {dagbag.py:507} INFO - Filling up the DagBag from /home/lemon/airflow/airflowenv/lib/python3.8/site-packages/airflow/example_dags/example_trigger_target_dag.py
[2022-07-28 19:54:06,743] {processor.py:651} INFO - DAG(s) dict_keys(['example_trigger_target_dag']) retrieved from /home/lemon/airflow/airflowenv/lib/python3.8/site-packages/airflow/example_dags/example_trigger_target_dag.py
[2022-07-28 19:54:06,750] {logging_mixin.py:115} INFO - [2022-07-28 19:54:06,750] {dag.py:2379} INFO - Sync 1 DAGs
[2022-07-28 19:54:06,759] {logging_mixin.py:115} INFO - [2022-07-28 19:54:06,759] {dag.py:2927} INFO - Setting next_dagrun for example_trigger_target_dag to None, run_after=None
[2022-07-28 19:54:06,769] {processor.py:161} INFO - Processing /home/lemon/airflow/airflowenv/lib/python3.8/site-packages/airflow/example_dags/example_trigger_target_dag.py took 0.043 seconds
[2022-07-28 19:54:43,606] {processor.py:153} INFO - Started process (PID=2535) to work on /home/lemon/airflow/airflowenv/lib/python3.8/site-packages/airflow/example_dags/example_trigger_target_dag.py
[2022-07-28 19:54:43,616] {processor.py:641} INFO - Processing file /home/lemon/airflow/airflowenv/lib/python3.8/site-packages/airflow/example_dags/example_trigger_target_dag.py for tasks to queue
[2022-07-28 19:54:43,616] {logging_mixin.py:115} INFO - [2022-07-28 19:54:43,616] {dagbag.py:507} INFO - Filling up the DagBag from /home/lemon/airflow/airflowenv/lib/python3.8/site-packages/airflow/example_dags/example_trigger_target_dag.py
[2022-07-28 19:54:43,625] {processor.py:651} INFO - DAG(s) dict_keys(['example_trigger_target_dag']) retrieved from /home/lemon/airflow/airflowenv/lib/python3.8/site-packages/airflow/example_dags/example_trigger_target_dag.py
[2022-07-28 19:54:43,632] {logging_mixin.py:115} INFO - [2022-07-28 19:54:43,632] {dag.py:2379} INFO - Sync 1 DAGs
[2022-07-28 19:54:43,641] {logging_mixin.py:115} INFO - [2022-07-28 19:54:43,641] {dag.py:2927} INFO - Setting next_dagrun for example_trigger_target_dag to None, run_after=None
[2022-07-28 19:54:43,650] {processor.py:161} INFO - Processing /home/lemon/airflow/airflowenv/lib/python3.8/site-packages/airflow/example_dags/example_trigger_target_dag.py took 0.045 seconds
[2022-07-28 19:55:17,276] {processor.py:153} INFO - Started process (PID=2571) to work on /home/lemon/airflow/airflowenv/lib/python3.8/site-packages/airflow/example_dags/example_trigger_target_dag.py
[2022-07-28 19:55:17,284] {processor.py:641} INFO - Processing file /home/lemon/airflow/airflowenv/lib/python3.8/site-packages/airflow/example_dags/example_trigger_target_dag.py for tasks to queue
[2022-07-28 19:55:17,284] {logging_mixin.py:115} INFO - [2022-07-28 19:55:17,284] {dagbag.py:507} INFO - Filling up the DagBag from /home/lemon/airflow/airflowenv/lib/python3.8/site-packages/airflow/example_dags/example_trigger_target_dag.py
[2022-07-28 19:55:17,292] {processor.py:651} INFO - DAG(s) dict_keys(['example_trigger_target_dag']) retrieved from /home/lemon/airflow/airflowenv/lib/python3.8/site-packages/airflow/example_dags/example_trigger_target_dag.py
[2022-07-28 19:55:17,299] {logging_mixin.py:115} INFO - [2022-07-28 19:55:17,299] {dag.py:2379} INFO - Sync 1 DAGs
[2022-07-28 19:55:17,308] {logging_mixin.py:115} INFO - [2022-07-28 19:55:17,308] {dag.py:2927} INFO - Setting next_dagrun for example_trigger_target_dag to None, run_after=None
[2022-07-28 19:55:17,318] {processor.py:161} INFO - Processing /home/lemon/airflow/airflowenv/lib/python3.8/site-packages/airflow/example_dags/example_trigger_target_dag.py took 0.043 seconds
