[2022-07-28 19:46:45,526] {processor.py:153} INFO - Started process (PID=485) to work on /home/lemon/airflow/airflowenv/lib/python3.8/site-packages/airflow/example_dags/example_task_group_decorator.py
[2022-07-28 19:46:45,526] {processor.py:641} INFO - Processing file /home/lemon/airflow/airflowenv/lib/python3.8/site-packages/airflow/example_dags/example_task_group_decorator.py for tasks to queue
[2022-07-28 19:46:45,526] {logging_mixin.py:115} INFO - [2022-07-28 19:46:45,526] {dagbag.py:507} INFO - Filling up the DagBag from /home/lemon/airflow/airflowenv/lib/python3.8/site-packages/airflow/example_dags/example_task_group_decorator.py
[2022-07-28 19:46:45,540] {processor.py:651} INFO - DAG(s) dict_keys(['example_task_group_decorator']) retrieved from /home/lemon/airflow/airflowenv/lib/python3.8/site-packages/airflow/example_dags/example_task_group_decorator.py
[2022-07-28 19:46:45,585] {logging_mixin.py:115} INFO - [2022-07-28 19:46:45,585] {manager.py:508} INFO - Created Permission View: can delete on DAG:example_task_group_decorator
[2022-07-28 19:46:45,594] {logging_mixin.py:115} INFO - [2022-07-28 19:46:45,594] {manager.py:508} INFO - Created Permission View: can read on DAG:example_task_group_decorator
[2022-07-28 19:46:45,601] {logging_mixin.py:115} INFO - [2022-07-28 19:46:45,601] {manager.py:508} INFO - Created Permission View: can edit on DAG:example_task_group_decorator
[2022-07-28 19:46:45,602] {logging_mixin.py:115} INFO - [2022-07-28 19:46:45,602] {dag.py:2379} INFO - Sync 1 DAGs
[2022-07-28 19:46:45,605] {logging_mixin.py:115} INFO - [2022-07-28 19:46:45,605] {dag.py:2398} INFO - Creating ORM DAG for example_task_group_decorator
[2022-07-28 19:46:45,609] {logging_mixin.py:115} INFO - [2022-07-28 19:46:45,609] {dag.py:2927} INFO - Setting next_dagrun for example_task_group_decorator to 2022-07-27T23:46:45.609641+00:00, run_after=2022-07-28T23:46:45.609641+00:00
[2022-07-28 19:46:45,621] {processor.py:161} INFO - Processing /home/lemon/airflow/airflowenv/lib/python3.8/site-packages/airflow/example_dags/example_task_group_decorator.py took 0.096 seconds
[2022-07-28 19:47:20,280] {processor.py:153} INFO - Started process (PID=776) to work on /home/lemon/airflow/airflowenv/lib/python3.8/site-packages/airflow/example_dags/example_task_group_decorator.py
[2022-07-28 19:47:20,288] {processor.py:641} INFO - Processing file /home/lemon/airflow/airflowenv/lib/python3.8/site-packages/airflow/example_dags/example_task_group_decorator.py for tasks to queue
[2022-07-28 19:47:20,289] {logging_mixin.py:115} INFO - [2022-07-28 19:47:20,289] {dagbag.py:507} INFO - Filling up the DagBag from /home/lemon/airflow/airflowenv/lib/python3.8/site-packages/airflow/example_dags/example_task_group_decorator.py
[2022-07-28 19:47:20,304] {processor.py:651} INFO - DAG(s) dict_keys(['example_task_group_decorator']) retrieved from /home/lemon/airflow/airflowenv/lib/python3.8/site-packages/airflow/example_dags/example_task_group_decorator.py
[2022-07-28 19:47:20,334] {logging_mixin.py:115} INFO - [2022-07-28 19:47:20,334] {dag.py:2379} INFO - Sync 1 DAGs
[2022-07-28 19:47:20,345] {logging_mixin.py:115} INFO - [2022-07-28 19:47:20,345] {dag.py:2927} INFO - Setting next_dagrun for example_task_group_decorator to 2022-07-27T23:47:20.345019+00:00, run_after=2022-07-28T23:47:20.345019+00:00
[2022-07-28 19:47:20,359] {processor.py:161} INFO - Processing /home/lemon/airflow/airflowenv/lib/python3.8/site-packages/airflow/example_dags/example_task_group_decorator.py took 0.080 seconds
[2022-07-28 19:47:54,778] {processor.py:153} INFO - Started process (PID=963) to work on /home/lemon/airflow/airflowenv/lib/python3.8/site-packages/airflow/example_dags/example_task_group_decorator.py
[2022-07-28 19:47:54,780] {processor.py:641} INFO - Processing file /home/lemon/airflow/airflowenv/lib/python3.8/site-packages/airflow/example_dags/example_task_group_decorator.py for tasks to queue
[2022-07-28 19:47:54,780] {logging_mixin.py:115} INFO - [2022-07-28 19:47:54,780] {dagbag.py:507} INFO - Filling up the DagBag from /home/lemon/airflow/airflowenv/lib/python3.8/site-packages/airflow/example_dags/example_task_group_decorator.py
[2022-07-28 19:47:54,794] {processor.py:651} INFO - DAG(s) dict_keys(['example_task_group_decorator']) retrieved from /home/lemon/airflow/airflowenv/lib/python3.8/site-packages/airflow/example_dags/example_task_group_decorator.py
[2022-07-28 19:47:54,815] {logging_mixin.py:115} INFO - [2022-07-28 19:47:54,815] {dag.py:2379} INFO - Sync 1 DAGs
[2022-07-28 19:47:54,823] {logging_mixin.py:115} INFO - [2022-07-28 19:47:54,822] {dag.py:2927} INFO - Setting next_dagrun for example_task_group_decorator to 2022-07-27T23:47:54.822859+00:00, run_after=2022-07-28T23:47:54.822859+00:00
[2022-07-28 19:47:54,833] {processor.py:161} INFO - Processing /home/lemon/airflow/airflowenv/lib/python3.8/site-packages/airflow/example_dags/example_task_group_decorator.py took 0.056 seconds
[2022-07-28 19:48:26,417] {processor.py:153} INFO - Started process (PID=997) to work on /home/lemon/airflow/airflowenv/lib/python3.8/site-packages/airflow/example_dags/example_task_group_decorator.py
[2022-07-28 19:48:26,418] {processor.py:641} INFO - Processing file /home/lemon/airflow/airflowenv/lib/python3.8/site-packages/airflow/example_dags/example_task_group_decorator.py for tasks to queue
[2022-07-28 19:48:26,418] {logging_mixin.py:115} INFO - [2022-07-28 19:48:26,418] {dagbag.py:507} INFO - Filling up the DagBag from /home/lemon/airflow/airflowenv/lib/python3.8/site-packages/airflow/example_dags/example_task_group_decorator.py
[2022-07-28 19:48:26,431] {processor.py:651} INFO - DAG(s) dict_keys(['example_task_group_decorator']) retrieved from /home/lemon/airflow/airflowenv/lib/python3.8/site-packages/airflow/example_dags/example_task_group_decorator.py
[2022-07-28 19:48:26,452] {logging_mixin.py:115} INFO - [2022-07-28 19:48:26,452] {dag.py:2379} INFO - Sync 1 DAGs
[2022-07-28 19:48:26,459] {logging_mixin.py:115} INFO - [2022-07-28 19:48:26,459] {dag.py:2927} INFO - Setting next_dagrun for example_task_group_decorator to 2022-07-27T23:48:26.459065+00:00, run_after=2022-07-28T23:48:26.459065+00:00
[2022-07-28 19:48:26,470] {processor.py:161} INFO - Processing /home/lemon/airflow/airflowenv/lib/python3.8/site-packages/airflow/example_dags/example_task_group_decorator.py took 0.053 seconds
[2022-07-28 19:48:58,550] {processor.py:153} INFO - Started process (PID=1033) to work on /home/lemon/airflow/airflowenv/lib/python3.8/site-packages/airflow/example_dags/example_task_group_decorator.py
[2022-07-28 19:48:58,558] {processor.py:641} INFO - Processing file /home/lemon/airflow/airflowenv/lib/python3.8/site-packages/airflow/example_dags/example_task_group_decorator.py for tasks to queue
[2022-07-28 19:48:58,559] {logging_mixin.py:115} INFO - [2022-07-28 19:48:58,559] {dagbag.py:507} INFO - Filling up the DagBag from /home/lemon/airflow/airflowenv/lib/python3.8/site-packages/airflow/example_dags/example_task_group_decorator.py
[2022-07-28 19:48:58,572] {processor.py:651} INFO - DAG(s) dict_keys(['example_task_group_decorator']) retrieved from /home/lemon/airflow/airflowenv/lib/python3.8/site-packages/airflow/example_dags/example_task_group_decorator.py
[2022-07-28 19:48:58,595] {logging_mixin.py:115} INFO - [2022-07-28 19:48:58,595] {dag.py:2379} INFO - Sync 1 DAGs
[2022-07-28 19:48:58,602] {logging_mixin.py:115} INFO - [2022-07-28 19:48:58,602] {dag.py:2927} INFO - Setting next_dagrun for example_task_group_decorator to 2022-07-27T23:48:58.602485+00:00, run_after=2022-07-28T23:48:58.602485+00:00
[2022-07-28 19:48:58,612] {processor.py:161} INFO - Processing /home/lemon/airflow/airflowenv/lib/python3.8/site-packages/airflow/example_dags/example_task_group_decorator.py took 0.063 seconds
[2022-07-28 19:51:26,193] {processor.py:153} INFO - Started process (PID=1374) to work on /home/lemon/airflow/airflowenv/lib/python3.8/site-packages/airflow/example_dags/example_task_group_decorator.py
[2022-07-28 19:51:26,201] {processor.py:641} INFO - Processing file /home/lemon/airflow/airflowenv/lib/python3.8/site-packages/airflow/example_dags/example_task_group_decorator.py for tasks to queue
[2022-07-28 19:51:26,201] {logging_mixin.py:115} INFO - [2022-07-28 19:51:26,201] {dagbag.py:507} INFO - Filling up the DagBag from /home/lemon/airflow/airflowenv/lib/python3.8/site-packages/airflow/example_dags/example_task_group_decorator.py
[2022-07-28 19:51:26,215] {processor.py:651} INFO - DAG(s) dict_keys(['example_task_group_decorator']) retrieved from /home/lemon/airflow/airflowenv/lib/python3.8/site-packages/airflow/example_dags/example_task_group_decorator.py
[2022-07-28 19:51:26,237] {logging_mixin.py:115} INFO - [2022-07-28 19:51:26,237] {dag.py:2379} INFO - Sync 1 DAGs
[2022-07-28 19:51:26,244] {logging_mixin.py:115} INFO - [2022-07-28 19:51:26,244] {dag.py:2927} INFO - Setting next_dagrun for example_task_group_decorator to 2022-07-27T23:51:26.244784+00:00, run_after=2022-07-28T23:51:26.244784+00:00
[2022-07-28 19:51:26,256] {processor.py:161} INFO - Processing /home/lemon/airflow/airflowenv/lib/python3.8/site-packages/airflow/example_dags/example_task_group_decorator.py took 0.065 seconds
[2022-07-28 19:52:56,104] {processor.py:153} INFO - Started process (PID=1962) to work on /home/lemon/airflow/airflowenv/lib/python3.8/site-packages/airflow/example_dags/example_task_group_decorator.py
[2022-07-28 19:52:56,112] {processor.py:641} INFO - Processing file /home/lemon/airflow/airflowenv/lib/python3.8/site-packages/airflow/example_dags/example_task_group_decorator.py for tasks to queue
[2022-07-28 19:52:56,112] {logging_mixin.py:115} INFO - [2022-07-28 19:52:56,112] {dagbag.py:507} INFO - Filling up the DagBag from /home/lemon/airflow/airflowenv/lib/python3.8/site-packages/airflow/example_dags/example_task_group_decorator.py
[2022-07-28 19:52:56,126] {processor.py:651} INFO - DAG(s) dict_keys(['example_task_group_decorator']) retrieved from /home/lemon/airflow/airflowenv/lib/python3.8/site-packages/airflow/example_dags/example_task_group_decorator.py
[2022-07-28 19:52:56,147] {logging_mixin.py:115} INFO - [2022-07-28 19:52:56,146] {dag.py:2379} INFO - Sync 1 DAGs
[2022-07-28 19:52:56,154] {logging_mixin.py:115} INFO - [2022-07-28 19:52:56,154] {dag.py:2927} INFO - Setting next_dagrun for example_task_group_decorator to 2022-07-27T23:52:56.153871+00:00, run_after=2022-07-28T23:52:56.153871+00:00
[2022-07-28 19:52:56,164] {processor.py:161} INFO - Processing /home/lemon/airflow/airflowenv/lib/python3.8/site-packages/airflow/example_dags/example_task_group_decorator.py took 0.062 seconds
[2022-07-28 19:53:27,982] {processor.py:153} INFO - Started process (PID=2254) to work on /home/lemon/airflow/airflowenv/lib/python3.8/site-packages/airflow/example_dags/example_task_group_decorator.py
[2022-07-28 19:53:27,983] {processor.py:641} INFO - Processing file /home/lemon/airflow/airflowenv/lib/python3.8/site-packages/airflow/example_dags/example_task_group_decorator.py for tasks to queue
[2022-07-28 19:53:27,984] {logging_mixin.py:115} INFO - [2022-07-28 19:53:27,984] {dagbag.py:507} INFO - Filling up the DagBag from /home/lemon/airflow/airflowenv/lib/python3.8/site-packages/airflow/example_dags/example_task_group_decorator.py
[2022-07-28 19:53:27,997] {processor.py:651} INFO - DAG(s) dict_keys(['example_task_group_decorator']) retrieved from /home/lemon/airflow/airflowenv/lib/python3.8/site-packages/airflow/example_dags/example_task_group_decorator.py
[2022-07-28 19:53:28,019] {logging_mixin.py:115} INFO - [2022-07-28 19:53:28,019] {dag.py:2379} INFO - Sync 1 DAGs
[2022-07-28 19:53:28,026] {logging_mixin.py:115} INFO - [2022-07-28 19:53:28,026] {dag.py:2927} INFO - Setting next_dagrun for example_task_group_decorator to 2022-07-27T23:53:28.026548+00:00, run_after=2022-07-28T23:53:28.026548+00:00
[2022-07-28 19:53:28,037] {processor.py:161} INFO - Processing /home/lemon/airflow/airflowenv/lib/python3.8/site-packages/airflow/example_dags/example_task_group_decorator.py took 0.057 seconds
[2022-07-28 19:54:02,737] {processor.py:153} INFO - Started process (PID=2493) to work on /home/lemon/airflow/airflowenv/lib/python3.8/site-packages/airflow/example_dags/example_task_group_decorator.py
[2022-07-28 19:54:02,745] {processor.py:641} INFO - Processing file /home/lemon/airflow/airflowenv/lib/python3.8/site-packages/airflow/example_dags/example_task_group_decorator.py for tasks to queue
[2022-07-28 19:54:02,745] {logging_mixin.py:115} INFO - [2022-07-28 19:54:02,745] {dagbag.py:507} INFO - Filling up the DagBag from /home/lemon/airflow/airflowenv/lib/python3.8/site-packages/airflow/example_dags/example_task_group_decorator.py
[2022-07-28 19:54:02,759] {processor.py:651} INFO - DAG(s) dict_keys(['example_task_group_decorator']) retrieved from /home/lemon/airflow/airflowenv/lib/python3.8/site-packages/airflow/example_dags/example_task_group_decorator.py
[2022-07-28 19:54:02,782] {logging_mixin.py:115} INFO - [2022-07-28 19:54:02,782] {dag.py:2379} INFO - Sync 1 DAGs
[2022-07-28 19:54:02,790] {logging_mixin.py:115} INFO - [2022-07-28 19:54:02,790] {dag.py:2927} INFO - Setting next_dagrun for example_task_group_decorator to 2022-07-27T23:54:02.790476+00:00, run_after=2022-07-28T23:54:02.790476+00:00
[2022-07-28 19:54:02,801] {processor.py:161} INFO - Processing /home/lemon/airflow/airflowenv/lib/python3.8/site-packages/airflow/example_dags/example_task_group_decorator.py took 0.066 seconds
[2022-07-28 19:54:36,231] {processor.py:153} INFO - Started process (PID=2528) to work on /home/lemon/airflow/airflowenv/lib/python3.8/site-packages/airflow/example_dags/example_task_group_decorator.py
[2022-07-28 19:54:36,232] {processor.py:641} INFO - Processing file /home/lemon/airflow/airflowenv/lib/python3.8/site-packages/airflow/example_dags/example_task_group_decorator.py for tasks to queue
[2022-07-28 19:54:36,232] {logging_mixin.py:115} INFO - [2022-07-28 19:54:36,232] {dagbag.py:507} INFO - Filling up the DagBag from /home/lemon/airflow/airflowenv/lib/python3.8/site-packages/airflow/example_dags/example_task_group_decorator.py
[2022-07-28 19:54:36,245] {processor.py:651} INFO - DAG(s) dict_keys(['example_task_group_decorator']) retrieved from /home/lemon/airflow/airflowenv/lib/python3.8/site-packages/airflow/example_dags/example_task_group_decorator.py
[2022-07-28 19:54:36,267] {logging_mixin.py:115} INFO - [2022-07-28 19:54:36,267] {dag.py:2379} INFO - Sync 1 DAGs
[2022-07-28 19:54:36,274] {logging_mixin.py:115} INFO - [2022-07-28 19:54:36,274] {dag.py:2927} INFO - Setting next_dagrun for example_task_group_decorator to 2022-07-27T23:54:36.274030+00:00, run_after=2022-07-28T23:54:36.274030+00:00
[2022-07-28 19:54:36,284] {processor.py:161} INFO - Processing /home/lemon/airflow/airflowenv/lib/python3.8/site-packages/airflow/example_dags/example_task_group_decorator.py took 0.055 seconds
[2022-07-28 19:55:09,253] {processor.py:153} INFO - Started process (PID=2563) to work on /home/lemon/airflow/airflowenv/lib/python3.8/site-packages/airflow/example_dags/example_task_group_decorator.py
[2022-07-28 19:55:09,254] {processor.py:641} INFO - Processing file /home/lemon/airflow/airflowenv/lib/python3.8/site-packages/airflow/example_dags/example_task_group_decorator.py for tasks to queue
[2022-07-28 19:55:09,254] {logging_mixin.py:115} INFO - [2022-07-28 19:55:09,254] {dagbag.py:507} INFO - Filling up the DagBag from /home/lemon/airflow/airflowenv/lib/python3.8/site-packages/airflow/example_dags/example_task_group_decorator.py
[2022-07-28 19:55:09,269] {processor.py:651} INFO - DAG(s) dict_keys(['example_task_group_decorator']) retrieved from /home/lemon/airflow/airflowenv/lib/python3.8/site-packages/airflow/example_dags/example_task_group_decorator.py
[2022-07-28 19:55:09,298] {logging_mixin.py:115} INFO - [2022-07-28 19:55:09,298] {dag.py:2379} INFO - Sync 1 DAGs
[2022-07-28 19:55:09,306] {logging_mixin.py:115} INFO - [2022-07-28 19:55:09,306] {dag.py:2927} INFO - Setting next_dagrun for example_task_group_decorator to 2022-07-27T23:55:09.306405+00:00, run_after=2022-07-28T23:55:09.306405+00:00
[2022-07-28 19:55:09,319] {processor.py:161} INFO - Processing /home/lemon/airflow/airflowenv/lib/python3.8/site-packages/airflow/example_dags/example_task_group_decorator.py took 0.068 seconds
