[2022-07-28 19:46:49,524] {processor.py:153} INFO - Started process (PID=540) to work on /home/lemon/airflow/airflowenv/lib/python3.8/site-packages/airflow/example_dags/example_latest_only_with_trigger.py
[2022-07-28 19:46:49,524] {processor.py:641} INFO - Processing file /home/lemon/airflow/airflowenv/lib/python3.8/site-packages/airflow/example_dags/example_latest_only_with_trigger.py for tasks to queue
[2022-07-28 19:46:49,524] {logging_mixin.py:115} INFO - [2022-07-28 19:46:49,524] {dagbag.py:507} INFO - Filling up the DagBag from /home/lemon/airflow/airflowenv/lib/python3.8/site-packages/airflow/example_dags/example_latest_only_with_trigger.py
[2022-07-28 19:46:49,527] {processor.py:651} INFO - DAG(s) dict_keys(['latest_only_with_trigger']) retrieved from /home/lemon/airflow/airflowenv/lib/python3.8/site-packages/airflow/example_dags/example_latest_only_with_trigger.py
[2022-07-28 19:46:49,567] {logging_mixin.py:115} INFO - [2022-07-28 19:46:49,567] {manager.py:508} INFO - Created Permission View: can delete on DAG:latest_only_with_trigger
[2022-07-28 19:46:49,575] {logging_mixin.py:115} INFO - [2022-07-28 19:46:49,575] {manager.py:508} INFO - Created Permission View: can read on DAG:latest_only_with_trigger
[2022-07-28 19:46:49,582] {logging_mixin.py:115} INFO - [2022-07-28 19:46:49,582] {manager.py:508} INFO - Created Permission View: can edit on DAG:latest_only_with_trigger
[2022-07-28 19:46:49,582] {logging_mixin.py:115} INFO - [2022-07-28 19:46:49,582] {dag.py:2379} INFO - Sync 1 DAGs
[2022-07-28 19:46:49,587] {logging_mixin.py:115} INFO - [2022-07-28 19:46:49,587] {dag.py:2398} INFO - Creating ORM DAG for latest_only_with_trigger
[2022-07-28 19:46:49,592] {logging_mixin.py:115} INFO - [2022-07-28 19:46:49,592] {dag.py:2927} INFO - Setting next_dagrun for latest_only_with_trigger to 2022-07-28T19:46:49.591955+00:00, run_after=2022-07-28T23:46:49.591955+00:00
[2022-07-28 19:46:49,604] {processor.py:161} INFO - Processing /home/lemon/airflow/airflowenv/lib/python3.8/site-packages/airflow/example_dags/example_latest_only_with_trigger.py took 0.081 seconds
[2022-07-28 19:47:24,527] {processor.py:153} INFO - Started process (PID=802) to work on /home/lemon/airflow/airflowenv/lib/python3.8/site-packages/airflow/example_dags/example_latest_only_with_trigger.py
[2022-07-28 19:47:24,535] {processor.py:641} INFO - Processing file /home/lemon/airflow/airflowenv/lib/python3.8/site-packages/airflow/example_dags/example_latest_only_with_trigger.py for tasks to queue
[2022-07-28 19:47:24,535] {logging_mixin.py:115} INFO - [2022-07-28 19:47:24,535] {dagbag.py:507} INFO - Filling up the DagBag from /home/lemon/airflow/airflowenv/lib/python3.8/site-packages/airflow/example_dags/example_latest_only_with_trigger.py
[2022-07-28 19:47:24,538] {processor.py:651} INFO - DAG(s) dict_keys(['latest_only_with_trigger']) retrieved from /home/lemon/airflow/airflowenv/lib/python3.8/site-packages/airflow/example_dags/example_latest_only_with_trigger.py
[2022-07-28 19:47:24,545] {logging_mixin.py:115} INFO - [2022-07-28 19:47:24,545] {dag.py:2379} INFO - Sync 1 DAGs
[2022-07-28 19:47:24,556] {logging_mixin.py:115} INFO - [2022-07-28 19:47:24,555] {dag.py:2927} INFO - Setting next_dagrun for latest_only_with_trigger to 2022-07-28T19:47:24.555804+00:00, run_after=2022-07-28T23:47:24.555804+00:00
[2022-07-28 19:47:24,567] {processor.py:161} INFO - Processing /home/lemon/airflow/airflowenv/lib/python3.8/site-packages/airflow/example_dags/example_latest_only_with_trigger.py took 0.042 seconds
[2022-07-28 19:47:58,298] {processor.py:153} INFO - Started process (PID=967) to work on /home/lemon/airflow/airflowenv/lib/python3.8/site-packages/airflow/example_dags/example_latest_only_with_trigger.py
[2022-07-28 19:47:58,306] {processor.py:641} INFO - Processing file /home/lemon/airflow/airflowenv/lib/python3.8/site-packages/airflow/example_dags/example_latest_only_with_trigger.py for tasks to queue
[2022-07-28 19:47:58,306] {logging_mixin.py:115} INFO - [2022-07-28 19:47:58,306] {dagbag.py:507} INFO - Filling up the DagBag from /home/lemon/airflow/airflowenv/lib/python3.8/site-packages/airflow/example_dags/example_latest_only_with_trigger.py
[2022-07-28 19:47:58,309] {processor.py:651} INFO - DAG(s) dict_keys(['latest_only_with_trigger']) retrieved from /home/lemon/airflow/airflowenv/lib/python3.8/site-packages/airflow/example_dags/example_latest_only_with_trigger.py
[2022-07-28 19:47:58,317] {logging_mixin.py:115} INFO - [2022-07-28 19:47:58,317] {dag.py:2379} INFO - Sync 1 DAGs
[2022-07-28 19:47:58,326] {logging_mixin.py:115} INFO - [2022-07-28 19:47:58,326] {dag.py:2927} INFO - Setting next_dagrun for latest_only_with_trigger to 2022-07-28T19:47:58.326678+00:00, run_after=2022-07-28T23:47:58.326678+00:00
[2022-07-28 19:47:58,339] {processor.py:161} INFO - Processing /home/lemon/airflow/airflowenv/lib/python3.8/site-packages/airflow/example_dags/example_latest_only_with_trigger.py took 0.043 seconds
[2022-07-28 19:48:30,054] {processor.py:153} INFO - Started process (PID=1002) to work on /home/lemon/airflow/airflowenv/lib/python3.8/site-packages/airflow/example_dags/example_latest_only_with_trigger.py
[2022-07-28 19:48:30,054] {processor.py:641} INFO - Processing file /home/lemon/airflow/airflowenv/lib/python3.8/site-packages/airflow/example_dags/example_latest_only_with_trigger.py for tasks to queue
[2022-07-28 19:48:30,055] {logging_mixin.py:115} INFO - [2022-07-28 19:48:30,055] {dagbag.py:507} INFO - Filling up the DagBag from /home/lemon/airflow/airflowenv/lib/python3.8/site-packages/airflow/example_dags/example_latest_only_with_trigger.py
[2022-07-28 19:48:30,058] {processor.py:651} INFO - DAG(s) dict_keys(['latest_only_with_trigger']) retrieved from /home/lemon/airflow/airflowenv/lib/python3.8/site-packages/airflow/example_dags/example_latest_only_with_trigger.py
[2022-07-28 19:48:30,066] {logging_mixin.py:115} INFO - [2022-07-28 19:48:30,066] {dag.py:2379} INFO - Sync 1 DAGs
[2022-07-28 19:48:30,074] {logging_mixin.py:115} INFO - [2022-07-28 19:48:30,074] {dag.py:2927} INFO - Setting next_dagrun for latest_only_with_trigger to 2022-07-28T19:48:30.074219+00:00, run_after=2022-07-28T23:48:30.074219+00:00
[2022-07-28 19:48:30,086] {processor.py:161} INFO - Processing /home/lemon/airflow/airflowenv/lib/python3.8/site-packages/airflow/example_dags/example_latest_only_with_trigger.py took 0.033 seconds
[2022-07-28 19:49:02,549] {processor.py:153} INFO - Started process (PID=1050) to work on /home/lemon/airflow/airflowenv/lib/python3.8/site-packages/airflow/example_dags/example_latest_only_with_trigger.py
[2022-07-28 19:49:02,550] {processor.py:641} INFO - Processing file /home/lemon/airflow/airflowenv/lib/python3.8/site-packages/airflow/example_dags/example_latest_only_with_trigger.py for tasks to queue
[2022-07-28 19:49:02,550] {logging_mixin.py:115} INFO - [2022-07-28 19:49:02,550] {dagbag.py:507} INFO - Filling up the DagBag from /home/lemon/airflow/airflowenv/lib/python3.8/site-packages/airflow/example_dags/example_latest_only_with_trigger.py
[2022-07-28 19:49:02,553] {processor.py:651} INFO - DAG(s) dict_keys(['latest_only_with_trigger']) retrieved from /home/lemon/airflow/airflowenv/lib/python3.8/site-packages/airflow/example_dags/example_latest_only_with_trigger.py
[2022-07-28 19:49:02,561] {logging_mixin.py:115} INFO - [2022-07-28 19:49:02,561] {dag.py:2379} INFO - Sync 1 DAGs
[2022-07-28 19:49:02,569] {logging_mixin.py:115} INFO - [2022-07-28 19:49:02,569] {dag.py:2927} INFO - Setting next_dagrun for latest_only_with_trigger to 2022-07-28T19:49:02.569674+00:00, run_after=2022-07-28T23:49:02.569674+00:00
[2022-07-28 19:49:02,581] {processor.py:161} INFO - Processing /home/lemon/airflow/airflowenv/lib/python3.8/site-packages/airflow/example_dags/example_latest_only_with_trigger.py took 0.034 seconds
[2022-07-28 19:51:30,192] {processor.py:153} INFO - Started process (PID=1400) to work on /home/lemon/airflow/airflowenv/lib/python3.8/site-packages/airflow/example_dags/example_latest_only_with_trigger.py
[2022-07-28 19:51:30,193] {processor.py:641} INFO - Processing file /home/lemon/airflow/airflowenv/lib/python3.8/site-packages/airflow/example_dags/example_latest_only_with_trigger.py for tasks to queue
[2022-07-28 19:51:30,194] {logging_mixin.py:115} INFO - [2022-07-28 19:51:30,193] {dagbag.py:507} INFO - Filling up the DagBag from /home/lemon/airflow/airflowenv/lib/python3.8/site-packages/airflow/example_dags/example_latest_only_with_trigger.py
[2022-07-28 19:51:30,196] {processor.py:651} INFO - DAG(s) dict_keys(['latest_only_with_trigger']) retrieved from /home/lemon/airflow/airflowenv/lib/python3.8/site-packages/airflow/example_dags/example_latest_only_with_trigger.py
[2022-07-28 19:51:30,205] {logging_mixin.py:115} INFO - [2022-07-28 19:51:30,205] {dag.py:2379} INFO - Sync 1 DAGs
[2022-07-28 19:51:30,215] {logging_mixin.py:115} INFO - [2022-07-28 19:51:30,215] {dag.py:2927} INFO - Setting next_dagrun for latest_only_with_trigger to 2022-07-28T19:51:30.214833+00:00, run_after=2022-07-28T23:51:30.214833+00:00
[2022-07-28 19:51:30,228] {processor.py:161} INFO - Processing /home/lemon/airflow/airflowenv/lib/python3.8/site-packages/airflow/example_dags/example_latest_only_with_trigger.py took 0.037 seconds
[2022-07-28 19:53:00,096] {processor.py:153} INFO - Started process (PID=1966) to work on /home/lemon/airflow/airflowenv/lib/python3.8/site-packages/airflow/example_dags/example_latest_only_with_trigger.py
[2022-07-28 19:53:00,105] {processor.py:641} INFO - Processing file /home/lemon/airflow/airflowenv/lib/python3.8/site-packages/airflow/example_dags/example_latest_only_with_trigger.py for tasks to queue
[2022-07-28 19:53:00,105] {logging_mixin.py:115} INFO - [2022-07-28 19:53:00,105] {dagbag.py:507} INFO - Filling up the DagBag from /home/lemon/airflow/airflowenv/lib/python3.8/site-packages/airflow/example_dags/example_latest_only_with_trigger.py
[2022-07-28 19:53:00,108] {processor.py:651} INFO - DAG(s) dict_keys(['latest_only_with_trigger']) retrieved from /home/lemon/airflow/airflowenv/lib/python3.8/site-packages/airflow/example_dags/example_latest_only_with_trigger.py
[2022-07-28 19:53:00,116] {logging_mixin.py:115} INFO - [2022-07-28 19:53:00,116] {dag.py:2379} INFO - Sync 1 DAGs
[2022-07-28 19:53:00,125] {logging_mixin.py:115} INFO - [2022-07-28 19:53:00,125] {dag.py:2927} INFO - Setting next_dagrun for latest_only_with_trigger to 2022-07-28T19:53:00.125210+00:00, run_after=2022-07-28T23:53:00.125210+00:00
[2022-07-28 19:53:00,135] {processor.py:161} INFO - Processing /home/lemon/airflow/airflowenv/lib/python3.8/site-packages/airflow/example_dags/example_latest_only_with_trigger.py took 0.040 seconds
[2022-07-28 19:53:31,982] {processor.py:153} INFO - Started process (PID=2309) to work on /home/lemon/airflow/airflowenv/lib/python3.8/site-packages/airflow/example_dags/example_latest_only_with_trigger.py
[2022-07-28 19:53:31,990] {processor.py:641} INFO - Processing file /home/lemon/airflow/airflowenv/lib/python3.8/site-packages/airflow/example_dags/example_latest_only_with_trigger.py for tasks to queue
[2022-07-28 19:53:31,990] {logging_mixin.py:115} INFO - [2022-07-28 19:53:31,990] {dagbag.py:507} INFO - Filling up the DagBag from /home/lemon/airflow/airflowenv/lib/python3.8/site-packages/airflow/example_dags/example_latest_only_with_trigger.py
[2022-07-28 19:53:31,993] {processor.py:651} INFO - DAG(s) dict_keys(['latest_only_with_trigger']) retrieved from /home/lemon/airflow/airflowenv/lib/python3.8/site-packages/airflow/example_dags/example_latest_only_with_trigger.py
[2022-07-28 19:53:32,001] {logging_mixin.py:115} INFO - [2022-07-28 19:53:32,001] {dag.py:2379} INFO - Sync 1 DAGs
[2022-07-28 19:53:32,010] {logging_mixin.py:115} INFO - [2022-07-28 19:53:32,010] {dag.py:2927} INFO - Setting next_dagrun for latest_only_with_trigger to 2022-07-28T19:53:32.010625+00:00, run_after=2022-07-28T23:53:32.010625+00:00
[2022-07-28 19:53:32,020] {processor.py:161} INFO - Processing /home/lemon/airflow/airflowenv/lib/python3.8/site-packages/airflow/example_dags/example_latest_only_with_trigger.py took 0.040 seconds
[2022-07-28 19:54:05,603] {processor.py:153} INFO - Started process (PID=2497) to work on /home/lemon/airflow/airflowenv/lib/python3.8/site-packages/airflow/example_dags/example_latest_only_with_trigger.py
[2022-07-28 19:54:05,612] {processor.py:641} INFO - Processing file /home/lemon/airflow/airflowenv/lib/python3.8/site-packages/airflow/example_dags/example_latest_only_with_trigger.py for tasks to queue
[2022-07-28 19:54:05,613] {logging_mixin.py:115} INFO - [2022-07-28 19:54:05,613] {dagbag.py:507} INFO - Filling up the DagBag from /home/lemon/airflow/airflowenv/lib/python3.8/site-packages/airflow/example_dags/example_latest_only_with_trigger.py
[2022-07-28 19:54:05,616] {processor.py:651} INFO - DAG(s) dict_keys(['latest_only_with_trigger']) retrieved from /home/lemon/airflow/airflowenv/lib/python3.8/site-packages/airflow/example_dags/example_latest_only_with_trigger.py
[2022-07-28 19:54:05,624] {logging_mixin.py:115} INFO - [2022-07-28 19:54:05,624] {dag.py:2379} INFO - Sync 1 DAGs
[2022-07-28 19:54:05,633] {logging_mixin.py:115} INFO - [2022-07-28 19:54:05,633] {dag.py:2927} INFO - Setting next_dagrun for latest_only_with_trigger to 2022-07-28T19:54:05.633594+00:00, run_after=2022-07-28T23:54:05.633594+00:00
[2022-07-28 19:54:05,643] {processor.py:161} INFO - Processing /home/lemon/airflow/airflowenv/lib/python3.8/site-packages/airflow/example_dags/example_latest_only_with_trigger.py took 0.041 seconds
[2022-07-28 19:54:40,229] {processor.py:153} INFO - Started process (PID=2532) to work on /home/lemon/airflow/airflowenv/lib/python3.8/site-packages/airflow/example_dags/example_latest_only_with_trigger.py
[2022-07-28 19:54:40,238] {processor.py:641} INFO - Processing file /home/lemon/airflow/airflowenv/lib/python3.8/site-packages/airflow/example_dags/example_latest_only_with_trigger.py for tasks to queue
[2022-07-28 19:54:40,238] {logging_mixin.py:115} INFO - [2022-07-28 19:54:40,238] {dagbag.py:507} INFO - Filling up the DagBag from /home/lemon/airflow/airflowenv/lib/python3.8/site-packages/airflow/example_dags/example_latest_only_with_trigger.py
[2022-07-28 19:54:40,242] {processor.py:651} INFO - DAG(s) dict_keys(['latest_only_with_trigger']) retrieved from /home/lemon/airflow/airflowenv/lib/python3.8/site-packages/airflow/example_dags/example_latest_only_with_trigger.py
[2022-07-28 19:54:40,250] {logging_mixin.py:115} INFO - [2022-07-28 19:54:40,250] {dag.py:2379} INFO - Sync 1 DAGs
[2022-07-28 19:54:40,260] {logging_mixin.py:115} INFO - [2022-07-28 19:54:40,260] {dag.py:2927} INFO - Setting next_dagrun for latest_only_with_trigger to 2022-07-28T19:54:40.259878+00:00, run_after=2022-07-28T23:54:40.259878+00:00
[2022-07-28 19:54:40,269] {processor.py:161} INFO - Processing /home/lemon/airflow/airflowenv/lib/python3.8/site-packages/airflow/example_dags/example_latest_only_with_trigger.py took 0.041 seconds
[2022-07-28 19:55:14,389] {processor.py:153} INFO - Started process (PID=2568) to work on /home/lemon/airflow/airflowenv/lib/python3.8/site-packages/airflow/example_dags/example_latest_only_with_trigger.py
[2022-07-28 19:55:14,390] {processor.py:641} INFO - Processing file /home/lemon/airflow/airflowenv/lib/python3.8/site-packages/airflow/example_dags/example_latest_only_with_trigger.py for tasks to queue
[2022-07-28 19:55:14,390] {logging_mixin.py:115} INFO - [2022-07-28 19:55:14,390] {dagbag.py:507} INFO - Filling up the DagBag from /home/lemon/airflow/airflowenv/lib/python3.8/site-packages/airflow/example_dags/example_latest_only_with_trigger.py
[2022-07-28 19:55:14,393] {processor.py:651} INFO - DAG(s) dict_keys(['latest_only_with_trigger']) retrieved from /home/lemon/airflow/airflowenv/lib/python3.8/site-packages/airflow/example_dags/example_latest_only_with_trigger.py
[2022-07-28 19:55:14,405] {logging_mixin.py:115} INFO - [2022-07-28 19:55:14,405] {dag.py:2379} INFO - Sync 1 DAGs
[2022-07-28 19:55:14,423] {logging_mixin.py:115} INFO - [2022-07-28 19:55:14,423] {dag.py:2927} INFO - Setting next_dagrun for latest_only_with_trigger to 2022-07-28T19:55:14.423199+00:00, run_after=2022-07-28T23:55:14.423199+00:00
[2022-07-28 19:55:14,437] {processor.py:161} INFO - Processing /home/lemon/airflow/airflowenv/lib/python3.8/site-packages/airflow/example_dags/example_latest_only_with_trigger.py took 0.050 seconds
