[2022-07-28 19:46:54,171] {processor.py:153} INFO - Started process (PID=595) to work on /home/lemon/airflow/airflowenv/lib/python3.8/site-packages/airflow/example_dags/example_xcomargs.py
[2022-07-28 19:46:54,171] {processor.py:641} INFO - Processing file /home/lemon/airflow/airflowenv/lib/python3.8/site-packages/airflow/example_dags/example_xcomargs.py for tasks to queue
[2022-07-28 19:46:54,171] {logging_mixin.py:115} INFO - [2022-07-28 19:46:54,171] {dagbag.py:507} INFO - Filling up the DagBag from /home/lemon/airflow/airflowenv/lib/python3.8/site-packages/airflow/example_dags/example_xcomargs.py
[2022-07-28 19:46:54,181] {processor.py:651} INFO - DAG(s) dict_keys(['example_xcom_args', 'example_xcom_args_with_operators']) retrieved from /home/lemon/airflow/airflowenv/lib/python3.8/site-packages/airflow/example_dags/example_xcomargs.py
[2022-07-28 19:46:54,225] {logging_mixin.py:115} INFO - [2022-07-28 19:46:54,224] {manager.py:508} INFO - Created Permission View: can delete on DAG:example_xcom_args
[2022-07-28 19:46:54,233] {logging_mixin.py:115} INFO - [2022-07-28 19:46:54,233] {manager.py:508} INFO - Created Permission View: can read on DAG:example_xcom_args
[2022-07-28 19:46:54,241] {logging_mixin.py:115} INFO - [2022-07-28 19:46:54,240] {manager.py:508} INFO - Created Permission View: can edit on DAG:example_xcom_args
[2022-07-28 19:46:54,257] {logging_mixin.py:115} INFO - [2022-07-28 19:46:54,257] {manager.py:508} INFO - Created Permission View: can delete on DAG:example_xcom_args_with_operators
[2022-07-28 19:46:54,264] {logging_mixin.py:115} INFO - [2022-07-28 19:46:54,264] {manager.py:508} INFO - Created Permission View: can read on DAG:example_xcom_args_with_operators
[2022-07-28 19:46:54,271] {logging_mixin.py:115} INFO - [2022-07-28 19:46:54,271] {manager.py:508} INFO - Created Permission View: can edit on DAG:example_xcom_args_with_operators
[2022-07-28 19:46:54,272] {logging_mixin.py:115} INFO - [2022-07-28 19:46:54,272] {dag.py:2379} INFO - Sync 2 DAGs
[2022-07-28 19:46:54,276] {logging_mixin.py:115} INFO - [2022-07-28 19:46:54,276] {dag.py:2398} INFO - Creating ORM DAG for example_xcom_args
[2022-07-28 19:46:54,276] {logging_mixin.py:115} INFO - [2022-07-28 19:46:54,276] {dag.py:2398} INFO - Creating ORM DAG for example_xcom_args_with_operators
[2022-07-28 19:46:54,280] {logging_mixin.py:115} INFO - [2022-07-28 19:46:54,280] {dag.py:2927} INFO - Setting next_dagrun for example_xcom_args to None, run_after=None
[2022-07-28 19:46:54,280] {logging_mixin.py:115} INFO - [2022-07-28 19:46:54,280] {dag.py:2927} INFO - Setting next_dagrun for example_xcom_args_with_operators to None, run_after=None
[2022-07-28 19:46:54,292] {processor.py:161} INFO - Processing /home/lemon/airflow/airflowenv/lib/python3.8/site-packages/airflow/example_dags/example_xcomargs.py took 0.123 seconds
[2022-07-28 19:47:28,789] {processor.py:153} INFO - Started process (PID=835) to work on /home/lemon/airflow/airflowenv/lib/python3.8/site-packages/airflow/example_dags/example_xcomargs.py
[2022-07-28 19:47:28,790] {processor.py:641} INFO - Processing file /home/lemon/airflow/airflowenv/lib/python3.8/site-packages/airflow/example_dags/example_xcomargs.py for tasks to queue
[2022-07-28 19:47:28,790] {logging_mixin.py:115} INFO - [2022-07-28 19:47:28,790] {dagbag.py:507} INFO - Filling up the DagBag from /home/lemon/airflow/airflowenv/lib/python3.8/site-packages/airflow/example_dags/example_xcomargs.py
[2022-07-28 19:47:28,800] {processor.py:651} INFO - DAG(s) dict_keys(['example_xcom_args', 'example_xcom_args_with_operators']) retrieved from /home/lemon/airflow/airflowenv/lib/python3.8/site-packages/airflow/example_dags/example_xcomargs.py
[2022-07-28 19:47:28,825] {logging_mixin.py:115} INFO - [2022-07-28 19:47:28,825] {dag.py:2379} INFO - Sync 2 DAGs
[2022-07-28 19:47:28,834] {logging_mixin.py:115} INFO - [2022-07-28 19:47:28,834] {dag.py:2927} INFO - Setting next_dagrun for example_xcom_args to None, run_after=None
[2022-07-28 19:47:28,834] {logging_mixin.py:115} INFO - [2022-07-28 19:47:28,834] {dag.py:2927} INFO - Setting next_dagrun for example_xcom_args_with_operators to None, run_after=None
[2022-07-28 19:47:28,845] {processor.py:161} INFO - Processing /home/lemon/airflow/airflowenv/lib/python3.8/site-packages/airflow/example_dags/example_xcomargs.py took 0.057 seconds
[2022-07-28 19:48:02,290] {processor.py:153} INFO - Started process (PID=971) to work on /home/lemon/airflow/airflowenv/lib/python3.8/site-packages/airflow/example_dags/example_xcomargs.py
[2022-07-28 19:48:02,290] {processor.py:641} INFO - Processing file /home/lemon/airflow/airflowenv/lib/python3.8/site-packages/airflow/example_dags/example_xcomargs.py for tasks to queue
[2022-07-28 19:48:02,290] {logging_mixin.py:115} INFO - [2022-07-28 19:48:02,290] {dagbag.py:507} INFO - Filling up the DagBag from /home/lemon/airflow/airflowenv/lib/python3.8/site-packages/airflow/example_dags/example_xcomargs.py
[2022-07-28 19:48:02,300] {processor.py:651} INFO - DAG(s) dict_keys(['example_xcom_args', 'example_xcom_args_with_operators']) retrieved from /home/lemon/airflow/airflowenv/lib/python3.8/site-packages/airflow/example_dags/example_xcomargs.py
[2022-07-28 19:48:02,322] {logging_mixin.py:115} INFO - [2022-07-28 19:48:02,322] {dag.py:2379} INFO - Sync 2 DAGs
[2022-07-28 19:48:02,329] {logging_mixin.py:115} INFO - [2022-07-28 19:48:02,329] {dag.py:2927} INFO - Setting next_dagrun for example_xcom_args to None, run_after=None
[2022-07-28 19:48:02,329] {logging_mixin.py:115} INFO - [2022-07-28 19:48:02,329] {dag.py:2927} INFO - Setting next_dagrun for example_xcom_args_with_operators to None, run_after=None
[2022-07-28 19:48:02,339] {processor.py:161} INFO - Processing /home/lemon/airflow/airflowenv/lib/python3.8/site-packages/airflow/example_dags/example_xcomargs.py took 0.051 seconds
[2022-07-28 19:48:34,044] {processor.py:153} INFO - Started process (PID=1007) to work on /home/lemon/airflow/airflowenv/lib/python3.8/site-packages/airflow/example_dags/example_xcomargs.py
[2022-07-28 19:48:34,045] {processor.py:641} INFO - Processing file /home/lemon/airflow/airflowenv/lib/python3.8/site-packages/airflow/example_dags/example_xcomargs.py for tasks to queue
[2022-07-28 19:48:34,045] {logging_mixin.py:115} INFO - [2022-07-28 19:48:34,045] {dagbag.py:507} INFO - Filling up the DagBag from /home/lemon/airflow/airflowenv/lib/python3.8/site-packages/airflow/example_dags/example_xcomargs.py
[2022-07-28 19:48:34,055] {processor.py:651} INFO - DAG(s) dict_keys(['example_xcom_args', 'example_xcom_args_with_operators']) retrieved from /home/lemon/airflow/airflowenv/lib/python3.8/site-packages/airflow/example_dags/example_xcomargs.py
[2022-07-28 19:48:34,078] {logging_mixin.py:115} INFO - [2022-07-28 19:48:34,078] {dag.py:2379} INFO - Sync 2 DAGs
[2022-07-28 19:48:34,085] {logging_mixin.py:115} INFO - [2022-07-28 19:48:34,085] {dag.py:2927} INFO - Setting next_dagrun for example_xcom_args to None, run_after=None
[2022-07-28 19:48:34,085] {logging_mixin.py:115} INFO - [2022-07-28 19:48:34,085] {dag.py:2927} INFO - Setting next_dagrun for example_xcom_args_with_operators to None, run_after=None
[2022-07-28 19:48:34,096] {processor.py:161} INFO - Processing /home/lemon/airflow/airflowenv/lib/python3.8/site-packages/airflow/example_dags/example_xcomargs.py took 0.053 seconds
[2022-07-28 19:51:34,697] {processor.py:153} INFO - Started process (PID=1440) to work on /home/lemon/airflow/airflowenv/lib/python3.8/site-packages/airflow/example_dags/example_xcomargs.py
[2022-07-28 19:51:34,705] {processor.py:641} INFO - Processing file /home/lemon/airflow/airflowenv/lib/python3.8/site-packages/airflow/example_dags/example_xcomargs.py for tasks to queue
[2022-07-28 19:51:34,706] {logging_mixin.py:115} INFO - [2022-07-28 19:51:34,706] {dagbag.py:507} INFO - Filling up the DagBag from /home/lemon/airflow/airflowenv/lib/python3.8/site-packages/airflow/example_dags/example_xcomargs.py
[2022-07-28 19:51:34,714] {processor.py:651} INFO - DAG(s) dict_keys(['example_xcom_args', 'example_xcom_args_with_operators']) retrieved from /home/lemon/airflow/airflowenv/lib/python3.8/site-packages/airflow/example_dags/example_xcomargs.py
[2022-07-28 19:51:34,737] {logging_mixin.py:115} INFO - [2022-07-28 19:51:34,737] {dag.py:2379} INFO - Sync 2 DAGs
[2022-07-28 19:51:34,744] {logging_mixin.py:115} INFO - [2022-07-28 19:51:34,744] {dag.py:2927} INFO - Setting next_dagrun for example_xcom_args to None, run_after=None
[2022-07-28 19:51:34,744] {logging_mixin.py:115} INFO - [2022-07-28 19:51:34,744] {dag.py:2927} INFO - Setting next_dagrun for example_xcom_args_with_operators to None, run_after=None
[2022-07-28 19:51:34,755] {processor.py:161} INFO - Processing /home/lemon/airflow/airflowenv/lib/python3.8/site-packages/airflow/example_dags/example_xcomargs.py took 0.059 seconds
[2022-07-28 19:53:02,844] {processor.py:153} INFO - Started process (PID=1970) to work on /home/lemon/airflow/airflowenv/lib/python3.8/site-packages/airflow/example_dags/example_xcomargs.py
[2022-07-28 19:53:02,844] {processor.py:641} INFO - Processing file /home/lemon/airflow/airflowenv/lib/python3.8/site-packages/airflow/example_dags/example_xcomargs.py for tasks to queue
[2022-07-28 19:53:02,844] {logging_mixin.py:115} INFO - [2022-07-28 19:53:02,844] {dagbag.py:507} INFO - Filling up the DagBag from /home/lemon/airflow/airflowenv/lib/python3.8/site-packages/airflow/example_dags/example_xcomargs.py
[2022-07-28 19:53:02,853] {processor.py:651} INFO - DAG(s) dict_keys(['example_xcom_args', 'example_xcom_args_with_operators']) retrieved from /home/lemon/airflow/airflowenv/lib/python3.8/site-packages/airflow/example_dags/example_xcomargs.py
[2022-07-28 19:53:02,874] {logging_mixin.py:115} INFO - [2022-07-28 19:53:02,874] {dag.py:2379} INFO - Sync 2 DAGs
[2022-07-28 19:53:02,881] {logging_mixin.py:115} INFO - [2022-07-28 19:53:02,881] {dag.py:2927} INFO - Setting next_dagrun for example_xcom_args to None, run_after=None
[2022-07-28 19:53:02,881] {logging_mixin.py:115} INFO - [2022-07-28 19:53:02,881] {dag.py:2927} INFO - Setting next_dagrun for example_xcom_args_with_operators to None, run_after=None
[2022-07-28 19:53:02,893] {processor.py:161} INFO - Processing /home/lemon/airflow/airflowenv/lib/python3.8/site-packages/airflow/example_dags/example_xcomargs.py took 0.051 seconds
[2022-07-28 19:53:34,849] {processor.py:153} INFO - Started process (PID=2313) to work on /home/lemon/airflow/airflowenv/lib/python3.8/site-packages/airflow/example_dags/example_xcomargs.py
[2022-07-28 19:53:34,858] {processor.py:641} INFO - Processing file /home/lemon/airflow/airflowenv/lib/python3.8/site-packages/airflow/example_dags/example_xcomargs.py for tasks to queue
[2022-07-28 19:53:34,859] {logging_mixin.py:115} INFO - [2022-07-28 19:53:34,859] {dagbag.py:507} INFO - Filling up the DagBag from /home/lemon/airflow/airflowenv/lib/python3.8/site-packages/airflow/example_dags/example_xcomargs.py
[2022-07-28 19:53:34,869] {processor.py:651} INFO - DAG(s) dict_keys(['example_xcom_args', 'example_xcom_args_with_operators']) retrieved from /home/lemon/airflow/airflowenv/lib/python3.8/site-packages/airflow/example_dags/example_xcomargs.py
[2022-07-28 19:53:34,891] {logging_mixin.py:115} INFO - [2022-07-28 19:53:34,891] {dag.py:2379} INFO - Sync 2 DAGs
[2022-07-28 19:53:34,899] {logging_mixin.py:115} INFO - [2022-07-28 19:53:34,898] {dag.py:2927} INFO - Setting next_dagrun for example_xcom_args to None, run_after=None
[2022-07-28 19:53:34,899] {logging_mixin.py:115} INFO - [2022-07-28 19:53:34,899] {dag.py:2927} INFO - Setting next_dagrun for example_xcom_args_with_operators to None, run_after=None
[2022-07-28 19:53:34,909] {processor.py:161} INFO - Processing /home/lemon/airflow/airflowenv/lib/python3.8/site-packages/airflow/example_dags/example_xcomargs.py took 0.061 seconds
[2022-07-28 19:54:11,853] {processor.py:153} INFO - Started process (PID=2503) to work on /home/lemon/airflow/airflowenv/lib/python3.8/site-packages/airflow/example_dags/example_xcomargs.py
[2022-07-28 19:54:11,861] {processor.py:641} INFO - Processing file /home/lemon/airflow/airflowenv/lib/python3.8/site-packages/airflow/example_dags/example_xcomargs.py for tasks to queue
[2022-07-28 19:54:11,861] {logging_mixin.py:115} INFO - [2022-07-28 19:54:11,861] {dagbag.py:507} INFO - Filling up the DagBag from /home/lemon/airflow/airflowenv/lib/python3.8/site-packages/airflow/example_dags/example_xcomargs.py
[2022-07-28 19:54:11,870] {processor.py:651} INFO - DAG(s) dict_keys(['example_xcom_args', 'example_xcom_args_with_operators']) retrieved from /home/lemon/airflow/airflowenv/lib/python3.8/site-packages/airflow/example_dags/example_xcomargs.py
[2022-07-28 19:54:11,879] {logging_mixin.py:115} INFO - [2022-07-28 19:54:11,879] {dag.py:2379} INFO - Sync 2 DAGs
[2022-07-28 19:54:11,888] {logging_mixin.py:115} INFO - [2022-07-28 19:54:11,888] {dag.py:2927} INFO - Setting next_dagrun for example_xcom_args to None, run_after=None
[2022-07-28 19:54:11,888] {logging_mixin.py:115} INFO - [2022-07-28 19:54:11,888] {dag.py:2927} INFO - Setting next_dagrun for example_xcom_args_with_operators to None, run_after=None
[2022-07-28 19:54:11,898] {processor.py:161} INFO - Processing /home/lemon/airflow/airflowenv/lib/python3.8/site-packages/airflow/example_dags/example_xcomargs.py took 0.046 seconds
[2022-07-28 19:54:46,481] {processor.py:153} INFO - Started process (PID=2539) to work on /home/lemon/airflow/airflowenv/lib/python3.8/site-packages/airflow/example_dags/example_xcomargs.py
[2022-07-28 19:54:46,482] {processor.py:641} INFO - Processing file /home/lemon/airflow/airflowenv/lib/python3.8/site-packages/airflow/example_dags/example_xcomargs.py for tasks to queue
[2022-07-28 19:54:46,483] {logging_mixin.py:115} INFO - [2022-07-28 19:54:46,483] {dagbag.py:507} INFO - Filling up the DagBag from /home/lemon/airflow/airflowenv/lib/python3.8/site-packages/airflow/example_dags/example_xcomargs.py
[2022-07-28 19:54:46,493] {processor.py:651} INFO - DAG(s) dict_keys(['example_xcom_args', 'example_xcom_args_with_operators']) retrieved from /home/lemon/airflow/airflowenv/lib/python3.8/site-packages/airflow/example_dags/example_xcomargs.py
[2022-07-28 19:54:46,515] {logging_mixin.py:115} INFO - [2022-07-28 19:54:46,515] {dag.py:2379} INFO - Sync 2 DAGs
[2022-07-28 19:54:46,522] {logging_mixin.py:115} INFO - [2022-07-28 19:54:46,521] {dag.py:2927} INFO - Setting next_dagrun for example_xcom_args to None, run_after=None
[2022-07-28 19:54:46,522] {logging_mixin.py:115} INFO - [2022-07-28 19:54:46,522] {dag.py:2927} INFO - Setting next_dagrun for example_xcom_args_with_operators to None, run_after=None
[2022-07-28 19:54:46,532] {processor.py:161} INFO - Processing /home/lemon/airflow/airflowenv/lib/python3.8/site-packages/airflow/example_dags/example_xcomargs.py took 0.052 seconds
[2022-07-28 19:55:21,001] {processor.py:153} INFO - Started process (PID=2575) to work on /home/lemon/airflow/airflowenv/lib/python3.8/site-packages/airflow/example_dags/example_xcomargs.py
[2022-07-28 19:55:21,009] {processor.py:641} INFO - Processing file /home/lemon/airflow/airflowenv/lib/python3.8/site-packages/airflow/example_dags/example_xcomargs.py for tasks to queue
[2022-07-28 19:55:21,010] {logging_mixin.py:115} INFO - [2022-07-28 19:55:21,010] {dagbag.py:507} INFO - Filling up the DagBag from /home/lemon/airflow/airflowenv/lib/python3.8/site-packages/airflow/example_dags/example_xcomargs.py
[2022-07-28 19:55:21,020] {processor.py:651} INFO - DAG(s) dict_keys(['example_xcom_args', 'example_xcom_args_with_operators']) retrieved from /home/lemon/airflow/airflowenv/lib/python3.8/site-packages/airflow/example_dags/example_xcomargs.py
[2022-07-28 19:55:21,029] {logging_mixin.py:115} INFO - [2022-07-28 19:55:21,029] {dag.py:2379} INFO - Sync 2 DAGs
[2022-07-28 19:55:21,037] {logging_mixin.py:115} INFO - [2022-07-28 19:55:21,037] {dag.py:2927} INFO - Setting next_dagrun for example_xcom_args to None, run_after=None
[2022-07-28 19:55:21,037] {logging_mixin.py:115} INFO - [2022-07-28 19:55:21,037] {dag.py:2927} INFO - Setting next_dagrun for example_xcom_args_with_operators to None, run_after=None
[2022-07-28 19:55:21,047] {processor.py:161} INFO - Processing /home/lemon/airflow/airflowenv/lib/python3.8/site-packages/airflow/example_dags/example_xcomargs.py took 0.047 seconds
