[2022-07-28 19:46:44,398] {processor.py:153} INFO - Started process (PID=484) to work on /home/lemon/airflow/airflowenv/lib/python3.8/site-packages/airflow/example_dags/example_branch_datetime_operator.py
[2022-07-28 19:46:44,399] {processor.py:641} INFO - Processing file /home/lemon/airflow/airflowenv/lib/python3.8/site-packages/airflow/example_dags/example_branch_datetime_operator.py for tasks to queue
[2022-07-28 19:46:44,399] {logging_mixin.py:115} INFO - [2022-07-28 19:46:44,399] {dagbag.py:507} INFO - Filling up the DagBag from /home/lemon/airflow/airflowenv/lib/python3.8/site-packages/airflow/example_dags/example_branch_datetime_operator.py
[2022-07-28 19:46:44,404] {processor.py:651} INFO - DAG(s) dict_keys(['example_branch_datetime_operator_2']) retrieved from /home/lemon/airflow/airflowenv/lib/python3.8/site-packages/airflow/example_dags/example_branch_datetime_operator.py
[2022-07-28 19:46:44,442] {logging_mixin.py:115} INFO - [2022-07-28 19:46:44,442] {manager.py:508} INFO - Created Permission View: can delete on DAG:example_branch_datetime_operator_2
[2022-07-28 19:46:44,450] {logging_mixin.py:115} INFO - [2022-07-28 19:46:44,450] {manager.py:508} INFO - Created Permission View: can read on DAG:example_branch_datetime_operator_2
[2022-07-28 19:46:44,457] {logging_mixin.py:115} INFO - [2022-07-28 19:46:44,457] {manager.py:508} INFO - Created Permission View: can edit on DAG:example_branch_datetime_operator_2
[2022-07-28 19:46:44,457] {logging_mixin.py:115} INFO - [2022-07-28 19:46:44,457] {dag.py:2379} INFO - Sync 1 DAGs
[2022-07-28 19:46:44,461] {logging_mixin.py:115} INFO - [2022-07-28 19:46:44,461] {dag.py:2398} INFO - Creating ORM DAG for example_branch_datetime_operator_2
[2022-07-28 19:46:44,466] {logging_mixin.py:115} INFO - [2022-07-28 19:46:44,466] {dag.py:2927} INFO - Setting next_dagrun for example_branch_datetime_operator_2 to 2022-07-27T00:00:00+00:00, run_after=2022-07-28T00:00:00+00:00
[2022-07-28 19:46:44,477] {processor.py:161} INFO - Processing /home/lemon/airflow/airflowenv/lib/python3.8/site-packages/airflow/example_dags/example_branch_datetime_operator.py took 0.080 seconds
[2022-07-28 19:47:19,665] {processor.py:153} INFO - Started process (PID=775) to work on /home/lemon/airflow/airflowenv/lib/python3.8/site-packages/airflow/example_dags/example_branch_datetime_operator.py
[2022-07-28 19:47:19,666] {processor.py:641} INFO - Processing file /home/lemon/airflow/airflowenv/lib/python3.8/site-packages/airflow/example_dags/example_branch_datetime_operator.py for tasks to queue
[2022-07-28 19:47:19,666] {logging_mixin.py:115} INFO - [2022-07-28 19:47:19,666] {dagbag.py:507} INFO - Filling up the DagBag from /home/lemon/airflow/airflowenv/lib/python3.8/site-packages/airflow/example_dags/example_branch_datetime_operator.py
[2022-07-28 19:47:19,672] {processor.py:651} INFO - DAG(s) dict_keys(['example_branch_datetime_operator_2']) retrieved from /home/lemon/airflow/airflowenv/lib/python3.8/site-packages/airflow/example_dags/example_branch_datetime_operator.py
[2022-07-28 19:47:19,682] {logging_mixin.py:115} INFO - [2022-07-28 19:47:19,682] {dag.py:2379} INFO - Sync 1 DAGs
[2022-07-28 19:47:19,697] {logging_mixin.py:115} INFO - [2022-07-28 19:47:19,697] {dag.py:2927} INFO - Setting next_dagrun for example_branch_datetime_operator_2 to 2022-07-27T00:00:00+00:00, run_after=2022-07-28T00:00:00+00:00
[2022-07-28 19:47:19,711] {processor.py:161} INFO - Processing /home/lemon/airflow/airflowenv/lib/python3.8/site-packages/airflow/example_dags/example_branch_datetime_operator.py took 0.047 seconds
[2022-07-28 19:47:54,411] {processor.py:153} INFO - Started process (PID=962) to work on /home/lemon/airflow/airflowenv/lib/python3.8/site-packages/airflow/example_dags/example_branch_datetime_operator.py
[2022-07-28 19:47:54,419] {processor.py:641} INFO - Processing file /home/lemon/airflow/airflowenv/lib/python3.8/site-packages/airflow/example_dags/example_branch_datetime_operator.py for tasks to queue
[2022-07-28 19:47:54,420] {logging_mixin.py:115} INFO - [2022-07-28 19:47:54,419] {dagbag.py:507} INFO - Filling up the DagBag from /home/lemon/airflow/airflowenv/lib/python3.8/site-packages/airflow/example_dags/example_branch_datetime_operator.py
[2022-07-28 19:47:54,423] {processor.py:651} INFO - DAG(s) dict_keys(['example_branch_datetime_operator_2']) retrieved from /home/lemon/airflow/airflowenv/lib/python3.8/site-packages/airflow/example_dags/example_branch_datetime_operator.py
[2022-07-28 19:47:54,431] {logging_mixin.py:115} INFO - [2022-07-28 19:47:54,431] {dag.py:2379} INFO - Sync 1 DAGs
[2022-07-28 19:47:54,440] {logging_mixin.py:115} INFO - [2022-07-28 19:47:54,440] {dag.py:2927} INFO - Setting next_dagrun for example_branch_datetime_operator_2 to 2022-07-27T00:00:00+00:00, run_after=2022-07-28T00:00:00+00:00
[2022-07-28 19:47:54,450] {processor.py:161} INFO - Processing /home/lemon/airflow/airflowenv/lib/python3.8/site-packages/airflow/example_dags/example_branch_datetime_operator.py took 0.040 seconds
[2022-07-28 19:48:25,292] {processor.py:153} INFO - Started process (PID=996) to work on /home/lemon/airflow/airflowenv/lib/python3.8/site-packages/airflow/example_dags/example_branch_datetime_operator.py
[2022-07-28 19:48:25,292] {processor.py:641} INFO - Processing file /home/lemon/airflow/airflowenv/lib/python3.8/site-packages/airflow/example_dags/example_branch_datetime_operator.py for tasks to queue
[2022-07-28 19:48:25,292] {logging_mixin.py:115} INFO - [2022-07-28 19:48:25,292] {dagbag.py:507} INFO - Filling up the DagBag from /home/lemon/airflow/airflowenv/lib/python3.8/site-packages/airflow/example_dags/example_branch_datetime_operator.py
[2022-07-28 19:48:25,297] {processor.py:651} INFO - DAG(s) dict_keys(['example_branch_datetime_operator_2']) retrieved from /home/lemon/airflow/airflowenv/lib/python3.8/site-packages/airflow/example_dags/example_branch_datetime_operator.py
[2022-07-28 19:48:25,305] {logging_mixin.py:115} INFO - [2022-07-28 19:48:25,305] {dag.py:2379} INFO - Sync 1 DAGs
[2022-07-28 19:48:25,314] {logging_mixin.py:115} INFO - [2022-07-28 19:48:25,314] {dag.py:2927} INFO - Setting next_dagrun for example_branch_datetime_operator_2 to 2022-07-27T00:00:00+00:00, run_after=2022-07-28T00:00:00+00:00
[2022-07-28 19:48:25,326] {processor.py:161} INFO - Processing /home/lemon/airflow/airflowenv/lib/python3.8/site-packages/airflow/example_dags/example_branch_datetime_operator.py took 0.035 seconds
[2022-07-28 19:48:57,424] {processor.py:153} INFO - Started process (PID=1032) to work on /home/lemon/airflow/airflowenv/lib/python3.8/site-packages/airflow/example_dags/example_branch_datetime_operator.py
[2022-07-28 19:48:57,432] {processor.py:641} INFO - Processing file /home/lemon/airflow/airflowenv/lib/python3.8/site-packages/airflow/example_dags/example_branch_datetime_operator.py for tasks to queue
[2022-07-28 19:48:57,433] {logging_mixin.py:115} INFO - [2022-07-28 19:48:57,433] {dagbag.py:507} INFO - Filling up the DagBag from /home/lemon/airflow/airflowenv/lib/python3.8/site-packages/airflow/example_dags/example_branch_datetime_operator.py
[2022-07-28 19:48:57,437] {processor.py:651} INFO - DAG(s) dict_keys(['example_branch_datetime_operator_2']) retrieved from /home/lemon/airflow/airflowenv/lib/python3.8/site-packages/airflow/example_dags/example_branch_datetime_operator.py
[2022-07-28 19:48:57,444] {logging_mixin.py:115} INFO - [2022-07-28 19:48:57,444] {dag.py:2379} INFO - Sync 1 DAGs
[2022-07-28 19:48:57,453] {logging_mixin.py:115} INFO - [2022-07-28 19:48:57,453] {dag.py:2927} INFO - Setting next_dagrun for example_branch_datetime_operator_2 to 2022-07-27T00:00:00+00:00, run_after=2022-07-28T00:00:00+00:00
[2022-07-28 19:48:57,463] {processor.py:161} INFO - Processing /home/lemon/airflow/airflowenv/lib/python3.8/site-packages/airflow/example_dags/example_branch_datetime_operator.py took 0.041 seconds
[2022-07-28 19:51:25,058] {processor.py:153} INFO - Started process (PID=1373) to work on /home/lemon/airflow/airflowenv/lib/python3.8/site-packages/airflow/example_dags/example_branch_datetime_operator.py
[2022-07-28 19:51:25,066] {processor.py:641} INFO - Processing file /home/lemon/airflow/airflowenv/lib/python3.8/site-packages/airflow/example_dags/example_branch_datetime_operator.py for tasks to queue
[2022-07-28 19:51:25,066] {logging_mixin.py:115} INFO - [2022-07-28 19:51:25,066] {dagbag.py:507} INFO - Filling up the DagBag from /home/lemon/airflow/airflowenv/lib/python3.8/site-packages/airflow/example_dags/example_branch_datetime_operator.py
[2022-07-28 19:51:25,070] {processor.py:651} INFO - DAG(s) dict_keys(['example_branch_datetime_operator_2']) retrieved from /home/lemon/airflow/airflowenv/lib/python3.8/site-packages/airflow/example_dags/example_branch_datetime_operator.py
[2022-07-28 19:51:25,078] {logging_mixin.py:115} INFO - [2022-07-28 19:51:25,078] {dag.py:2379} INFO - Sync 1 DAGs
[2022-07-28 19:51:25,086] {logging_mixin.py:115} INFO - [2022-07-28 19:51:25,086] {dag.py:2927} INFO - Setting next_dagrun for example_branch_datetime_operator_2 to 2022-07-27T00:00:00+00:00, run_after=2022-07-28T00:00:00+00:00
[2022-07-28 19:51:25,098] {processor.py:161} INFO - Processing /home/lemon/airflow/airflowenv/lib/python3.8/site-packages/airflow/example_dags/example_branch_datetime_operator.py took 0.042 seconds
[2022-07-28 19:52:54,970] {processor.py:153} INFO - Started process (PID=1932) to work on /home/lemon/airflow/airflowenv/lib/python3.8/site-packages/airflow/example_dags/example_branch_datetime_operator.py
[2022-07-28 19:52:54,979] {processor.py:641} INFO - Processing file /home/lemon/airflow/airflowenv/lib/python3.8/site-packages/airflow/example_dags/example_branch_datetime_operator.py for tasks to queue
[2022-07-28 19:52:54,980] {logging_mixin.py:115} INFO - [2022-07-28 19:52:54,980] {dagbag.py:507} INFO - Filling up the DagBag from /home/lemon/airflow/airflowenv/lib/python3.8/site-packages/airflow/example_dags/example_branch_datetime_operator.py
[2022-07-28 19:52:54,984] {processor.py:651} INFO - DAG(s) dict_keys(['example_branch_datetime_operator_2']) retrieved from /home/lemon/airflow/airflowenv/lib/python3.8/site-packages/airflow/example_dags/example_branch_datetime_operator.py
[2022-07-28 19:52:54,992] {logging_mixin.py:115} INFO - [2022-07-28 19:52:54,992] {dag.py:2379} INFO - Sync 1 DAGs
[2022-07-28 19:52:55,002] {logging_mixin.py:115} INFO - [2022-07-28 19:52:55,002] {dag.py:2927} INFO - Setting next_dagrun for example_branch_datetime_operator_2 to 2022-07-27T00:00:00+00:00, run_after=2022-07-28T00:00:00+00:00
[2022-07-28 19:52:55,012] {processor.py:161} INFO - Processing /home/lemon/airflow/airflowenv/lib/python3.8/site-packages/airflow/example_dags/example_branch_datetime_operator.py took 0.043 seconds
[2022-07-28 19:53:26,857] {processor.py:153} INFO - Started process (PID=2253) to work on /home/lemon/airflow/airflowenv/lib/python3.8/site-packages/airflow/example_dags/example_branch_datetime_operator.py
[2022-07-28 19:53:26,865] {processor.py:641} INFO - Processing file /home/lemon/airflow/airflowenv/lib/python3.8/site-packages/airflow/example_dags/example_branch_datetime_operator.py for tasks to queue
[2022-07-28 19:53:26,866] {logging_mixin.py:115} INFO - [2022-07-28 19:53:26,866] {dagbag.py:507} INFO - Filling up the DagBag from /home/lemon/airflow/airflowenv/lib/python3.8/site-packages/airflow/example_dags/example_branch_datetime_operator.py
[2022-07-28 19:53:26,870] {processor.py:651} INFO - DAG(s) dict_keys(['example_branch_datetime_operator_2']) retrieved from /home/lemon/airflow/airflowenv/lib/python3.8/site-packages/airflow/example_dags/example_branch_datetime_operator.py
[2022-07-28 19:53:26,877] {logging_mixin.py:115} INFO - [2022-07-28 19:53:26,877] {dag.py:2379} INFO - Sync 1 DAGs
[2022-07-28 19:53:26,887] {logging_mixin.py:115} INFO - [2022-07-28 19:53:26,887] {dag.py:2927} INFO - Setting next_dagrun for example_branch_datetime_operator_2 to 2022-07-27T00:00:00+00:00, run_after=2022-07-28T00:00:00+00:00
[2022-07-28 19:53:26,896] {processor.py:161} INFO - Processing /home/lemon/airflow/airflowenv/lib/python3.8/site-packages/airflow/example_dags/example_branch_datetime_operator.py took 0.040 seconds
[2022-07-28 19:54:01,604] {processor.py:153} INFO - Started process (PID=2492) to work on /home/lemon/airflow/airflowenv/lib/python3.8/site-packages/airflow/example_dags/example_branch_datetime_operator.py
[2022-07-28 19:54:01,612] {processor.py:641} INFO - Processing file /home/lemon/airflow/airflowenv/lib/python3.8/site-packages/airflow/example_dags/example_branch_datetime_operator.py for tasks to queue
[2022-07-28 19:54:01,612] {logging_mixin.py:115} INFO - [2022-07-28 19:54:01,612] {dagbag.py:507} INFO - Filling up the DagBag from /home/lemon/airflow/airflowenv/lib/python3.8/site-packages/airflow/example_dags/example_branch_datetime_operator.py
[2022-07-28 19:54:01,616] {processor.py:651} INFO - DAG(s) dict_keys(['example_branch_datetime_operator_2']) retrieved from /home/lemon/airflow/airflowenv/lib/python3.8/site-packages/airflow/example_dags/example_branch_datetime_operator.py
[2022-07-28 19:54:01,624] {logging_mixin.py:115} INFO - [2022-07-28 19:54:01,624] {dag.py:2379} INFO - Sync 1 DAGs
[2022-07-28 19:54:01,634] {logging_mixin.py:115} INFO - [2022-07-28 19:54:01,634] {dag.py:2927} INFO - Setting next_dagrun for example_branch_datetime_operator_2 to 2022-07-27T00:00:00+00:00, run_after=2022-07-28T00:00:00+00:00
[2022-07-28 19:54:01,644] {processor.py:161} INFO - Processing /home/lemon/airflow/airflowenv/lib/python3.8/site-packages/airflow/example_dags/example_branch_datetime_operator.py took 0.041 seconds
[2022-07-28 19:54:35,105] {processor.py:153} INFO - Started process (PID=2527) to work on /home/lemon/airflow/airflowenv/lib/python3.8/site-packages/airflow/example_dags/example_branch_datetime_operator.py
[2022-07-28 19:54:35,112] {processor.py:641} INFO - Processing file /home/lemon/airflow/airflowenv/lib/python3.8/site-packages/airflow/example_dags/example_branch_datetime_operator.py for tasks to queue
[2022-07-28 19:54:35,113] {logging_mixin.py:115} INFO - [2022-07-28 19:54:35,113] {dagbag.py:507} INFO - Filling up the DagBag from /home/lemon/airflow/airflowenv/lib/python3.8/site-packages/airflow/example_dags/example_branch_datetime_operator.py
[2022-07-28 19:54:35,117] {processor.py:651} INFO - DAG(s) dict_keys(['example_branch_datetime_operator_2']) retrieved from /home/lemon/airflow/airflowenv/lib/python3.8/site-packages/airflow/example_dags/example_branch_datetime_operator.py
[2022-07-28 19:54:35,124] {logging_mixin.py:115} INFO - [2022-07-28 19:54:35,124] {dag.py:2379} INFO - Sync 1 DAGs
[2022-07-28 19:54:35,134] {logging_mixin.py:115} INFO - [2022-07-28 19:54:35,134] {dag.py:2927} INFO - Setting next_dagrun for example_branch_datetime_operator_2 to 2022-07-27T00:00:00+00:00, run_after=2022-07-28T00:00:00+00:00
[2022-07-28 19:54:35,144] {processor.py:161} INFO - Processing /home/lemon/airflow/airflowenv/lib/python3.8/site-packages/airflow/example_dags/example_branch_datetime_operator.py took 0.041 seconds
[2022-07-28 19:55:08,129] {processor.py:153} INFO - Started process (PID=2562) to work on /home/lemon/airflow/airflowenv/lib/python3.8/site-packages/airflow/example_dags/example_branch_datetime_operator.py
[2022-07-28 19:55:08,130] {processor.py:641} INFO - Processing file /home/lemon/airflow/airflowenv/lib/python3.8/site-packages/airflow/example_dags/example_branch_datetime_operator.py for tasks to queue
[2022-07-28 19:55:08,130] {logging_mixin.py:115} INFO - [2022-07-28 19:55:08,130] {dagbag.py:507} INFO - Filling up the DagBag from /home/lemon/airflow/airflowenv/lib/python3.8/site-packages/airflow/example_dags/example_branch_datetime_operator.py
[2022-07-28 19:55:08,134] {processor.py:651} INFO - DAG(s) dict_keys(['example_branch_datetime_operator_2']) retrieved from /home/lemon/airflow/airflowenv/lib/python3.8/site-packages/airflow/example_dags/example_branch_datetime_operator.py
[2022-07-28 19:55:08,144] {logging_mixin.py:115} INFO - [2022-07-28 19:55:08,144] {dag.py:2379} INFO - Sync 1 DAGs
[2022-07-28 19:55:08,155] {logging_mixin.py:115} INFO - [2022-07-28 19:55:08,155] {dag.py:2927} INFO - Setting next_dagrun for example_branch_datetime_operator_2 to 2022-07-27T00:00:00+00:00, run_after=2022-07-28T00:00:00+00:00
[2022-07-28 19:55:08,167] {processor.py:161} INFO - Processing /home/lemon/airflow/airflowenv/lib/python3.8/site-packages/airflow/example_dags/example_branch_datetime_operator.py took 0.040 seconds
