[2022-07-28 19:46:28,764] {processor.py:153} INFO - Started process (PID=335) to work on /home/lemon/airflow/airflowenv/lib/python3.8/site-packages/airflow/example_dags/example_branch_labels.py
[2022-07-28 19:46:28,765] {processor.py:641} INFO - Processing file /home/lemon/airflow/airflowenv/lib/python3.8/site-packages/airflow/example_dags/example_branch_labels.py for tasks to queue
[2022-07-28 19:46:28,765] {logging_mixin.py:115} INFO - [2022-07-28 19:46:28,765] {dagbag.py:507} INFO - Filling up the DagBag from /home/lemon/airflow/airflowenv/lib/python3.8/site-packages/airflow/example_dags/example_branch_labels.py
[2022-07-28 19:46:28,767] {processor.py:651} INFO - DAG(s) dict_keys(['example_branch_labels']) retrieved from /home/lemon/airflow/airflowenv/lib/python3.8/site-packages/airflow/example_dags/example_branch_labels.py
[2022-07-28 19:46:28,813] {logging_mixin.py:115} INFO - [2022-07-28 19:46:28,812] {manager.py:508} INFO - Created Permission View: can delete on DAG:example_branch_labels
[2022-07-28 19:46:28,821] {logging_mixin.py:115} INFO - [2022-07-28 19:46:28,821] {manager.py:508} INFO - Created Permission View: can read on DAG:example_branch_labels
[2022-07-28 19:46:28,828] {logging_mixin.py:115} INFO - [2022-07-28 19:46:28,828] {manager.py:508} INFO - Created Permission View: can edit on DAG:example_branch_labels
[2022-07-28 19:46:28,828] {logging_mixin.py:115} INFO - [2022-07-28 19:46:28,828] {dag.py:2379} INFO - Sync 1 DAGs
[2022-07-28 19:46:28,832] {logging_mixin.py:115} INFO - [2022-07-28 19:46:28,832] {dag.py:2398} INFO - Creating ORM DAG for example_branch_labels
[2022-07-28 19:46:28,838] {logging_mixin.py:115} INFO - [2022-07-28 19:46:28,838] {dag.py:2927} INFO - Setting next_dagrun for example_branch_labels to 2022-07-27T00:00:00+00:00, run_after=2022-07-28T00:00:00+00:00
[2022-07-28 19:46:28,849] {processor.py:161} INFO - Processing /home/lemon/airflow/airflowenv/lib/python3.8/site-packages/airflow/example_dags/example_branch_labels.py took 0.086 seconds
[2022-07-28 19:47:00,899] {processor.py:153} INFO - Started process (PID=602) to work on /home/lemon/airflow/airflowenv/lib/python3.8/site-packages/airflow/example_dags/example_branch_labels.py
[2022-07-28 19:47:00,900] {processor.py:641} INFO - Processing file /home/lemon/airflow/airflowenv/lib/python3.8/site-packages/airflow/example_dags/example_branch_labels.py for tasks to queue
[2022-07-28 19:47:00,900] {logging_mixin.py:115} INFO - [2022-07-28 19:47:00,900] {dagbag.py:507} INFO - Filling up the DagBag from /home/lemon/airflow/airflowenv/lib/python3.8/site-packages/airflow/example_dags/example_branch_labels.py
[2022-07-28 19:47:00,903] {processor.py:651} INFO - DAG(s) dict_keys(['example_branch_labels']) retrieved from /home/lemon/airflow/airflowenv/lib/python3.8/site-packages/airflow/example_dags/example_branch_labels.py
[2022-07-28 19:47:00,911] {logging_mixin.py:115} INFO - [2022-07-28 19:47:00,911] {dag.py:2379} INFO - Sync 1 DAGs
[2022-07-28 19:47:00,920] {logging_mixin.py:115} INFO - [2022-07-28 19:47:00,919] {dag.py:2927} INFO - Setting next_dagrun for example_branch_labels to 2022-07-27T00:00:00+00:00, run_after=2022-07-28T00:00:00+00:00
[2022-07-28 19:47:00,929] {processor.py:161} INFO - Processing /home/lemon/airflow/airflowenv/lib/python3.8/site-packages/airflow/example_dags/example_branch_labels.py took 0.031 seconds
[2022-07-28 19:47:35,657] {processor.py:153} INFO - Started process (PID=944) to work on /home/lemon/airflow/airflowenv/lib/python3.8/site-packages/airflow/example_dags/example_branch_labels.py
[2022-07-28 19:47:35,658] {processor.py:641} INFO - Processing file /home/lemon/airflow/airflowenv/lib/python3.8/site-packages/airflow/example_dags/example_branch_labels.py for tasks to queue
[2022-07-28 19:47:35,658] {logging_mixin.py:115} INFO - [2022-07-28 19:47:35,658] {dagbag.py:507} INFO - Filling up the DagBag from /home/lemon/airflow/airflowenv/lib/python3.8/site-packages/airflow/example_dags/example_branch_labels.py
[2022-07-28 19:47:35,661] {processor.py:651} INFO - DAG(s) dict_keys(['example_branch_labels']) retrieved from /home/lemon/airflow/airflowenv/lib/python3.8/site-packages/airflow/example_dags/example_branch_labels.py
[2022-07-28 19:47:35,669] {logging_mixin.py:115} INFO - [2022-07-28 19:47:35,669] {dag.py:2379} INFO - Sync 1 DAGs
[2022-07-28 19:47:35,679] {logging_mixin.py:115} INFO - [2022-07-28 19:47:35,679] {dag.py:2927} INFO - Setting next_dagrun for example_branch_labels to 2022-07-27T00:00:00+00:00, run_after=2022-07-28T00:00:00+00:00
[2022-07-28 19:47:35,691] {processor.py:161} INFO - Processing /home/lemon/airflow/airflowenv/lib/python3.8/site-packages/airflow/example_dags/example_branch_labels.py took 0.035 seconds
[2022-07-28 19:48:08,417] {processor.py:153} INFO - Started process (PID=977) to work on /home/lemon/airflow/airflowenv/lib/python3.8/site-packages/airflow/example_dags/example_branch_labels.py
[2022-07-28 19:48:08,420] {processor.py:641} INFO - Processing file /home/lemon/airflow/airflowenv/lib/python3.8/site-packages/airflow/example_dags/example_branch_labels.py for tasks to queue
[2022-07-28 19:48:08,420] {logging_mixin.py:115} INFO - [2022-07-28 19:48:08,420] {dagbag.py:507} INFO - Filling up the DagBag from /home/lemon/airflow/airflowenv/lib/python3.8/site-packages/airflow/example_dags/example_branch_labels.py
[2022-07-28 19:48:08,423] {processor.py:651} INFO - DAG(s) dict_keys(['example_branch_labels']) retrieved from /home/lemon/airflow/airflowenv/lib/python3.8/site-packages/airflow/example_dags/example_branch_labels.py
[2022-07-28 19:48:08,431] {logging_mixin.py:115} INFO - [2022-07-28 19:48:08,431] {dag.py:2379} INFO - Sync 1 DAGs
[2022-07-28 19:48:08,440] {logging_mixin.py:115} INFO - [2022-07-28 19:48:08,440] {dag.py:2927} INFO - Setting next_dagrun for example_branch_labels to 2022-07-27T00:00:00+00:00, run_after=2022-07-28T00:00:00+00:00
[2022-07-28 19:48:08,449] {processor.py:161} INFO - Processing /home/lemon/airflow/airflowenv/lib/python3.8/site-packages/airflow/example_dags/example_branch_labels.py took 0.033 seconds
[2022-07-28 19:48:39,172] {processor.py:153} INFO - Started process (PID=1013) to work on /home/lemon/airflow/airflowenv/lib/python3.8/site-packages/airflow/example_dags/example_branch_labels.py
[2022-07-28 19:48:39,173] {processor.py:641} INFO - Processing file /home/lemon/airflow/airflowenv/lib/python3.8/site-packages/airflow/example_dags/example_branch_labels.py for tasks to queue
[2022-07-28 19:48:39,173] {logging_mixin.py:115} INFO - [2022-07-28 19:48:39,173] {dagbag.py:507} INFO - Filling up the DagBag from /home/lemon/airflow/airflowenv/lib/python3.8/site-packages/airflow/example_dags/example_branch_labels.py
[2022-07-28 19:48:39,176] {processor.py:651} INFO - DAG(s) dict_keys(['example_branch_labels']) retrieved from /home/lemon/airflow/airflowenv/lib/python3.8/site-packages/airflow/example_dags/example_branch_labels.py
[2022-07-28 19:48:39,184] {logging_mixin.py:115} INFO - [2022-07-28 19:48:39,184] {dag.py:2379} INFO - Sync 1 DAGs
[2022-07-28 19:48:39,192] {logging_mixin.py:115} INFO - [2022-07-28 19:48:39,192] {dag.py:2927} INFO - Setting next_dagrun for example_branch_labels to 2022-07-27T00:00:00+00:00, run_after=2022-07-28T00:00:00+00:00
[2022-07-28 19:48:39,202] {processor.py:161} INFO - Processing /home/lemon/airflow/airflowenv/lib/python3.8/site-packages/airflow/example_dags/example_branch_labels.py took 0.031 seconds
[2022-07-28 19:51:09,666] {processor.py:153} INFO - Started process (PID=1274) to work on /home/lemon/airflow/airflowenv/lib/python3.8/site-packages/airflow/example_dags/example_branch_labels.py
[2022-07-28 19:51:09,674] {processor.py:641} INFO - Processing file /home/lemon/airflow/airflowenv/lib/python3.8/site-packages/airflow/example_dags/example_branch_labels.py for tasks to queue
[2022-07-28 19:51:09,674] {logging_mixin.py:115} INFO - [2022-07-28 19:51:09,674] {dagbag.py:507} INFO - Filling up the DagBag from /home/lemon/airflow/airflowenv/lib/python3.8/site-packages/airflow/example_dags/example_branch_labels.py
[2022-07-28 19:51:09,677] {processor.py:651} INFO - DAG(s) dict_keys(['example_branch_labels']) retrieved from /home/lemon/airflow/airflowenv/lib/python3.8/site-packages/airflow/example_dags/example_branch_labels.py
[2022-07-28 19:51:09,685] {logging_mixin.py:115} INFO - [2022-07-28 19:51:09,685] {dag.py:2379} INFO - Sync 1 DAGs
[2022-07-28 19:51:09,694] {logging_mixin.py:115} INFO - [2022-07-28 19:51:09,694] {dag.py:2927} INFO - Setting next_dagrun for example_branch_labels to 2022-07-27T00:00:00+00:00, run_after=2022-07-28T00:00:00+00:00
[2022-07-28 19:51:09,703] {processor.py:161} INFO - Processing /home/lemon/airflow/airflowenv/lib/python3.8/site-packages/airflow/example_dags/example_branch_labels.py took 0.039 seconds
[2022-07-28 19:51:41,594] {processor.py:153} INFO - Started process (PID=1492) to work on /home/lemon/airflow/airflowenv/lib/python3.8/site-packages/airflow/example_dags/example_branch_labels.py
[2022-07-28 19:51:41,595] {processor.py:641} INFO - Processing file /home/lemon/airflow/airflowenv/lib/python3.8/site-packages/airflow/example_dags/example_branch_labels.py for tasks to queue
[2022-07-28 19:51:41,595] {logging_mixin.py:115} INFO - [2022-07-28 19:51:41,595] {dagbag.py:507} INFO - Filling up the DagBag from /home/lemon/airflow/airflowenv/lib/python3.8/site-packages/airflow/example_dags/example_branch_labels.py
[2022-07-28 19:51:41,598] {processor.py:651} INFO - DAG(s) dict_keys(['example_branch_labels']) retrieved from /home/lemon/airflow/airflowenv/lib/python3.8/site-packages/airflow/example_dags/example_branch_labels.py
[2022-07-28 19:51:41,606] {logging_mixin.py:115} INFO - [2022-07-28 19:51:41,606] {dag.py:2379} INFO - Sync 1 DAGs
[2022-07-28 19:51:41,614] {logging_mixin.py:115} INFO - [2022-07-28 19:51:41,614] {dag.py:2927} INFO - Setting next_dagrun for example_branch_labels to 2022-07-27T00:00:00+00:00, run_after=2022-07-28T00:00:00+00:00
[2022-07-28 19:51:41,624] {processor.py:161} INFO - Processing /home/lemon/airflow/airflowenv/lib/python3.8/site-packages/airflow/example_dags/example_branch_labels.py took 0.030 seconds
[2022-07-28 19:52:37,589] {processor.py:153} INFO - Started process (PID=1790) to work on /home/lemon/airflow/airflowenv/lib/python3.8/site-packages/airflow/example_dags/example_branch_labels.py
[2022-07-28 19:52:37,597] {processor.py:641} INFO - Processing file /home/lemon/airflow/airflowenv/lib/python3.8/site-packages/airflow/example_dags/example_branch_labels.py for tasks to queue
[2022-07-28 19:52:37,597] {logging_mixin.py:115} INFO - [2022-07-28 19:52:37,597] {dagbag.py:507} INFO - Filling up the DagBag from /home/lemon/airflow/airflowenv/lib/python3.8/site-packages/airflow/example_dags/example_branch_labels.py
[2022-07-28 19:52:37,600] {processor.py:651} INFO - DAG(s) dict_keys(['example_branch_labels']) retrieved from /home/lemon/airflow/airflowenv/lib/python3.8/site-packages/airflow/example_dags/example_branch_labels.py
[2022-07-28 19:52:37,606] {logging_mixin.py:115} INFO - [2022-07-28 19:52:37,606] {dag.py:2379} INFO - Sync 1 DAGs
[2022-07-28 19:52:37,616] {logging_mixin.py:115} INFO - [2022-07-28 19:52:37,616] {dag.py:2927} INFO - Setting next_dagrun for example_branch_labels to 2022-07-27T00:00:00+00:00, run_after=2022-07-28T00:00:00+00:00
[2022-07-28 19:52:37,625] {processor.py:161} INFO - Processing /home/lemon/airflow/airflowenv/lib/python3.8/site-packages/airflow/example_dags/example_branch_labels.py took 0.038 seconds
[2022-07-28 19:53:10,348] {processor.py:153} INFO - Started process (PID=2051) to work on /home/lemon/airflow/airflowenv/lib/python3.8/site-packages/airflow/example_dags/example_branch_labels.py
[2022-07-28 19:53:10,357] {processor.py:641} INFO - Processing file /home/lemon/airflow/airflowenv/lib/python3.8/site-packages/airflow/example_dags/example_branch_labels.py for tasks to queue
[2022-07-28 19:53:10,357] {logging_mixin.py:115} INFO - [2022-07-28 19:53:10,357] {dagbag.py:507} INFO - Filling up the DagBag from /home/lemon/airflow/airflowenv/lib/python3.8/site-packages/airflow/example_dags/example_branch_labels.py
[2022-07-28 19:53:10,360] {processor.py:651} INFO - DAG(s) dict_keys(['example_branch_labels']) retrieved from /home/lemon/airflow/airflowenv/lib/python3.8/site-packages/airflow/example_dags/example_branch_labels.py
[2022-07-28 19:53:10,368] {logging_mixin.py:115} INFO - [2022-07-28 19:53:10,368] {dag.py:2379} INFO - Sync 1 DAGs
[2022-07-28 19:53:10,378] {logging_mixin.py:115} INFO - [2022-07-28 19:53:10,378] {dag.py:2927} INFO - Setting next_dagrun for example_branch_labels to 2022-07-27T00:00:00+00:00, run_after=2022-07-28T00:00:00+00:00
[2022-07-28 19:53:10,387] {processor.py:161} INFO - Processing /home/lemon/airflow/airflowenv/lib/python3.8/site-packages/airflow/example_dags/example_branch_labels.py took 0.041 seconds
[2022-07-28 19:53:43,348] {processor.py:153} INFO - Started process (PID=2372) to work on /home/lemon/airflow/airflowenv/lib/python3.8/site-packages/airflow/example_dags/example_branch_labels.py
[2022-07-28 19:53:43,349] {processor.py:641} INFO - Processing file /home/lemon/airflow/airflowenv/lib/python3.8/site-packages/airflow/example_dags/example_branch_labels.py for tasks to queue
[2022-07-28 19:53:43,349] {logging_mixin.py:115} INFO - [2022-07-28 19:53:43,349] {dagbag.py:507} INFO - Filling up the DagBag from /home/lemon/airflow/airflowenv/lib/python3.8/site-packages/airflow/example_dags/example_branch_labels.py
[2022-07-28 19:53:43,352] {processor.py:651} INFO - DAG(s) dict_keys(['example_branch_labels']) retrieved from /home/lemon/airflow/airflowenv/lib/python3.8/site-packages/airflow/example_dags/example_branch_labels.py
[2022-07-28 19:53:43,360] {logging_mixin.py:115} INFO - [2022-07-28 19:53:43,360] {dag.py:2379} INFO - Sync 1 DAGs
[2022-07-28 19:53:43,369] {logging_mixin.py:115} INFO - [2022-07-28 19:53:43,369] {dag.py:2927} INFO - Setting next_dagrun for example_branch_labels to 2022-07-27T00:00:00+00:00, run_after=2022-07-28T00:00:00+00:00
[2022-07-28 19:53:43,379] {processor.py:161} INFO - Processing /home/lemon/airflow/airflowenv/lib/python3.8/site-packages/airflow/example_dags/example_branch_labels.py took 0.032 seconds
[2022-07-28 19:54:18,114] {processor.py:153} INFO - Started process (PID=2509) to work on /home/lemon/airflow/airflowenv/lib/python3.8/site-packages/airflow/example_dags/example_branch_labels.py
[2022-07-28 19:54:18,122] {processor.py:641} INFO - Processing file /home/lemon/airflow/airflowenv/lib/python3.8/site-packages/airflow/example_dags/example_branch_labels.py for tasks to queue
[2022-07-28 19:54:18,122] {logging_mixin.py:115} INFO - [2022-07-28 19:54:18,122] {dagbag.py:507} INFO - Filling up the DagBag from /home/lemon/airflow/airflowenv/lib/python3.8/site-packages/airflow/example_dags/example_branch_labels.py
[2022-07-28 19:54:18,125] {processor.py:651} INFO - DAG(s) dict_keys(['example_branch_labels']) retrieved from /home/lemon/airflow/airflowenv/lib/python3.8/site-packages/airflow/example_dags/example_branch_labels.py
[2022-07-28 19:54:18,135] {logging_mixin.py:115} INFO - [2022-07-28 19:54:18,135] {dag.py:2379} INFO - Sync 1 DAGs
[2022-07-28 19:54:18,151] {logging_mixin.py:115} INFO - [2022-07-28 19:54:18,151] {dag.py:2927} INFO - Setting next_dagrun for example_branch_labels to 2022-07-27T00:00:00+00:00, run_after=2022-07-28T00:00:00+00:00
[2022-07-28 19:54:18,164] {processor.py:161} INFO - Processing /home/lemon/airflow/airflowenv/lib/python3.8/site-packages/airflow/example_dags/example_branch_labels.py took 0.051 seconds
[2022-07-28 19:54:51,607] {processor.py:153} INFO - Started process (PID=2544) to work on /home/lemon/airflow/airflowenv/lib/python3.8/site-packages/airflow/example_dags/example_branch_labels.py
[2022-07-28 19:54:51,608] {processor.py:641} INFO - Processing file /home/lemon/airflow/airflowenv/lib/python3.8/site-packages/airflow/example_dags/example_branch_labels.py for tasks to queue
[2022-07-28 19:54:51,608] {logging_mixin.py:115} INFO - [2022-07-28 19:54:51,608] {dagbag.py:507} INFO - Filling up the DagBag from /home/lemon/airflow/airflowenv/lib/python3.8/site-packages/airflow/example_dags/example_branch_labels.py
[2022-07-28 19:54:51,610] {processor.py:651} INFO - DAG(s) dict_keys(['example_branch_labels']) retrieved from /home/lemon/airflow/airflowenv/lib/python3.8/site-packages/airflow/example_dags/example_branch_labels.py
[2022-07-28 19:54:51,618] {logging_mixin.py:115} INFO - [2022-07-28 19:54:51,618] {dag.py:2379} INFO - Sync 1 DAGs
[2022-07-28 19:54:51,628] {logging_mixin.py:115} INFO - [2022-07-28 19:54:51,628] {dag.py:2927} INFO - Setting next_dagrun for example_branch_labels to 2022-07-27T00:00:00+00:00, run_after=2022-07-28T00:00:00+00:00
[2022-07-28 19:54:51,637] {processor.py:161} INFO - Processing /home/lemon/airflow/airflowenv/lib/python3.8/site-packages/airflow/example_dags/example_branch_labels.py took 0.032 seconds
[2022-07-28 19:55:24,517] {processor.py:153} INFO - Started process (PID=2579) to work on /home/lemon/airflow/airflowenv/lib/python3.8/site-packages/airflow/example_dags/example_branch_labels.py
[2022-07-28 19:55:24,519] {processor.py:641} INFO - Processing file /home/lemon/airflow/airflowenv/lib/python3.8/site-packages/airflow/example_dags/example_branch_labels.py for tasks to queue
[2022-07-28 19:55:24,519] {logging_mixin.py:115} INFO - [2022-07-28 19:55:24,519] {dagbag.py:507} INFO - Filling up the DagBag from /home/lemon/airflow/airflowenv/lib/python3.8/site-packages/airflow/example_dags/example_branch_labels.py
[2022-07-28 19:55:24,522] {processor.py:651} INFO - DAG(s) dict_keys(['example_branch_labels']) retrieved from /home/lemon/airflow/airflowenv/lib/python3.8/site-packages/airflow/example_dags/example_branch_labels.py
[2022-07-28 19:55:24,530] {logging_mixin.py:115} INFO - [2022-07-28 19:55:24,530] {dag.py:2379} INFO - Sync 1 DAGs
[2022-07-28 19:55:24,540] {logging_mixin.py:115} INFO - [2022-07-28 19:55:24,540] {dag.py:2927} INFO - Setting next_dagrun for example_branch_labels to 2022-07-27T00:00:00+00:00, run_after=2022-07-28T00:00:00+00:00
[2022-07-28 19:55:24,550] {processor.py:161} INFO - Processing /home/lemon/airflow/airflowenv/lib/python3.8/site-packages/airflow/example_dags/example_branch_labels.py took 0.034 seconds
