[2022-07-28 19:46:29,046] {processor.py:153} INFO - Started process (PID=336) to work on /home/lemon/airflow/airflowenv/lib/python3.8/site-packages/airflow/example_dags/example_branch_operator_decorator.py
[2022-07-28 19:46:29,046] {processor.py:641} INFO - Processing file /home/lemon/airflow/airflowenv/lib/python3.8/site-packages/airflow/example_dags/example_branch_operator_decorator.py for tasks to queue
[2022-07-28 19:46:29,046] {logging_mixin.py:115} INFO - [2022-07-28 19:46:29,046] {dagbag.py:507} INFO - Filling up the DagBag from /home/lemon/airflow/airflowenv/lib/python3.8/site-packages/airflow/example_dags/example_branch_operator_decorator.py
[2022-07-28 19:46:29,055] {processor.py:651} INFO - DAG(s) dict_keys(['example_branch_python_operator_decorator']) retrieved from /home/lemon/airflow/airflowenv/lib/python3.8/site-packages/airflow/example_dags/example_branch_operator_decorator.py
[2022-07-28 19:46:29,099] {logging_mixin.py:115} INFO - [2022-07-28 19:46:29,099] {manager.py:508} INFO - Created Permission View: can delete on DAG:example_branch_python_operator_decorator
[2022-07-28 19:46:29,108] {logging_mixin.py:115} INFO - [2022-07-28 19:46:29,108] {manager.py:508} INFO - Created Permission View: can read on DAG:example_branch_python_operator_decorator
[2022-07-28 19:46:29,115] {logging_mixin.py:115} INFO - [2022-07-28 19:46:29,115] {manager.py:508} INFO - Created Permission View: can edit on DAG:example_branch_python_operator_decorator
[2022-07-28 19:46:29,115] {logging_mixin.py:115} INFO - [2022-07-28 19:46:29,115] {dag.py:2379} INFO - Sync 1 DAGs
[2022-07-28 19:46:29,119] {logging_mixin.py:115} INFO - [2022-07-28 19:46:29,119] {dag.py:2398} INFO - Creating ORM DAG for example_branch_python_operator_decorator
[2022-07-28 19:46:29,123] {logging_mixin.py:115} INFO - [2022-07-28 19:46:29,123] {dag.py:2927} INFO - Setting next_dagrun for example_branch_python_operator_decorator to 2022-07-27T00:00:00+00:00, run_after=2022-07-28T00:00:00+00:00
[2022-07-28 19:46:29,134] {processor.py:161} INFO - Processing /home/lemon/airflow/airflowenv/lib/python3.8/site-packages/airflow/example_dags/example_branch_operator_decorator.py took 0.090 seconds
[2022-07-28 19:47:02,032] {processor.py:153} INFO - Started process (PID=603) to work on /home/lemon/airflow/airflowenv/lib/python3.8/site-packages/airflow/example_dags/example_branch_operator_decorator.py
[2022-07-28 19:47:02,039] {processor.py:641} INFO - Processing file /home/lemon/airflow/airflowenv/lib/python3.8/site-packages/airflow/example_dags/example_branch_operator_decorator.py for tasks to queue
[2022-07-28 19:47:02,040] {logging_mixin.py:115} INFO - [2022-07-28 19:47:02,040] {dagbag.py:507} INFO - Filling up the DagBag from /home/lemon/airflow/airflowenv/lib/python3.8/site-packages/airflow/example_dags/example_branch_operator_decorator.py
[2022-07-28 19:47:02,049] {processor.py:651} INFO - DAG(s) dict_keys(['example_branch_python_operator_decorator']) retrieved from /home/lemon/airflow/airflowenv/lib/python3.8/site-packages/airflow/example_dags/example_branch_operator_decorator.py
[2022-07-28 19:47:02,057] {logging_mixin.py:115} INFO - [2022-07-28 19:47:02,057] {dag.py:2379} INFO - Sync 1 DAGs
[2022-07-28 19:47:02,067] {logging_mixin.py:115} INFO - [2022-07-28 19:47:02,067] {dag.py:2927} INFO - Setting next_dagrun for example_branch_python_operator_decorator to 2022-07-27T00:00:00+00:00, run_after=2022-07-28T00:00:00+00:00
[2022-07-28 19:47:02,077] {processor.py:161} INFO - Processing /home/lemon/airflow/airflowenv/lib/python3.8/site-packages/airflow/example_dags/example_branch_operator_decorator.py took 0.047 seconds
[2022-07-28 19:47:36,782] {processor.py:153} INFO - Started process (PID=945) to work on /home/lemon/airflow/airflowenv/lib/python3.8/site-packages/airflow/example_dags/example_branch_operator_decorator.py
[2022-07-28 19:47:36,784] {processor.py:641} INFO - Processing file /home/lemon/airflow/airflowenv/lib/python3.8/site-packages/airflow/example_dags/example_branch_operator_decorator.py for tasks to queue
[2022-07-28 19:47:36,784] {logging_mixin.py:115} INFO - [2022-07-28 19:47:36,784] {dagbag.py:507} INFO - Filling up the DagBag from /home/lemon/airflow/airflowenv/lib/python3.8/site-packages/airflow/example_dags/example_branch_operator_decorator.py
[2022-07-28 19:47:36,794] {processor.py:651} INFO - DAG(s) dict_keys(['example_branch_python_operator_decorator']) retrieved from /home/lemon/airflow/airflowenv/lib/python3.8/site-packages/airflow/example_dags/example_branch_operator_decorator.py
[2022-07-28 19:47:36,801] {logging_mixin.py:115} INFO - [2022-07-28 19:47:36,801] {dag.py:2379} INFO - Sync 1 DAGs
[2022-07-28 19:47:36,811] {logging_mixin.py:115} INFO - [2022-07-28 19:47:36,811] {dag.py:2927} INFO - Setting next_dagrun for example_branch_python_operator_decorator to 2022-07-27T00:00:00+00:00, run_after=2022-07-28T00:00:00+00:00
[2022-07-28 19:47:36,822] {processor.py:161} INFO - Processing /home/lemon/airflow/airflowenv/lib/python3.8/site-packages/airflow/example_dags/example_branch_operator_decorator.py took 0.041 seconds
[2022-07-28 19:48:09,553] {processor.py:153} INFO - Started process (PID=978) to work on /home/lemon/airflow/airflowenv/lib/python3.8/site-packages/airflow/example_dags/example_branch_operator_decorator.py
[2022-07-28 19:48:09,553] {processor.py:641} INFO - Processing file /home/lemon/airflow/airflowenv/lib/python3.8/site-packages/airflow/example_dags/example_branch_operator_decorator.py for tasks to queue
[2022-07-28 19:48:09,553] {logging_mixin.py:115} INFO - [2022-07-28 19:48:09,553] {dagbag.py:507} INFO - Filling up the DagBag from /home/lemon/airflow/airflowenv/lib/python3.8/site-packages/airflow/example_dags/example_branch_operator_decorator.py
[2022-07-28 19:48:09,562] {processor.py:651} INFO - DAG(s) dict_keys(['example_branch_python_operator_decorator']) retrieved from /home/lemon/airflow/airflowenv/lib/python3.8/site-packages/airflow/example_dags/example_branch_operator_decorator.py
[2022-07-28 19:48:09,570] {logging_mixin.py:115} INFO - [2022-07-28 19:48:09,570] {dag.py:2379} INFO - Sync 1 DAGs
[2022-07-28 19:48:09,580] {logging_mixin.py:115} INFO - [2022-07-28 19:48:09,580] {dag.py:2927} INFO - Setting next_dagrun for example_branch_python_operator_decorator to 2022-07-27T00:00:00+00:00, run_after=2022-07-28T00:00:00+00:00
[2022-07-28 19:48:09,591] {processor.py:161} INFO - Processing /home/lemon/airflow/airflowenv/lib/python3.8/site-packages/airflow/example_dags/example_branch_operator_decorator.py took 0.040 seconds
[2022-07-28 19:48:40,062] {processor.py:153} INFO - Started process (PID=1014) to work on /home/lemon/airflow/airflowenv/lib/python3.8/site-packages/airflow/example_dags/example_branch_operator_decorator.py
[2022-07-28 19:48:40,070] {processor.py:641} INFO - Processing file /home/lemon/airflow/airflowenv/lib/python3.8/site-packages/airflow/example_dags/example_branch_operator_decorator.py for tasks to queue
[2022-07-28 19:48:40,071] {logging_mixin.py:115} INFO - [2022-07-28 19:48:40,070] {dagbag.py:507} INFO - Filling up the DagBag from /home/lemon/airflow/airflowenv/lib/python3.8/site-packages/airflow/example_dags/example_branch_operator_decorator.py
[2022-07-28 19:48:40,080] {processor.py:651} INFO - DAG(s) dict_keys(['example_branch_python_operator_decorator']) retrieved from /home/lemon/airflow/airflowenv/lib/python3.8/site-packages/airflow/example_dags/example_branch_operator_decorator.py
[2022-07-28 19:48:40,088] {logging_mixin.py:115} INFO - [2022-07-28 19:48:40,088] {dag.py:2379} INFO - Sync 1 DAGs
[2022-07-28 19:48:40,097] {logging_mixin.py:115} INFO - [2022-07-28 19:48:40,097] {dag.py:2927} INFO - Setting next_dagrun for example_branch_python_operator_decorator to 2022-07-27T00:00:00+00:00, run_after=2022-07-28T00:00:00+00:00
[2022-07-28 19:48:40,107] {processor.py:161} INFO - Processing /home/lemon/airflow/airflowenv/lib/python3.8/site-packages/airflow/example_dags/example_branch_operator_decorator.py took 0.046 seconds
[2022-07-28 19:51:10,795] {processor.py:153} INFO - Started process (PID=1304) to work on /home/lemon/airflow/airflowenv/lib/python3.8/site-packages/airflow/example_dags/example_branch_operator_decorator.py
[2022-07-28 19:51:10,804] {processor.py:641} INFO - Processing file /home/lemon/airflow/airflowenv/lib/python3.8/site-packages/airflow/example_dags/example_branch_operator_decorator.py for tasks to queue
[2022-07-28 19:51:10,804] {logging_mixin.py:115} INFO - [2022-07-28 19:51:10,804] {dagbag.py:507} INFO - Filling up the DagBag from /home/lemon/airflow/airflowenv/lib/python3.8/site-packages/airflow/example_dags/example_branch_operator_decorator.py
[2022-07-28 19:51:10,814] {processor.py:651} INFO - DAG(s) dict_keys(['example_branch_python_operator_decorator']) retrieved from /home/lemon/airflow/airflowenv/lib/python3.8/site-packages/airflow/example_dags/example_branch_operator_decorator.py
[2022-07-28 19:51:10,822] {logging_mixin.py:115} INFO - [2022-07-28 19:51:10,822] {dag.py:2379} INFO - Sync 1 DAGs
[2022-07-28 19:51:10,832] {logging_mixin.py:115} INFO - [2022-07-28 19:51:10,832] {dag.py:2927} INFO - Setting next_dagrun for example_branch_python_operator_decorator to 2022-07-27T00:00:00+00:00, run_after=2022-07-28T00:00:00+00:00
[2022-07-28 19:51:10,842] {processor.py:161} INFO - Processing /home/lemon/airflow/airflowenv/lib/python3.8/site-packages/airflow/example_dags/example_branch_operator_decorator.py took 0.048 seconds
[2022-07-28 19:51:42,718] {processor.py:153} INFO - Started process (PID=1493) to work on /home/lemon/airflow/airflowenv/lib/python3.8/site-packages/airflow/example_dags/example_branch_operator_decorator.py
[2022-07-28 19:51:42,718] {processor.py:641} INFO - Processing file /home/lemon/airflow/airflowenv/lib/python3.8/site-packages/airflow/example_dags/example_branch_operator_decorator.py for tasks to queue
[2022-07-28 19:51:42,719] {logging_mixin.py:115} INFO - [2022-07-28 19:51:42,719] {dagbag.py:507} INFO - Filling up the DagBag from /home/lemon/airflow/airflowenv/lib/python3.8/site-packages/airflow/example_dags/example_branch_operator_decorator.py
[2022-07-28 19:51:42,729] {processor.py:651} INFO - DAG(s) dict_keys(['example_branch_python_operator_decorator']) retrieved from /home/lemon/airflow/airflowenv/lib/python3.8/site-packages/airflow/example_dags/example_branch_operator_decorator.py
[2022-07-28 19:51:42,736] {logging_mixin.py:115} INFO - [2022-07-28 19:51:42,736] {dag.py:2379} INFO - Sync 1 DAGs
[2022-07-28 19:51:42,747] {logging_mixin.py:115} INFO - [2022-07-28 19:51:42,746] {dag.py:2927} INFO - Setting next_dagrun for example_branch_python_operator_decorator to 2022-07-27T00:00:00+00:00, run_after=2022-07-28T00:00:00+00:00
[2022-07-28 19:51:42,758] {processor.py:161} INFO - Processing /home/lemon/airflow/airflowenv/lib/python3.8/site-packages/airflow/example_dags/example_branch_operator_decorator.py took 0.041 seconds
[2022-07-28 19:52:38,718] {processor.py:153} INFO - Started process (PID=1791) to work on /home/lemon/airflow/airflowenv/lib/python3.8/site-packages/airflow/example_dags/example_branch_operator_decorator.py
[2022-07-28 19:52:38,726] {processor.py:641} INFO - Processing file /home/lemon/airflow/airflowenv/lib/python3.8/site-packages/airflow/example_dags/example_branch_operator_decorator.py for tasks to queue
[2022-07-28 19:52:38,727] {logging_mixin.py:115} INFO - [2022-07-28 19:52:38,727] {dagbag.py:507} INFO - Filling up the DagBag from /home/lemon/airflow/airflowenv/lib/python3.8/site-packages/airflow/example_dags/example_branch_operator_decorator.py
[2022-07-28 19:52:38,737] {processor.py:651} INFO - DAG(s) dict_keys(['example_branch_python_operator_decorator']) retrieved from /home/lemon/airflow/airflowenv/lib/python3.8/site-packages/airflow/example_dags/example_branch_operator_decorator.py
[2022-07-28 19:52:38,745] {logging_mixin.py:115} INFO - [2022-07-28 19:52:38,745] {dag.py:2379} INFO - Sync 1 DAGs
[2022-07-28 19:52:38,753] {logging_mixin.py:115} INFO - [2022-07-28 19:52:38,753] {dag.py:2927} INFO - Setting next_dagrun for example_branch_python_operator_decorator to 2022-07-27T00:00:00+00:00, run_after=2022-07-28T00:00:00+00:00
[2022-07-28 19:52:38,763] {processor.py:161} INFO - Processing /home/lemon/airflow/airflowenv/lib/python3.8/site-packages/airflow/example_dags/example_branch_operator_decorator.py took 0.047 seconds
[2022-07-28 19:53:11,482] {processor.py:153} INFO - Started process (PID=2081) to work on /home/lemon/airflow/airflowenv/lib/python3.8/site-packages/airflow/example_dags/example_branch_operator_decorator.py
[2022-07-28 19:53:11,490] {processor.py:641} INFO - Processing file /home/lemon/airflow/airflowenv/lib/python3.8/site-packages/airflow/example_dags/example_branch_operator_decorator.py for tasks to queue
[2022-07-28 19:53:11,491] {logging_mixin.py:115} INFO - [2022-07-28 19:53:11,491] {dagbag.py:507} INFO - Filling up the DagBag from /home/lemon/airflow/airflowenv/lib/python3.8/site-packages/airflow/example_dags/example_branch_operator_decorator.py
[2022-07-28 19:53:11,500] {processor.py:651} INFO - DAG(s) dict_keys(['example_branch_python_operator_decorator']) retrieved from /home/lemon/airflow/airflowenv/lib/python3.8/site-packages/airflow/example_dags/example_branch_operator_decorator.py
[2022-07-28 19:53:11,509] {logging_mixin.py:115} INFO - [2022-07-28 19:53:11,509] {dag.py:2379} INFO - Sync 1 DAGs
[2022-07-28 19:53:11,517] {logging_mixin.py:115} INFO - [2022-07-28 19:53:11,517] {dag.py:2927} INFO - Setting next_dagrun for example_branch_python_operator_decorator to 2022-07-27T00:00:00+00:00, run_after=2022-07-28T00:00:00+00:00
[2022-07-28 19:53:11,526] {processor.py:161} INFO - Processing /home/lemon/airflow/airflowenv/lib/python3.8/site-packages/airflow/example_dags/example_branch_operator_decorator.py took 0.046 seconds
[2022-07-28 19:53:43,976] {processor.py:153} INFO - Started process (PID=2373) to work on /home/lemon/airflow/airflowenv/lib/python3.8/site-packages/airflow/example_dags/example_branch_operator_decorator.py
[2022-07-28 19:53:43,984] {processor.py:641} INFO - Processing file /home/lemon/airflow/airflowenv/lib/python3.8/site-packages/airflow/example_dags/example_branch_operator_decorator.py for tasks to queue
[2022-07-28 19:53:43,984] {logging_mixin.py:115} INFO - [2022-07-28 19:53:43,984] {dagbag.py:507} INFO - Filling up the DagBag from /home/lemon/airflow/airflowenv/lib/python3.8/site-packages/airflow/example_dags/example_branch_operator_decorator.py
[2022-07-28 19:53:43,994] {processor.py:651} INFO - DAG(s) dict_keys(['example_branch_python_operator_decorator']) retrieved from /home/lemon/airflow/airflowenv/lib/python3.8/site-packages/airflow/example_dags/example_branch_operator_decorator.py
[2022-07-28 19:53:44,002] {logging_mixin.py:115} INFO - [2022-07-28 19:53:44,002] {dag.py:2379} INFO - Sync 1 DAGs
[2022-07-28 19:53:44,011] {logging_mixin.py:115} INFO - [2022-07-28 19:53:44,011] {dag.py:2927} INFO - Setting next_dagrun for example_branch_python_operator_decorator to 2022-07-27T00:00:00+00:00, run_after=2022-07-28T00:00:00+00:00
[2022-07-28 19:53:44,021] {processor.py:161} INFO - Processing /home/lemon/airflow/airflowenv/lib/python3.8/site-packages/airflow/example_dags/example_branch_operator_decorator.py took 0.046 seconds
[2022-07-28 19:54:18,242] {processor.py:153} INFO - Started process (PID=2510) to work on /home/lemon/airflow/airflowenv/lib/python3.8/site-packages/airflow/example_dags/example_branch_operator_decorator.py
[2022-07-28 19:54:18,243] {processor.py:641} INFO - Processing file /home/lemon/airflow/airflowenv/lib/python3.8/site-packages/airflow/example_dags/example_branch_operator_decorator.py for tasks to queue
[2022-07-28 19:54:18,244] {logging_mixin.py:115} INFO - [2022-07-28 19:54:18,243] {dagbag.py:507} INFO - Filling up the DagBag from /home/lemon/airflow/airflowenv/lib/python3.8/site-packages/airflow/example_dags/example_branch_operator_decorator.py
[2022-07-28 19:54:18,254] {processor.py:651} INFO - DAG(s) dict_keys(['example_branch_python_operator_decorator']) retrieved from /home/lemon/airflow/airflowenv/lib/python3.8/site-packages/airflow/example_dags/example_branch_operator_decorator.py
[2022-07-28 19:54:18,266] {logging_mixin.py:115} INFO - [2022-07-28 19:54:18,266] {dag.py:2379} INFO - Sync 1 DAGs
[2022-07-28 19:54:18,278] {logging_mixin.py:115} INFO - [2022-07-28 19:54:18,278] {dag.py:2927} INFO - Setting next_dagrun for example_branch_python_operator_decorator to 2022-07-27T00:00:00+00:00, run_after=2022-07-28T00:00:00+00:00
[2022-07-28 19:54:18,292] {processor.py:161} INFO - Processing /home/lemon/airflow/airflowenv/lib/python3.8/site-packages/airflow/example_dags/example_branch_operator_decorator.py took 0.051 seconds
[2022-07-28 19:54:52,731] {processor.py:153} INFO - Started process (PID=2545) to work on /home/lemon/airflow/airflowenv/lib/python3.8/site-packages/airflow/example_dags/example_branch_operator_decorator.py
[2022-07-28 19:54:52,732] {processor.py:641} INFO - Processing file /home/lemon/airflow/airflowenv/lib/python3.8/site-packages/airflow/example_dags/example_branch_operator_decorator.py for tasks to queue
[2022-07-28 19:54:52,732] {logging_mixin.py:115} INFO - [2022-07-28 19:54:52,732] {dagbag.py:507} INFO - Filling up the DagBag from /home/lemon/airflow/airflowenv/lib/python3.8/site-packages/airflow/example_dags/example_branch_operator_decorator.py
[2022-07-28 19:54:52,743] {processor.py:651} INFO - DAG(s) dict_keys(['example_branch_python_operator_decorator']) retrieved from /home/lemon/airflow/airflowenv/lib/python3.8/site-packages/airflow/example_dags/example_branch_operator_decorator.py
[2022-07-28 19:54:52,760] {logging_mixin.py:115} INFO - [2022-07-28 19:54:52,760] {dag.py:2379} INFO - Sync 1 DAGs
[2022-07-28 19:54:52,771] {logging_mixin.py:115} INFO - [2022-07-28 19:54:52,771] {dag.py:2927} INFO - Setting next_dagrun for example_branch_python_operator_decorator to 2022-07-27T00:00:00+00:00, run_after=2022-07-28T00:00:00+00:00
[2022-07-28 19:54:52,786] {processor.py:161} INFO - Processing /home/lemon/airflow/airflowenv/lib/python3.8/site-packages/airflow/example_dags/example_branch_operator_decorator.py took 0.056 seconds
[2022-07-28 19:55:25,643] {processor.py:153} INFO - Started process (PID=2580) to work on /home/lemon/airflow/airflowenv/lib/python3.8/site-packages/airflow/example_dags/example_branch_operator_decorator.py
[2022-07-28 19:55:25,651] {processor.py:641} INFO - Processing file /home/lemon/airflow/airflowenv/lib/python3.8/site-packages/airflow/example_dags/example_branch_operator_decorator.py for tasks to queue
[2022-07-28 19:55:25,651] {logging_mixin.py:115} INFO - [2022-07-28 19:55:25,651] {dagbag.py:507} INFO - Filling up the DagBag from /home/lemon/airflow/airflowenv/lib/python3.8/site-packages/airflow/example_dags/example_branch_operator_decorator.py
[2022-07-28 19:55:25,660] {processor.py:651} INFO - DAG(s) dict_keys(['example_branch_python_operator_decorator']) retrieved from /home/lemon/airflow/airflowenv/lib/python3.8/site-packages/airflow/example_dags/example_branch_operator_decorator.py
[2022-07-28 19:55:25,669] {logging_mixin.py:115} INFO - [2022-07-28 19:55:25,669] {dag.py:2379} INFO - Sync 1 DAGs
[2022-07-28 19:55:25,678] {logging_mixin.py:115} INFO - [2022-07-28 19:55:25,678] {dag.py:2927} INFO - Setting next_dagrun for example_branch_python_operator_decorator to 2022-07-27T00:00:00+00:00, run_after=2022-07-28T00:00:00+00:00
[2022-07-28 19:55:25,688] {processor.py:161} INFO - Processing /home/lemon/airflow/airflowenv/lib/python3.8/site-packages/airflow/example_dags/example_branch_operator_decorator.py took 0.046 seconds
