[2022-07-28 19:46:47,778] {processor.py:153} INFO - Started process (PID=538) to work on /home/lemon/airflow/airflowenv/lib/python3.8/site-packages/airflow/example_dags/example_local_kubernetes_executor.py
[2022-07-28 19:46:47,779] {processor.py:641} INFO - Processing file /home/lemon/airflow/airflowenv/lib/python3.8/site-packages/airflow/example_dags/example_local_kubernetes_executor.py for tasks to queue
[2022-07-28 19:46:47,779] {logging_mixin.py:115} INFO - [2022-07-28 19:46:47,779] {dagbag.py:507} INFO - Filling up the DagBag from /home/lemon/airflow/airflowenv/lib/python3.8/site-packages/airflow/example_dags/example_local_kubernetes_executor.py
[2022-07-28 19:46:47,787] {logging_mixin.py:115} INFO - [2022-07-28 19:46:47,787] {example_local_kubernetes_executor.py:37} WARNING - Could not import DAGs in example_local_kubernetes_executor.py
Traceback (most recent call last):
  File "/home/lemon/airflow/airflowenv/lib/python3.8/site-packages/airflow/example_dags/example_local_kubernetes_executor.py", line 35, in <module>
    from kubernetes.client import models as k8s
ModuleNotFoundError: No module named 'kubernetes'
[2022-07-28 19:46:47,787] {logging_mixin.py:115} INFO - [2022-07-28 19:46:47,787] {example_local_kubernetes_executor.py:38} WARNING - Install Kubernetes dependencies with: pip install apache-airflow[cncf.kubernetes]
[2022-07-28 19:46:47,787] {processor.py:653} WARNING - No viable dags retrieved from /home/lemon/airflow/airflowenv/lib/python3.8/site-packages/airflow/example_dags/example_local_kubernetes_executor.py
[2022-07-28 19:46:47,793] {processor.py:161} INFO - Processing /home/lemon/airflow/airflowenv/lib/python3.8/site-packages/airflow/example_dags/example_local_kubernetes_executor.py took 0.017 seconds
[2022-07-28 19:47:22,539] {processor.py:153} INFO - Started process (PID=778) to work on /home/lemon/airflow/airflowenv/lib/python3.8/site-packages/airflow/example_dags/example_local_kubernetes_executor.py
[2022-07-28 19:47:22,539] {processor.py:641} INFO - Processing file /home/lemon/airflow/airflowenv/lib/python3.8/site-packages/airflow/example_dags/example_local_kubernetes_executor.py for tasks to queue
[2022-07-28 19:47:22,540] {logging_mixin.py:115} INFO - [2022-07-28 19:47:22,540] {dagbag.py:507} INFO - Filling up the DagBag from /home/lemon/airflow/airflowenv/lib/python3.8/site-packages/airflow/example_dags/example_local_kubernetes_executor.py
[2022-07-28 19:47:22,547] {logging_mixin.py:115} INFO - [2022-07-28 19:47:22,547] {example_local_kubernetes_executor.py:37} WARNING - Could not import DAGs in example_local_kubernetes_executor.py
Traceback (most recent call last):
  File "/home/lemon/airflow/airflowenv/lib/python3.8/site-packages/airflow/example_dags/example_local_kubernetes_executor.py", line 35, in <module>
    from kubernetes.client import models as k8s
ModuleNotFoundError: No module named 'kubernetes'
[2022-07-28 19:47:22,547] {logging_mixin.py:115} INFO - [2022-07-28 19:47:22,547] {example_local_kubernetes_executor.py:38} WARNING - Install Kubernetes dependencies with: pip install apache-airflow[cncf.kubernetes]
[2022-07-28 19:47:22,547] {processor.py:653} WARNING - No viable dags retrieved from /home/lemon/airflow/airflowenv/lib/python3.8/site-packages/airflow/example_dags/example_local_kubernetes_executor.py
[2022-07-28 19:47:22,552] {processor.py:161} INFO - Processing /home/lemon/airflow/airflowenv/lib/python3.8/site-packages/airflow/example_dags/example_local_kubernetes_executor.py took 0.015 seconds
[2022-07-28 19:47:56,039] {processor.py:153} INFO - Started process (PID=965) to work on /home/lemon/airflow/airflowenv/lib/python3.8/site-packages/airflow/example_dags/example_local_kubernetes_executor.py
[2022-07-28 19:47:56,039] {processor.py:641} INFO - Processing file /home/lemon/airflow/airflowenv/lib/python3.8/site-packages/airflow/example_dags/example_local_kubernetes_executor.py for tasks to queue
[2022-07-28 19:47:56,039] {logging_mixin.py:115} INFO - [2022-07-28 19:47:56,039] {dagbag.py:507} INFO - Filling up the DagBag from /home/lemon/airflow/airflowenv/lib/python3.8/site-packages/airflow/example_dags/example_local_kubernetes_executor.py
[2022-07-28 19:47:56,047] {logging_mixin.py:115} INFO - [2022-07-28 19:47:56,047] {example_local_kubernetes_executor.py:37} WARNING - Could not import DAGs in example_local_kubernetes_executor.py
Traceback (most recent call last):
  File "/home/lemon/airflow/airflowenv/lib/python3.8/site-packages/airflow/example_dags/example_local_kubernetes_executor.py", line 35, in <module>
    from kubernetes.client import models as k8s
ModuleNotFoundError: No module named 'kubernetes'
[2022-07-28 19:47:56,047] {logging_mixin.py:115} INFO - [2022-07-28 19:47:56,047] {example_local_kubernetes_executor.py:38} WARNING - Install Kubernetes dependencies with: pip install apache-airflow[cncf.kubernetes]
[2022-07-28 19:47:56,047] {processor.py:653} WARNING - No viable dags retrieved from /home/lemon/airflow/airflowenv/lib/python3.8/site-packages/airflow/example_dags/example_local_kubernetes_executor.py
[2022-07-28 19:47:56,052] {processor.py:161} INFO - Processing /home/lemon/airflow/airflowenv/lib/python3.8/site-packages/airflow/example_dags/example_local_kubernetes_executor.py took 0.014 seconds
[2022-07-28 19:48:27,796] {processor.py:153} INFO - Started process (PID=1000) to work on /home/lemon/airflow/airflowenv/lib/python3.8/site-packages/airflow/example_dags/example_local_kubernetes_executor.py
[2022-07-28 19:48:27,804] {processor.py:641} INFO - Processing file /home/lemon/airflow/airflowenv/lib/python3.8/site-packages/airflow/example_dags/example_local_kubernetes_executor.py for tasks to queue
[2022-07-28 19:48:27,805] {logging_mixin.py:115} INFO - [2022-07-28 19:48:27,805] {dagbag.py:507} INFO - Filling up the DagBag from /home/lemon/airflow/airflowenv/lib/python3.8/site-packages/airflow/example_dags/example_local_kubernetes_executor.py
[2022-07-28 19:48:27,812] {logging_mixin.py:115} INFO - [2022-07-28 19:48:27,812] {example_local_kubernetes_executor.py:37} WARNING - Could not import DAGs in example_local_kubernetes_executor.py
Traceback (most recent call last):
  File "/home/lemon/airflow/airflowenv/lib/python3.8/site-packages/airflow/example_dags/example_local_kubernetes_executor.py", line 35, in <module>
    from kubernetes.client import models as k8s
ModuleNotFoundError: No module named 'kubernetes'
[2022-07-28 19:48:27,812] {logging_mixin.py:115} INFO - [2022-07-28 19:48:27,812] {example_local_kubernetes_executor.py:38} WARNING - Install Kubernetes dependencies with: pip install apache-airflow[cncf.kubernetes]
[2022-07-28 19:48:27,812] {processor.py:653} WARNING - No viable dags retrieved from /home/lemon/airflow/airflowenv/lib/python3.8/site-packages/airflow/example_dags/example_local_kubernetes_executor.py
[2022-07-28 19:48:27,817] {processor.py:161} INFO - Processing /home/lemon/airflow/airflowenv/lib/python3.8/site-packages/airflow/example_dags/example_local_kubernetes_executor.py took 0.022 seconds
[2022-07-28 19:49:00,807] {processor.py:153} INFO - Started process (PID=1035) to work on /home/lemon/airflow/airflowenv/lib/python3.8/site-packages/airflow/example_dags/example_local_kubernetes_executor.py
[2022-07-28 19:49:00,807] {processor.py:641} INFO - Processing file /home/lemon/airflow/airflowenv/lib/python3.8/site-packages/airflow/example_dags/example_local_kubernetes_executor.py for tasks to queue
[2022-07-28 19:49:00,807] {logging_mixin.py:115} INFO - [2022-07-28 19:49:00,807] {dagbag.py:507} INFO - Filling up the DagBag from /home/lemon/airflow/airflowenv/lib/python3.8/site-packages/airflow/example_dags/example_local_kubernetes_executor.py
[2022-07-28 19:49:00,814] {logging_mixin.py:115} INFO - [2022-07-28 19:49:00,814] {example_local_kubernetes_executor.py:37} WARNING - Could not import DAGs in example_local_kubernetes_executor.py
Traceback (most recent call last):
  File "/home/lemon/airflow/airflowenv/lib/python3.8/site-packages/airflow/example_dags/example_local_kubernetes_executor.py", line 35, in <module>
    from kubernetes.client import models as k8s
ModuleNotFoundError: No module named 'kubernetes'
[2022-07-28 19:49:00,814] {logging_mixin.py:115} INFO - [2022-07-28 19:49:00,814] {example_local_kubernetes_executor.py:38} WARNING - Install Kubernetes dependencies with: pip install apache-airflow[cncf.kubernetes]
[2022-07-28 19:49:00,814] {processor.py:653} WARNING - No viable dags retrieved from /home/lemon/airflow/airflowenv/lib/python3.8/site-packages/airflow/example_dags/example_local_kubernetes_executor.py
[2022-07-28 19:49:00,819] {processor.py:161} INFO - Processing /home/lemon/airflow/airflowenv/lib/python3.8/site-packages/airflow/example_dags/example_local_kubernetes_executor.py took 0.014 seconds
[2022-07-28 19:51:28,440] {processor.py:153} INFO - Started process (PID=1376) to work on /home/lemon/airflow/airflowenv/lib/python3.8/site-packages/airflow/example_dags/example_local_kubernetes_executor.py
[2022-07-28 19:51:28,442] {processor.py:641} INFO - Processing file /home/lemon/airflow/airflowenv/lib/python3.8/site-packages/airflow/example_dags/example_local_kubernetes_executor.py for tasks to queue
[2022-07-28 19:51:28,442] {logging_mixin.py:115} INFO - [2022-07-28 19:51:28,442] {dagbag.py:507} INFO - Filling up the DagBag from /home/lemon/airflow/airflowenv/lib/python3.8/site-packages/airflow/example_dags/example_local_kubernetes_executor.py
[2022-07-28 19:51:28,450] {logging_mixin.py:115} INFO - [2022-07-28 19:51:28,450] {example_local_kubernetes_executor.py:37} WARNING - Could not import DAGs in example_local_kubernetes_executor.py
Traceback (most recent call last):
  File "/home/lemon/airflow/airflowenv/lib/python3.8/site-packages/airflow/example_dags/example_local_kubernetes_executor.py", line 35, in <module>
    from kubernetes.client import models as k8s
ModuleNotFoundError: No module named 'kubernetes'
[2022-07-28 19:51:28,450] {logging_mixin.py:115} INFO - [2022-07-28 19:51:28,450] {example_local_kubernetes_executor.py:38} WARNING - Install Kubernetes dependencies with: pip install apache-airflow[cncf.kubernetes]
[2022-07-28 19:51:28,450] {processor.py:653} WARNING - No viable dags retrieved from /home/lemon/airflow/airflowenv/lib/python3.8/site-packages/airflow/example_dags/example_local_kubernetes_executor.py
[2022-07-28 19:51:28,455] {processor.py:161} INFO - Processing /home/lemon/airflow/airflowenv/lib/python3.8/site-packages/airflow/example_dags/example_local_kubernetes_executor.py took 0.016 seconds
[2022-07-28 19:52:57,847] {processor.py:153} INFO - Started process (PID=1964) to work on /home/lemon/airflow/airflowenv/lib/python3.8/site-packages/airflow/example_dags/example_local_kubernetes_executor.py
[2022-07-28 19:52:57,848] {processor.py:641} INFO - Processing file /home/lemon/airflow/airflowenv/lib/python3.8/site-packages/airflow/example_dags/example_local_kubernetes_executor.py for tasks to queue
[2022-07-28 19:52:57,848] {logging_mixin.py:115} INFO - [2022-07-28 19:52:57,848] {dagbag.py:507} INFO - Filling up the DagBag from /home/lemon/airflow/airflowenv/lib/python3.8/site-packages/airflow/example_dags/example_local_kubernetes_executor.py
[2022-07-28 19:52:57,855] {logging_mixin.py:115} INFO - [2022-07-28 19:52:57,855] {example_local_kubernetes_executor.py:37} WARNING - Could not import DAGs in example_local_kubernetes_executor.py
Traceback (most recent call last):
  File "/home/lemon/airflow/airflowenv/lib/python3.8/site-packages/airflow/example_dags/example_local_kubernetes_executor.py", line 35, in <module>
    from kubernetes.client import models as k8s
ModuleNotFoundError: No module named 'kubernetes'
[2022-07-28 19:52:57,855] {logging_mixin.py:115} INFO - [2022-07-28 19:52:57,855] {example_local_kubernetes_executor.py:38} WARNING - Install Kubernetes dependencies with: pip install apache-airflow[cncf.kubernetes]
[2022-07-28 19:52:57,855] {processor.py:653} WARNING - No viable dags retrieved from /home/lemon/airflow/airflowenv/lib/python3.8/site-packages/airflow/example_dags/example_local_kubernetes_executor.py
[2022-07-28 19:52:57,860] {processor.py:161} INFO - Processing /home/lemon/airflow/airflowenv/lib/python3.8/site-packages/airflow/example_dags/example_local_kubernetes_executor.py took 0.015 seconds
[2022-07-28 19:53:29,726] {processor.py:153} INFO - Started process (PID=2256) to work on /home/lemon/airflow/airflowenv/lib/python3.8/site-packages/airflow/example_dags/example_local_kubernetes_executor.py
[2022-07-28 19:53:29,727] {processor.py:641} INFO - Processing file /home/lemon/airflow/airflowenv/lib/python3.8/site-packages/airflow/example_dags/example_local_kubernetes_executor.py for tasks to queue
[2022-07-28 19:53:29,727] {logging_mixin.py:115} INFO - [2022-07-28 19:53:29,727] {dagbag.py:507} INFO - Filling up the DagBag from /home/lemon/airflow/airflowenv/lib/python3.8/site-packages/airflow/example_dags/example_local_kubernetes_executor.py
[2022-07-28 19:53:29,738] {logging_mixin.py:115} INFO - [2022-07-28 19:53:29,738] {example_local_kubernetes_executor.py:37} WARNING - Could not import DAGs in example_local_kubernetes_executor.py
Traceback (most recent call last):
  File "/home/lemon/airflow/airflowenv/lib/python3.8/site-packages/airflow/example_dags/example_local_kubernetes_executor.py", line 35, in <module>
    from kubernetes.client import models as k8s
ModuleNotFoundError: No module named 'kubernetes'
[2022-07-28 19:53:29,738] {logging_mixin.py:115} INFO - [2022-07-28 19:53:29,738] {example_local_kubernetes_executor.py:38} WARNING - Install Kubernetes dependencies with: pip install apache-airflow[cncf.kubernetes]
[2022-07-28 19:53:29,738] {processor.py:653} WARNING - No viable dags retrieved from /home/lemon/airflow/airflowenv/lib/python3.8/site-packages/airflow/example_dags/example_local_kubernetes_executor.py
[2022-07-28 19:53:29,746] {processor.py:161} INFO - Processing /home/lemon/airflow/airflowenv/lib/python3.8/site-packages/airflow/example_dags/example_local_kubernetes_executor.py took 0.022 seconds
[2022-07-28 19:54:03,598] {processor.py:153} INFO - Started process (PID=2495) to work on /home/lemon/airflow/airflowenv/lib/python3.8/site-packages/airflow/example_dags/example_local_kubernetes_executor.py
[2022-07-28 19:54:03,599] {processor.py:641} INFO - Processing file /home/lemon/airflow/airflowenv/lib/python3.8/site-packages/airflow/example_dags/example_local_kubernetes_executor.py for tasks to queue
[2022-07-28 19:54:03,599] {logging_mixin.py:115} INFO - [2022-07-28 19:54:03,599] {dagbag.py:507} INFO - Filling up the DagBag from /home/lemon/airflow/airflowenv/lib/python3.8/site-packages/airflow/example_dags/example_local_kubernetes_executor.py
[2022-07-28 19:54:03,607] {logging_mixin.py:115} INFO - [2022-07-28 19:54:03,607] {example_local_kubernetes_executor.py:37} WARNING - Could not import DAGs in example_local_kubernetes_executor.py
Traceback (most recent call last):
  File "/home/lemon/airflow/airflowenv/lib/python3.8/site-packages/airflow/example_dags/example_local_kubernetes_executor.py", line 35, in <module>
    from kubernetes.client import models as k8s
ModuleNotFoundError: No module named 'kubernetes'
[2022-07-28 19:54:03,607] {logging_mixin.py:115} INFO - [2022-07-28 19:54:03,607] {example_local_kubernetes_executor.py:38} WARNING - Install Kubernetes dependencies with: pip install apache-airflow[cncf.kubernetes]
[2022-07-28 19:54:03,607] {processor.py:653} WARNING - No viable dags retrieved from /home/lemon/airflow/airflowenv/lib/python3.8/site-packages/airflow/example_dags/example_local_kubernetes_executor.py
[2022-07-28 19:54:03,611] {processor.py:161} INFO - Processing /home/lemon/airflow/airflowenv/lib/python3.8/site-packages/airflow/example_dags/example_local_kubernetes_executor.py took 0.014 seconds
[2022-07-28 19:54:38,479] {processor.py:153} INFO - Started process (PID=2530) to work on /home/lemon/airflow/airflowenv/lib/python3.8/site-packages/airflow/example_dags/example_local_kubernetes_executor.py
[2022-07-28 19:54:38,488] {processor.py:641} INFO - Processing file /home/lemon/airflow/airflowenv/lib/python3.8/site-packages/airflow/example_dags/example_local_kubernetes_executor.py for tasks to queue
[2022-07-28 19:54:38,488] {logging_mixin.py:115} INFO - [2022-07-28 19:54:38,488] {dagbag.py:507} INFO - Filling up the DagBag from /home/lemon/airflow/airflowenv/lib/python3.8/site-packages/airflow/example_dags/example_local_kubernetes_executor.py
[2022-07-28 19:54:38,494] {logging_mixin.py:115} INFO - [2022-07-28 19:54:38,494] {example_local_kubernetes_executor.py:37} WARNING - Could not import DAGs in example_local_kubernetes_executor.py
Traceback (most recent call last):
  File "/home/lemon/airflow/airflowenv/lib/python3.8/site-packages/airflow/example_dags/example_local_kubernetes_executor.py", line 35, in <module>
    from kubernetes.client import models as k8s
ModuleNotFoundError: No module named 'kubernetes'
[2022-07-28 19:54:38,494] {logging_mixin.py:115} INFO - [2022-07-28 19:54:38,494] {example_local_kubernetes_executor.py:38} WARNING - Install Kubernetes dependencies with: pip install apache-airflow[cncf.kubernetes]
[2022-07-28 19:54:38,494] {processor.py:653} WARNING - No viable dags retrieved from /home/lemon/airflow/airflowenv/lib/python3.8/site-packages/airflow/example_dags/example_local_kubernetes_executor.py
[2022-07-28 19:54:38,499] {processor.py:161} INFO - Processing /home/lemon/airflow/airflowenv/lib/python3.8/site-packages/airflow/example_dags/example_local_kubernetes_executor.py took 0.021 seconds
[2022-07-28 19:55:11,001] {processor.py:153} INFO - Started process (PID=2565) to work on /home/lemon/airflow/airflowenv/lib/python3.8/site-packages/airflow/example_dags/example_local_kubernetes_executor.py
[2022-07-28 19:55:11,003] {processor.py:641} INFO - Processing file /home/lemon/airflow/airflowenv/lib/python3.8/site-packages/airflow/example_dags/example_local_kubernetes_executor.py for tasks to queue
[2022-07-28 19:55:11,003] {logging_mixin.py:115} INFO - [2022-07-28 19:55:11,003] {dagbag.py:507} INFO - Filling up the DagBag from /home/lemon/airflow/airflowenv/lib/python3.8/site-packages/airflow/example_dags/example_local_kubernetes_executor.py
[2022-07-28 19:55:11,011] {logging_mixin.py:115} INFO - [2022-07-28 19:55:11,011] {example_local_kubernetes_executor.py:37} WARNING - Could not import DAGs in example_local_kubernetes_executor.py
Traceback (most recent call last):
  File "/home/lemon/airflow/airflowenv/lib/python3.8/site-packages/airflow/example_dags/example_local_kubernetes_executor.py", line 35, in <module>
    from kubernetes.client import models as k8s
ModuleNotFoundError: No module named 'kubernetes'
[2022-07-28 19:55:11,011] {logging_mixin.py:115} INFO - [2022-07-28 19:55:11,011] {example_local_kubernetes_executor.py:38} WARNING - Install Kubernetes dependencies with: pip install apache-airflow[cncf.kubernetes]
[2022-07-28 19:55:11,011] {processor.py:653} WARNING - No viable dags retrieved from /home/lemon/airflow/airflowenv/lib/python3.8/site-packages/airflow/example_dags/example_local_kubernetes_executor.py
[2022-07-28 19:55:11,016] {processor.py:161} INFO - Processing /home/lemon/airflow/airflowenv/lib/python3.8/site-packages/airflow/example_dags/example_local_kubernetes_executor.py took 0.016 seconds
