[2022-07-28 19:46:30,174] {processor.py:153} INFO - Started process (PID=366) to work on /home/lemon/airflow/airflowenv/lib/python3.8/site-packages/airflow/example_dags/example_dag_decorator.py
[2022-07-28 19:46:30,174] {processor.py:641} INFO - Processing file /home/lemon/airflow/airflowenv/lib/python3.8/site-packages/airflow/example_dags/example_dag_decorator.py for tasks to queue
[2022-07-28 19:46:30,174] {logging_mixin.py:115} INFO - [2022-07-28 19:46:30,174] {dagbag.py:507} INFO - Filling up the DagBag from /home/lemon/airflow/airflowenv/lib/python3.8/site-packages/airflow/example_dags/example_dag_decorator.py
[2022-07-28 19:46:30,195] {processor.py:651} INFO - DAG(s) dict_keys(['example_dag_decorator']) retrieved from /home/lemon/airflow/airflowenv/lib/python3.8/site-packages/airflow/example_dags/example_dag_decorator.py
[2022-07-28 19:46:30,231] {logging_mixin.py:115} INFO - [2022-07-28 19:46:30,231] {manager.py:508} INFO - Created Permission View: can delete on DAG:example_dag_decorator
[2022-07-28 19:46:30,239] {logging_mixin.py:115} INFO - [2022-07-28 19:46:30,239] {manager.py:508} INFO - Created Permission View: can read on DAG:example_dag_decorator
[2022-07-28 19:46:30,246] {logging_mixin.py:115} INFO - [2022-07-28 19:46:30,246] {manager.py:508} INFO - Created Permission View: can edit on DAG:example_dag_decorator
[2022-07-28 19:46:30,246] {logging_mixin.py:115} INFO - [2022-07-28 19:46:30,246] {dag.py:2379} INFO - Sync 1 DAGs
[2022-07-28 19:46:30,250] {logging_mixin.py:115} INFO - [2022-07-28 19:46:30,250] {dag.py:2398} INFO - Creating ORM DAG for example_dag_decorator
[2022-07-28 19:46:30,254] {logging_mixin.py:115} INFO - [2022-07-28 19:46:30,254] {dag.py:2927} INFO - Setting next_dagrun for example_dag_decorator to None, run_after=None
[2022-07-28 19:46:30,265] {processor.py:161} INFO - Processing /home/lemon/airflow/airflowenv/lib/python3.8/site-packages/airflow/example_dags/example_dag_decorator.py took 0.092 seconds
[2022-07-28 19:47:03,155] {processor.py:153} INFO - Started process (PID=604) to work on /home/lemon/airflow/airflowenv/lib/python3.8/site-packages/airflow/example_dags/example_dag_decorator.py
[2022-07-28 19:47:03,163] {processor.py:641} INFO - Processing file /home/lemon/airflow/airflowenv/lib/python3.8/site-packages/airflow/example_dags/example_dag_decorator.py for tasks to queue
[2022-07-28 19:47:03,164] {logging_mixin.py:115} INFO - [2022-07-28 19:47:03,164] {dagbag.py:507} INFO - Filling up the DagBag from /home/lemon/airflow/airflowenv/lib/python3.8/site-packages/airflow/example_dags/example_dag_decorator.py
[2022-07-28 19:47:03,175] {processor.py:651} INFO - DAG(s) dict_keys(['example_dag_decorator']) retrieved from /home/lemon/airflow/airflowenv/lib/python3.8/site-packages/airflow/example_dags/example_dag_decorator.py
[2022-07-28 19:47:03,195] {logging_mixin.py:115} INFO - [2022-07-28 19:47:03,195] {dag.py:2379} INFO - Sync 1 DAGs
[2022-07-28 19:47:03,202] {logging_mixin.py:115} INFO - [2022-07-28 19:47:03,202] {dag.py:2927} INFO - Setting next_dagrun for example_dag_decorator to None, run_after=None
[2022-07-28 19:47:03,212] {processor.py:161} INFO - Processing /home/lemon/airflow/airflowenv/lib/python3.8/site-packages/airflow/example_dags/example_dag_decorator.py took 0.058 seconds
[2022-07-28 19:47:37,917] {processor.py:153} INFO - Started process (PID=946) to work on /home/lemon/airflow/airflowenv/lib/python3.8/site-packages/airflow/example_dags/example_dag_decorator.py
[2022-07-28 19:47:37,923] {processor.py:641} INFO - Processing file /home/lemon/airflow/airflowenv/lib/python3.8/site-packages/airflow/example_dags/example_dag_decorator.py for tasks to queue
[2022-07-28 19:47:37,923] {logging_mixin.py:115} INFO - [2022-07-28 19:47:37,923] {dagbag.py:507} INFO - Filling up the DagBag from /home/lemon/airflow/airflowenv/lib/python3.8/site-packages/airflow/example_dags/example_dag_decorator.py
[2022-07-28 19:47:37,935] {processor.py:651} INFO - DAG(s) dict_keys(['example_dag_decorator']) retrieved from /home/lemon/airflow/airflowenv/lib/python3.8/site-packages/airflow/example_dags/example_dag_decorator.py
[2022-07-28 19:47:37,956] {logging_mixin.py:115} INFO - [2022-07-28 19:47:37,956] {dag.py:2379} INFO - Sync 1 DAGs
[2022-07-28 19:47:37,963] {logging_mixin.py:115} INFO - [2022-07-28 19:47:37,963] {dag.py:2927} INFO - Setting next_dagrun for example_dag_decorator to None, run_after=None
[2022-07-28 19:47:37,974] {processor.py:161} INFO - Processing /home/lemon/airflow/airflowenv/lib/python3.8/site-packages/airflow/example_dags/example_dag_decorator.py took 0.058 seconds
[2022-07-28 19:48:11,033] {processor.py:153} INFO - Started process (PID=980) to work on /home/lemon/airflow/airflowenv/lib/python3.8/site-packages/airflow/example_dags/example_dag_decorator.py
[2022-07-28 19:48:11,033] {processor.py:641} INFO - Processing file /home/lemon/airflow/airflowenv/lib/python3.8/site-packages/airflow/example_dags/example_dag_decorator.py for tasks to queue
[2022-07-28 19:48:11,033] {logging_mixin.py:115} INFO - [2022-07-28 19:48:11,033] {dagbag.py:507} INFO - Filling up the DagBag from /home/lemon/airflow/airflowenv/lib/python3.8/site-packages/airflow/example_dags/example_dag_decorator.py
[2022-07-28 19:48:11,044] {processor.py:651} INFO - DAG(s) dict_keys(['example_dag_decorator']) retrieved from /home/lemon/airflow/airflowenv/lib/python3.8/site-packages/airflow/example_dags/example_dag_decorator.py
[2022-07-28 19:48:11,051] {logging_mixin.py:115} INFO - [2022-07-28 19:48:11,051] {dag.py:2379} INFO - Sync 1 DAGs
[2022-07-28 19:48:11,060] {logging_mixin.py:115} INFO - [2022-07-28 19:48:11,059] {dag.py:2927} INFO - Setting next_dagrun for example_dag_decorator to None, run_after=None
[2022-07-28 19:48:11,069] {processor.py:161} INFO - Processing /home/lemon/airflow/airflowenv/lib/python3.8/site-packages/airflow/example_dags/example_dag_decorator.py took 0.038 seconds
[2022-07-28 19:48:42,046] {processor.py:153} INFO - Started process (PID=1016) to work on /home/lemon/airflow/airflowenv/lib/python3.8/site-packages/airflow/example_dags/example_dag_decorator.py
[2022-07-28 19:48:42,047] {processor.py:641} INFO - Processing file /home/lemon/airflow/airflowenv/lib/python3.8/site-packages/airflow/example_dags/example_dag_decorator.py for tasks to queue
[2022-07-28 19:48:42,047] {logging_mixin.py:115} INFO - [2022-07-28 19:48:42,047] {dagbag.py:507} INFO - Filling up the DagBag from /home/lemon/airflow/airflowenv/lib/python3.8/site-packages/airflow/example_dags/example_dag_decorator.py
[2022-07-28 19:48:42,058] {processor.py:651} INFO - DAG(s) dict_keys(['example_dag_decorator']) retrieved from /home/lemon/airflow/airflowenv/lib/python3.8/site-packages/airflow/example_dags/example_dag_decorator.py
[2022-07-28 19:48:42,079] {logging_mixin.py:115} INFO - [2022-07-28 19:48:42,079] {dag.py:2379} INFO - Sync 1 DAGs
[2022-07-28 19:48:42,085] {logging_mixin.py:115} INFO - [2022-07-28 19:48:42,085] {dag.py:2927} INFO - Setting next_dagrun for example_dag_decorator to None, run_after=None
[2022-07-28 19:48:42,096] {processor.py:161} INFO - Processing /home/lemon/airflow/airflowenv/lib/python3.8/site-packages/airflow/example_dags/example_dag_decorator.py took 0.051 seconds
[2022-07-28 19:51:11,919] {processor.py:153} INFO - Started process (PID=1305) to work on /home/lemon/airflow/airflowenv/lib/python3.8/site-packages/airflow/example_dags/example_dag_decorator.py
[2022-07-28 19:51:11,928] {processor.py:641} INFO - Processing file /home/lemon/airflow/airflowenv/lib/python3.8/site-packages/airflow/example_dags/example_dag_decorator.py for tasks to queue
[2022-07-28 19:51:11,928] {logging_mixin.py:115} INFO - [2022-07-28 19:51:11,928] {dagbag.py:507} INFO - Filling up the DagBag from /home/lemon/airflow/airflowenv/lib/python3.8/site-packages/airflow/example_dags/example_dag_decorator.py
[2022-07-28 19:51:11,940] {processor.py:651} INFO - DAG(s) dict_keys(['example_dag_decorator']) retrieved from /home/lemon/airflow/airflowenv/lib/python3.8/site-packages/airflow/example_dags/example_dag_decorator.py
[2022-07-28 19:51:11,963] {logging_mixin.py:115} INFO - [2022-07-28 19:51:11,962] {dag.py:2379} INFO - Sync 1 DAGs
[2022-07-28 19:51:11,970] {logging_mixin.py:115} INFO - [2022-07-28 19:51:11,970] {dag.py:2927} INFO - Setting next_dagrun for example_dag_decorator to None, run_after=None
[2022-07-28 19:51:11,980] {processor.py:161} INFO - Processing /home/lemon/airflow/airflowenv/lib/python3.8/site-packages/airflow/example_dags/example_dag_decorator.py took 0.062 seconds
[2022-07-28 19:51:43,843] {processor.py:153} INFO - Started process (PID=1494) to work on /home/lemon/airflow/airflowenv/lib/python3.8/site-packages/airflow/example_dags/example_dag_decorator.py
[2022-07-28 19:51:43,844] {processor.py:641} INFO - Processing file /home/lemon/airflow/airflowenv/lib/python3.8/site-packages/airflow/example_dags/example_dag_decorator.py for tasks to queue
[2022-07-28 19:51:43,844] {logging_mixin.py:115} INFO - [2022-07-28 19:51:43,844] {dagbag.py:507} INFO - Filling up the DagBag from /home/lemon/airflow/airflowenv/lib/python3.8/site-packages/airflow/example_dags/example_dag_decorator.py
[2022-07-28 19:51:43,854] {processor.py:651} INFO - DAG(s) dict_keys(['example_dag_decorator']) retrieved from /home/lemon/airflow/airflowenv/lib/python3.8/site-packages/airflow/example_dags/example_dag_decorator.py
[2022-07-28 19:51:43,876] {logging_mixin.py:115} INFO - [2022-07-28 19:51:43,876] {dag.py:2379} INFO - Sync 1 DAGs
[2022-07-28 19:51:43,883] {logging_mixin.py:115} INFO - [2022-07-28 19:51:43,883] {dag.py:2927} INFO - Setting next_dagrun for example_dag_decorator to None, run_after=None
[2022-07-28 19:51:43,893] {processor.py:161} INFO - Processing /home/lemon/airflow/airflowenv/lib/python3.8/site-packages/airflow/example_dags/example_dag_decorator.py took 0.052 seconds
[2022-07-28 19:52:39,842] {processor.py:153} INFO - Started process (PID=1814) to work on /home/lemon/airflow/airflowenv/lib/python3.8/site-packages/airflow/example_dags/example_dag_decorator.py
[2022-07-28 19:52:39,851] {processor.py:641} INFO - Processing file /home/lemon/airflow/airflowenv/lib/python3.8/site-packages/airflow/example_dags/example_dag_decorator.py for tasks to queue
[2022-07-28 19:52:39,851] {logging_mixin.py:115} INFO - [2022-07-28 19:52:39,851] {dagbag.py:507} INFO - Filling up the DagBag from /home/lemon/airflow/airflowenv/lib/python3.8/site-packages/airflow/example_dags/example_dag_decorator.py
[2022-07-28 19:52:39,863] {processor.py:651} INFO - DAG(s) dict_keys(['example_dag_decorator']) retrieved from /home/lemon/airflow/airflowenv/lib/python3.8/site-packages/airflow/example_dags/example_dag_decorator.py
[2022-07-28 19:52:39,883] {logging_mixin.py:115} INFO - [2022-07-28 19:52:39,883] {dag.py:2379} INFO - Sync 1 DAGs
[2022-07-28 19:52:39,890] {logging_mixin.py:115} INFO - [2022-07-28 19:52:39,890] {dag.py:2927} INFO - Setting next_dagrun for example_dag_decorator to None, run_after=None
[2022-07-28 19:52:39,902] {processor.py:161} INFO - Processing /home/lemon/airflow/airflowenv/lib/python3.8/site-packages/airflow/example_dags/example_dag_decorator.py took 0.061 seconds
[2022-07-28 19:53:12,607] {processor.py:153} INFO - Started process (PID=2082) to work on /home/lemon/airflow/airflowenv/lib/python3.8/site-packages/airflow/example_dags/example_dag_decorator.py
[2022-07-28 19:53:12,607] {processor.py:641} INFO - Processing file /home/lemon/airflow/airflowenv/lib/python3.8/site-packages/airflow/example_dags/example_dag_decorator.py for tasks to queue
[2022-07-28 19:53:12,608] {logging_mixin.py:115} INFO - [2022-07-28 19:53:12,608] {dagbag.py:507} INFO - Filling up the DagBag from /home/lemon/airflow/airflowenv/lib/python3.8/site-packages/airflow/example_dags/example_dag_decorator.py
[2022-07-28 19:53:12,619] {processor.py:651} INFO - DAG(s) dict_keys(['example_dag_decorator']) retrieved from /home/lemon/airflow/airflowenv/lib/python3.8/site-packages/airflow/example_dags/example_dag_decorator.py
[2022-07-28 19:53:12,642] {logging_mixin.py:115} INFO - [2022-07-28 19:53:12,642] {dag.py:2379} INFO - Sync 1 DAGs
[2022-07-28 19:53:12,649] {logging_mixin.py:115} INFO - [2022-07-28 19:53:12,649] {dag.py:2927} INFO - Setting next_dagrun for example_dag_decorator to None, run_after=None
[2022-07-28 19:53:12,659] {processor.py:161} INFO - Processing /home/lemon/airflow/airflowenv/lib/python3.8/site-packages/airflow/example_dags/example_dag_decorator.py took 0.054 seconds
[2022-07-28 19:53:45,103] {processor.py:153} INFO - Started process (PID=2374) to work on /home/lemon/airflow/airflowenv/lib/python3.8/site-packages/airflow/example_dags/example_dag_decorator.py
[2022-07-28 19:53:45,111] {processor.py:641} INFO - Processing file /home/lemon/airflow/airflowenv/lib/python3.8/site-packages/airflow/example_dags/example_dag_decorator.py for tasks to queue
[2022-07-28 19:53:45,111] {logging_mixin.py:115} INFO - [2022-07-28 19:53:45,111] {dagbag.py:507} INFO - Filling up the DagBag from /home/lemon/airflow/airflowenv/lib/python3.8/site-packages/airflow/example_dags/example_dag_decorator.py
[2022-07-28 19:53:45,123] {processor.py:651} INFO - DAG(s) dict_keys(['example_dag_decorator']) retrieved from /home/lemon/airflow/airflowenv/lib/python3.8/site-packages/airflow/example_dags/example_dag_decorator.py
[2022-07-28 19:53:45,131] {logging_mixin.py:115} INFO - [2022-07-28 19:53:45,131] {dag.py:2379} INFO - Sync 1 DAGs
[2022-07-28 19:53:45,140] {logging_mixin.py:115} INFO - [2022-07-28 19:53:45,139] {dag.py:2927} INFO - Setting next_dagrun for example_dag_decorator to None, run_after=None
[2022-07-28 19:53:45,149] {processor.py:161} INFO - Processing /home/lemon/airflow/airflowenv/lib/python3.8/site-packages/airflow/example_dags/example_dag_decorator.py took 0.048 seconds
[2022-07-28 19:54:19,370] {processor.py:153} INFO - Started process (PID=2511) to work on /home/lemon/airflow/airflowenv/lib/python3.8/site-packages/airflow/example_dags/example_dag_decorator.py
[2022-07-28 19:54:19,373] {processor.py:641} INFO - Processing file /home/lemon/airflow/airflowenv/lib/python3.8/site-packages/airflow/example_dags/example_dag_decorator.py for tasks to queue
[2022-07-28 19:54:19,374] {logging_mixin.py:115} INFO - [2022-07-28 19:54:19,373] {dagbag.py:507} INFO - Filling up the DagBag from /home/lemon/airflow/airflowenv/lib/python3.8/site-packages/airflow/example_dags/example_dag_decorator.py
[2022-07-28 19:54:19,385] {processor.py:651} INFO - DAG(s) dict_keys(['example_dag_decorator']) retrieved from /home/lemon/airflow/airflowenv/lib/python3.8/site-packages/airflow/example_dags/example_dag_decorator.py
[2022-07-28 19:54:19,393] {logging_mixin.py:115} INFO - [2022-07-28 19:54:19,393] {dag.py:2379} INFO - Sync 1 DAGs
[2022-07-28 19:54:19,401] {logging_mixin.py:115} INFO - [2022-07-28 19:54:19,401] {dag.py:2927} INFO - Setting next_dagrun for example_dag_decorator to None, run_after=None
[2022-07-28 19:54:19,411] {processor.py:161} INFO - Processing /home/lemon/airflow/airflowenv/lib/python3.8/site-packages/airflow/example_dags/example_dag_decorator.py took 0.042 seconds
[2022-07-28 19:54:53,854] {processor.py:153} INFO - Started process (PID=2546) to work on /home/lemon/airflow/airflowenv/lib/python3.8/site-packages/airflow/example_dags/example_dag_decorator.py
[2022-07-28 19:54:53,855] {processor.py:641} INFO - Processing file /home/lemon/airflow/airflowenv/lib/python3.8/site-packages/airflow/example_dags/example_dag_decorator.py for tasks to queue
[2022-07-28 19:54:53,855] {logging_mixin.py:115} INFO - [2022-07-28 19:54:53,855] {dagbag.py:507} INFO - Filling up the DagBag from /home/lemon/airflow/airflowenv/lib/python3.8/site-packages/airflow/example_dags/example_dag_decorator.py
[2022-07-28 19:54:53,867] {processor.py:651} INFO - DAG(s) dict_keys(['example_dag_decorator']) retrieved from /home/lemon/airflow/airflowenv/lib/python3.8/site-packages/airflow/example_dags/example_dag_decorator.py
[2022-07-28 19:54:53,892] {logging_mixin.py:115} INFO - [2022-07-28 19:54:53,892] {dag.py:2379} INFO - Sync 1 DAGs
[2022-07-28 19:54:53,900] {logging_mixin.py:115} INFO - [2022-07-28 19:54:53,900] {dag.py:2927} INFO - Setting next_dagrun for example_dag_decorator to None, run_after=None
[2022-07-28 19:54:53,912] {processor.py:161} INFO - Processing /home/lemon/airflow/airflowenv/lib/python3.8/site-packages/airflow/example_dags/example_dag_decorator.py took 0.060 seconds
[2022-07-28 19:55:26,412] {processor.py:153} INFO - Started process (PID=2581) to work on /home/lemon/airflow/airflowenv/lib/python3.8/site-packages/airflow/example_dags/example_dag_decorator.py
[2022-07-28 19:55:26,420] {processor.py:641} INFO - Processing file /home/lemon/airflow/airflowenv/lib/python3.8/site-packages/airflow/example_dags/example_dag_decorator.py for tasks to queue
[2022-07-28 19:55:26,420] {logging_mixin.py:115} INFO - [2022-07-28 19:55:26,420] {dagbag.py:507} INFO - Filling up the DagBag from /home/lemon/airflow/airflowenv/lib/python3.8/site-packages/airflow/example_dags/example_dag_decorator.py
[2022-07-28 19:55:26,432] {processor.py:651} INFO - DAG(s) dict_keys(['example_dag_decorator']) retrieved from /home/lemon/airflow/airflowenv/lib/python3.8/site-packages/airflow/example_dags/example_dag_decorator.py
[2022-07-28 19:55:26,440] {logging_mixin.py:115} INFO - [2022-07-28 19:55:26,440] {dag.py:2379} INFO - Sync 1 DAGs
[2022-07-28 19:55:26,447] {logging_mixin.py:115} INFO - [2022-07-28 19:55:26,447] {dag.py:2927} INFO - Setting next_dagrun for example_dag_decorator to None, run_after=None
[2022-07-28 19:55:26,457] {processor.py:161} INFO - Processing /home/lemon/airflow/airflowenv/lib/python3.8/site-packages/airflow/example_dags/example_dag_decorator.py took 0.047 seconds
