[2022-07-28 19:46:43,779] {processor.py:153} INFO - Started process (PID=482) to work on /home/lemon/airflow/airflowenv/lib/python3.8/site-packages/airflow/example_dags/example_time_delta_sensor_async.py
[2022-07-28 19:46:43,779] {processor.py:641} INFO - Processing file /home/lemon/airflow/airflowenv/lib/python3.8/site-packages/airflow/example_dags/example_time_delta_sensor_async.py for tasks to queue
[2022-07-28 19:46:43,779] {logging_mixin.py:115} INFO - [2022-07-28 19:46:43,779] {dagbag.py:507} INFO - Filling up the DagBag from /home/lemon/airflow/airflowenv/lib/python3.8/site-packages/airflow/example_dags/example_time_delta_sensor_async.py
[2022-07-28 19:46:43,790] {processor.py:651} INFO - DAG(s) dict_keys(['example_time_delta_sensor_async']) retrieved from /home/lemon/airflow/airflowenv/lib/python3.8/site-packages/airflow/example_dags/example_time_delta_sensor_async.py
[2022-07-28 19:46:43,832] {logging_mixin.py:115} INFO - [2022-07-28 19:46:43,832] {manager.py:508} INFO - Created Permission View: can delete on DAG:example_time_delta_sensor_async
[2022-07-28 19:46:43,840] {logging_mixin.py:115} INFO - [2022-07-28 19:46:43,840] {manager.py:508} INFO - Created Permission View: can read on DAG:example_time_delta_sensor_async
[2022-07-28 19:46:43,847] {logging_mixin.py:115} INFO - [2022-07-28 19:46:43,847] {manager.py:508} INFO - Created Permission View: can edit on DAG:example_time_delta_sensor_async
[2022-07-28 19:46:43,847] {logging_mixin.py:115} INFO - [2022-07-28 19:46:43,847] {dag.py:2379} INFO - Sync 1 DAGs
[2022-07-28 19:46:43,851] {logging_mixin.py:115} INFO - [2022-07-28 19:46:43,851] {dag.py:2398} INFO - Creating ORM DAG for example_time_delta_sensor_async
[2022-07-28 19:46:43,855] {logging_mixin.py:115} INFO - [2022-07-28 19:46:43,855] {dag.py:2927} INFO - Setting next_dagrun for example_time_delta_sensor_async to None, run_after=None
[2022-07-28 19:46:43,865] {processor.py:161} INFO - Processing /home/lemon/airflow/airflowenv/lib/python3.8/site-packages/airflow/example_dags/example_time_delta_sensor_async.py took 0.087 seconds
[2022-07-28 19:47:17,417] {processor.py:153} INFO - Started process (PID=744) to work on /home/lemon/airflow/airflowenv/lib/python3.8/site-packages/airflow/example_dags/example_time_delta_sensor_async.py
[2022-07-28 19:47:17,419] {processor.py:641} INFO - Processing file /home/lemon/airflow/airflowenv/lib/python3.8/site-packages/airflow/example_dags/example_time_delta_sensor_async.py for tasks to queue
[2022-07-28 19:47:17,419] {logging_mixin.py:115} INFO - [2022-07-28 19:47:17,419] {dagbag.py:507} INFO - Filling up the DagBag from /home/lemon/airflow/airflowenv/lib/python3.8/site-packages/airflow/example_dags/example_time_delta_sensor_async.py
[2022-07-28 19:47:17,422] {processor.py:651} INFO - DAG(s) dict_keys(['example_time_delta_sensor_async']) retrieved from /home/lemon/airflow/airflowenv/lib/python3.8/site-packages/airflow/example_dags/example_time_delta_sensor_async.py
[2022-07-28 19:47:17,432] {logging_mixin.py:115} INFO - [2022-07-28 19:47:17,432] {dag.py:2379} INFO - Sync 1 DAGs
[2022-07-28 19:47:17,439] {logging_mixin.py:115} INFO - [2022-07-28 19:47:17,439] {dag.py:2927} INFO - Setting next_dagrun for example_time_delta_sensor_async to None, run_after=None
[2022-07-28 19:47:17,449] {processor.py:161} INFO - Processing /home/lemon/airflow/airflowenv/lib/python3.8/site-packages/airflow/example_dags/example_time_delta_sensor_async.py took 0.034 seconds
[2022-07-28 19:47:52,154] {processor.py:153} INFO - Started process (PID=960) to work on /home/lemon/airflow/airflowenv/lib/python3.8/site-packages/airflow/example_dags/example_time_delta_sensor_async.py
[2022-07-28 19:47:52,162] {processor.py:641} INFO - Processing file /home/lemon/airflow/airflowenv/lib/python3.8/site-packages/airflow/example_dags/example_time_delta_sensor_async.py for tasks to queue
[2022-07-28 19:47:52,163] {logging_mixin.py:115} INFO - [2022-07-28 19:47:52,162] {dagbag.py:507} INFO - Filling up the DagBag from /home/lemon/airflow/airflowenv/lib/python3.8/site-packages/airflow/example_dags/example_time_delta_sensor_async.py
[2022-07-28 19:47:52,165] {processor.py:651} INFO - DAG(s) dict_keys(['example_time_delta_sensor_async']) retrieved from /home/lemon/airflow/airflowenv/lib/python3.8/site-packages/airflow/example_dags/example_time_delta_sensor_async.py
[2022-07-28 19:47:52,175] {logging_mixin.py:115} INFO - [2022-07-28 19:47:52,175] {dag.py:2379} INFO - Sync 1 DAGs
[2022-07-28 19:47:52,184] {logging_mixin.py:115} INFO - [2022-07-28 19:47:52,184] {dag.py:2927} INFO - Setting next_dagrun for example_time_delta_sensor_async to None, run_after=None
[2022-07-28 19:47:52,194] {processor.py:161} INFO - Processing /home/lemon/airflow/airflowenv/lib/python3.8/site-packages/airflow/example_dags/example_time_delta_sensor_async.py took 0.040 seconds
[2022-07-28 19:48:23,797] {processor.py:153} INFO - Started process (PID=994) to work on /home/lemon/airflow/airflowenv/lib/python3.8/site-packages/airflow/example_dags/example_time_delta_sensor_async.py
[2022-07-28 19:48:23,797] {processor.py:641} INFO - Processing file /home/lemon/airflow/airflowenv/lib/python3.8/site-packages/airflow/example_dags/example_time_delta_sensor_async.py for tasks to queue
[2022-07-28 19:48:23,797] {logging_mixin.py:115} INFO - [2022-07-28 19:48:23,797] {dagbag.py:507} INFO - Filling up the DagBag from /home/lemon/airflow/airflowenv/lib/python3.8/site-packages/airflow/example_dags/example_time_delta_sensor_async.py
[2022-07-28 19:48:23,800] {processor.py:651} INFO - DAG(s) dict_keys(['example_time_delta_sensor_async']) retrieved from /home/lemon/airflow/airflowenv/lib/python3.8/site-packages/airflow/example_dags/example_time_delta_sensor_async.py
[2022-07-28 19:48:23,810] {logging_mixin.py:115} INFO - [2022-07-28 19:48:23,810] {dag.py:2379} INFO - Sync 1 DAGs
[2022-07-28 19:48:23,818] {logging_mixin.py:115} INFO - [2022-07-28 19:48:23,818] {dag.py:2927} INFO - Setting next_dagrun for example_time_delta_sensor_async to None, run_after=None
[2022-07-28 19:48:23,827] {processor.py:161} INFO - Processing /home/lemon/airflow/airflowenv/lib/python3.8/site-packages/airflow/example_dags/example_time_delta_sensor_async.py took 0.032 seconds
[2022-07-28 19:48:55,563] {processor.py:153} INFO - Started process (PID=1030) to work on /home/lemon/airflow/airflowenv/lib/python3.8/site-packages/airflow/example_dags/example_time_delta_sensor_async.py
[2022-07-28 19:48:55,563] {processor.py:641} INFO - Processing file /home/lemon/airflow/airflowenv/lib/python3.8/site-packages/airflow/example_dags/example_time_delta_sensor_async.py for tasks to queue
[2022-07-28 19:48:55,564] {logging_mixin.py:115} INFO - [2022-07-28 19:48:55,564] {dagbag.py:507} INFO - Filling up the DagBag from /home/lemon/airflow/airflowenv/lib/python3.8/site-packages/airflow/example_dags/example_time_delta_sensor_async.py
[2022-07-28 19:48:55,566] {processor.py:651} INFO - DAG(s) dict_keys(['example_time_delta_sensor_async']) retrieved from /home/lemon/airflow/airflowenv/lib/python3.8/site-packages/airflow/example_dags/example_time_delta_sensor_async.py
[2022-07-28 19:48:55,577] {logging_mixin.py:115} INFO - [2022-07-28 19:48:55,576] {dag.py:2379} INFO - Sync 1 DAGs
[2022-07-28 19:48:55,584] {logging_mixin.py:115} INFO - [2022-07-28 19:48:55,584] {dag.py:2927} INFO - Setting next_dagrun for example_time_delta_sensor_async to None, run_after=None
[2022-07-28 19:48:55,594] {processor.py:161} INFO - Processing /home/lemon/airflow/airflowenv/lib/python3.8/site-packages/airflow/example_dags/example_time_delta_sensor_async.py took 0.032 seconds
[2022-07-28 19:51:24,429] {processor.py:153} INFO - Started process (PID=1371) to work on /home/lemon/airflow/airflowenv/lib/python3.8/site-packages/airflow/example_dags/example_time_delta_sensor_async.py
[2022-07-28 19:51:24,437] {processor.py:641} INFO - Processing file /home/lemon/airflow/airflowenv/lib/python3.8/site-packages/airflow/example_dags/example_time_delta_sensor_async.py for tasks to queue
[2022-07-28 19:51:24,437] {logging_mixin.py:115} INFO - [2022-07-28 19:51:24,437] {dagbag.py:507} INFO - Filling up the DagBag from /home/lemon/airflow/airflowenv/lib/python3.8/site-packages/airflow/example_dags/example_time_delta_sensor_async.py
[2022-07-28 19:51:24,440] {processor.py:651} INFO - DAG(s) dict_keys(['example_time_delta_sensor_async']) retrieved from /home/lemon/airflow/airflowenv/lib/python3.8/site-packages/airflow/example_dags/example_time_delta_sensor_async.py
[2022-07-28 19:51:24,449] {logging_mixin.py:115} INFO - [2022-07-28 19:51:24,449] {dag.py:2379} INFO - Sync 1 DAGs
[2022-07-28 19:51:24,458] {logging_mixin.py:115} INFO - [2022-07-28 19:51:24,458] {dag.py:2927} INFO - Setting next_dagrun for example_time_delta_sensor_async to None, run_after=None
[2022-07-28 19:51:24,468] {processor.py:161} INFO - Processing /home/lemon/airflow/airflowenv/lib/python3.8/site-packages/airflow/example_dags/example_time_delta_sensor_async.py took 0.040 seconds
[2022-07-28 19:51:58,118] {processor.py:153} INFO - Started process (PID=1509) to work on /home/lemon/airflow/airflowenv/lib/python3.8/site-packages/airflow/example_dags/example_time_delta_sensor_async.py
[2022-07-28 19:51:58,118] {processor.py:641} INFO - Processing file /home/lemon/airflow/airflowenv/lib/python3.8/site-packages/airflow/example_dags/example_time_delta_sensor_async.py for tasks to queue
[2022-07-28 19:51:58,119] {logging_mixin.py:115} INFO - [2022-07-28 19:51:58,118] {dagbag.py:507} INFO - Filling up the DagBag from /home/lemon/airflow/airflowenv/lib/python3.8/site-packages/airflow/example_dags/example_time_delta_sensor_async.py
[2022-07-28 19:51:58,122] {processor.py:651} INFO - DAG(s) dict_keys(['example_time_delta_sensor_async']) retrieved from /home/lemon/airflow/airflowenv/lib/python3.8/site-packages/airflow/example_dags/example_time_delta_sensor_async.py
[2022-07-28 19:51:58,132] {logging_mixin.py:115} INFO - [2022-07-28 19:51:58,132] {dag.py:2379} INFO - Sync 1 DAGs
[2022-07-28 19:51:58,140] {logging_mixin.py:115} INFO - [2022-07-28 19:51:58,140] {dag.py:2927} INFO - Setting next_dagrun for example_time_delta_sensor_async to None, run_after=None
[2022-07-28 19:51:58,149] {processor.py:161} INFO - Processing /home/lemon/airflow/airflowenv/lib/python3.8/site-packages/airflow/example_dags/example_time_delta_sensor_async.py took 0.033 seconds
[2022-07-28 19:52:52,717] {processor.py:153} INFO - Started process (PID=1908) to work on /home/lemon/airflow/airflowenv/lib/python3.8/site-packages/airflow/example_dags/example_time_delta_sensor_async.py
[2022-07-28 19:52:52,720] {processor.py:641} INFO - Processing file /home/lemon/airflow/airflowenv/lib/python3.8/site-packages/airflow/example_dags/example_time_delta_sensor_async.py for tasks to queue
[2022-07-28 19:52:52,721] {logging_mixin.py:115} INFO - [2022-07-28 19:52:52,721] {dagbag.py:507} INFO - Filling up the DagBag from /home/lemon/airflow/airflowenv/lib/python3.8/site-packages/airflow/example_dags/example_time_delta_sensor_async.py
[2022-07-28 19:52:52,724] {processor.py:651} INFO - DAG(s) dict_keys(['example_time_delta_sensor_async']) retrieved from /home/lemon/airflow/airflowenv/lib/python3.8/site-packages/airflow/example_dags/example_time_delta_sensor_async.py
[2022-07-28 19:52:52,736] {logging_mixin.py:115} INFO - [2022-07-28 19:52:52,736] {dag.py:2379} INFO - Sync 1 DAGs
[2022-07-28 19:52:52,748] {logging_mixin.py:115} INFO - [2022-07-28 19:52:52,748] {dag.py:2927} INFO - Setting next_dagrun for example_time_delta_sensor_async to None, run_after=None
[2022-07-28 19:52:52,759] {processor.py:161} INFO - Processing /home/lemon/airflow/airflowenv/lib/python3.8/site-packages/airflow/example_dags/example_time_delta_sensor_async.py took 0.043 seconds
[2022-07-28 19:53:24,599] {processor.py:153} INFO - Started process (PID=2200) to work on /home/lemon/airflow/airflowenv/lib/python3.8/site-packages/airflow/example_dags/example_time_delta_sensor_async.py
[2022-07-28 19:53:24,600] {processor.py:641} INFO - Processing file /home/lemon/airflow/airflowenv/lib/python3.8/site-packages/airflow/example_dags/example_time_delta_sensor_async.py for tasks to queue
[2022-07-28 19:53:24,600] {logging_mixin.py:115} INFO - [2022-07-28 19:53:24,600] {dagbag.py:507} INFO - Filling up the DagBag from /home/lemon/airflow/airflowenv/lib/python3.8/site-packages/airflow/example_dags/example_time_delta_sensor_async.py
[2022-07-28 19:53:24,602] {processor.py:651} INFO - DAG(s) dict_keys(['example_time_delta_sensor_async']) retrieved from /home/lemon/airflow/airflowenv/lib/python3.8/site-packages/airflow/example_dags/example_time_delta_sensor_async.py
[2022-07-28 19:53:24,613] {logging_mixin.py:115} INFO - [2022-07-28 19:53:24,613] {dag.py:2379} INFO - Sync 1 DAGs
[2022-07-28 19:53:24,623] {logging_mixin.py:115} INFO - [2022-07-28 19:53:24,623] {dag.py:2927} INFO - Setting next_dagrun for example_time_delta_sensor_async to None, run_after=None
[2022-07-28 19:53:24,633] {processor.py:161} INFO - Processing /home/lemon/airflow/airflowenv/lib/python3.8/site-packages/airflow/example_dags/example_time_delta_sensor_async.py took 0.036 seconds
[2022-07-28 19:53:59,353] {processor.py:153} INFO - Started process (PID=2490) to work on /home/lemon/airflow/airflowenv/lib/python3.8/site-packages/airflow/example_dags/example_time_delta_sensor_async.py
[2022-07-28 19:53:59,361] {processor.py:641} INFO - Processing file /home/lemon/airflow/airflowenv/lib/python3.8/site-packages/airflow/example_dags/example_time_delta_sensor_async.py for tasks to queue
[2022-07-28 19:53:59,361] {logging_mixin.py:115} INFO - [2022-07-28 19:53:59,361] {dagbag.py:507} INFO - Filling up the DagBag from /home/lemon/airflow/airflowenv/lib/python3.8/site-packages/airflow/example_dags/example_time_delta_sensor_async.py
[2022-07-28 19:53:59,364] {processor.py:651} INFO - DAG(s) dict_keys(['example_time_delta_sensor_async']) retrieved from /home/lemon/airflow/airflowenv/lib/python3.8/site-packages/airflow/example_dags/example_time_delta_sensor_async.py
[2022-07-28 19:53:59,374] {logging_mixin.py:115} INFO - [2022-07-28 19:53:59,374] {dag.py:2379} INFO - Sync 1 DAGs
[2022-07-28 19:53:59,384] {logging_mixin.py:115} INFO - [2022-07-28 19:53:59,384] {dag.py:2927} INFO - Setting next_dagrun for example_time_delta_sensor_async to None, run_after=None
[2022-07-28 19:53:59,394] {processor.py:161} INFO - Processing /home/lemon/airflow/airflowenv/lib/python3.8/site-packages/airflow/example_dags/example_time_delta_sensor_async.py took 0.043 seconds
[2022-07-28 19:54:33,372] {processor.py:153} INFO - Started process (PID=2525) to work on /home/lemon/airflow/airflowenv/lib/python3.8/site-packages/airflow/example_dags/example_time_delta_sensor_async.py
[2022-07-28 19:54:33,380] {processor.py:641} INFO - Processing file /home/lemon/airflow/airflowenv/lib/python3.8/site-packages/airflow/example_dags/example_time_delta_sensor_async.py for tasks to queue
[2022-07-28 19:54:33,381] {logging_mixin.py:115} INFO - [2022-07-28 19:54:33,381] {dagbag.py:507} INFO - Filling up the DagBag from /home/lemon/airflow/airflowenv/lib/python3.8/site-packages/airflow/example_dags/example_time_delta_sensor_async.py
[2022-07-28 19:54:33,383] {processor.py:651} INFO - DAG(s) dict_keys(['example_time_delta_sensor_async']) retrieved from /home/lemon/airflow/airflowenv/lib/python3.8/site-packages/airflow/example_dags/example_time_delta_sensor_async.py
[2022-07-28 19:54:33,393] {logging_mixin.py:115} INFO - [2022-07-28 19:54:33,393] {dag.py:2379} INFO - Sync 1 DAGs
[2022-07-28 19:54:33,402] {logging_mixin.py:115} INFO - [2022-07-28 19:54:33,402] {dag.py:2927} INFO - Setting next_dagrun for example_time_delta_sensor_async to None, run_after=None
[2022-07-28 19:54:33,411] {processor.py:161} INFO - Processing /home/lemon/airflow/airflowenv/lib/python3.8/site-packages/airflow/example_dags/example_time_delta_sensor_async.py took 0.040 seconds
[2022-07-28 19:55:05,867] {processor.py:153} INFO - Started process (PID=2560) to work on /home/lemon/airflow/airflowenv/lib/python3.8/site-packages/airflow/example_dags/example_time_delta_sensor_async.py
[2022-07-28 19:55:05,868] {processor.py:641} INFO - Processing file /home/lemon/airflow/airflowenv/lib/python3.8/site-packages/airflow/example_dags/example_time_delta_sensor_async.py for tasks to queue
[2022-07-28 19:55:05,868] {logging_mixin.py:115} INFO - [2022-07-28 19:55:05,868] {dagbag.py:507} INFO - Filling up the DagBag from /home/lemon/airflow/airflowenv/lib/python3.8/site-packages/airflow/example_dags/example_time_delta_sensor_async.py
[2022-07-28 19:55:05,871] {processor.py:651} INFO - DAG(s) dict_keys(['example_time_delta_sensor_async']) retrieved from /home/lemon/airflow/airflowenv/lib/python3.8/site-packages/airflow/example_dags/example_time_delta_sensor_async.py
[2022-07-28 19:55:05,881] {logging_mixin.py:115} INFO - [2022-07-28 19:55:05,881] {dag.py:2379} INFO - Sync 1 DAGs
[2022-07-28 19:55:05,890] {logging_mixin.py:115} INFO - [2022-07-28 19:55:05,890] {dag.py:2927} INFO - Setting next_dagrun for example_time_delta_sensor_async to None, run_after=None
[2022-07-28 19:55:05,899] {processor.py:161} INFO - Processing /home/lemon/airflow/airflowenv/lib/python3.8/site-packages/airflow/example_dags/example_time_delta_sensor_async.py took 0.033 seconds
