[2022-07-28 19:46:51,885] {processor.py:153} INFO - Started process (PID=564) to work on /home/lemon/airflow/airflowenv/lib/python3.8/site-packages/airflow/example_dags/example_subdag_operator.py
[2022-07-28 19:46:51,885] {processor.py:641} INFO - Processing file /home/lemon/airflow/airflowenv/lib/python3.8/site-packages/airflow/example_dags/example_subdag_operator.py for tasks to queue
[2022-07-28 19:46:51,885] {logging_mixin.py:115} INFO - [2022-07-28 19:46:51,885] {dagbag.py:507} INFO - Filling up the DagBag from /home/lemon/airflow/airflowenv/lib/python3.8/site-packages/airflow/example_dags/example_subdag_operator.py
[2022-07-28 19:46:51,895] {processor.py:651} INFO - DAG(s) dict_keys(['example_subdag_operator.section-1', 'example_subdag_operator.section-2', 'example_subdag_operator']) retrieved from /home/lemon/airflow/airflowenv/lib/python3.8/site-packages/airflow/example_dags/example_subdag_operator.py
[2022-07-28 19:46:51,933] {logging_mixin.py:115} INFO - [2022-07-28 19:46:51,933] {manager.py:508} INFO - Created Permission View: can delete on DAG:example_subdag_operator
[2022-07-28 19:46:51,941] {logging_mixin.py:115} INFO - [2022-07-28 19:46:51,941] {manager.py:508} INFO - Created Permission View: can read on DAG:example_subdag_operator
[2022-07-28 19:46:51,948] {logging_mixin.py:115} INFO - [2022-07-28 19:46:51,948] {manager.py:508} INFO - Created Permission View: can edit on DAG:example_subdag_operator
[2022-07-28 19:46:51,948] {logging_mixin.py:115} INFO - [2022-07-28 19:46:51,948] {dag.py:2379} INFO - Sync 3 DAGs
[2022-07-28 19:46:51,952] {logging_mixin.py:115} INFO - [2022-07-28 19:46:51,952] {dag.py:2398} INFO - Creating ORM DAG for example_subdag_operator
[2022-07-28 19:46:51,952] {logging_mixin.py:115} INFO - [2022-07-28 19:46:51,952] {dag.py:2398} INFO - Creating ORM DAG for example_subdag_operator.section-2
[2022-07-28 19:46:51,952] {logging_mixin.py:115} INFO - [2022-07-28 19:46:51,952] {dag.py:2398} INFO - Creating ORM DAG for example_subdag_operator.section-1
[2022-07-28 19:46:51,957] {logging_mixin.py:115} INFO - [2022-07-28 19:46:51,957] {dag.py:2927} INFO - Setting next_dagrun for example_subdag_operator to 2022-01-01T00:00:00+00:00, run_after=2022-01-01T00:00:00+00:00
[2022-07-28 19:46:51,957] {logging_mixin.py:115} INFO - [2022-07-28 19:46:51,957] {dag.py:2927} INFO - Setting next_dagrun for example_subdag_operator.section-1 to None, run_after=None
[2022-07-28 19:46:51,957] {logging_mixin.py:115} INFO - [2022-07-28 19:46:51,957] {dag.py:2927} INFO - Setting next_dagrun for example_subdag_operator.section-2 to None, run_after=None
[2022-07-28 19:46:51,960] {logging_mixin.py:115} INFO - [2022-07-28 19:46:51,960] {dag.py:2379} INFO - Sync 2 DAGs
[2022-07-28 19:46:51,962] {logging_mixin.py:115} INFO - [2022-07-28 19:46:51,962] {dag.py:2927} INFO - Setting next_dagrun for example_subdag_operator.section-1 to None, run_after=None
[2022-07-28 19:46:51,962] {logging_mixin.py:115} INFO - [2022-07-28 19:46:51,962] {dag.py:2927} INFO - Setting next_dagrun for example_subdag_operator.section-2 to None, run_after=None
[2022-07-28 19:46:51,972] {processor.py:161} INFO - Processing /home/lemon/airflow/airflowenv/lib/python3.8/site-packages/airflow/example_dags/example_subdag_operator.py took 0.089 seconds
[2022-07-28 19:47:26,531] {processor.py:153} INFO - Started process (PID=833) to work on /home/lemon/airflow/airflowenv/lib/python3.8/site-packages/airflow/example_dags/example_subdag_operator.py
[2022-07-28 19:47:26,531] {processor.py:641} INFO - Processing file /home/lemon/airflow/airflowenv/lib/python3.8/site-packages/airflow/example_dags/example_subdag_operator.py for tasks to queue
[2022-07-28 19:47:26,532] {logging_mixin.py:115} INFO - [2022-07-28 19:47:26,532] {dagbag.py:507} INFO - Filling up the DagBag from /home/lemon/airflow/airflowenv/lib/python3.8/site-packages/airflow/example_dags/example_subdag_operator.py
[2022-07-28 19:47:26,542] {processor.py:651} INFO - DAG(s) dict_keys(['example_subdag_operator.section-1', 'example_subdag_operator.section-2', 'example_subdag_operator']) retrieved from /home/lemon/airflow/airflowenv/lib/python3.8/site-packages/airflow/example_dags/example_subdag_operator.py
[2022-07-28 19:47:26,549] {logging_mixin.py:115} INFO - [2022-07-28 19:47:26,549] {dag.py:2379} INFO - Sync 3 DAGs
[2022-07-28 19:47:26,557] {logging_mixin.py:115} INFO - [2022-07-28 19:47:26,557] {dag.py:2927} INFO - Setting next_dagrun for example_subdag_operator to 2022-01-01T00:00:00+00:00, run_after=2022-01-01T00:00:00+00:00
[2022-07-28 19:47:26,557] {logging_mixin.py:115} INFO - [2022-07-28 19:47:26,557] {dag.py:2927} INFO - Setting next_dagrun for example_subdag_operator.section-1 to None, run_after=None
[2022-07-28 19:47:26,557] {logging_mixin.py:115} INFO - [2022-07-28 19:47:26,557] {dag.py:2927} INFO - Setting next_dagrun for example_subdag_operator.section-2 to None, run_after=None
[2022-07-28 19:47:26,561] {logging_mixin.py:115} INFO - [2022-07-28 19:47:26,561] {dag.py:2379} INFO - Sync 2 DAGs
[2022-07-28 19:47:26,562] {logging_mixin.py:115} INFO - [2022-07-28 19:47:26,562] {dag.py:2927} INFO - Setting next_dagrun for example_subdag_operator.section-1 to None, run_after=None
[2022-07-28 19:47:26,562] {logging_mixin.py:115} INFO - [2022-07-28 19:47:26,562] {dag.py:2927} INFO - Setting next_dagrun for example_subdag_operator.section-2 to None, run_after=None
[2022-07-28 19:47:26,570] {processor.py:161} INFO - Processing /home/lemon/airflow/airflowenv/lib/python3.8/site-packages/airflow/example_dags/example_subdag_operator.py took 0.041 seconds
[2022-07-28 19:48:00,546] {processor.py:153} INFO - Started process (PID=969) to work on /home/lemon/airflow/airflowenv/lib/python3.8/site-packages/airflow/example_dags/example_subdag_operator.py
[2022-07-28 19:48:00,554] {processor.py:641} INFO - Processing file /home/lemon/airflow/airflowenv/lib/python3.8/site-packages/airflow/example_dags/example_subdag_operator.py for tasks to queue
[2022-07-28 19:48:00,554] {logging_mixin.py:115} INFO - [2022-07-28 19:48:00,554] {dagbag.py:507} INFO - Filling up the DagBag from /home/lemon/airflow/airflowenv/lib/python3.8/site-packages/airflow/example_dags/example_subdag_operator.py
[2022-07-28 19:48:00,564] {processor.py:651} INFO - DAG(s) dict_keys(['example_subdag_operator.section-1', 'example_subdag_operator.section-2', 'example_subdag_operator']) retrieved from /home/lemon/airflow/airflowenv/lib/python3.8/site-packages/airflow/example_dags/example_subdag_operator.py
[2022-07-28 19:48:00,573] {logging_mixin.py:115} INFO - [2022-07-28 19:48:00,573] {dag.py:2379} INFO - Sync 3 DAGs
[2022-07-28 19:48:00,580] {logging_mixin.py:115} INFO - [2022-07-28 19:48:00,580] {dag.py:2927} INFO - Setting next_dagrun for example_subdag_operator to 2022-01-01T00:00:00+00:00, run_after=2022-01-01T00:00:00+00:00
[2022-07-28 19:48:00,580] {logging_mixin.py:115} INFO - [2022-07-28 19:48:00,580] {dag.py:2927} INFO - Setting next_dagrun for example_subdag_operator.section-1 to None, run_after=None
[2022-07-28 19:48:00,580] {logging_mixin.py:115} INFO - [2022-07-28 19:48:00,580] {dag.py:2927} INFO - Setting next_dagrun for example_subdag_operator.section-2 to None, run_after=None
[2022-07-28 19:48:00,584] {logging_mixin.py:115} INFO - [2022-07-28 19:48:00,584] {dag.py:2379} INFO - Sync 2 DAGs
[2022-07-28 19:48:00,586] {logging_mixin.py:115} INFO - [2022-07-28 19:48:00,586] {dag.py:2927} INFO - Setting next_dagrun for example_subdag_operator.section-1 to None, run_after=None
[2022-07-28 19:48:00,586] {logging_mixin.py:115} INFO - [2022-07-28 19:48:00,586] {dag.py:2927} INFO - Setting next_dagrun for example_subdag_operator.section-2 to None, run_after=None
[2022-07-28 19:48:00,594] {processor.py:161} INFO - Processing /home/lemon/airflow/airflowenv/lib/python3.8/site-packages/airflow/example_dags/example_subdag_operator.py took 0.050 seconds
[2022-07-28 19:48:31,795] {processor.py:153} INFO - Started process (PID=1005) to work on /home/lemon/airflow/airflowenv/lib/python3.8/site-packages/airflow/example_dags/example_subdag_operator.py
[2022-07-28 19:48:31,795] {processor.py:641} INFO - Processing file /home/lemon/airflow/airflowenv/lib/python3.8/site-packages/airflow/example_dags/example_subdag_operator.py for tasks to queue
[2022-07-28 19:48:31,796] {logging_mixin.py:115} INFO - [2022-07-28 19:48:31,796] {dagbag.py:507} INFO - Filling up the DagBag from /home/lemon/airflow/airflowenv/lib/python3.8/site-packages/airflow/example_dags/example_subdag_operator.py
[2022-07-28 19:48:31,806] {processor.py:651} INFO - DAG(s) dict_keys(['example_subdag_operator.section-1', 'example_subdag_operator.section-2', 'example_subdag_operator']) retrieved from /home/lemon/airflow/airflowenv/lib/python3.8/site-packages/airflow/example_dags/example_subdag_operator.py
[2022-07-28 19:48:31,813] {logging_mixin.py:115} INFO - [2022-07-28 19:48:31,813] {dag.py:2379} INFO - Sync 3 DAGs
[2022-07-28 19:48:31,821] {logging_mixin.py:115} INFO - [2022-07-28 19:48:31,821] {dag.py:2927} INFO - Setting next_dagrun for example_subdag_operator to 2022-01-01T00:00:00+00:00, run_after=2022-01-01T00:00:00+00:00
[2022-07-28 19:48:31,821] {logging_mixin.py:115} INFO - [2022-07-28 19:48:31,821] {dag.py:2927} INFO - Setting next_dagrun for example_subdag_operator.section-1 to None, run_after=None
[2022-07-28 19:48:31,821] {logging_mixin.py:115} INFO - [2022-07-28 19:48:31,821] {dag.py:2927} INFO - Setting next_dagrun for example_subdag_operator.section-2 to None, run_after=None
[2022-07-28 19:48:31,824] {logging_mixin.py:115} INFO - [2022-07-28 19:48:31,824] {dag.py:2379} INFO - Sync 2 DAGs
[2022-07-28 19:48:31,826] {logging_mixin.py:115} INFO - [2022-07-28 19:48:31,826] {dag.py:2927} INFO - Setting next_dagrun for example_subdag_operator.section-1 to None, run_after=None
[2022-07-28 19:48:31,826] {logging_mixin.py:115} INFO - [2022-07-28 19:48:31,826] {dag.py:2927} INFO - Setting next_dagrun for example_subdag_operator.section-2 to None, run_after=None
[2022-07-28 19:48:31,834] {processor.py:161} INFO - Processing /home/lemon/airflow/airflowenv/lib/python3.8/site-packages/airflow/example_dags/example_subdag_operator.py took 0.040 seconds
[2022-07-28 19:49:04,799] {processor.py:153} INFO - Started process (PID=1052) to work on /home/lemon/airflow/airflowenv/lib/python3.8/site-packages/airflow/example_dags/example_subdag_operator.py
[2022-07-28 19:49:04,799] {processor.py:641} INFO - Processing file /home/lemon/airflow/airflowenv/lib/python3.8/site-packages/airflow/example_dags/example_subdag_operator.py for tasks to queue
[2022-07-28 19:49:04,800] {logging_mixin.py:115} INFO - [2022-07-28 19:49:04,800] {dagbag.py:507} INFO - Filling up the DagBag from /home/lemon/airflow/airflowenv/lib/python3.8/site-packages/airflow/example_dags/example_subdag_operator.py
[2022-07-28 19:49:04,810] {processor.py:651} INFO - DAG(s) dict_keys(['example_subdag_operator.section-1', 'example_subdag_operator.section-2', 'example_subdag_operator']) retrieved from /home/lemon/airflow/airflowenv/lib/python3.8/site-packages/airflow/example_dags/example_subdag_operator.py
[2022-07-28 19:49:04,817] {logging_mixin.py:115} INFO - [2022-07-28 19:49:04,817] {dag.py:2379} INFO - Sync 3 DAGs
[2022-07-28 19:49:04,826] {logging_mixin.py:115} INFO - [2022-07-28 19:49:04,826] {dag.py:2927} INFO - Setting next_dagrun for example_subdag_operator to 2022-01-01T00:00:00+00:00, run_after=2022-01-01T00:00:00+00:00
[2022-07-28 19:49:04,826] {logging_mixin.py:115} INFO - [2022-07-28 19:49:04,826] {dag.py:2927} INFO - Setting next_dagrun for example_subdag_operator.section-1 to None, run_after=None
[2022-07-28 19:49:04,826] {logging_mixin.py:115} INFO - [2022-07-28 19:49:04,826] {dag.py:2927} INFO - Setting next_dagrun for example_subdag_operator.section-2 to None, run_after=None
[2022-07-28 19:49:04,830] {logging_mixin.py:115} INFO - [2022-07-28 19:49:04,830] {dag.py:2379} INFO - Sync 2 DAGs
[2022-07-28 19:49:04,832] {logging_mixin.py:115} INFO - [2022-07-28 19:49:04,832] {dag.py:2927} INFO - Setting next_dagrun for example_subdag_operator.section-1 to None, run_after=None
[2022-07-28 19:49:04,832] {logging_mixin.py:115} INFO - [2022-07-28 19:49:04,832] {dag.py:2927} INFO - Setting next_dagrun for example_subdag_operator.section-2 to None, run_after=None
[2022-07-28 19:49:04,840] {processor.py:161} INFO - Processing /home/lemon/airflow/airflowenv/lib/python3.8/site-packages/airflow/example_dags/example_subdag_operator.py took 0.043 seconds
[2022-07-28 19:51:32,450] {processor.py:153} INFO - Started process (PID=1431) to work on /home/lemon/airflow/airflowenv/lib/python3.8/site-packages/airflow/example_dags/example_subdag_operator.py
[2022-07-28 19:51:32,459] {processor.py:641} INFO - Processing file /home/lemon/airflow/airflowenv/lib/python3.8/site-packages/airflow/example_dags/example_subdag_operator.py for tasks to queue
[2022-07-28 19:51:32,459] {logging_mixin.py:115} INFO - [2022-07-28 19:51:32,459] {dagbag.py:507} INFO - Filling up the DagBag from /home/lemon/airflow/airflowenv/lib/python3.8/site-packages/airflow/example_dags/example_subdag_operator.py
[2022-07-28 19:51:32,470] {processor.py:651} INFO - DAG(s) dict_keys(['example_subdag_operator.section-1', 'example_subdag_operator.section-2', 'example_subdag_operator']) retrieved from /home/lemon/airflow/airflowenv/lib/python3.8/site-packages/airflow/example_dags/example_subdag_operator.py
[2022-07-28 19:51:32,478] {logging_mixin.py:115} INFO - [2022-07-28 19:51:32,478] {dag.py:2379} INFO - Sync 3 DAGs
[2022-07-28 19:51:32,485] {logging_mixin.py:115} INFO - [2022-07-28 19:51:32,485] {dag.py:2927} INFO - Setting next_dagrun for example_subdag_operator to 2022-01-01T00:00:00+00:00, run_after=2022-01-01T00:00:00+00:00
[2022-07-28 19:51:32,485] {logging_mixin.py:115} INFO - [2022-07-28 19:51:32,485] {dag.py:2927} INFO - Setting next_dagrun for example_subdag_operator.section-1 to None, run_after=None
[2022-07-28 19:51:32,485] {logging_mixin.py:115} INFO - [2022-07-28 19:51:32,485] {dag.py:2927} INFO - Setting next_dagrun for example_subdag_operator.section-2 to None, run_after=None
[2022-07-28 19:51:32,489] {logging_mixin.py:115} INFO - [2022-07-28 19:51:32,489] {dag.py:2379} INFO - Sync 2 DAGs
[2022-07-28 19:51:32,490] {logging_mixin.py:115} INFO - [2022-07-28 19:51:32,490] {dag.py:2927} INFO - Setting next_dagrun for example_subdag_operator.section-1 to None, run_after=None
[2022-07-28 19:51:32,490] {logging_mixin.py:115} INFO - [2022-07-28 19:51:32,490] {dag.py:2927} INFO - Setting next_dagrun for example_subdag_operator.section-2 to None, run_after=None
[2022-07-28 19:51:32,499] {processor.py:161} INFO - Processing /home/lemon/airflow/airflowenv/lib/python3.8/site-packages/airflow/example_dags/example_subdag_operator.py took 0.049 seconds
[2022-07-28 19:53:02,357] {processor.py:153} INFO - Started process (PID=1968) to work on /home/lemon/airflow/airflowenv/lib/python3.8/site-packages/airflow/example_dags/example_subdag_operator.py
[2022-07-28 19:53:02,365] {processor.py:641} INFO - Processing file /home/lemon/airflow/airflowenv/lib/python3.8/site-packages/airflow/example_dags/example_subdag_operator.py for tasks to queue
[2022-07-28 19:53:02,365] {logging_mixin.py:115} INFO - [2022-07-28 19:53:02,365] {dagbag.py:507} INFO - Filling up the DagBag from /home/lemon/airflow/airflowenv/lib/python3.8/site-packages/airflow/example_dags/example_subdag_operator.py
[2022-07-28 19:53:02,374] {processor.py:651} INFO - DAG(s) dict_keys(['example_subdag_operator.section-1', 'example_subdag_operator.section-2', 'example_subdag_operator']) retrieved from /home/lemon/airflow/airflowenv/lib/python3.8/site-packages/airflow/example_dags/example_subdag_operator.py
[2022-07-28 19:53:02,382] {logging_mixin.py:115} INFO - [2022-07-28 19:53:02,382] {dag.py:2379} INFO - Sync 3 DAGs
[2022-07-28 19:53:02,391] {logging_mixin.py:115} INFO - [2022-07-28 19:53:02,391] {dag.py:2927} INFO - Setting next_dagrun for example_subdag_operator to 2022-01-01T00:00:00+00:00, run_after=2022-01-01T00:00:00+00:00
[2022-07-28 19:53:02,392] {logging_mixin.py:115} INFO - [2022-07-28 19:53:02,392] {dag.py:2927} INFO - Setting next_dagrun for example_subdag_operator.section-1 to None, run_after=None
[2022-07-28 19:53:02,392] {logging_mixin.py:115} INFO - [2022-07-28 19:53:02,392] {dag.py:2927} INFO - Setting next_dagrun for example_subdag_operator.section-2 to None, run_after=None
[2022-07-28 19:53:02,394] {logging_mixin.py:115} INFO - [2022-07-28 19:53:02,394] {dag.py:2379} INFO - Sync 2 DAGs
[2022-07-28 19:53:02,396] {logging_mixin.py:115} INFO - [2022-07-28 19:53:02,396] {dag.py:2927} INFO - Setting next_dagrun for example_subdag_operator.section-1 to None, run_after=None
[2022-07-28 19:53:02,396] {logging_mixin.py:115} INFO - [2022-07-28 19:53:02,396] {dag.py:2927} INFO - Setting next_dagrun for example_subdag_operator.section-2 to None, run_after=None
[2022-07-28 19:53:02,405] {processor.py:161} INFO - Processing /home/lemon/airflow/airflowenv/lib/python3.8/site-packages/airflow/example_dags/example_subdag_operator.py took 0.049 seconds
[2022-07-28 19:53:33,222] {processor.py:153} INFO - Started process (PID=2311) to work on /home/lemon/airflow/airflowenv/lib/python3.8/site-packages/airflow/example_dags/example_subdag_operator.py
[2022-07-28 19:53:33,223] {processor.py:641} INFO - Processing file /home/lemon/airflow/airflowenv/lib/python3.8/site-packages/airflow/example_dags/example_subdag_operator.py for tasks to queue
[2022-07-28 19:53:33,224] {logging_mixin.py:115} INFO - [2022-07-28 19:53:33,224] {dagbag.py:507} INFO - Filling up the DagBag from /home/lemon/airflow/airflowenv/lib/python3.8/site-packages/airflow/example_dags/example_subdag_operator.py
[2022-07-28 19:53:33,234] {processor.py:651} INFO - DAG(s) dict_keys(['example_subdag_operator.section-1', 'example_subdag_operator.section-2', 'example_subdag_operator']) retrieved from /home/lemon/airflow/airflowenv/lib/python3.8/site-packages/airflow/example_dags/example_subdag_operator.py
[2022-07-28 19:53:33,242] {logging_mixin.py:115} INFO - [2022-07-28 19:53:33,242] {dag.py:2379} INFO - Sync 3 DAGs
[2022-07-28 19:53:33,252] {logging_mixin.py:115} INFO - [2022-07-28 19:53:33,252] {dag.py:2927} INFO - Setting next_dagrun for example_subdag_operator to 2022-01-01T00:00:00+00:00, run_after=2022-01-01T00:00:00+00:00
[2022-07-28 19:53:33,252] {logging_mixin.py:115} INFO - [2022-07-28 19:53:33,252] {dag.py:2927} INFO - Setting next_dagrun for example_subdag_operator.section-1 to None, run_after=None
[2022-07-28 19:53:33,252] {logging_mixin.py:115} INFO - [2022-07-28 19:53:33,252] {dag.py:2927} INFO - Setting next_dagrun for example_subdag_operator.section-2 to None, run_after=None
[2022-07-28 19:53:33,255] {logging_mixin.py:115} INFO - [2022-07-28 19:53:33,255] {dag.py:2379} INFO - Sync 2 DAGs
[2022-07-28 19:53:33,257] {logging_mixin.py:115} INFO - [2022-07-28 19:53:33,257] {dag.py:2927} INFO - Setting next_dagrun for example_subdag_operator.section-1 to None, run_after=None
[2022-07-28 19:53:33,257] {logging_mixin.py:115} INFO - [2022-07-28 19:53:33,257] {dag.py:2927} INFO - Setting next_dagrun for example_subdag_operator.section-2 to None, run_after=None
[2022-07-28 19:53:33,265] {processor.py:161} INFO - Processing /home/lemon/airflow/airflowenv/lib/python3.8/site-packages/airflow/example_dags/example_subdag_operator.py took 0.044 seconds
[2022-07-28 19:54:07,859] {processor.py:153} INFO - Started process (PID=2499) to work on /home/lemon/airflow/airflowenv/lib/python3.8/site-packages/airflow/example_dags/example_subdag_operator.py
[2022-07-28 19:54:07,868] {processor.py:641} INFO - Processing file /home/lemon/airflow/airflowenv/lib/python3.8/site-packages/airflow/example_dags/example_subdag_operator.py for tasks to queue
[2022-07-28 19:54:07,868] {logging_mixin.py:115} INFO - [2022-07-28 19:54:07,868] {dagbag.py:507} INFO - Filling up the DagBag from /home/lemon/airflow/airflowenv/lib/python3.8/site-packages/airflow/example_dags/example_subdag_operator.py
[2022-07-28 19:54:07,878] {processor.py:651} INFO - DAG(s) dict_keys(['example_subdag_operator.section-1', 'example_subdag_operator.section-2', 'example_subdag_operator']) retrieved from /home/lemon/airflow/airflowenv/lib/python3.8/site-packages/airflow/example_dags/example_subdag_operator.py
[2022-07-28 19:54:07,887] {logging_mixin.py:115} INFO - [2022-07-28 19:54:07,887] {dag.py:2379} INFO - Sync 3 DAGs
[2022-07-28 19:54:07,897] {logging_mixin.py:115} INFO - [2022-07-28 19:54:07,897] {dag.py:2927} INFO - Setting next_dagrun for example_subdag_operator to 2022-01-01T00:00:00+00:00, run_after=2022-01-01T00:00:00+00:00
[2022-07-28 19:54:07,898] {logging_mixin.py:115} INFO - [2022-07-28 19:54:07,897] {dag.py:2927} INFO - Setting next_dagrun for example_subdag_operator.section-1 to None, run_after=None
[2022-07-28 19:54:07,898] {logging_mixin.py:115} INFO - [2022-07-28 19:54:07,898] {dag.py:2927} INFO - Setting next_dagrun for example_subdag_operator.section-2 to None, run_after=None
[2022-07-28 19:54:07,900] {logging_mixin.py:115} INFO - [2022-07-28 19:54:07,900] {dag.py:2379} INFO - Sync 2 DAGs
[2022-07-28 19:54:07,902] {logging_mixin.py:115} INFO - [2022-07-28 19:54:07,902] {dag.py:2927} INFO - Setting next_dagrun for example_subdag_operator.section-1 to None, run_after=None
[2022-07-28 19:54:07,903] {logging_mixin.py:115} INFO - [2022-07-28 19:54:07,903] {dag.py:2927} INFO - Setting next_dagrun for example_subdag_operator.section-2 to None, run_after=None
[2022-07-28 19:54:07,911] {processor.py:161} INFO - Processing /home/lemon/airflow/airflowenv/lib/python3.8/site-packages/airflow/example_dags/example_subdag_operator.py took 0.053 seconds
[2022-07-28 19:54:44,105] {processor.py:153} INFO - Started process (PID=2536) to work on /home/lemon/airflow/airflowenv/lib/python3.8/site-packages/airflow/example_dags/example_subdag_operator.py
[2022-07-28 19:54:44,105] {processor.py:641} INFO - Processing file /home/lemon/airflow/airflowenv/lib/python3.8/site-packages/airflow/example_dags/example_subdag_operator.py for tasks to queue
[2022-07-28 19:54:44,106] {logging_mixin.py:115} INFO - [2022-07-28 19:54:44,106] {dagbag.py:507} INFO - Filling up the DagBag from /home/lemon/airflow/airflowenv/lib/python3.8/site-packages/airflow/example_dags/example_subdag_operator.py
[2022-07-28 19:54:44,116] {processor.py:651} INFO - DAG(s) dict_keys(['example_subdag_operator.section-1', 'example_subdag_operator.section-2', 'example_subdag_operator']) retrieved from /home/lemon/airflow/airflowenv/lib/python3.8/site-packages/airflow/example_dags/example_subdag_operator.py
[2022-07-28 19:54:44,124] {logging_mixin.py:115} INFO - [2022-07-28 19:54:44,124] {dag.py:2379} INFO - Sync 3 DAGs
[2022-07-28 19:54:44,133] {logging_mixin.py:115} INFO - [2022-07-28 19:54:44,133] {dag.py:2927} INFO - Setting next_dagrun for example_subdag_operator to 2022-01-01T00:00:00+00:00, run_after=2022-01-01T00:00:00+00:00
[2022-07-28 19:54:44,133] {logging_mixin.py:115} INFO - [2022-07-28 19:54:44,133] {dag.py:2927} INFO - Setting next_dagrun for example_subdag_operator.section-1 to None, run_after=None
[2022-07-28 19:54:44,133] {logging_mixin.py:115} INFO - [2022-07-28 19:54:44,133] {dag.py:2927} INFO - Setting next_dagrun for example_subdag_operator.section-2 to None, run_after=None
[2022-07-28 19:54:44,135] {logging_mixin.py:115} INFO - [2022-07-28 19:54:44,135] {dag.py:2379} INFO - Sync 2 DAGs
[2022-07-28 19:54:44,137] {logging_mixin.py:115} INFO - [2022-07-28 19:54:44,137] {dag.py:2927} INFO - Setting next_dagrun for example_subdag_operator.section-1 to None, run_after=None
[2022-07-28 19:54:44,137] {logging_mixin.py:115} INFO - [2022-07-28 19:54:44,137] {dag.py:2927} INFO - Setting next_dagrun for example_subdag_operator.section-2 to None, run_after=None
[2022-07-28 19:54:44,145] {processor.py:161} INFO - Processing /home/lemon/airflow/airflowenv/lib/python3.8/site-packages/airflow/example_dags/example_subdag_operator.py took 0.042 seconds
[2022-07-28 19:55:18,400] {processor.py:153} INFO - Started process (PID=2572) to work on /home/lemon/airflow/airflowenv/lib/python3.8/site-packages/airflow/example_dags/example_subdag_operator.py
[2022-07-28 19:55:18,401] {processor.py:641} INFO - Processing file /home/lemon/airflow/airflowenv/lib/python3.8/site-packages/airflow/example_dags/example_subdag_operator.py for tasks to queue
[2022-07-28 19:55:18,401] {logging_mixin.py:115} INFO - [2022-07-28 19:55:18,401] {dagbag.py:507} INFO - Filling up the DagBag from /home/lemon/airflow/airflowenv/lib/python3.8/site-packages/airflow/example_dags/example_subdag_operator.py
[2022-07-28 19:55:18,411] {processor.py:651} INFO - DAG(s) dict_keys(['example_subdag_operator.section-1', 'example_subdag_operator.section-2', 'example_subdag_operator']) retrieved from /home/lemon/airflow/airflowenv/lib/python3.8/site-packages/airflow/example_dags/example_subdag_operator.py
[2022-07-28 19:55:18,419] {logging_mixin.py:115} INFO - [2022-07-28 19:55:18,419] {dag.py:2379} INFO - Sync 3 DAGs
[2022-07-28 19:55:18,428] {logging_mixin.py:115} INFO - [2022-07-28 19:55:18,428] {dag.py:2927} INFO - Setting next_dagrun for example_subdag_operator to 2022-01-01T00:00:00+00:00, run_after=2022-01-01T00:00:00+00:00
[2022-07-28 19:55:18,429] {logging_mixin.py:115} INFO - [2022-07-28 19:55:18,429] {dag.py:2927} INFO - Setting next_dagrun for example_subdag_operator.section-1 to None, run_after=None
[2022-07-28 19:55:18,429] {logging_mixin.py:115} INFO - [2022-07-28 19:55:18,429] {dag.py:2927} INFO - Setting next_dagrun for example_subdag_operator.section-2 to None, run_after=None
[2022-07-28 19:55:18,431] {logging_mixin.py:115} INFO - [2022-07-28 19:55:18,431] {dag.py:2379} INFO - Sync 2 DAGs
[2022-07-28 19:55:18,434] {logging_mixin.py:115} INFO - [2022-07-28 19:55:18,434] {dag.py:2927} INFO - Setting next_dagrun for example_subdag_operator.section-1 to None, run_after=None
[2022-07-28 19:55:18,434] {logging_mixin.py:115} INFO - [2022-07-28 19:55:18,434] {dag.py:2927} INFO - Setting next_dagrun for example_subdag_operator.section-2 to None, run_after=None
[2022-07-28 19:55:18,443] {processor.py:161} INFO - Processing /home/lemon/airflow/airflowenv/lib/python3.8/site-packages/airflow/example_dags/example_subdag_operator.py took 0.044 seconds
