[2022-07-28 19:46:34,046] {processor.py:153} INFO - Started process (PID=392) to work on /home/lemon/airflow/airflowenv/lib/python3.8/site-packages/airflow/example_dags/example_skip_dag.py
[2022-07-28 19:46:34,046] {processor.py:641} INFO - Processing file /home/lemon/airflow/airflowenv/lib/python3.8/site-packages/airflow/example_dags/example_skip_dag.py for tasks to queue
[2022-07-28 19:46:34,047] {logging_mixin.py:115} INFO - [2022-07-28 19:46:34,047] {dagbag.py:507} INFO - Filling up the DagBag from /home/lemon/airflow/airflowenv/lib/python3.8/site-packages/airflow/example_dags/example_skip_dag.py
[2022-07-28 19:46:34,049] {processor.py:651} INFO - DAG(s) dict_keys(['example_skip_dag']) retrieved from /home/lemon/airflow/airflowenv/lib/python3.8/site-packages/airflow/example_dags/example_skip_dag.py
[2022-07-28 19:46:34,096] {logging_mixin.py:115} INFO - [2022-07-28 19:46:34,096] {manager.py:508} INFO - Created Permission View: can delete on DAG:example_skip_dag
[2022-07-28 19:46:34,104] {logging_mixin.py:115} INFO - [2022-07-28 19:46:34,104] {manager.py:508} INFO - Created Permission View: can read on DAG:example_skip_dag
[2022-07-28 19:46:34,112] {logging_mixin.py:115} INFO - [2022-07-28 19:46:34,112] {manager.py:508} INFO - Created Permission View: can edit on DAG:example_skip_dag
[2022-07-28 19:46:34,112] {logging_mixin.py:115} INFO - [2022-07-28 19:46:34,112] {dag.py:2379} INFO - Sync 1 DAGs
[2022-07-28 19:46:34,116] {logging_mixin.py:115} INFO - [2022-07-28 19:46:34,116] {dag.py:2398} INFO - Creating ORM DAG for example_skip_dag
[2022-07-28 19:46:34,120] {logging_mixin.py:115} INFO - [2022-07-28 19:46:34,120] {dag.py:2927} INFO - Setting next_dagrun for example_skip_dag to 2022-07-27T23:46:34.120723+00:00, run_after=2022-07-28T23:46:34.120723+00:00
[2022-07-28 19:46:34,130] {processor.py:161} INFO - Processing /home/lemon/airflow/airflowenv/lib/python3.8/site-packages/airflow/example_dags/example_skip_dag.py took 0.085 seconds
[2022-07-28 19:47:07,155] {processor.py:153} INFO - Started process (PID=608) to work on /home/lemon/airflow/airflowenv/lib/python3.8/site-packages/airflow/example_dags/example_skip_dag.py
[2022-07-28 19:47:07,156] {processor.py:641} INFO - Processing file /home/lemon/airflow/airflowenv/lib/python3.8/site-packages/airflow/example_dags/example_skip_dag.py for tasks to queue
[2022-07-28 19:47:07,157] {logging_mixin.py:115} INFO - [2022-07-28 19:47:07,157] {dagbag.py:507} INFO - Filling up the DagBag from /home/lemon/airflow/airflowenv/lib/python3.8/site-packages/airflow/example_dags/example_skip_dag.py
[2022-07-28 19:47:07,159] {processor.py:651} INFO - DAG(s) dict_keys(['example_skip_dag']) retrieved from /home/lemon/airflow/airflowenv/lib/python3.8/site-packages/airflow/example_dags/example_skip_dag.py
[2022-07-28 19:47:07,167] {logging_mixin.py:115} INFO - [2022-07-28 19:47:07,167] {dag.py:2379} INFO - Sync 1 DAGs
[2022-07-28 19:47:07,175] {logging_mixin.py:115} INFO - [2022-07-28 19:47:07,175] {dag.py:2927} INFO - Setting next_dagrun for example_skip_dag to 2022-07-27T23:47:07.175431+00:00, run_after=2022-07-28T23:47:07.175431+00:00
[2022-07-28 19:47:07,185] {processor.py:161} INFO - Processing /home/lemon/airflow/airflowenv/lib/python3.8/site-packages/airflow/example_dags/example_skip_dag.py took 0.031 seconds
[2022-07-28 19:47:41,904] {processor.py:153} INFO - Started process (PID=950) to work on /home/lemon/airflow/airflowenv/lib/python3.8/site-packages/airflow/example_dags/example_skip_dag.py
[2022-07-28 19:47:41,905] {processor.py:641} INFO - Processing file /home/lemon/airflow/airflowenv/lib/python3.8/site-packages/airflow/example_dags/example_skip_dag.py for tasks to queue
[2022-07-28 19:47:41,905] {logging_mixin.py:115} INFO - [2022-07-28 19:47:41,905] {dagbag.py:507} INFO - Filling up the DagBag from /home/lemon/airflow/airflowenv/lib/python3.8/site-packages/airflow/example_dags/example_skip_dag.py
[2022-07-28 19:47:41,908] {processor.py:651} INFO - DAG(s) dict_keys(['example_skip_dag']) retrieved from /home/lemon/airflow/airflowenv/lib/python3.8/site-packages/airflow/example_dags/example_skip_dag.py
[2022-07-28 19:47:41,918] {logging_mixin.py:115} INFO - [2022-07-28 19:47:41,918] {dag.py:2379} INFO - Sync 1 DAGs
[2022-07-28 19:47:41,928] {logging_mixin.py:115} INFO - [2022-07-28 19:47:41,928] {dag.py:2927} INFO - Setting next_dagrun for example_skip_dag to 2022-07-27T23:47:41.927858+00:00, run_after=2022-07-28T23:47:41.927858+00:00
[2022-07-28 19:47:41,938] {processor.py:161} INFO - Processing /home/lemon/airflow/airflowenv/lib/python3.8/site-packages/airflow/example_dags/example_skip_dag.py took 0.035 seconds
[2022-07-28 19:48:14,678] {processor.py:153} INFO - Started process (PID=984) to work on /home/lemon/airflow/airflowenv/lib/python3.8/site-packages/airflow/example_dags/example_skip_dag.py
[2022-07-28 19:48:14,678] {processor.py:641} INFO - Processing file /home/lemon/airflow/airflowenv/lib/python3.8/site-packages/airflow/example_dags/example_skip_dag.py for tasks to queue
[2022-07-28 19:48:14,679] {logging_mixin.py:115} INFO - [2022-07-28 19:48:14,679] {dagbag.py:507} INFO - Filling up the DagBag from /home/lemon/airflow/airflowenv/lib/python3.8/site-packages/airflow/example_dags/example_skip_dag.py
[2022-07-28 19:48:14,681] {processor.py:651} INFO - DAG(s) dict_keys(['example_skip_dag']) retrieved from /home/lemon/airflow/airflowenv/lib/python3.8/site-packages/airflow/example_dags/example_skip_dag.py
[2022-07-28 19:48:14,690] {logging_mixin.py:115} INFO - [2022-07-28 19:48:14,689] {dag.py:2379} INFO - Sync 1 DAGs
[2022-07-28 19:48:14,697] {logging_mixin.py:115} INFO - [2022-07-28 19:48:14,697] {dag.py:2927} INFO - Setting next_dagrun for example_skip_dag to 2022-07-27T23:48:14.697528+00:00, run_after=2022-07-28T23:48:14.697528+00:00
[2022-07-28 19:48:14,707] {processor.py:161} INFO - Processing /home/lemon/airflow/airflowenv/lib/python3.8/site-packages/airflow/example_dags/example_skip_dag.py took 0.030 seconds
[2022-07-28 19:48:46,564] {processor.py:153} INFO - Started process (PID=1020) to work on /home/lemon/airflow/airflowenv/lib/python3.8/site-packages/airflow/example_dags/example_skip_dag.py
[2022-07-28 19:48:46,566] {processor.py:641} INFO - Processing file /home/lemon/airflow/airflowenv/lib/python3.8/site-packages/airflow/example_dags/example_skip_dag.py for tasks to queue
[2022-07-28 19:48:46,566] {logging_mixin.py:115} INFO - [2022-07-28 19:48:46,566] {dagbag.py:507} INFO - Filling up the DagBag from /home/lemon/airflow/airflowenv/lib/python3.8/site-packages/airflow/example_dags/example_skip_dag.py
[2022-07-28 19:48:46,569] {processor.py:651} INFO - DAG(s) dict_keys(['example_skip_dag']) retrieved from /home/lemon/airflow/airflowenv/lib/python3.8/site-packages/airflow/example_dags/example_skip_dag.py
[2022-07-28 19:48:46,577] {logging_mixin.py:115} INFO - [2022-07-28 19:48:46,577] {dag.py:2379} INFO - Sync 1 DAGs
[2022-07-28 19:48:46,585] {logging_mixin.py:115} INFO - [2022-07-28 19:48:46,585] {dag.py:2927} INFO - Setting next_dagrun for example_skip_dag to 2022-07-27T23:48:46.585109+00:00, run_after=2022-07-28T23:48:46.585109+00:00
[2022-07-28 19:48:46,594] {processor.py:161} INFO - Processing /home/lemon/airflow/airflowenv/lib/python3.8/site-packages/airflow/example_dags/example_skip_dag.py took 0.031 seconds
[2022-07-28 19:51:14,793] {processor.py:153} INFO - Started process (PID=1332) to work on /home/lemon/airflow/airflowenv/lib/python3.8/site-packages/airflow/example_dags/example_skip_dag.py
[2022-07-28 19:51:14,794] {processor.py:641} INFO - Processing file /home/lemon/airflow/airflowenv/lib/python3.8/site-packages/airflow/example_dags/example_skip_dag.py for tasks to queue
[2022-07-28 19:51:14,794] {logging_mixin.py:115} INFO - [2022-07-28 19:51:14,794] {dagbag.py:507} INFO - Filling up the DagBag from /home/lemon/airflow/airflowenv/lib/python3.8/site-packages/airflow/example_dags/example_skip_dag.py
[2022-07-28 19:51:14,796] {processor.py:651} INFO - DAG(s) dict_keys(['example_skip_dag']) retrieved from /home/lemon/airflow/airflowenv/lib/python3.8/site-packages/airflow/example_dags/example_skip_dag.py
[2022-07-28 19:51:14,803] {logging_mixin.py:115} INFO - [2022-07-28 19:51:14,803] {dag.py:2379} INFO - Sync 1 DAGs
[2022-07-28 19:51:14,812] {logging_mixin.py:115} INFO - [2022-07-28 19:51:14,812] {dag.py:2927} INFO - Setting next_dagrun for example_skip_dag to 2022-07-27T23:51:14.811970+00:00, run_after=2022-07-28T23:51:14.811970+00:00
[2022-07-28 19:51:14,823] {processor.py:161} INFO - Processing /home/lemon/airflow/airflowenv/lib/python3.8/site-packages/airflow/example_dags/example_skip_dag.py took 0.031 seconds
[2022-07-28 19:51:47,853] {processor.py:153} INFO - Started process (PID=1499) to work on /home/lemon/airflow/airflowenv/lib/python3.8/site-packages/airflow/example_dags/example_skip_dag.py
[2022-07-28 19:51:47,853] {processor.py:641} INFO - Processing file /home/lemon/airflow/airflowenv/lib/python3.8/site-packages/airflow/example_dags/example_skip_dag.py for tasks to queue
[2022-07-28 19:51:47,853] {logging_mixin.py:115} INFO - [2022-07-28 19:51:47,853] {dagbag.py:507} INFO - Filling up the DagBag from /home/lemon/airflow/airflowenv/lib/python3.8/site-packages/airflow/example_dags/example_skip_dag.py
[2022-07-28 19:51:47,856] {processor.py:651} INFO - DAG(s) dict_keys(['example_skip_dag']) retrieved from /home/lemon/airflow/airflowenv/lib/python3.8/site-packages/airflow/example_dags/example_skip_dag.py
[2022-07-28 19:51:47,864] {logging_mixin.py:115} INFO - [2022-07-28 19:51:47,864] {dag.py:2379} INFO - Sync 1 DAGs
[2022-07-28 19:51:47,871] {logging_mixin.py:115} INFO - [2022-07-28 19:51:47,871] {dag.py:2927} INFO - Setting next_dagrun for example_skip_dag to 2022-07-27T23:51:47.871774+00:00, run_after=2022-07-28T23:51:47.871774+00:00
[2022-07-28 19:51:47,882] {processor.py:161} INFO - Processing /home/lemon/airflow/airflowenv/lib/python3.8/site-packages/airflow/example_dags/example_skip_dag.py took 0.031 seconds
[2022-07-28 19:52:43,719] {processor.py:153} INFO - Started process (PID=1847) to work on /home/lemon/airflow/airflowenv/lib/python3.8/site-packages/airflow/example_dags/example_skip_dag.py
[2022-07-28 19:52:43,727] {processor.py:641} INFO - Processing file /home/lemon/airflow/airflowenv/lib/python3.8/site-packages/airflow/example_dags/example_skip_dag.py for tasks to queue
[2022-07-28 19:52:43,728] {logging_mixin.py:115} INFO - [2022-07-28 19:52:43,728] {dagbag.py:507} INFO - Filling up the DagBag from /home/lemon/airflow/airflowenv/lib/python3.8/site-packages/airflow/example_dags/example_skip_dag.py
[2022-07-28 19:52:43,730] {processor.py:651} INFO - DAG(s) dict_keys(['example_skip_dag']) retrieved from /home/lemon/airflow/airflowenv/lib/python3.8/site-packages/airflow/example_dags/example_skip_dag.py
[2022-07-28 19:52:43,739] {logging_mixin.py:115} INFO - [2022-07-28 19:52:43,739] {dag.py:2379} INFO - Sync 1 DAGs
[2022-07-28 19:52:43,748] {logging_mixin.py:115} INFO - [2022-07-28 19:52:43,748] {dag.py:2927} INFO - Setting next_dagrun for example_skip_dag to 2022-07-27T23:52:43.748050+00:00, run_after=2022-07-28T23:52:43.748050+00:00
[2022-07-28 19:52:43,757] {processor.py:161} INFO - Processing /home/lemon/airflow/airflowenv/lib/python3.8/site-packages/airflow/example_dags/example_skip_dag.py took 0.039 seconds
[2022-07-28 19:53:15,475] {processor.py:153} INFO - Started process (PID=2139) to work on /home/lemon/airflow/airflowenv/lib/python3.8/site-packages/airflow/example_dags/example_skip_dag.py
[2022-07-28 19:53:15,476] {processor.py:641} INFO - Processing file /home/lemon/airflow/airflowenv/lib/python3.8/site-packages/airflow/example_dags/example_skip_dag.py for tasks to queue
[2022-07-28 19:53:15,476] {logging_mixin.py:115} INFO - [2022-07-28 19:53:15,476] {dagbag.py:507} INFO - Filling up the DagBag from /home/lemon/airflow/airflowenv/lib/python3.8/site-packages/airflow/example_dags/example_skip_dag.py
[2022-07-28 19:53:15,479] {processor.py:651} INFO - DAG(s) dict_keys(['example_skip_dag']) retrieved from /home/lemon/airflow/airflowenv/lib/python3.8/site-packages/airflow/example_dags/example_skip_dag.py
[2022-07-28 19:53:15,487] {logging_mixin.py:115} INFO - [2022-07-28 19:53:15,486] {dag.py:2379} INFO - Sync 1 DAGs
[2022-07-28 19:53:15,496] {logging_mixin.py:115} INFO - [2022-07-28 19:53:15,496] {dag.py:2927} INFO - Setting next_dagrun for example_skip_dag to 2022-07-27T23:53:15.496312+00:00, run_after=2022-07-28T23:53:15.496312+00:00
[2022-07-28 19:53:15,507] {processor.py:161} INFO - Processing /home/lemon/airflow/airflowenv/lib/python3.8/site-packages/airflow/example_dags/example_skip_dag.py took 0.033 seconds
[2022-07-28 19:53:49,102] {processor.py:153} INFO - Started process (PID=2400) to work on /home/lemon/airflow/airflowenv/lib/python3.8/site-packages/airflow/example_dags/example_skip_dag.py
[2022-07-28 19:53:49,104] {processor.py:641} INFO - Processing file /home/lemon/airflow/airflowenv/lib/python3.8/site-packages/airflow/example_dags/example_skip_dag.py for tasks to queue
[2022-07-28 19:53:49,105] {logging_mixin.py:115} INFO - [2022-07-28 19:53:49,105] {dagbag.py:507} INFO - Filling up the DagBag from /home/lemon/airflow/airflowenv/lib/python3.8/site-packages/airflow/example_dags/example_skip_dag.py
[2022-07-28 19:53:49,108] {processor.py:651} INFO - DAG(s) dict_keys(['example_skip_dag']) retrieved from /home/lemon/airflow/airflowenv/lib/python3.8/site-packages/airflow/example_dags/example_skip_dag.py
[2022-07-28 19:53:49,116] {logging_mixin.py:115} INFO - [2022-07-28 19:53:49,116] {dag.py:2379} INFO - Sync 1 DAGs
[2022-07-28 19:53:49,125] {logging_mixin.py:115} INFO - [2022-07-28 19:53:49,125] {dag.py:2927} INFO - Setting next_dagrun for example_skip_dag to 2022-07-27T23:53:49.125680+00:00, run_after=2022-07-28T23:53:49.125680+00:00
[2022-07-28 19:53:49,136] {processor.py:161} INFO - Processing /home/lemon/airflow/airflowenv/lib/python3.8/site-packages/airflow/example_dags/example_skip_dag.py took 0.035 seconds
[2022-07-28 19:54:23,238] {processor.py:153} INFO - Started process (PID=2515) to work on /home/lemon/airflow/airflowenv/lib/python3.8/site-packages/airflow/example_dags/example_skip_dag.py
[2022-07-28 19:54:23,246] {processor.py:641} INFO - Processing file /home/lemon/airflow/airflowenv/lib/python3.8/site-packages/airflow/example_dags/example_skip_dag.py for tasks to queue
[2022-07-28 19:54:23,246] {logging_mixin.py:115} INFO - [2022-07-28 19:54:23,246] {dagbag.py:507} INFO - Filling up the DagBag from /home/lemon/airflow/airflowenv/lib/python3.8/site-packages/airflow/example_dags/example_skip_dag.py
[2022-07-28 19:54:23,249] {processor.py:651} INFO - DAG(s) dict_keys(['example_skip_dag']) retrieved from /home/lemon/airflow/airflowenv/lib/python3.8/site-packages/airflow/example_dags/example_skip_dag.py
[2022-07-28 19:54:23,257] {logging_mixin.py:115} INFO - [2022-07-28 19:54:23,257] {dag.py:2379} INFO - Sync 1 DAGs
[2022-07-28 19:54:23,267] {logging_mixin.py:115} INFO - [2022-07-28 19:54:23,267] {dag.py:2927} INFO - Setting next_dagrun for example_skip_dag to 2022-07-27T23:54:23.267387+00:00, run_after=2022-07-28T23:54:23.267387+00:00
[2022-07-28 19:54:23,278] {processor.py:161} INFO - Processing /home/lemon/airflow/airflowenv/lib/python3.8/site-packages/airflow/example_dags/example_skip_dag.py took 0.041 seconds
[2022-07-28 19:54:56,729] {processor.py:153} INFO - Started process (PID=2550) to work on /home/lemon/airflow/airflowenv/lib/python3.8/site-packages/airflow/example_dags/example_skip_dag.py
[2022-07-28 19:54:56,737] {processor.py:641} INFO - Processing file /home/lemon/airflow/airflowenv/lib/python3.8/site-packages/airflow/example_dags/example_skip_dag.py for tasks to queue
[2022-07-28 19:54:56,737] {logging_mixin.py:115} INFO - [2022-07-28 19:54:56,737] {dagbag.py:507} INFO - Filling up the DagBag from /home/lemon/airflow/airflowenv/lib/python3.8/site-packages/airflow/example_dags/example_skip_dag.py
[2022-07-28 19:54:56,739] {processor.py:651} INFO - DAG(s) dict_keys(['example_skip_dag']) retrieved from /home/lemon/airflow/airflowenv/lib/python3.8/site-packages/airflow/example_dags/example_skip_dag.py
[2022-07-28 19:54:56,747] {logging_mixin.py:115} INFO - [2022-07-28 19:54:56,747] {dag.py:2379} INFO - Sync 1 DAGs
[2022-07-28 19:54:56,757] {logging_mixin.py:115} INFO - [2022-07-28 19:54:56,757] {dag.py:2927} INFO - Setting next_dagrun for example_skip_dag to 2022-07-27T23:54:56.756869+00:00, run_after=2022-07-28T23:54:56.756869+00:00
[2022-07-28 19:54:56,766] {processor.py:161} INFO - Processing /home/lemon/airflow/airflowenv/lib/python3.8/site-packages/airflow/example_dags/example_skip_dag.py took 0.038 seconds
[2022-07-28 19:55:30,922] {processor.py:153} INFO - Started process (PID=2585) to work on /home/lemon/airflow/airflowenv/lib/python3.8/site-packages/airflow/example_dags/example_skip_dag.py
[2022-07-28 19:55:30,930] {processor.py:641} INFO - Processing file /home/lemon/airflow/airflowenv/lib/python3.8/site-packages/airflow/example_dags/example_skip_dag.py for tasks to queue
[2022-07-28 19:55:30,930] {logging_mixin.py:115} INFO - [2022-07-28 19:55:30,930] {dagbag.py:507} INFO - Filling up the DagBag from /home/lemon/airflow/airflowenv/lib/python3.8/site-packages/airflow/example_dags/example_skip_dag.py
[2022-07-28 19:55:30,933] {processor.py:651} INFO - DAG(s) dict_keys(['example_skip_dag']) retrieved from /home/lemon/airflow/airflowenv/lib/python3.8/site-packages/airflow/example_dags/example_skip_dag.py
[2022-07-28 19:55:30,941] {logging_mixin.py:115} INFO - [2022-07-28 19:55:30,941] {dag.py:2379} INFO - Sync 1 DAGs
[2022-07-28 19:55:30,951] {logging_mixin.py:115} INFO - [2022-07-28 19:55:30,951] {dag.py:2927} INFO - Setting next_dagrun for example_skip_dag to 2022-07-27T23:55:30.951595+00:00, run_after=2022-07-28T23:55:30.951595+00:00
[2022-07-28 19:55:30,962] {processor.py:161} INFO - Processing /home/lemon/airflow/airflowenv/lib/python3.8/site-packages/airflow/example_dags/example_skip_dag.py took 0.041 seconds
