[2022-07-28 19:46:44,174] {processor.py:153} INFO - Started process (PID=483) to work on /home/lemon/airflow/airflowenv/lib/python3.8/site-packages/airflow/example_dags/example_bash_operator.py
[2022-07-28 19:46:44,175] {processor.py:641} INFO - Processing file /home/lemon/airflow/airflowenv/lib/python3.8/site-packages/airflow/example_dags/example_bash_operator.py for tasks to queue
[2022-07-28 19:46:44,175] {logging_mixin.py:115} INFO - [2022-07-28 19:46:44,175] {dagbag.py:507} INFO - Filling up the DagBag from /home/lemon/airflow/airflowenv/lib/python3.8/site-packages/airflow/example_dags/example_bash_operator.py
[2022-07-28 19:46:44,180] {processor.py:651} INFO - DAG(s) dict_keys(['example_bash_operator']) retrieved from /home/lemon/airflow/airflowenv/lib/python3.8/site-packages/airflow/example_dags/example_bash_operator.py
[2022-07-28 19:46:44,228] {logging_mixin.py:115} INFO - [2022-07-28 19:46:44,228] {manager.py:508} INFO - Created Permission View: can delete on DAG:example_bash_operator
[2022-07-28 19:46:44,236] {logging_mixin.py:115} INFO - [2022-07-28 19:46:44,236] {manager.py:508} INFO - Created Permission View: can read on DAG:example_bash_operator
[2022-07-28 19:46:44,244] {logging_mixin.py:115} INFO - [2022-07-28 19:46:44,244] {manager.py:508} INFO - Created Permission View: can edit on DAG:example_bash_operator
[2022-07-28 19:46:44,244] {logging_mixin.py:115} INFO - [2022-07-28 19:46:44,244] {dag.py:2379} INFO - Sync 1 DAGs
[2022-07-28 19:46:44,247] {logging_mixin.py:115} INFO - [2022-07-28 19:46:44,247] {dag.py:2398} INFO - Creating ORM DAG for example_bash_operator
[2022-07-28 19:46:44,253] {logging_mixin.py:115} INFO - [2022-07-28 19:46:44,253] {dag.py:2927} INFO - Setting next_dagrun for example_bash_operator to 2022-07-27T00:00:00+00:00, run_after=2022-07-28T00:00:00+00:00
[2022-07-28 19:46:44,265] {processor.py:161} INFO - Processing /home/lemon/airflow/airflowenv/lib/python3.8/site-packages/airflow/example_dags/example_bash_operator.py took 0.091 seconds
[2022-07-28 19:47:18,541] {processor.py:153} INFO - Started process (PID=774) to work on /home/lemon/airflow/airflowenv/lib/python3.8/site-packages/airflow/example_dags/example_bash_operator.py
[2022-07-28 19:47:18,548] {processor.py:641} INFO - Processing file /home/lemon/airflow/airflowenv/lib/python3.8/site-packages/airflow/example_dags/example_bash_operator.py for tasks to queue
[2022-07-28 19:47:18,549] {logging_mixin.py:115} INFO - [2022-07-28 19:47:18,549] {dagbag.py:507} INFO - Filling up the DagBag from /home/lemon/airflow/airflowenv/lib/python3.8/site-packages/airflow/example_dags/example_bash_operator.py
[2022-07-28 19:47:18,555] {processor.py:651} INFO - DAG(s) dict_keys(['example_bash_operator']) retrieved from /home/lemon/airflow/airflowenv/lib/python3.8/site-packages/airflow/example_dags/example_bash_operator.py
[2022-07-28 19:47:18,563] {logging_mixin.py:115} INFO - [2022-07-28 19:47:18,563] {dag.py:2379} INFO - Sync 1 DAGs
[2022-07-28 19:47:18,573] {logging_mixin.py:115} INFO - [2022-07-28 19:47:18,573] {dag.py:2927} INFO - Setting next_dagrun for example_bash_operator to 2022-07-27T00:00:00+00:00, run_after=2022-07-28T00:00:00+00:00
[2022-07-28 19:47:18,585] {processor.py:161} INFO - Processing /home/lemon/airflow/airflowenv/lib/python3.8/site-packages/airflow/example_dags/example_bash_operator.py took 0.046 seconds
[2022-07-28 19:47:53,287] {processor.py:153} INFO - Started process (PID=961) to work on /home/lemon/airflow/airflowenv/lib/python3.8/site-packages/airflow/example_dags/example_bash_operator.py
[2022-07-28 19:47:53,295] {processor.py:641} INFO - Processing file /home/lemon/airflow/airflowenv/lib/python3.8/site-packages/airflow/example_dags/example_bash_operator.py for tasks to queue
[2022-07-28 19:47:53,295] {logging_mixin.py:115} INFO - [2022-07-28 19:47:53,295] {dagbag.py:507} INFO - Filling up the DagBag from /home/lemon/airflow/airflowenv/lib/python3.8/site-packages/airflow/example_dags/example_bash_operator.py
[2022-07-28 19:47:53,301] {processor.py:651} INFO - DAG(s) dict_keys(['example_bash_operator']) retrieved from /home/lemon/airflow/airflowenv/lib/python3.8/site-packages/airflow/example_dags/example_bash_operator.py
[2022-07-28 19:47:53,309] {logging_mixin.py:115} INFO - [2022-07-28 19:47:53,309] {dag.py:2379} INFO - Sync 1 DAGs
[2022-07-28 19:47:53,318] {logging_mixin.py:115} INFO - [2022-07-28 19:47:53,318] {dag.py:2927} INFO - Setting next_dagrun for example_bash_operator to 2022-07-27T00:00:00+00:00, run_after=2022-07-28T00:00:00+00:00
[2022-07-28 19:47:53,329] {processor.py:161} INFO - Processing /home/lemon/airflow/airflowenv/lib/python3.8/site-packages/airflow/example_dags/example_bash_operator.py took 0.043 seconds
[2022-07-28 19:48:24,935] {processor.py:153} INFO - Started process (PID=995) to work on /home/lemon/airflow/airflowenv/lib/python3.8/site-packages/airflow/example_dags/example_bash_operator.py
[2022-07-28 19:48:24,935] {processor.py:641} INFO - Processing file /home/lemon/airflow/airflowenv/lib/python3.8/site-packages/airflow/example_dags/example_bash_operator.py for tasks to queue
[2022-07-28 19:48:24,936] {logging_mixin.py:115} INFO - [2022-07-28 19:48:24,936] {dagbag.py:507} INFO - Filling up the DagBag from /home/lemon/airflow/airflowenv/lib/python3.8/site-packages/airflow/example_dags/example_bash_operator.py
[2022-07-28 19:48:24,941] {processor.py:651} INFO - DAG(s) dict_keys(['example_bash_operator']) retrieved from /home/lemon/airflow/airflowenv/lib/python3.8/site-packages/airflow/example_dags/example_bash_operator.py
[2022-07-28 19:48:24,949] {logging_mixin.py:115} INFO - [2022-07-28 19:48:24,949] {dag.py:2379} INFO - Sync 1 DAGs
[2022-07-28 19:48:24,957] {logging_mixin.py:115} INFO - [2022-07-28 19:48:24,957] {dag.py:2927} INFO - Setting next_dagrun for example_bash_operator to 2022-07-27T00:00:00+00:00, run_after=2022-07-28T00:00:00+00:00
[2022-07-28 19:48:24,968] {processor.py:161} INFO - Processing /home/lemon/airflow/airflowenv/lib/python3.8/site-packages/airflow/example_dags/example_bash_operator.py took 0.034 seconds
[2022-07-28 19:48:56,688] {processor.py:153} INFO - Started process (PID=1031) to work on /home/lemon/airflow/airflowenv/lib/python3.8/site-packages/airflow/example_dags/example_bash_operator.py
[2022-07-28 19:48:56,695] {processor.py:641} INFO - Processing file /home/lemon/airflow/airflowenv/lib/python3.8/site-packages/airflow/example_dags/example_bash_operator.py for tasks to queue
[2022-07-28 19:48:56,695] {logging_mixin.py:115} INFO - [2022-07-28 19:48:56,695] {dagbag.py:507} INFO - Filling up the DagBag from /home/lemon/airflow/airflowenv/lib/python3.8/site-packages/airflow/example_dags/example_bash_operator.py
[2022-07-28 19:48:56,701] {processor.py:651} INFO - DAG(s) dict_keys(['example_bash_operator']) retrieved from /home/lemon/airflow/airflowenv/lib/python3.8/site-packages/airflow/example_dags/example_bash_operator.py
[2022-07-28 19:48:56,709] {logging_mixin.py:115} INFO - [2022-07-28 19:48:56,709] {dag.py:2379} INFO - Sync 1 DAGs
[2022-07-28 19:48:56,718] {logging_mixin.py:115} INFO - [2022-07-28 19:48:56,718] {dag.py:2927} INFO - Setting next_dagrun for example_bash_operator to 2022-07-27T00:00:00+00:00, run_after=2022-07-28T00:00:00+00:00
[2022-07-28 19:48:56,729] {processor.py:161} INFO - Processing /home/lemon/airflow/airflowenv/lib/python3.8/site-packages/airflow/example_dags/example_bash_operator.py took 0.042 seconds
[2022-07-28 19:51:24,792] {processor.py:153} INFO - Started process (PID=1372) to work on /home/lemon/airflow/airflowenv/lib/python3.8/site-packages/airflow/example_dags/example_bash_operator.py
[2022-07-28 19:51:24,793] {processor.py:641} INFO - Processing file /home/lemon/airflow/airflowenv/lib/python3.8/site-packages/airflow/example_dags/example_bash_operator.py for tasks to queue
[2022-07-28 19:51:24,793] {logging_mixin.py:115} INFO - [2022-07-28 19:51:24,793] {dagbag.py:507} INFO - Filling up the DagBag from /home/lemon/airflow/airflowenv/lib/python3.8/site-packages/airflow/example_dags/example_bash_operator.py
[2022-07-28 19:51:24,798] {processor.py:651} INFO - DAG(s) dict_keys(['example_bash_operator']) retrieved from /home/lemon/airflow/airflowenv/lib/python3.8/site-packages/airflow/example_dags/example_bash_operator.py
[2022-07-28 19:51:24,806] {logging_mixin.py:115} INFO - [2022-07-28 19:51:24,806] {dag.py:2379} INFO - Sync 1 DAGs
[2022-07-28 19:51:24,816] {logging_mixin.py:115} INFO - [2022-07-28 19:51:24,816] {dag.py:2927} INFO - Setting next_dagrun for example_bash_operator to 2022-07-27T00:00:00+00:00, run_after=2022-07-28T00:00:00+00:00
[2022-07-28 19:51:24,827] {processor.py:161} INFO - Processing /home/lemon/airflow/airflowenv/lib/python3.8/site-packages/airflow/example_dags/example_bash_operator.py took 0.035 seconds
[2022-07-28 19:52:53,847] {processor.py:153} INFO - Started process (PID=1909) to work on /home/lemon/airflow/airflowenv/lib/python3.8/site-packages/airflow/example_dags/example_bash_operator.py
[2022-07-28 19:52:53,854] {processor.py:641} INFO - Processing file /home/lemon/airflow/airflowenv/lib/python3.8/site-packages/airflow/example_dags/example_bash_operator.py for tasks to queue
[2022-07-28 19:52:53,855] {logging_mixin.py:115} INFO - [2022-07-28 19:52:53,854] {dagbag.py:507} INFO - Filling up the DagBag from /home/lemon/airflow/airflowenv/lib/python3.8/site-packages/airflow/example_dags/example_bash_operator.py
[2022-07-28 19:52:53,860] {processor.py:651} INFO - DAG(s) dict_keys(['example_bash_operator']) retrieved from /home/lemon/airflow/airflowenv/lib/python3.8/site-packages/airflow/example_dags/example_bash_operator.py
[2022-07-28 19:52:53,867] {logging_mixin.py:115} INFO - [2022-07-28 19:52:53,867] {dag.py:2379} INFO - Sync 1 DAGs
[2022-07-28 19:52:53,877] {logging_mixin.py:115} INFO - [2022-07-28 19:52:53,877] {dag.py:2927} INFO - Setting next_dagrun for example_bash_operator to 2022-07-27T00:00:00+00:00, run_after=2022-07-28T00:00:00+00:00
[2022-07-28 19:52:53,887] {processor.py:161} INFO - Processing /home/lemon/airflow/airflowenv/lib/python3.8/site-packages/airflow/example_dags/example_bash_operator.py took 0.042 seconds
[2022-07-28 19:53:25,724] {processor.py:153} INFO - Started process (PID=2223) to work on /home/lemon/airflow/airflowenv/lib/python3.8/site-packages/airflow/example_dags/example_bash_operator.py
[2022-07-28 19:53:25,732] {processor.py:641} INFO - Processing file /home/lemon/airflow/airflowenv/lib/python3.8/site-packages/airflow/example_dags/example_bash_operator.py for tasks to queue
[2022-07-28 19:53:25,732] {logging_mixin.py:115} INFO - [2022-07-28 19:53:25,732] {dagbag.py:507} INFO - Filling up the DagBag from /home/lemon/airflow/airflowenv/lib/python3.8/site-packages/airflow/example_dags/example_bash_operator.py
[2022-07-28 19:53:25,738] {processor.py:651} INFO - DAG(s) dict_keys(['example_bash_operator']) retrieved from /home/lemon/airflow/airflowenv/lib/python3.8/site-packages/airflow/example_dags/example_bash_operator.py
[2022-07-28 19:53:25,746] {logging_mixin.py:115} INFO - [2022-07-28 19:53:25,745] {dag.py:2379} INFO - Sync 1 DAGs
[2022-07-28 19:53:25,755] {logging_mixin.py:115} INFO - [2022-07-28 19:53:25,755] {dag.py:2927} INFO - Setting next_dagrun for example_bash_operator to 2022-07-27T00:00:00+00:00, run_after=2022-07-28T00:00:00+00:00
[2022-07-28 19:53:25,765] {processor.py:161} INFO - Processing /home/lemon/airflow/airflowenv/lib/python3.8/site-packages/airflow/example_dags/example_bash_operator.py took 0.042 seconds
[2022-07-28 19:54:00,479] {processor.py:153} INFO - Started process (PID=2491) to work on /home/lemon/airflow/airflowenv/lib/python3.8/site-packages/airflow/example_dags/example_bash_operator.py
[2022-07-28 19:54:00,493] {processor.py:641} INFO - Processing file /home/lemon/airflow/airflowenv/lib/python3.8/site-packages/airflow/example_dags/example_bash_operator.py for tasks to queue
[2022-07-28 19:54:00,493] {logging_mixin.py:115} INFO - [2022-07-28 19:54:00,493] {dagbag.py:507} INFO - Filling up the DagBag from /home/lemon/airflow/airflowenv/lib/python3.8/site-packages/airflow/example_dags/example_bash_operator.py
[2022-07-28 19:54:00,499] {processor.py:651} INFO - DAG(s) dict_keys(['example_bash_operator']) retrieved from /home/lemon/airflow/airflowenv/lib/python3.8/site-packages/airflow/example_dags/example_bash_operator.py
[2022-07-28 19:54:00,507] {logging_mixin.py:115} INFO - [2022-07-28 19:54:00,507] {dag.py:2379} INFO - Sync 1 DAGs
[2022-07-28 19:54:00,518] {logging_mixin.py:115} INFO - [2022-07-28 19:54:00,518] {dag.py:2927} INFO - Setting next_dagrun for example_bash_operator to 2022-07-27T00:00:00+00:00, run_after=2022-07-28T00:00:00+00:00
[2022-07-28 19:54:00,528] {processor.py:161} INFO - Processing /home/lemon/airflow/airflowenv/lib/python3.8/site-packages/airflow/example_dags/example_bash_operator.py took 0.050 seconds
[2022-07-28 19:54:33,976] {processor.py:153} INFO - Started process (PID=2526) to work on /home/lemon/airflow/airflowenv/lib/python3.8/site-packages/airflow/example_dags/example_bash_operator.py
[2022-07-28 19:54:33,977] {processor.py:641} INFO - Processing file /home/lemon/airflow/airflowenv/lib/python3.8/site-packages/airflow/example_dags/example_bash_operator.py for tasks to queue
[2022-07-28 19:54:33,978] {logging_mixin.py:115} INFO - [2022-07-28 19:54:33,978] {dagbag.py:507} INFO - Filling up the DagBag from /home/lemon/airflow/airflowenv/lib/python3.8/site-packages/airflow/example_dags/example_bash_operator.py
[2022-07-28 19:54:33,984] {processor.py:651} INFO - DAG(s) dict_keys(['example_bash_operator']) retrieved from /home/lemon/airflow/airflowenv/lib/python3.8/site-packages/airflow/example_dags/example_bash_operator.py
[2022-07-28 19:54:33,992] {logging_mixin.py:115} INFO - [2022-07-28 19:54:33,992] {dag.py:2379} INFO - Sync 1 DAGs
[2022-07-28 19:54:34,002] {logging_mixin.py:115} INFO - [2022-07-28 19:54:34,002] {dag.py:2927} INFO - Setting next_dagrun for example_bash_operator to 2022-07-27T00:00:00+00:00, run_after=2022-07-28T00:00:00+00:00
[2022-07-28 19:54:34,011] {processor.py:161} INFO - Processing /home/lemon/airflow/airflowenv/lib/python3.8/site-packages/airflow/example_dags/example_bash_operator.py took 0.036 seconds
[2022-07-28 19:55:07,001] {processor.py:153} INFO - Started process (PID=2561) to work on /home/lemon/airflow/airflowenv/lib/python3.8/site-packages/airflow/example_dags/example_bash_operator.py
[2022-07-28 19:55:07,002] {processor.py:641} INFO - Processing file /home/lemon/airflow/airflowenv/lib/python3.8/site-packages/airflow/example_dags/example_bash_operator.py for tasks to queue
[2022-07-28 19:55:07,002] {logging_mixin.py:115} INFO - [2022-07-28 19:55:07,002] {dagbag.py:507} INFO - Filling up the DagBag from /home/lemon/airflow/airflowenv/lib/python3.8/site-packages/airflow/example_dags/example_bash_operator.py
[2022-07-28 19:55:07,010] {processor.py:651} INFO - DAG(s) dict_keys(['example_bash_operator']) retrieved from /home/lemon/airflow/airflowenv/lib/python3.8/site-packages/airflow/example_dags/example_bash_operator.py
[2022-07-28 19:55:07,019] {logging_mixin.py:115} INFO - [2022-07-28 19:55:07,019] {dag.py:2379} INFO - Sync 1 DAGs
[2022-07-28 19:55:07,033] {logging_mixin.py:115} INFO - [2022-07-28 19:55:07,033] {dag.py:2927} INFO - Setting next_dagrun for example_bash_operator to 2022-07-27T00:00:00+00:00, run_after=2022-07-28T00:00:00+00:00
[2022-07-28 19:55:07,045] {processor.py:161} INFO - Processing /home/lemon/airflow/airflowenv/lib/python3.8/site-packages/airflow/example_dags/example_bash_operator.py took 0.045 seconds
