[2022-07-28 19:46:37,429] {processor.py:153} INFO - Started process (PID=424) to work on /home/lemon/airflow/airflowenv/lib/python3.8/site-packages/airflow/example_dags/example_branch_day_of_week_operator.py
[2022-07-28 19:46:37,429] {processor.py:641} INFO - Processing file /home/lemon/airflow/airflowenv/lib/python3.8/site-packages/airflow/example_dags/example_branch_day_of_week_operator.py for tasks to queue
[2022-07-28 19:46:37,429] {logging_mixin.py:115} INFO - [2022-07-28 19:46:37,429] {dagbag.py:507} INFO - Filling up the DagBag from /home/lemon/airflow/airflowenv/lib/python3.8/site-packages/airflow/example_dags/example_branch_day_of_week_operator.py
[2022-07-28 19:46:37,440] {processor.py:651} INFO - DAG(s) dict_keys(['example_weekday_branch_operator']) retrieved from /home/lemon/airflow/airflowenv/lib/python3.8/site-packages/airflow/example_dags/example_branch_day_of_week_operator.py
[2022-07-28 19:46:37,479] {logging_mixin.py:115} INFO - [2022-07-28 19:46:37,479] {manager.py:508} INFO - Created Permission View: can delete on DAG:example_weekday_branch_operator
[2022-07-28 19:46:37,487] {logging_mixin.py:115} INFO - [2022-07-28 19:46:37,487] {manager.py:508} INFO - Created Permission View: can read on DAG:example_weekday_branch_operator
[2022-07-28 19:46:37,495] {logging_mixin.py:115} INFO - [2022-07-28 19:46:37,494] {manager.py:508} INFO - Created Permission View: can edit on DAG:example_weekday_branch_operator
[2022-07-28 19:46:37,495] {logging_mixin.py:115} INFO - [2022-07-28 19:46:37,495] {dag.py:2379} INFO - Sync 1 DAGs
[2022-07-28 19:46:37,498] {logging_mixin.py:115} INFO - [2022-07-28 19:46:37,498] {dag.py:2398} INFO - Creating ORM DAG for example_weekday_branch_operator
[2022-07-28 19:46:37,504] {logging_mixin.py:115} INFO - [2022-07-28 19:46:37,503] {dag.py:2927} INFO - Setting next_dagrun for example_weekday_branch_operator to 2022-07-27T00:00:00+00:00, run_after=2022-07-28T00:00:00+00:00
[2022-07-28 19:46:37,515] {processor.py:161} INFO - Processing /home/lemon/airflow/airflowenv/lib/python3.8/site-packages/airflow/example_dags/example_branch_day_of_week_operator.py took 0.088 seconds
[2022-07-28 19:47:10,026] {processor.py:153} INFO - Started process (PID=664) to work on /home/lemon/airflow/airflowenv/lib/python3.8/site-packages/airflow/example_dags/example_branch_day_of_week_operator.py
[2022-07-28 19:47:10,027] {processor.py:641} INFO - Processing file /home/lemon/airflow/airflowenv/lib/python3.8/site-packages/airflow/example_dags/example_branch_day_of_week_operator.py for tasks to queue
[2022-07-28 19:47:10,027] {logging_mixin.py:115} INFO - [2022-07-28 19:47:10,027] {dagbag.py:507} INFO - Filling up the DagBag from /home/lemon/airflow/airflowenv/lib/python3.8/site-packages/airflow/example_dags/example_branch_day_of_week_operator.py
[2022-07-28 19:47:10,033] {processor.py:651} INFO - DAG(s) dict_keys(['example_weekday_branch_operator']) retrieved from /home/lemon/airflow/airflowenv/lib/python3.8/site-packages/airflow/example_dags/example_branch_day_of_week_operator.py
[2022-07-28 19:47:10,045] {logging_mixin.py:115} INFO - [2022-07-28 19:47:10,045] {dag.py:2379} INFO - Sync 1 DAGs
[2022-07-28 19:47:10,060] {logging_mixin.py:115} INFO - [2022-07-28 19:47:10,060] {dag.py:2927} INFO - Setting next_dagrun for example_weekday_branch_operator to 2022-07-27T00:00:00+00:00, run_after=2022-07-28T00:00:00+00:00
[2022-07-28 19:47:10,073] {processor.py:161} INFO - Processing /home/lemon/airflow/airflowenv/lib/python3.8/site-packages/airflow/example_dags/example_branch_day_of_week_operator.py took 0.049 seconds
[2022-07-28 19:47:44,781] {processor.py:153} INFO - Started process (PID=953) to work on /home/lemon/airflow/airflowenv/lib/python3.8/site-packages/airflow/example_dags/example_branch_day_of_week_operator.py
[2022-07-28 19:47:44,783] {processor.py:641} INFO - Processing file /home/lemon/airflow/airflowenv/lib/python3.8/site-packages/airflow/example_dags/example_branch_day_of_week_operator.py for tasks to queue
[2022-07-28 19:47:44,783] {logging_mixin.py:115} INFO - [2022-07-28 19:47:44,783] {dagbag.py:507} INFO - Filling up the DagBag from /home/lemon/airflow/airflowenv/lib/python3.8/site-packages/airflow/example_dags/example_branch_day_of_week_operator.py
[2022-07-28 19:47:44,789] {processor.py:651} INFO - DAG(s) dict_keys(['example_weekday_branch_operator']) retrieved from /home/lemon/airflow/airflowenv/lib/python3.8/site-packages/airflow/example_dags/example_branch_day_of_week_operator.py
[2022-07-28 19:47:44,796] {logging_mixin.py:115} INFO - [2022-07-28 19:47:44,796] {dag.py:2379} INFO - Sync 1 DAGs
[2022-07-28 19:47:44,808] {logging_mixin.py:115} INFO - [2022-07-28 19:47:44,808] {dag.py:2927} INFO - Setting next_dagrun for example_weekday_branch_operator to 2022-07-27T00:00:00+00:00, run_after=2022-07-28T00:00:00+00:00
[2022-07-28 19:47:44,821] {processor.py:161} INFO - Processing /home/lemon/airflow/airflowenv/lib/python3.8/site-packages/airflow/example_dags/example_branch_day_of_week_operator.py took 0.041 seconds
[2022-07-28 19:48:16,419] {processor.py:153} INFO - Started process (PID=987) to work on /home/lemon/airflow/airflowenv/lib/python3.8/site-packages/airflow/example_dags/example_branch_day_of_week_operator.py
[2022-07-28 19:48:16,419] {processor.py:641} INFO - Processing file /home/lemon/airflow/airflowenv/lib/python3.8/site-packages/airflow/example_dags/example_branch_day_of_week_operator.py for tasks to queue
[2022-07-28 19:48:16,419] {logging_mixin.py:115} INFO - [2022-07-28 19:48:16,419] {dagbag.py:507} INFO - Filling up the DagBag from /home/lemon/airflow/airflowenv/lib/python3.8/site-packages/airflow/example_dags/example_branch_day_of_week_operator.py
[2022-07-28 19:48:16,423] {processor.py:651} INFO - DAG(s) dict_keys(['example_weekday_branch_operator']) retrieved from /home/lemon/airflow/airflowenv/lib/python3.8/site-packages/airflow/example_dags/example_branch_day_of_week_operator.py
[2022-07-28 19:48:16,431] {logging_mixin.py:115} INFO - [2022-07-28 19:48:16,430] {dag.py:2379} INFO - Sync 1 DAGs
[2022-07-28 19:48:16,439] {logging_mixin.py:115} INFO - [2022-07-28 19:48:16,439] {dag.py:2927} INFO - Setting next_dagrun for example_weekday_branch_operator to 2022-07-27T00:00:00+00:00, run_after=2022-07-28T00:00:00+00:00
[2022-07-28 19:48:16,450] {processor.py:161} INFO - Processing /home/lemon/airflow/airflowenv/lib/python3.8/site-packages/airflow/example_dags/example_branch_day_of_week_operator.py took 0.032 seconds
[2022-07-28 19:48:49,422] {processor.py:153} INFO - Started process (PID=1023) to work on /home/lemon/airflow/airflowenv/lib/python3.8/site-packages/airflow/example_dags/example_branch_day_of_week_operator.py
[2022-07-28 19:48:49,430] {processor.py:641} INFO - Processing file /home/lemon/airflow/airflowenv/lib/python3.8/site-packages/airflow/example_dags/example_branch_day_of_week_operator.py for tasks to queue
[2022-07-28 19:48:49,430] {logging_mixin.py:115} INFO - [2022-07-28 19:48:49,430] {dagbag.py:507} INFO - Filling up the DagBag from /home/lemon/airflow/airflowenv/lib/python3.8/site-packages/airflow/example_dags/example_branch_day_of_week_operator.py
[2022-07-28 19:48:49,434] {processor.py:651} INFO - DAG(s) dict_keys(['example_weekday_branch_operator']) retrieved from /home/lemon/airflow/airflowenv/lib/python3.8/site-packages/airflow/example_dags/example_branch_day_of_week_operator.py
[2022-07-28 19:48:49,440] {logging_mixin.py:115} INFO - [2022-07-28 19:48:49,440] {dag.py:2379} INFO - Sync 1 DAGs
[2022-07-28 19:48:49,449] {logging_mixin.py:115} INFO - [2022-07-28 19:48:49,449] {dag.py:2927} INFO - Setting next_dagrun for example_weekday_branch_operator to 2022-07-27T00:00:00+00:00, run_after=2022-07-28T00:00:00+00:00
[2022-07-28 19:48:49,460] {processor.py:161} INFO - Processing /home/lemon/airflow/airflowenv/lib/python3.8/site-packages/airflow/example_dags/example_branch_day_of_week_operator.py took 0.039 seconds
[2022-07-28 19:51:18,174] {processor.py:153} INFO - Started process (PID=1364) to work on /home/lemon/airflow/airflowenv/lib/python3.8/site-packages/airflow/example_dags/example_branch_day_of_week_operator.py
[2022-07-28 19:51:18,182] {processor.py:641} INFO - Processing file /home/lemon/airflow/airflowenv/lib/python3.8/site-packages/airflow/example_dags/example_branch_day_of_week_operator.py for tasks to queue
[2022-07-28 19:51:18,182] {logging_mixin.py:115} INFO - [2022-07-28 19:51:18,182] {dagbag.py:507} INFO - Filling up the DagBag from /home/lemon/airflow/airflowenv/lib/python3.8/site-packages/airflow/example_dags/example_branch_day_of_week_operator.py
[2022-07-28 19:51:18,186] {processor.py:651} INFO - DAG(s) dict_keys(['example_weekday_branch_operator']) retrieved from /home/lemon/airflow/airflowenv/lib/python3.8/site-packages/airflow/example_dags/example_branch_day_of_week_operator.py
[2022-07-28 19:51:18,194] {logging_mixin.py:115} INFO - [2022-07-28 19:51:18,194] {dag.py:2379} INFO - Sync 1 DAGs
[2022-07-28 19:51:18,203] {logging_mixin.py:115} INFO - [2022-07-28 19:51:18,203] {dag.py:2927} INFO - Setting next_dagrun for example_weekday_branch_operator to 2022-07-27T00:00:00+00:00, run_after=2022-07-28T00:00:00+00:00
[2022-07-28 19:51:18,214] {processor.py:161} INFO - Processing /home/lemon/airflow/airflowenv/lib/python3.8/site-packages/airflow/example_dags/example_branch_day_of_week_operator.py took 0.041 seconds
[2022-07-28 19:51:50,727] {processor.py:153} INFO - Started process (PID=1502) to work on /home/lemon/airflow/airflowenv/lib/python3.8/site-packages/airflow/example_dags/example_branch_day_of_week_operator.py
[2022-07-28 19:51:50,728] {processor.py:641} INFO - Processing file /home/lemon/airflow/airflowenv/lib/python3.8/site-packages/airflow/example_dags/example_branch_day_of_week_operator.py for tasks to queue
[2022-07-28 19:51:50,728] {logging_mixin.py:115} INFO - [2022-07-28 19:51:50,728] {dagbag.py:507} INFO - Filling up the DagBag from /home/lemon/airflow/airflowenv/lib/python3.8/site-packages/airflow/example_dags/example_branch_day_of_week_operator.py
[2022-07-28 19:51:50,732] {processor.py:651} INFO - DAG(s) dict_keys(['example_weekday_branch_operator']) retrieved from /home/lemon/airflow/airflowenv/lib/python3.8/site-packages/airflow/example_dags/example_branch_day_of_week_operator.py
[2022-07-28 19:51:50,742] {logging_mixin.py:115} INFO - [2022-07-28 19:51:50,741] {dag.py:2379} INFO - Sync 1 DAGs
[2022-07-28 19:51:50,751] {logging_mixin.py:115} INFO - [2022-07-28 19:51:50,751] {dag.py:2927} INFO - Setting next_dagrun for example_weekday_branch_operator to 2022-07-27T00:00:00+00:00, run_after=2022-07-28T00:00:00+00:00
[2022-07-28 19:51:50,763] {processor.py:161} INFO - Processing /home/lemon/airflow/airflowenv/lib/python3.8/site-packages/airflow/example_dags/example_branch_day_of_week_operator.py took 0.037 seconds
[2022-07-28 19:52:47,103] {processor.py:153} INFO - Started process (PID=1850) to work on /home/lemon/airflow/airflowenv/lib/python3.8/site-packages/airflow/example_dags/example_branch_day_of_week_operator.py
[2022-07-28 19:52:47,111] {processor.py:641} INFO - Processing file /home/lemon/airflow/airflowenv/lib/python3.8/site-packages/airflow/example_dags/example_branch_day_of_week_operator.py for tasks to queue
[2022-07-28 19:52:47,111] {logging_mixin.py:115} INFO - [2022-07-28 19:52:47,111] {dagbag.py:507} INFO - Filling up the DagBag from /home/lemon/airflow/airflowenv/lib/python3.8/site-packages/airflow/example_dags/example_branch_day_of_week_operator.py
[2022-07-28 19:52:47,115] {processor.py:651} INFO - DAG(s) dict_keys(['example_weekday_branch_operator']) retrieved from /home/lemon/airflow/airflowenv/lib/python3.8/site-packages/airflow/example_dags/example_branch_day_of_week_operator.py
[2022-07-28 19:52:47,122] {logging_mixin.py:115} INFO - [2022-07-28 19:52:47,122] {dag.py:2379} INFO - Sync 1 DAGs
[2022-07-28 19:52:47,133] {logging_mixin.py:115} INFO - [2022-07-28 19:52:47,133] {dag.py:2927} INFO - Setting next_dagrun for example_weekday_branch_operator to 2022-07-27T00:00:00+00:00, run_after=2022-07-28T00:00:00+00:00
[2022-07-28 19:52:47,143] {processor.py:161} INFO - Processing /home/lemon/airflow/airflowenv/lib/python3.8/site-packages/airflow/example_dags/example_branch_day_of_week_operator.py took 0.042 seconds
[2022-07-28 19:53:18,348] {processor.py:153} INFO - Started process (PID=2142) to work on /home/lemon/airflow/airflowenv/lib/python3.8/site-packages/airflow/example_dags/example_branch_day_of_week_operator.py
[2022-07-28 19:53:18,349] {processor.py:641} INFO - Processing file /home/lemon/airflow/airflowenv/lib/python3.8/site-packages/airflow/example_dags/example_branch_day_of_week_operator.py for tasks to queue
[2022-07-28 19:53:18,349] {logging_mixin.py:115} INFO - [2022-07-28 19:53:18,349] {dagbag.py:507} INFO - Filling up the DagBag from /home/lemon/airflow/airflowenv/lib/python3.8/site-packages/airflow/example_dags/example_branch_day_of_week_operator.py
[2022-07-28 19:53:18,354] {processor.py:651} INFO - DAG(s) dict_keys(['example_weekday_branch_operator']) retrieved from /home/lemon/airflow/airflowenv/lib/python3.8/site-packages/airflow/example_dags/example_branch_day_of_week_operator.py
[2022-07-28 19:53:18,362] {logging_mixin.py:115} INFO - [2022-07-28 19:53:18,361] {dag.py:2379} INFO - Sync 1 DAGs
[2022-07-28 19:53:18,372] {logging_mixin.py:115} INFO - [2022-07-28 19:53:18,372] {dag.py:2927} INFO - Setting next_dagrun for example_weekday_branch_operator to 2022-07-27T00:00:00+00:00, run_after=2022-07-28T00:00:00+00:00
[2022-07-28 19:53:18,382] {processor.py:161} INFO - Processing /home/lemon/airflow/airflowenv/lib/python3.8/site-packages/airflow/example_dags/example_branch_day_of_week_operator.py took 0.035 seconds
[2022-07-28 19:53:52,484] {processor.py:153} INFO - Started process (PID=2432) to work on /home/lemon/airflow/airflowenv/lib/python3.8/site-packages/airflow/example_dags/example_branch_day_of_week_operator.py
[2022-07-28 19:53:52,492] {processor.py:641} INFO - Processing file /home/lemon/airflow/airflowenv/lib/python3.8/site-packages/airflow/example_dags/example_branch_day_of_week_operator.py for tasks to queue
[2022-07-28 19:53:52,492] {logging_mixin.py:115} INFO - [2022-07-28 19:53:52,492] {dagbag.py:507} INFO - Filling up the DagBag from /home/lemon/airflow/airflowenv/lib/python3.8/site-packages/airflow/example_dags/example_branch_day_of_week_operator.py
[2022-07-28 19:53:52,497] {processor.py:651} INFO - DAG(s) dict_keys(['example_weekday_branch_operator']) retrieved from /home/lemon/airflow/airflowenv/lib/python3.8/site-packages/airflow/example_dags/example_branch_day_of_week_operator.py
[2022-07-28 19:53:52,505] {logging_mixin.py:115} INFO - [2022-07-28 19:53:52,505] {dag.py:2379} INFO - Sync 1 DAGs
[2022-07-28 19:53:52,515] {logging_mixin.py:115} INFO - [2022-07-28 19:53:52,515] {dag.py:2927} INFO - Setting next_dagrun for example_weekday_branch_operator to 2022-07-27T00:00:00+00:00, run_after=2022-07-28T00:00:00+00:00
[2022-07-28 19:53:52,525] {processor.py:161} INFO - Processing /home/lemon/airflow/airflowenv/lib/python3.8/site-packages/airflow/example_dags/example_branch_day_of_week_operator.py took 0.042 seconds
[2022-07-28 19:54:26,104] {processor.py:153} INFO - Started process (PID=2518) to work on /home/lemon/airflow/airflowenv/lib/python3.8/site-packages/airflow/example_dags/example_branch_day_of_week_operator.py
[2022-07-28 19:54:26,113] {processor.py:641} INFO - Processing file /home/lemon/airflow/airflowenv/lib/python3.8/site-packages/airflow/example_dags/example_branch_day_of_week_operator.py for tasks to queue
[2022-07-28 19:54:26,113] {logging_mixin.py:115} INFO - [2022-07-28 19:54:26,113] {dagbag.py:507} INFO - Filling up the DagBag from /home/lemon/airflow/airflowenv/lib/python3.8/site-packages/airflow/example_dags/example_branch_day_of_week_operator.py
[2022-07-28 19:54:26,117] {processor.py:651} INFO - DAG(s) dict_keys(['example_weekday_branch_operator']) retrieved from /home/lemon/airflow/airflowenv/lib/python3.8/site-packages/airflow/example_dags/example_branch_day_of_week_operator.py
[2022-07-28 19:54:26,125] {logging_mixin.py:115} INFO - [2022-07-28 19:54:26,125] {dag.py:2379} INFO - Sync 1 DAGs
[2022-07-28 19:54:26,135] {logging_mixin.py:115} INFO - [2022-07-28 19:54:26,135] {dag.py:2927} INFO - Setting next_dagrun for example_weekday_branch_operator to 2022-07-27T00:00:00+00:00, run_after=2022-07-28T00:00:00+00:00
[2022-07-28 19:54:26,145] {processor.py:161} INFO - Processing /home/lemon/airflow/airflowenv/lib/python3.8/site-packages/airflow/example_dags/example_branch_day_of_week_operator.py took 0.043 seconds
[2022-07-28 19:55:00,101] {processor.py:153} INFO - Started process (PID=2553) to work on /home/lemon/airflow/airflowenv/lib/python3.8/site-packages/airflow/example_dags/example_branch_day_of_week_operator.py
[2022-07-28 19:55:00,102] {processor.py:641} INFO - Processing file /home/lemon/airflow/airflowenv/lib/python3.8/site-packages/airflow/example_dags/example_branch_day_of_week_operator.py for tasks to queue
[2022-07-28 19:55:00,102] {logging_mixin.py:115} INFO - [2022-07-28 19:55:00,102] {dagbag.py:507} INFO - Filling up the DagBag from /home/lemon/airflow/airflowenv/lib/python3.8/site-packages/airflow/example_dags/example_branch_day_of_week_operator.py
[2022-07-28 19:55:00,106] {processor.py:651} INFO - DAG(s) dict_keys(['example_weekday_branch_operator']) retrieved from /home/lemon/airflow/airflowenv/lib/python3.8/site-packages/airflow/example_dags/example_branch_day_of_week_operator.py
[2022-07-28 19:55:00,114] {logging_mixin.py:115} INFO - [2022-07-28 19:55:00,114] {dag.py:2379} INFO - Sync 1 DAGs
[2022-07-28 19:55:00,126] {logging_mixin.py:115} INFO - [2022-07-28 19:55:00,126] {dag.py:2927} INFO - Setting next_dagrun for example_weekday_branch_operator to 2022-07-27T00:00:00+00:00, run_after=2022-07-28T00:00:00+00:00
[2022-07-28 19:55:00,136] {processor.py:161} INFO - Processing /home/lemon/airflow/airflowenv/lib/python3.8/site-packages/airflow/example_dags/example_branch_day_of_week_operator.py took 0.037 seconds
