[2022-07-28 19:46:27,641] {processor.py:153} INFO - Started process (PID=312) to work on /home/lemon/airflow/airflowenv/lib/python3.8/site-packages/airflow/example_dags/example_kubernetes_executor.py
[2022-07-28 19:46:27,642] {processor.py:641} INFO - Processing file /home/lemon/airflow/airflowenv/lib/python3.8/site-packages/airflow/example_dags/example_kubernetes_executor.py for tasks to queue
[2022-07-28 19:46:27,642] {logging_mixin.py:115} INFO - [2022-07-28 19:46:27,642] {dagbag.py:507} INFO - Filling up the DagBag from /home/lemon/airflow/airflowenv/lib/python3.8/site-packages/airflow/example_dags/example_kubernetes_executor.py
[2022-07-28 19:46:27,649] {logging_mixin.py:115} INFO - [2022-07-28 19:46:27,649] {example_kubernetes_executor.py:39} WARNING - The example_kubernetes_executor example DAG requires the kubernetes provider. Please install it with: pip install apache-airflow[cncf.kubernetes]
[2022-07-28 19:46:27,649] {processor.py:653} WARNING - No viable dags retrieved from /home/lemon/airflow/airflowenv/lib/python3.8/site-packages/airflow/example_dags/example_kubernetes_executor.py
[2022-07-28 19:46:27,653] {processor.py:161} INFO - Processing /home/lemon/airflow/airflowenv/lib/python3.8/site-packages/airflow/example_dags/example_kubernetes_executor.py took 0.013 seconds
[2022-07-28 19:46:59,773] {processor.py:153} INFO - Started process (PID=601) to work on /home/lemon/airflow/airflowenv/lib/python3.8/site-packages/airflow/example_dags/example_kubernetes_executor.py
[2022-07-28 19:46:59,774] {processor.py:641} INFO - Processing file /home/lemon/airflow/airflowenv/lib/python3.8/site-packages/airflow/example_dags/example_kubernetes_executor.py for tasks to queue
[2022-07-28 19:46:59,774] {logging_mixin.py:115} INFO - [2022-07-28 19:46:59,774] {dagbag.py:507} INFO - Filling up the DagBag from /home/lemon/airflow/airflowenv/lib/python3.8/site-packages/airflow/example_dags/example_kubernetes_executor.py
[2022-07-28 19:46:59,781] {logging_mixin.py:115} INFO - [2022-07-28 19:46:59,781] {example_kubernetes_executor.py:39} WARNING - The example_kubernetes_executor example DAG requires the kubernetes provider. Please install it with: pip install apache-airflow[cncf.kubernetes]
[2022-07-28 19:46:59,781] {processor.py:653} WARNING - No viable dags retrieved from /home/lemon/airflow/airflowenv/lib/python3.8/site-packages/airflow/example_dags/example_kubernetes_executor.py
[2022-07-28 19:46:59,787] {processor.py:161} INFO - Processing /home/lemon/airflow/airflowenv/lib/python3.8/site-packages/airflow/example_dags/example_kubernetes_executor.py took 0.015 seconds
[2022-07-28 19:47:33,910] {processor.py:153} INFO - Started process (PID=891) to work on /home/lemon/airflow/airflowenv/lib/python3.8/site-packages/airflow/example_dags/example_kubernetes_executor.py
[2022-07-28 19:47:33,911] {processor.py:641} INFO - Processing file /home/lemon/airflow/airflowenv/lib/python3.8/site-packages/airflow/example_dags/example_kubernetes_executor.py for tasks to queue
[2022-07-28 19:47:33,911] {logging_mixin.py:115} INFO - [2022-07-28 19:47:33,911] {dagbag.py:507} INFO - Filling up the DagBag from /home/lemon/airflow/airflowenv/lib/python3.8/site-packages/airflow/example_dags/example_kubernetes_executor.py
[2022-07-28 19:47:33,919] {logging_mixin.py:115} INFO - [2022-07-28 19:47:33,919] {example_kubernetes_executor.py:39} WARNING - The example_kubernetes_executor example DAG requires the kubernetes provider. Please install it with: pip install apache-airflow[cncf.kubernetes]
[2022-07-28 19:47:33,919] {processor.py:653} WARNING - No viable dags retrieved from /home/lemon/airflow/airflowenv/lib/python3.8/site-packages/airflow/example_dags/example_kubernetes_executor.py
[2022-07-28 19:47:33,925] {processor.py:161} INFO - Processing /home/lemon/airflow/airflowenv/lib/python3.8/site-packages/airflow/example_dags/example_kubernetes_executor.py took 0.016 seconds
[2022-07-28 19:48:07,294] {processor.py:153} INFO - Started process (PID=976) to work on /home/lemon/airflow/airflowenv/lib/python3.8/site-packages/airflow/example_dags/example_kubernetes_executor.py
[2022-07-28 19:48:07,302] {processor.py:641} INFO - Processing file /home/lemon/airflow/airflowenv/lib/python3.8/site-packages/airflow/example_dags/example_kubernetes_executor.py for tasks to queue
[2022-07-28 19:48:07,302] {logging_mixin.py:115} INFO - [2022-07-28 19:48:07,302] {dagbag.py:507} INFO - Filling up the DagBag from /home/lemon/airflow/airflowenv/lib/python3.8/site-packages/airflow/example_dags/example_kubernetes_executor.py
[2022-07-28 19:48:07,310] {logging_mixin.py:115} INFO - [2022-07-28 19:48:07,310] {example_kubernetes_executor.py:39} WARNING - The example_kubernetes_executor example DAG requires the kubernetes provider. Please install it with: pip install apache-airflow[cncf.kubernetes]
[2022-07-28 19:48:07,310] {processor.py:653} WARNING - No viable dags retrieved from /home/lemon/airflow/airflowenv/lib/python3.8/site-packages/airflow/example_dags/example_kubernetes_executor.py
[2022-07-28 19:48:07,315] {processor.py:161} INFO - Processing /home/lemon/airflow/airflowenv/lib/python3.8/site-packages/airflow/example_dags/example_kubernetes_executor.py took 0.023 seconds
[2022-07-28 19:48:38,046] {processor.py:153} INFO - Started process (PID=1012) to work on /home/lemon/airflow/airflowenv/lib/python3.8/site-packages/airflow/example_dags/example_kubernetes_executor.py
[2022-07-28 19:48:38,046] {processor.py:641} INFO - Processing file /home/lemon/airflow/airflowenv/lib/python3.8/site-packages/airflow/example_dags/example_kubernetes_executor.py for tasks to queue
[2022-07-28 19:48:38,047] {logging_mixin.py:115} INFO - [2022-07-28 19:48:38,047] {dagbag.py:507} INFO - Filling up the DagBag from /home/lemon/airflow/airflowenv/lib/python3.8/site-packages/airflow/example_dags/example_kubernetes_executor.py
[2022-07-28 19:48:38,054] {logging_mixin.py:115} INFO - [2022-07-28 19:48:38,054] {example_kubernetes_executor.py:39} WARNING - The example_kubernetes_executor example DAG requires the kubernetes provider. Please install it with: pip install apache-airflow[cncf.kubernetes]
[2022-07-28 19:48:38,054] {processor.py:653} WARNING - No viable dags retrieved from /home/lemon/airflow/airflowenv/lib/python3.8/site-packages/airflow/example_dags/example_kubernetes_executor.py
[2022-07-28 19:48:38,059] {processor.py:161} INFO - Processing /home/lemon/airflow/airflowenv/lib/python3.8/site-packages/airflow/example_dags/example_kubernetes_executor.py took 0.014 seconds
[2022-07-28 19:51:09,187] {processor.py:153} INFO - Started process (PID=1273) to work on /home/lemon/airflow/airflowenv/lib/python3.8/site-packages/airflow/example_dags/example_kubernetes_executor.py
[2022-07-28 19:51:09,196] {processor.py:641} INFO - Processing file /home/lemon/airflow/airflowenv/lib/python3.8/site-packages/airflow/example_dags/example_kubernetes_executor.py for tasks to queue
[2022-07-28 19:51:09,196] {logging_mixin.py:115} INFO - [2022-07-28 19:51:09,196] {dagbag.py:507} INFO - Filling up the DagBag from /home/lemon/airflow/airflowenv/lib/python3.8/site-packages/airflow/example_dags/example_kubernetes_executor.py
[2022-07-28 19:51:09,204] {logging_mixin.py:115} INFO - [2022-07-28 19:51:09,204] {example_kubernetes_executor.py:39} WARNING - The example_kubernetes_executor example DAG requires the kubernetes provider. Please install it with: pip install apache-airflow[cncf.kubernetes]
[2022-07-28 19:51:09,204] {processor.py:653} WARNING - No viable dags retrieved from /home/lemon/airflow/airflowenv/lib/python3.8/site-packages/airflow/example_dags/example_kubernetes_executor.py
[2022-07-28 19:51:09,209] {processor.py:161} INFO - Processing /home/lemon/airflow/airflowenv/lib/python3.8/site-packages/airflow/example_dags/example_kubernetes_executor.py took 0.023 seconds
[2022-07-28 19:51:40,461] {processor.py:153} INFO - Started process (PID=1491) to work on /home/lemon/airflow/airflowenv/lib/python3.8/site-packages/airflow/example_dags/example_kubernetes_executor.py
[2022-07-28 19:51:40,461] {processor.py:641} INFO - Processing file /home/lemon/airflow/airflowenv/lib/python3.8/site-packages/airflow/example_dags/example_kubernetes_executor.py for tasks to queue
[2022-07-28 19:51:40,461] {logging_mixin.py:115} INFO - [2022-07-28 19:51:40,461] {dagbag.py:507} INFO - Filling up the DagBag from /home/lemon/airflow/airflowenv/lib/python3.8/site-packages/airflow/example_dags/example_kubernetes_executor.py
[2022-07-28 19:51:40,468] {logging_mixin.py:115} INFO - [2022-07-28 19:51:40,468] {example_kubernetes_executor.py:39} WARNING - The example_kubernetes_executor example DAG requires the kubernetes provider. Please install it with: pip install apache-airflow[cncf.kubernetes]
[2022-07-28 19:51:40,469] {processor.py:653} WARNING - No viable dags retrieved from /home/lemon/airflow/airflowenv/lib/python3.8/site-packages/airflow/example_dags/example_kubernetes_executor.py
[2022-07-28 19:51:40,473] {processor.py:161} INFO - Processing /home/lemon/airflow/airflowenv/lib/python3.8/site-packages/airflow/example_dags/example_kubernetes_executor.py took 0.014 seconds
[2022-07-28 19:52:37,111] {processor.py:153} INFO - Started process (PID=1789) to work on /home/lemon/airflow/airflowenv/lib/python3.8/site-packages/airflow/example_dags/example_kubernetes_executor.py
[2022-07-28 19:52:37,119] {processor.py:641} INFO - Processing file /home/lemon/airflow/airflowenv/lib/python3.8/site-packages/airflow/example_dags/example_kubernetes_executor.py for tasks to queue
[2022-07-28 19:52:37,120] {logging_mixin.py:115} INFO - [2022-07-28 19:52:37,120] {dagbag.py:507} INFO - Filling up the DagBag from /home/lemon/airflow/airflowenv/lib/python3.8/site-packages/airflow/example_dags/example_kubernetes_executor.py
[2022-07-28 19:52:37,127] {logging_mixin.py:115} INFO - [2022-07-28 19:52:37,127] {example_kubernetes_executor.py:39} WARNING - The example_kubernetes_executor example DAG requires the kubernetes provider. Please install it with: pip install apache-airflow[cncf.kubernetes]
[2022-07-28 19:52:37,127] {processor.py:653} WARNING - No viable dags retrieved from /home/lemon/airflow/airflowenv/lib/python3.8/site-packages/airflow/example_dags/example_kubernetes_executor.py
[2022-07-28 19:52:37,132] {processor.py:161} INFO - Processing /home/lemon/airflow/airflowenv/lib/python3.8/site-packages/airflow/example_dags/example_kubernetes_executor.py took 0.022 seconds
[2022-07-28 19:53:09,224] {processor.py:153} INFO - Started process (PID=2028) to work on /home/lemon/airflow/airflowenv/lib/python3.8/site-packages/airflow/example_dags/example_kubernetes_executor.py
[2022-07-28 19:53:09,232] {processor.py:641} INFO - Processing file /home/lemon/airflow/airflowenv/lib/python3.8/site-packages/airflow/example_dags/example_kubernetes_executor.py for tasks to queue
[2022-07-28 19:53:09,232] {logging_mixin.py:115} INFO - [2022-07-28 19:53:09,232] {dagbag.py:507} INFO - Filling up the DagBag from /home/lemon/airflow/airflowenv/lib/python3.8/site-packages/airflow/example_dags/example_kubernetes_executor.py
[2022-07-28 19:53:09,240] {logging_mixin.py:115} INFO - [2022-07-28 19:53:09,240] {example_kubernetes_executor.py:39} WARNING - The example_kubernetes_executor example DAG requires the kubernetes provider. Please install it with: pip install apache-airflow[cncf.kubernetes]
[2022-07-28 19:53:09,240] {processor.py:653} WARNING - No viable dags retrieved from /home/lemon/airflow/airflowenv/lib/python3.8/site-packages/airflow/example_dags/example_kubernetes_executor.py
[2022-07-28 19:53:09,245] {processor.py:161} INFO - Processing /home/lemon/airflow/airflowenv/lib/python3.8/site-packages/airflow/example_dags/example_kubernetes_executor.py took 0.022 seconds
[2022-07-28 19:53:42,233] {processor.py:153} INFO - Started process (PID=2371) to work on /home/lemon/airflow/airflowenv/lib/python3.8/site-packages/airflow/example_dags/example_kubernetes_executor.py
[2022-07-28 19:53:42,241] {processor.py:641} INFO - Processing file /home/lemon/airflow/airflowenv/lib/python3.8/site-packages/airflow/example_dags/example_kubernetes_executor.py for tasks to queue
[2022-07-28 19:53:42,242] {logging_mixin.py:115} INFO - [2022-07-28 19:53:42,242] {dagbag.py:507} INFO - Filling up the DagBag from /home/lemon/airflow/airflowenv/lib/python3.8/site-packages/airflow/example_dags/example_kubernetes_executor.py
[2022-07-28 19:53:42,249] {logging_mixin.py:115} INFO - [2022-07-28 19:53:42,249] {example_kubernetes_executor.py:39} WARNING - The example_kubernetes_executor example DAG requires the kubernetes provider. Please install it with: pip install apache-airflow[cncf.kubernetes]
[2022-07-28 19:53:42,249] {processor.py:653} WARNING - No viable dags retrieved from /home/lemon/airflow/airflowenv/lib/python3.8/site-packages/airflow/example_dags/example_kubernetes_executor.py
[2022-07-28 19:53:42,254] {processor.py:161} INFO - Processing /home/lemon/airflow/airflowenv/lib/python3.8/site-packages/airflow/example_dags/example_kubernetes_executor.py took 0.022 seconds
[2022-07-28 19:54:16,981] {processor.py:153} INFO - Started process (PID=2508) to work on /home/lemon/airflow/airflowenv/lib/python3.8/site-packages/airflow/example_dags/example_kubernetes_executor.py
[2022-07-28 19:54:16,990] {processor.py:641} INFO - Processing file /home/lemon/airflow/airflowenv/lib/python3.8/site-packages/airflow/example_dags/example_kubernetes_executor.py for tasks to queue
[2022-07-28 19:54:16,990] {logging_mixin.py:115} INFO - [2022-07-28 19:54:16,990] {dagbag.py:507} INFO - Filling up the DagBag from /home/lemon/airflow/airflowenv/lib/python3.8/site-packages/airflow/example_dags/example_kubernetes_executor.py
[2022-07-28 19:54:16,998] {logging_mixin.py:115} INFO - [2022-07-28 19:54:16,998] {example_kubernetes_executor.py:39} WARNING - The example_kubernetes_executor example DAG requires the kubernetes provider. Please install it with: pip install apache-airflow[cncf.kubernetes]
[2022-07-28 19:54:16,998] {processor.py:653} WARNING - No viable dags retrieved from /home/lemon/airflow/airflowenv/lib/python3.8/site-packages/airflow/example_dags/example_kubernetes_executor.py
[2022-07-28 19:54:17,003] {processor.py:161} INFO - Processing /home/lemon/airflow/airflowenv/lib/python3.8/site-packages/airflow/example_dags/example_kubernetes_executor.py took 0.023 seconds
[2022-07-28 19:54:50,481] {processor.py:153} INFO - Started process (PID=2543) to work on /home/lemon/airflow/airflowenv/lib/python3.8/site-packages/airflow/example_dags/example_kubernetes_executor.py
[2022-07-28 19:54:50,482] {processor.py:641} INFO - Processing file /home/lemon/airflow/airflowenv/lib/python3.8/site-packages/airflow/example_dags/example_kubernetes_executor.py for tasks to queue
[2022-07-28 19:54:50,483] {logging_mixin.py:115} INFO - [2022-07-28 19:54:50,483] {dagbag.py:507} INFO - Filling up the DagBag from /home/lemon/airflow/airflowenv/lib/python3.8/site-packages/airflow/example_dags/example_kubernetes_executor.py
[2022-07-28 19:54:50,490] {logging_mixin.py:115} INFO - [2022-07-28 19:54:50,490] {example_kubernetes_executor.py:39} WARNING - The example_kubernetes_executor example DAG requires the kubernetes provider. Please install it with: pip install apache-airflow[cncf.kubernetes]
[2022-07-28 19:54:50,490] {processor.py:653} WARNING - No viable dags retrieved from /home/lemon/airflow/airflowenv/lib/python3.8/site-packages/airflow/example_dags/example_kubernetes_executor.py
[2022-07-28 19:54:50,495] {processor.py:161} INFO - Processing /home/lemon/airflow/airflowenv/lib/python3.8/site-packages/airflow/example_dags/example_kubernetes_executor.py took 0.016 seconds
[2022-07-28 19:55:23,537] {processor.py:153} INFO - Started process (PID=2578) to work on /home/lemon/airflow/airflowenv/lib/python3.8/site-packages/airflow/example_dags/example_kubernetes_executor.py
[2022-07-28 19:55:23,538] {processor.py:641} INFO - Processing file /home/lemon/airflow/airflowenv/lib/python3.8/site-packages/airflow/example_dags/example_kubernetes_executor.py for tasks to queue
[2022-07-28 19:55:23,539] {logging_mixin.py:115} INFO - [2022-07-28 19:55:23,539] {dagbag.py:507} INFO - Filling up the DagBag from /home/lemon/airflow/airflowenv/lib/python3.8/site-packages/airflow/example_dags/example_kubernetes_executor.py
[2022-07-28 19:55:23,546] {logging_mixin.py:115} INFO - [2022-07-28 19:55:23,546] {example_kubernetes_executor.py:39} WARNING - The example_kubernetes_executor example DAG requires the kubernetes provider. Please install it with: pip install apache-airflow[cncf.kubernetes]
[2022-07-28 19:55:23,546] {processor.py:653} WARNING - No viable dags retrieved from /home/lemon/airflow/airflowenv/lib/python3.8/site-packages/airflow/example_dags/example_kubernetes_executor.py
[2022-07-28 19:55:23,551] {processor.py:161} INFO - Processing /home/lemon/airflow/airflowenv/lib/python3.8/site-packages/airflow/example_dags/example_kubernetes_executor.py took 0.015 seconds
