[2022-07-28 19:46:39,045] {processor.py:153} INFO - Started process (PID=426) to work on /home/lemon/airflow/airflowenv/lib/python3.8/site-packages/airflow/example_dags/example_python_operator.py
[2022-07-28 19:46:39,045] {processor.py:641} INFO - Processing file /home/lemon/airflow/airflowenv/lib/python3.8/site-packages/airflow/example_dags/example_python_operator.py for tasks to queue
[2022-07-28 19:46:39,046] {logging_mixin.py:115} INFO - [2022-07-28 19:46:39,046] {dagbag.py:507} INFO - Filling up the DagBag from /home/lemon/airflow/airflowenv/lib/python3.8/site-packages/airflow/example_dags/example_python_operator.py
[2022-07-28 19:46:39,056] {processor.py:651} INFO - DAG(s) dict_keys(['example_python_operator']) retrieved from /home/lemon/airflow/airflowenv/lib/python3.8/site-packages/airflow/example_dags/example_python_operator.py
[2022-07-28 19:46:39,103] {logging_mixin.py:115} INFO - [2022-07-28 19:46:39,103] {manager.py:508} INFO - Created Permission View: can delete on DAG:example_python_operator
[2022-07-28 19:46:39,111] {logging_mixin.py:115} INFO - [2022-07-28 19:46:39,111] {manager.py:508} INFO - Created Permission View: can read on DAG:example_python_operator
[2022-07-28 19:46:39,118] {logging_mixin.py:115} INFO - [2022-07-28 19:46:39,118] {manager.py:508} INFO - Created Permission View: can edit on DAG:example_python_operator
[2022-07-28 19:46:39,118] {logging_mixin.py:115} INFO - [2022-07-28 19:46:39,118] {dag.py:2379} INFO - Sync 1 DAGs
[2022-07-28 19:46:39,123] {logging_mixin.py:115} INFO - [2022-07-28 19:46:39,123] {dag.py:2398} INFO - Creating ORM DAG for example_python_operator
[2022-07-28 19:46:39,127] {logging_mixin.py:115} INFO - [2022-07-28 19:46:39,127] {dag.py:2927} INFO - Setting next_dagrun for example_python_operator to None, run_after=None
[2022-07-28 19:46:39,139] {processor.py:161} INFO - Processing /home/lemon/airflow/airflowenv/lib/python3.8/site-packages/airflow/example_dags/example_python_operator.py took 0.095 seconds
[2022-07-28 19:47:12,290] {processor.py:153} INFO - Started process (PID=688) to work on /home/lemon/airflow/airflowenv/lib/python3.8/site-packages/airflow/example_dags/example_python_operator.py
[2022-07-28 19:47:12,291] {processor.py:641} INFO - Processing file /home/lemon/airflow/airflowenv/lib/python3.8/site-packages/airflow/example_dags/example_python_operator.py for tasks to queue
[2022-07-28 19:47:12,292] {logging_mixin.py:115} INFO - [2022-07-28 19:47:12,291] {dagbag.py:507} INFO - Filling up the DagBag from /home/lemon/airflow/airflowenv/lib/python3.8/site-packages/airflow/example_dags/example_python_operator.py
[2022-07-28 19:47:12,301] {processor.py:651} INFO - DAG(s) dict_keys(['example_python_operator']) retrieved from /home/lemon/airflow/airflowenv/lib/python3.8/site-packages/airflow/example_dags/example_python_operator.py
[2022-07-28 19:47:12,310] {logging_mixin.py:115} INFO - [2022-07-28 19:47:12,310] {dag.py:2379} INFO - Sync 1 DAGs
[2022-07-28 19:47:12,321] {logging_mixin.py:115} INFO - [2022-07-28 19:47:12,321] {dag.py:2927} INFO - Setting next_dagrun for example_python_operator to None, run_after=None
[2022-07-28 19:47:12,335] {processor.py:161} INFO - Processing /home/lemon/airflow/airflowenv/lib/python3.8/site-packages/airflow/example_dags/example_python_operator.py took 0.046 seconds
[2022-07-28 19:47:47,030] {processor.py:153} INFO - Started process (PID=955) to work on /home/lemon/airflow/airflowenv/lib/python3.8/site-packages/airflow/example_dags/example_python_operator.py
[2022-07-28 19:47:47,031] {processor.py:641} INFO - Processing file /home/lemon/airflow/airflowenv/lib/python3.8/site-packages/airflow/example_dags/example_python_operator.py for tasks to queue
[2022-07-28 19:47:47,032] {logging_mixin.py:115} INFO - [2022-07-28 19:47:47,032] {dagbag.py:507} INFO - Filling up the DagBag from /home/lemon/airflow/airflowenv/lib/python3.8/site-packages/airflow/example_dags/example_python_operator.py
[2022-07-28 19:47:47,041] {processor.py:651} INFO - DAG(s) dict_keys(['example_python_operator']) retrieved from /home/lemon/airflow/airflowenv/lib/python3.8/site-packages/airflow/example_dags/example_python_operator.py
[2022-07-28 19:47:47,048] {logging_mixin.py:115} INFO - [2022-07-28 19:47:47,048] {dag.py:2379} INFO - Sync 1 DAGs
[2022-07-28 19:47:47,059] {logging_mixin.py:115} INFO - [2022-07-28 19:47:47,059] {dag.py:2927} INFO - Setting next_dagrun for example_python_operator to None, run_after=None
[2022-07-28 19:47:47,070] {processor.py:161} INFO - Processing /home/lemon/airflow/airflowenv/lib/python3.8/site-packages/airflow/example_dags/example_python_operator.py took 0.041 seconds
[2022-07-28 19:48:18,670] {processor.py:153} INFO - Started process (PID=989) to work on /home/lemon/airflow/airflowenv/lib/python3.8/site-packages/airflow/example_dags/example_python_operator.py
[2022-07-28 19:48:18,670] {processor.py:641} INFO - Processing file /home/lemon/airflow/airflowenv/lib/python3.8/site-packages/airflow/example_dags/example_python_operator.py for tasks to queue
[2022-07-28 19:48:18,670] {logging_mixin.py:115} INFO - [2022-07-28 19:48:18,670] {dagbag.py:507} INFO - Filling up the DagBag from /home/lemon/airflow/airflowenv/lib/python3.8/site-packages/airflow/example_dags/example_python_operator.py
[2022-07-28 19:48:18,680] {processor.py:651} INFO - DAG(s) dict_keys(['example_python_operator']) retrieved from /home/lemon/airflow/airflowenv/lib/python3.8/site-packages/airflow/example_dags/example_python_operator.py
[2022-07-28 19:48:18,688] {logging_mixin.py:115} INFO - [2022-07-28 19:48:18,688] {dag.py:2379} INFO - Sync 1 DAGs
[2022-07-28 19:48:18,698] {logging_mixin.py:115} INFO - [2022-07-28 19:48:18,698] {dag.py:2927} INFO - Setting next_dagrun for example_python_operator to None, run_after=None
[2022-07-28 19:48:18,709] {processor.py:161} INFO - Processing /home/lemon/airflow/airflowenv/lib/python3.8/site-packages/airflow/example_dags/example_python_operator.py took 0.040 seconds
[2022-07-28 19:48:51,679] {processor.py:153} INFO - Started process (PID=1025) to work on /home/lemon/airflow/airflowenv/lib/python3.8/site-packages/airflow/example_dags/example_python_operator.py
[2022-07-28 19:48:51,687] {processor.py:641} INFO - Processing file /home/lemon/airflow/airflowenv/lib/python3.8/site-packages/airflow/example_dags/example_python_operator.py for tasks to queue
[2022-07-28 19:48:51,687] {logging_mixin.py:115} INFO - [2022-07-28 19:48:51,687] {dagbag.py:507} INFO - Filling up the DagBag from /home/lemon/airflow/airflowenv/lib/python3.8/site-packages/airflow/example_dags/example_python_operator.py
[2022-07-28 19:48:51,696] {processor.py:651} INFO - DAG(s) dict_keys(['example_python_operator']) retrieved from /home/lemon/airflow/airflowenv/lib/python3.8/site-packages/airflow/example_dags/example_python_operator.py
[2022-07-28 19:48:51,704] {logging_mixin.py:115} INFO - [2022-07-28 19:48:51,704] {dag.py:2379} INFO - Sync 1 DAGs
[2022-07-28 19:48:51,712] {logging_mixin.py:115} INFO - [2022-07-28 19:48:51,712] {dag.py:2927} INFO - Setting next_dagrun for example_python_operator to None, run_after=None
[2022-07-28 19:48:51,722] {processor.py:161} INFO - Processing /home/lemon/airflow/airflowenv/lib/python3.8/site-packages/airflow/example_dags/example_python_operator.py took 0.044 seconds
[2022-07-28 19:51:19,665] {processor.py:153} INFO - Started process (PID=1366) to work on /home/lemon/airflow/airflowenv/lib/python3.8/site-packages/airflow/example_dags/example_python_operator.py
[2022-07-28 19:51:19,674] {processor.py:641} INFO - Processing file /home/lemon/airflow/airflowenv/lib/python3.8/site-packages/airflow/example_dags/example_python_operator.py for tasks to queue
[2022-07-28 19:51:19,674] {logging_mixin.py:115} INFO - [2022-07-28 19:51:19,674] {dagbag.py:507} INFO - Filling up the DagBag from /home/lemon/airflow/airflowenv/lib/python3.8/site-packages/airflow/example_dags/example_python_operator.py
[2022-07-28 19:51:19,683] {processor.py:651} INFO - DAG(s) dict_keys(['example_python_operator']) retrieved from /home/lemon/airflow/airflowenv/lib/python3.8/site-packages/airflow/example_dags/example_python_operator.py
[2022-07-28 19:51:19,691] {logging_mixin.py:115} INFO - [2022-07-28 19:51:19,691] {dag.py:2379} INFO - Sync 1 DAGs
[2022-07-28 19:51:19,700] {logging_mixin.py:115} INFO - [2022-07-28 19:51:19,700] {dag.py:2927} INFO - Setting next_dagrun for example_python_operator to None, run_after=None
[2022-07-28 19:51:19,710] {processor.py:161} INFO - Processing /home/lemon/airflow/airflowenv/lib/python3.8/site-packages/airflow/example_dags/example_python_operator.py took 0.046 seconds
[2022-07-28 19:51:52,985] {processor.py:153} INFO - Started process (PID=1504) to work on /home/lemon/airflow/airflowenv/lib/python3.8/site-packages/airflow/example_dags/example_python_operator.py
[2022-07-28 19:51:52,985] {processor.py:641} INFO - Processing file /home/lemon/airflow/airflowenv/lib/python3.8/site-packages/airflow/example_dags/example_python_operator.py for tasks to queue
[2022-07-28 19:51:52,986] {logging_mixin.py:115} INFO - [2022-07-28 19:51:52,986] {dagbag.py:507} INFO - Filling up the DagBag from /home/lemon/airflow/airflowenv/lib/python3.8/site-packages/airflow/example_dags/example_python_operator.py
[2022-07-28 19:51:52,995] {processor.py:651} INFO - DAG(s) dict_keys(['example_python_operator']) retrieved from /home/lemon/airflow/airflowenv/lib/python3.8/site-packages/airflow/example_dags/example_python_operator.py
[2022-07-28 19:51:53,003] {logging_mixin.py:115} INFO - [2022-07-28 19:51:53,002] {dag.py:2379} INFO - Sync 1 DAGs
[2022-07-28 19:51:53,012] {logging_mixin.py:115} INFO - [2022-07-28 19:51:53,012] {dag.py:2927} INFO - Setting next_dagrun for example_python_operator to None, run_after=None
[2022-07-28 19:51:53,022] {processor.py:161} INFO - Processing /home/lemon/airflow/airflowenv/lib/python3.8/site-packages/airflow/example_dags/example_python_operator.py took 0.038 seconds
[2022-07-28 19:52:47,718] {processor.py:153} INFO - Started process (PID=1852) to work on /home/lemon/airflow/airflowenv/lib/python3.8/site-packages/airflow/example_dags/example_python_operator.py
[2022-07-28 19:52:47,718] {processor.py:641} INFO - Processing file /home/lemon/airflow/airflowenv/lib/python3.8/site-packages/airflow/example_dags/example_python_operator.py for tasks to queue
[2022-07-28 19:52:47,719] {logging_mixin.py:115} INFO - [2022-07-28 19:52:47,719] {dagbag.py:507} INFO - Filling up the DagBag from /home/lemon/airflow/airflowenv/lib/python3.8/site-packages/airflow/example_dags/example_python_operator.py
[2022-07-28 19:52:47,728] {processor.py:651} INFO - DAG(s) dict_keys(['example_python_operator']) retrieved from /home/lemon/airflow/airflowenv/lib/python3.8/site-packages/airflow/example_dags/example_python_operator.py
[2022-07-28 19:52:47,735] {logging_mixin.py:115} INFO - [2022-07-28 19:52:47,735] {dag.py:2379} INFO - Sync 1 DAGs
[2022-07-28 19:52:47,745] {logging_mixin.py:115} INFO - [2022-07-28 19:52:47,745] {dag.py:2927} INFO - Setting next_dagrun for example_python_operator to None, run_after=None
[2022-07-28 19:52:47,755] {processor.py:161} INFO - Processing /home/lemon/airflow/airflowenv/lib/python3.8/site-packages/airflow/example_dags/example_python_operator.py took 0.038 seconds
[2022-07-28 19:53:20,598] {processor.py:153} INFO - Started process (PID=2195) to work on /home/lemon/airflow/airflowenv/lib/python3.8/site-packages/airflow/example_dags/example_python_operator.py
[2022-07-28 19:53:20,605] {processor.py:641} INFO - Processing file /home/lemon/airflow/airflowenv/lib/python3.8/site-packages/airflow/example_dags/example_python_operator.py for tasks to queue
[2022-07-28 19:53:20,606] {logging_mixin.py:115} INFO - [2022-07-28 19:53:20,606] {dagbag.py:507} INFO - Filling up the DagBag from /home/lemon/airflow/airflowenv/lib/python3.8/site-packages/airflow/example_dags/example_python_operator.py
[2022-07-28 19:53:20,615] {processor.py:651} INFO - DAG(s) dict_keys(['example_python_operator']) retrieved from /home/lemon/airflow/airflowenv/lib/python3.8/site-packages/airflow/example_dags/example_python_operator.py
[2022-07-28 19:53:20,623] {logging_mixin.py:115} INFO - [2022-07-28 19:53:20,622] {dag.py:2379} INFO - Sync 1 DAGs
[2022-07-28 19:53:20,632] {logging_mixin.py:115} INFO - [2022-07-28 19:53:20,632] {dag.py:2927} INFO - Setting next_dagrun for example_python_operator to None, run_after=None
[2022-07-28 19:53:20,642] {processor.py:161} INFO - Processing /home/lemon/airflow/airflowenv/lib/python3.8/site-packages/airflow/example_dags/example_python_operator.py took 0.046 seconds
[2022-07-28 19:53:54,228] {processor.py:153} INFO - Started process (PID=2456) to work on /home/lemon/airflow/airflowenv/lib/python3.8/site-packages/airflow/example_dags/example_python_operator.py
[2022-07-28 19:53:54,235] {processor.py:641} INFO - Processing file /home/lemon/airflow/airflowenv/lib/python3.8/site-packages/airflow/example_dags/example_python_operator.py for tasks to queue
[2022-07-28 19:53:54,236] {logging_mixin.py:115} INFO - [2022-07-28 19:53:54,236] {dagbag.py:507} INFO - Filling up the DagBag from /home/lemon/airflow/airflowenv/lib/python3.8/site-packages/airflow/example_dags/example_python_operator.py
[2022-07-28 19:53:54,246] {processor.py:651} INFO - DAG(s) dict_keys(['example_python_operator']) retrieved from /home/lemon/airflow/airflowenv/lib/python3.8/site-packages/airflow/example_dags/example_python_operator.py
[2022-07-28 19:53:54,254] {logging_mixin.py:115} INFO - [2022-07-28 19:53:54,254] {dag.py:2379} INFO - Sync 1 DAGs
[2022-07-28 19:53:54,264] {logging_mixin.py:115} INFO - [2022-07-28 19:53:54,264] {dag.py:2927} INFO - Setting next_dagrun for example_python_operator to None, run_after=None
[2022-07-28 19:53:54,274] {processor.py:161} INFO - Processing /home/lemon/airflow/airflowenv/lib/python3.8/site-packages/airflow/example_dags/example_python_operator.py took 0.048 seconds
[2022-07-28 19:54:28,361] {processor.py:153} INFO - Started process (PID=2520) to work on /home/lemon/airflow/airflowenv/lib/python3.8/site-packages/airflow/example_dags/example_python_operator.py
[2022-07-28 19:54:28,362] {processor.py:641} INFO - Processing file /home/lemon/airflow/airflowenv/lib/python3.8/site-packages/airflow/example_dags/example_python_operator.py for tasks to queue
[2022-07-28 19:54:28,363] {logging_mixin.py:115} INFO - [2022-07-28 19:54:28,362] {dagbag.py:507} INFO - Filling up the DagBag from /home/lemon/airflow/airflowenv/lib/python3.8/site-packages/airflow/example_dags/example_python_operator.py
[2022-07-28 19:54:28,372] {processor.py:651} INFO - DAG(s) dict_keys(['example_python_operator']) retrieved from /home/lemon/airflow/airflowenv/lib/python3.8/site-packages/airflow/example_dags/example_python_operator.py
[2022-07-28 19:54:28,379] {logging_mixin.py:115} INFO - [2022-07-28 19:54:28,379] {dag.py:2379} INFO - Sync 1 DAGs
[2022-07-28 19:54:28,388] {logging_mixin.py:115} INFO - [2022-07-28 19:54:28,388] {dag.py:2927} INFO - Setting next_dagrun for example_python_operator to None, run_after=None
[2022-07-28 19:54:28,397] {processor.py:161} INFO - Processing /home/lemon/airflow/airflowenv/lib/python3.8/site-packages/airflow/example_dags/example_python_operator.py took 0.037 seconds
[2022-07-28 19:55:01,866] {processor.py:153} INFO - Started process (PID=2555) to work on /home/lemon/airflow/airflowenv/lib/python3.8/site-packages/airflow/example_dags/example_python_operator.py
[2022-07-28 19:55:01,868] {processor.py:641} INFO - Processing file /home/lemon/airflow/airflowenv/lib/python3.8/site-packages/airflow/example_dags/example_python_operator.py for tasks to queue
[2022-07-28 19:55:01,868] {logging_mixin.py:115} INFO - [2022-07-28 19:55:01,868] {dagbag.py:507} INFO - Filling up the DagBag from /home/lemon/airflow/airflowenv/lib/python3.8/site-packages/airflow/example_dags/example_python_operator.py
[2022-07-28 19:55:01,878] {processor.py:651} INFO - DAG(s) dict_keys(['example_python_operator']) retrieved from /home/lemon/airflow/airflowenv/lib/python3.8/site-packages/airflow/example_dags/example_python_operator.py
[2022-07-28 19:55:01,885] {logging_mixin.py:115} INFO - [2022-07-28 19:55:01,885] {dag.py:2379} INFO - Sync 1 DAGs
[2022-07-28 19:55:01,894] {logging_mixin.py:115} INFO - [2022-07-28 19:55:01,894] {dag.py:2927} INFO - Setting next_dagrun for example_python_operator to None, run_after=None
[2022-07-28 19:55:01,903] {processor.py:161} INFO - Processing /home/lemon/airflow/airflowenv/lib/python3.8/site-packages/airflow/example_dags/example_python_operator.py took 0.038 seconds
