[2022-07-28 19:46:48,902] {processor.py:153} INFO - Started process (PID=539) to work on /home/lemon/airflow/airflowenv/lib/python3.8/site-packages/airflow/example_dags/example_trigger_controller_dag.py
[2022-07-28 19:46:48,903] {processor.py:641} INFO - Processing file /home/lemon/airflow/airflowenv/lib/python3.8/site-packages/airflow/example_dags/example_trigger_controller_dag.py for tasks to queue
[2022-07-28 19:46:48,903] {logging_mixin.py:115} INFO - [2022-07-28 19:46:48,903] {dagbag.py:507} INFO - Filling up the DagBag from /home/lemon/airflow/airflowenv/lib/python3.8/site-packages/airflow/example_dags/example_trigger_controller_dag.py
[2022-07-28 19:46:48,904] {processor.py:651} INFO - DAG(s) dict_keys(['example_trigger_controller_dag']) retrieved from /home/lemon/airflow/airflowenv/lib/python3.8/site-packages/airflow/example_dags/example_trigger_controller_dag.py
[2022-07-28 19:46:48,951] {logging_mixin.py:115} INFO - [2022-07-28 19:46:48,950] {manager.py:508} INFO - Created Permission View: can delete on DAG:example_trigger_controller_dag
[2022-07-28 19:46:48,959] {logging_mixin.py:115} INFO - [2022-07-28 19:46:48,959] {manager.py:508} INFO - Created Permission View: can read on DAG:example_trigger_controller_dag
[2022-07-28 19:46:48,966] {logging_mixin.py:115} INFO - [2022-07-28 19:46:48,966] {manager.py:508} INFO - Created Permission View: can edit on DAG:example_trigger_controller_dag
[2022-07-28 19:46:48,966] {logging_mixin.py:115} INFO - [2022-07-28 19:46:48,966] {dag.py:2379} INFO - Sync 1 DAGs
[2022-07-28 19:46:48,970] {logging_mixin.py:115} INFO - [2022-07-28 19:46:48,970] {dag.py:2398} INFO - Creating ORM DAG for example_trigger_controller_dag
[2022-07-28 19:46:48,975] {logging_mixin.py:115} INFO - [2022-07-28 19:46:48,975] {dag.py:2927} INFO - Setting next_dagrun for example_trigger_controller_dag to 2021-01-01T00:00:00+00:00, run_after=2021-01-01T00:00:00+00:00
[2022-07-28 19:46:48,985] {processor.py:161} INFO - Processing /home/lemon/airflow/airflowenv/lib/python3.8/site-packages/airflow/example_dags/example_trigger_controller_dag.py took 0.084 seconds
[2022-07-28 19:47:23,663] {processor.py:153} INFO - Started process (PID=779) to work on /home/lemon/airflow/airflowenv/lib/python3.8/site-packages/airflow/example_dags/example_trigger_controller_dag.py
[2022-07-28 19:47:23,670] {processor.py:641} INFO - Processing file /home/lemon/airflow/airflowenv/lib/python3.8/site-packages/airflow/example_dags/example_trigger_controller_dag.py for tasks to queue
[2022-07-28 19:47:23,670] {logging_mixin.py:115} INFO - [2022-07-28 19:47:23,670] {dagbag.py:507} INFO - Filling up the DagBag from /home/lemon/airflow/airflowenv/lib/python3.8/site-packages/airflow/example_dags/example_trigger_controller_dag.py
[2022-07-28 19:47:23,672] {processor.py:651} INFO - DAG(s) dict_keys(['example_trigger_controller_dag']) retrieved from /home/lemon/airflow/airflowenv/lib/python3.8/site-packages/airflow/example_dags/example_trigger_controller_dag.py
[2022-07-28 19:47:23,680] {logging_mixin.py:115} INFO - [2022-07-28 19:47:23,680] {dag.py:2379} INFO - Sync 1 DAGs
[2022-07-28 19:47:23,692] {logging_mixin.py:115} INFO - [2022-07-28 19:47:23,692] {dag.py:2927} INFO - Setting next_dagrun for example_trigger_controller_dag to 2021-01-01T00:00:00+00:00, run_after=2021-01-01T00:00:00+00:00
[2022-07-28 19:47:23,703] {processor.py:161} INFO - Processing /home/lemon/airflow/airflowenv/lib/python3.8/site-packages/airflow/example_dags/example_trigger_controller_dag.py took 0.042 seconds
[2022-07-28 19:47:57,166] {processor.py:153} INFO - Started process (PID=966) to work on /home/lemon/airflow/airflowenv/lib/python3.8/site-packages/airflow/example_dags/example_trigger_controller_dag.py
[2022-07-28 19:47:57,174] {processor.py:641} INFO - Processing file /home/lemon/airflow/airflowenv/lib/python3.8/site-packages/airflow/example_dags/example_trigger_controller_dag.py for tasks to queue
[2022-07-28 19:47:57,175] {logging_mixin.py:115} INFO - [2022-07-28 19:47:57,174] {dagbag.py:507} INFO - Filling up the DagBag from /home/lemon/airflow/airflowenv/lib/python3.8/site-packages/airflow/example_dags/example_trigger_controller_dag.py
[2022-07-28 19:47:57,176] {processor.py:651} INFO - DAG(s) dict_keys(['example_trigger_controller_dag']) retrieved from /home/lemon/airflow/airflowenv/lib/python3.8/site-packages/airflow/example_dags/example_trigger_controller_dag.py
[2022-07-28 19:47:57,184] {logging_mixin.py:115} INFO - [2022-07-28 19:47:57,184] {dag.py:2379} INFO - Sync 1 DAGs
[2022-07-28 19:47:57,192] {logging_mixin.py:115} INFO - [2022-07-28 19:47:57,192] {dag.py:2927} INFO - Setting next_dagrun for example_trigger_controller_dag to 2021-01-01T00:00:00+00:00, run_after=2021-01-01T00:00:00+00:00
[2022-07-28 19:47:57,202] {processor.py:161} INFO - Processing /home/lemon/airflow/airflowenv/lib/python3.8/site-packages/airflow/example_dags/example_trigger_controller_dag.py took 0.038 seconds
[2022-07-28 19:48:28,921] {processor.py:153} INFO - Started process (PID=1001) to work on /home/lemon/airflow/airflowenv/lib/python3.8/site-packages/airflow/example_dags/example_trigger_controller_dag.py
[2022-07-28 19:48:28,921] {processor.py:641} INFO - Processing file /home/lemon/airflow/airflowenv/lib/python3.8/site-packages/airflow/example_dags/example_trigger_controller_dag.py for tasks to queue
[2022-07-28 19:48:28,922] {logging_mixin.py:115} INFO - [2022-07-28 19:48:28,922] {dagbag.py:507} INFO - Filling up the DagBag from /home/lemon/airflow/airflowenv/lib/python3.8/site-packages/airflow/example_dags/example_trigger_controller_dag.py
[2022-07-28 19:48:28,923] {processor.py:651} INFO - DAG(s) dict_keys(['example_trigger_controller_dag']) retrieved from /home/lemon/airflow/airflowenv/lib/python3.8/site-packages/airflow/example_dags/example_trigger_controller_dag.py
[2022-07-28 19:48:28,931] {logging_mixin.py:115} INFO - [2022-07-28 19:48:28,931] {dag.py:2379} INFO - Sync 1 DAGs
[2022-07-28 19:48:28,940] {logging_mixin.py:115} INFO - [2022-07-28 19:48:28,939] {dag.py:2927} INFO - Setting next_dagrun for example_trigger_controller_dag to 2021-01-01T00:00:00+00:00, run_after=2021-01-01T00:00:00+00:00
[2022-07-28 19:48:28,950] {processor.py:161} INFO - Processing /home/lemon/airflow/airflowenv/lib/python3.8/site-packages/airflow/example_dags/example_trigger_controller_dag.py took 0.030 seconds
[2022-07-28 19:49:01,931] {processor.py:153} INFO - Started process (PID=1036) to work on /home/lemon/airflow/airflowenv/lib/python3.8/site-packages/airflow/example_dags/example_trigger_controller_dag.py
[2022-07-28 19:49:01,939] {processor.py:641} INFO - Processing file /home/lemon/airflow/airflowenv/lib/python3.8/site-packages/airflow/example_dags/example_trigger_controller_dag.py for tasks to queue
[2022-07-28 19:49:01,939] {logging_mixin.py:115} INFO - [2022-07-28 19:49:01,939] {dagbag.py:507} INFO - Filling up the DagBag from /home/lemon/airflow/airflowenv/lib/python3.8/site-packages/airflow/example_dags/example_trigger_controller_dag.py
[2022-07-28 19:49:01,941] {processor.py:651} INFO - DAG(s) dict_keys(['example_trigger_controller_dag']) retrieved from /home/lemon/airflow/airflowenv/lib/python3.8/site-packages/airflow/example_dags/example_trigger_controller_dag.py
[2022-07-28 19:49:01,949] {logging_mixin.py:115} INFO - [2022-07-28 19:49:01,949] {dag.py:2379} INFO - Sync 1 DAGs
[2022-07-28 19:49:01,957] {logging_mixin.py:115} INFO - [2022-07-28 19:49:01,957] {dag.py:2927} INFO - Setting next_dagrun for example_trigger_controller_dag to 2021-01-01T00:00:00+00:00, run_after=2021-01-01T00:00:00+00:00
[2022-07-28 19:49:01,966] {processor.py:161} INFO - Processing /home/lemon/airflow/airflowenv/lib/python3.8/site-packages/airflow/example_dags/example_trigger_controller_dag.py took 0.037 seconds
[2022-07-28 19:51:29,563] {processor.py:153} INFO - Started process (PID=1377) to work on /home/lemon/airflow/airflowenv/lib/python3.8/site-packages/airflow/example_dags/example_trigger_controller_dag.py
[2022-07-28 19:51:29,564] {processor.py:641} INFO - Processing file /home/lemon/airflow/airflowenv/lib/python3.8/site-packages/airflow/example_dags/example_trigger_controller_dag.py for tasks to queue
[2022-07-28 19:51:29,564] {logging_mixin.py:115} INFO - [2022-07-28 19:51:29,564] {dagbag.py:507} INFO - Filling up the DagBag from /home/lemon/airflow/airflowenv/lib/python3.8/site-packages/airflow/example_dags/example_trigger_controller_dag.py
[2022-07-28 19:51:29,565] {processor.py:651} INFO - DAG(s) dict_keys(['example_trigger_controller_dag']) retrieved from /home/lemon/airflow/airflowenv/lib/python3.8/site-packages/airflow/example_dags/example_trigger_controller_dag.py
[2022-07-28 19:51:29,583] {logging_mixin.py:115} INFO - [2022-07-28 19:51:29,583] {dag.py:2379} INFO - Sync 1 DAGs
[2022-07-28 19:51:29,602] {logging_mixin.py:115} INFO - [2022-07-28 19:51:29,602] {dag.py:2927} INFO - Setting next_dagrun for example_trigger_controller_dag to 2021-01-01T00:00:00+00:00, run_after=2021-01-01T00:00:00+00:00
[2022-07-28 19:51:29,613] {processor.py:161} INFO - Processing /home/lemon/airflow/airflowenv/lib/python3.8/site-packages/airflow/example_dags/example_trigger_controller_dag.py took 0.051 seconds
[2022-07-28 19:52:58,973] {processor.py:153} INFO - Started process (PID=1965) to work on /home/lemon/airflow/airflowenv/lib/python3.8/site-packages/airflow/example_dags/example_trigger_controller_dag.py
[2022-07-28 19:52:58,981] {processor.py:641} INFO - Processing file /home/lemon/airflow/airflowenv/lib/python3.8/site-packages/airflow/example_dags/example_trigger_controller_dag.py for tasks to queue
[2022-07-28 19:52:58,982] {logging_mixin.py:115} INFO - [2022-07-28 19:52:58,981] {dagbag.py:507} INFO - Filling up the DagBag from /home/lemon/airflow/airflowenv/lib/python3.8/site-packages/airflow/example_dags/example_trigger_controller_dag.py
[2022-07-28 19:52:58,983] {processor.py:651} INFO - DAG(s) dict_keys(['example_trigger_controller_dag']) retrieved from /home/lemon/airflow/airflowenv/lib/python3.8/site-packages/airflow/example_dags/example_trigger_controller_dag.py
[2022-07-28 19:52:58,992] {logging_mixin.py:115} INFO - [2022-07-28 19:52:58,992] {dag.py:2379} INFO - Sync 1 DAGs
[2022-07-28 19:52:59,001] {logging_mixin.py:115} INFO - [2022-07-28 19:52:59,001] {dag.py:2927} INFO - Setting next_dagrun for example_trigger_controller_dag to 2021-01-01T00:00:00+00:00, run_after=2021-01-01T00:00:00+00:00
[2022-07-28 19:52:59,012] {processor.py:161} INFO - Processing /home/lemon/airflow/airflowenv/lib/python3.8/site-packages/airflow/example_dags/example_trigger_controller_dag.py took 0.040 seconds
[2022-07-28 19:53:30,849] {processor.py:153} INFO - Started process (PID=2279) to work on /home/lemon/airflow/airflowenv/lib/python3.8/site-packages/airflow/example_dags/example_trigger_controller_dag.py
[2022-07-28 19:53:30,858] {processor.py:641} INFO - Processing file /home/lemon/airflow/airflowenv/lib/python3.8/site-packages/airflow/example_dags/example_trigger_controller_dag.py for tasks to queue
[2022-07-28 19:53:30,858] {logging_mixin.py:115} INFO - [2022-07-28 19:53:30,858] {dagbag.py:507} INFO - Filling up the DagBag from /home/lemon/airflow/airflowenv/lib/python3.8/site-packages/airflow/example_dags/example_trigger_controller_dag.py
[2022-07-28 19:53:30,859] {processor.py:651} INFO - DAG(s) dict_keys(['example_trigger_controller_dag']) retrieved from /home/lemon/airflow/airflowenv/lib/python3.8/site-packages/airflow/example_dags/example_trigger_controller_dag.py
[2022-07-28 19:53:30,867] {logging_mixin.py:115} INFO - [2022-07-28 19:53:30,867] {dag.py:2379} INFO - Sync 1 DAGs
[2022-07-28 19:53:30,877] {logging_mixin.py:115} INFO - [2022-07-28 19:53:30,877] {dag.py:2927} INFO - Setting next_dagrun for example_trigger_controller_dag to 2021-01-01T00:00:00+00:00, run_after=2021-01-01T00:00:00+00:00
[2022-07-28 19:53:30,887] {processor.py:161} INFO - Processing /home/lemon/airflow/airflowenv/lib/python3.8/site-packages/airflow/example_dags/example_trigger_controller_dag.py took 0.039 seconds
[2022-07-28 19:54:04,478] {processor.py:153} INFO - Started process (PID=2496) to work on /home/lemon/airflow/airflowenv/lib/python3.8/site-packages/airflow/example_dags/example_trigger_controller_dag.py
[2022-07-28 19:54:04,486] {processor.py:641} INFO - Processing file /home/lemon/airflow/airflowenv/lib/python3.8/site-packages/airflow/example_dags/example_trigger_controller_dag.py for tasks to queue
[2022-07-28 19:54:04,487] {logging_mixin.py:115} INFO - [2022-07-28 19:54:04,487] {dagbag.py:507} INFO - Filling up the DagBag from /home/lemon/airflow/airflowenv/lib/python3.8/site-packages/airflow/example_dags/example_trigger_controller_dag.py
[2022-07-28 19:54:04,489] {processor.py:651} INFO - DAG(s) dict_keys(['example_trigger_controller_dag']) retrieved from /home/lemon/airflow/airflowenv/lib/python3.8/site-packages/airflow/example_dags/example_trigger_controller_dag.py
[2022-07-28 19:54:04,497] {logging_mixin.py:115} INFO - [2022-07-28 19:54:04,497] {dag.py:2379} INFO - Sync 1 DAGs
[2022-07-28 19:54:04,509] {logging_mixin.py:115} INFO - [2022-07-28 19:54:04,508] {dag.py:2927} INFO - Setting next_dagrun for example_trigger_controller_dag to 2021-01-01T00:00:00+00:00, run_after=2021-01-01T00:00:00+00:00
[2022-07-28 19:54:04,519] {processor.py:161} INFO - Processing /home/lemon/airflow/airflowenv/lib/python3.8/site-packages/airflow/example_dags/example_trigger_controller_dag.py took 0.042 seconds
[2022-07-28 19:54:39,613] {processor.py:153} INFO - Started process (PID=2531) to work on /home/lemon/airflow/airflowenv/lib/python3.8/site-packages/airflow/example_dags/example_trigger_controller_dag.py
[2022-07-28 19:54:39,622] {processor.py:641} INFO - Processing file /home/lemon/airflow/airflowenv/lib/python3.8/site-packages/airflow/example_dags/example_trigger_controller_dag.py for tasks to queue
[2022-07-28 19:54:39,623] {logging_mixin.py:115} INFO - [2022-07-28 19:54:39,623] {dagbag.py:507} INFO - Filling up the DagBag from /home/lemon/airflow/airflowenv/lib/python3.8/site-packages/airflow/example_dags/example_trigger_controller_dag.py
[2022-07-28 19:54:39,624] {processor.py:651} INFO - DAG(s) dict_keys(['example_trigger_controller_dag']) retrieved from /home/lemon/airflow/airflowenv/lib/python3.8/site-packages/airflow/example_dags/example_trigger_controller_dag.py
[2022-07-28 19:54:39,632] {logging_mixin.py:115} INFO - [2022-07-28 19:54:39,632] {dag.py:2379} INFO - Sync 1 DAGs
[2022-07-28 19:54:39,642] {logging_mixin.py:115} INFO - [2022-07-28 19:54:39,642] {dag.py:2927} INFO - Setting next_dagrun for example_trigger_controller_dag to 2021-01-01T00:00:00+00:00, run_after=2021-01-01T00:00:00+00:00
[2022-07-28 19:54:39,651] {processor.py:161} INFO - Processing /home/lemon/airflow/airflowenv/lib/python3.8/site-packages/airflow/example_dags/example_trigger_controller_dag.py took 0.039 seconds
[2022-07-28 19:55:13,265] {processor.py:153} INFO - Started process (PID=2567) to work on /home/lemon/airflow/airflowenv/lib/python3.8/site-packages/airflow/example_dags/example_trigger_controller_dag.py
[2022-07-28 19:55:13,265] {processor.py:641} INFO - Processing file /home/lemon/airflow/airflowenv/lib/python3.8/site-packages/airflow/example_dags/example_trigger_controller_dag.py for tasks to queue
[2022-07-28 19:55:13,266] {logging_mixin.py:115} INFO - [2022-07-28 19:55:13,266] {dagbag.py:507} INFO - Filling up the DagBag from /home/lemon/airflow/airflowenv/lib/python3.8/site-packages/airflow/example_dags/example_trigger_controller_dag.py
[2022-07-28 19:55:13,267] {processor.py:651} INFO - DAG(s) dict_keys(['example_trigger_controller_dag']) retrieved from /home/lemon/airflow/airflowenv/lib/python3.8/site-packages/airflow/example_dags/example_trigger_controller_dag.py
[2022-07-28 19:55:13,278] {logging_mixin.py:115} INFO - [2022-07-28 19:55:13,277] {dag.py:2379} INFO - Sync 1 DAGs
[2022-07-28 19:55:13,288] {logging_mixin.py:115} INFO - [2022-07-28 19:55:13,288] {dag.py:2927} INFO - Setting next_dagrun for example_trigger_controller_dag to 2021-01-01T00:00:00+00:00, run_after=2021-01-01T00:00:00+00:00
[2022-07-28 19:55:13,301] {processor.py:161} INFO - Processing /home/lemon/airflow/airflowenv/lib/python3.8/site-packages/airflow/example_dags/example_trigger_controller_dag.py took 0.037 seconds
