[2022-07-28 19:46:25,295] {processor.py:153} INFO - Started process (PID=310) to work on /home/lemon/airflow/airflowenv/lib/python3.8/site-packages/airflow/example_dags/example_short_circuit_operator.py
[2022-07-28 19:46:25,295] {processor.py:641} INFO - Processing file /home/lemon/airflow/airflowenv/lib/python3.8/site-packages/airflow/example_dags/example_short_circuit_operator.py for tasks to queue
[2022-07-28 19:46:25,295] {logging_mixin.py:115} INFO - [2022-07-28 19:46:25,295] {dagbag.py:507} INFO - Filling up the DagBag from /home/lemon/airflow/airflowenv/lib/python3.8/site-packages/airflow/example_dags/example_short_circuit_operator.py
[2022-07-28 19:46:25,300] {processor.py:651} INFO - DAG(s) dict_keys(['example_short_circuit_operator']) retrieved from /home/lemon/airflow/airflowenv/lib/python3.8/site-packages/airflow/example_dags/example_short_circuit_operator.py
[2022-07-28 19:46:25,346] {logging_mixin.py:115} INFO - [2022-07-28 19:46:25,346] {manager.py:508} INFO - Created Permission View: can delete on DAG:example_short_circuit_operator
[2022-07-28 19:46:25,356] {logging_mixin.py:115} INFO - [2022-07-28 19:46:25,356] {manager.py:508} INFO - Created Permission View: can read on DAG:example_short_circuit_operator
[2022-07-28 19:46:25,365] {logging_mixin.py:115} INFO - [2022-07-28 19:46:25,365] {manager.py:508} INFO - Created Permission View: can edit on DAG:example_short_circuit_operator
[2022-07-28 19:46:25,365] {logging_mixin.py:115} INFO - [2022-07-28 19:46:25,365] {dag.py:2379} INFO - Sync 1 DAGs
[2022-07-28 19:46:25,372] {logging_mixin.py:115} INFO - [2022-07-28 19:46:25,372] {dag.py:2398} INFO - Creating ORM DAG for example_short_circuit_operator
[2022-07-28 19:46:25,380] {logging_mixin.py:115} INFO - [2022-07-28 19:46:25,380] {dag.py:2927} INFO - Setting next_dagrun for example_short_circuit_operator to 2022-07-27T23:46:25.380323+00:00, run_after=2022-07-28T23:46:25.380323+00:00
[2022-07-28 19:46:25,395] {processor.py:161} INFO - Processing /home/lemon/airflow/airflowenv/lib/python3.8/site-packages/airflow/example_dags/example_short_circuit_operator.py took 0.102 seconds
[2022-07-28 19:46:58,030] {processor.py:153} INFO - Started process (PID=599) to work on /home/lemon/airflow/airflowenv/lib/python3.8/site-packages/airflow/example_dags/example_short_circuit_operator.py
[2022-07-28 19:46:58,032] {processor.py:641} INFO - Processing file /home/lemon/airflow/airflowenv/lib/python3.8/site-packages/airflow/example_dags/example_short_circuit_operator.py for tasks to queue
[2022-07-28 19:46:58,032] {logging_mixin.py:115} INFO - [2022-07-28 19:46:58,032] {dagbag.py:507} INFO - Filling up the DagBag from /home/lemon/airflow/airflowenv/lib/python3.8/site-packages/airflow/example_dags/example_short_circuit_operator.py
[2022-07-28 19:46:58,037] {processor.py:651} INFO - DAG(s) dict_keys(['example_short_circuit_operator']) retrieved from /home/lemon/airflow/airflowenv/lib/python3.8/site-packages/airflow/example_dags/example_short_circuit_operator.py
[2022-07-28 19:46:58,045] {logging_mixin.py:115} INFO - [2022-07-28 19:46:58,045] {dag.py:2379} INFO - Sync 1 DAGs
[2022-07-28 19:46:58,052] {logging_mixin.py:115} INFO - [2022-07-28 19:46:58,052] {dag.py:2927} INFO - Setting next_dagrun for example_short_circuit_operator to 2022-07-27T23:46:58.052533+00:00, run_after=2022-07-28T23:46:58.052533+00:00
[2022-07-28 19:46:58,063] {processor.py:161} INFO - Processing /home/lemon/airflow/airflowenv/lib/python3.8/site-packages/airflow/example_dags/example_short_circuit_operator.py took 0.035 seconds
[2022-07-28 19:47:31,656] {processor.py:153} INFO - Started process (PID=889) to work on /home/lemon/airflow/airflowenv/lib/python3.8/site-packages/airflow/example_dags/example_short_circuit_operator.py
[2022-07-28 19:47:31,657] {processor.py:641} INFO - Processing file /home/lemon/airflow/airflowenv/lib/python3.8/site-packages/airflow/example_dags/example_short_circuit_operator.py for tasks to queue
[2022-07-28 19:47:31,658] {logging_mixin.py:115} INFO - [2022-07-28 19:47:31,657] {dagbag.py:507} INFO - Filling up the DagBag from /home/lemon/airflow/airflowenv/lib/python3.8/site-packages/airflow/example_dags/example_short_circuit_operator.py
[2022-07-28 19:47:31,662] {processor.py:651} INFO - DAG(s) dict_keys(['example_short_circuit_operator']) retrieved from /home/lemon/airflow/airflowenv/lib/python3.8/site-packages/airflow/example_dags/example_short_circuit_operator.py
[2022-07-28 19:47:31,670] {logging_mixin.py:115} INFO - [2022-07-28 19:47:31,670] {dag.py:2379} INFO - Sync 1 DAGs
[2022-07-28 19:47:31,677] {logging_mixin.py:115} INFO - [2022-07-28 19:47:31,677] {dag.py:2927} INFO - Setting next_dagrun for example_short_circuit_operator to 2022-07-27T23:47:31.677738+00:00, run_after=2022-07-28T23:47:31.677738+00:00
[2022-07-28 19:47:31,692] {processor.py:161} INFO - Processing /home/lemon/airflow/airflowenv/lib/python3.8/site-packages/airflow/example_dags/example_short_circuit_operator.py took 0.037 seconds
[2022-07-28 19:48:04,548] {processor.py:153} INFO - Started process (PID=973) to work on /home/lemon/airflow/airflowenv/lib/python3.8/site-packages/airflow/example_dags/example_short_circuit_operator.py
[2022-07-28 19:48:04,548] {processor.py:641} INFO - Processing file /home/lemon/airflow/airflowenv/lib/python3.8/site-packages/airflow/example_dags/example_short_circuit_operator.py for tasks to queue
[2022-07-28 19:48:04,548] {logging_mixin.py:115} INFO - [2022-07-28 19:48:04,548] {dagbag.py:507} INFO - Filling up the DagBag from /home/lemon/airflow/airflowenv/lib/python3.8/site-packages/airflow/example_dags/example_short_circuit_operator.py
[2022-07-28 19:48:04,553] {processor.py:651} INFO - DAG(s) dict_keys(['example_short_circuit_operator']) retrieved from /home/lemon/airflow/airflowenv/lib/python3.8/site-packages/airflow/example_dags/example_short_circuit_operator.py
[2022-07-28 19:48:04,561] {logging_mixin.py:115} INFO - [2022-07-28 19:48:04,561] {dag.py:2379} INFO - Sync 1 DAGs
[2022-07-28 19:48:04,569] {logging_mixin.py:115} INFO - [2022-07-28 19:48:04,569] {dag.py:2927} INFO - Setting next_dagrun for example_short_circuit_operator to 2022-07-27T23:48:04.569031+00:00, run_after=2022-07-28T23:48:04.569031+00:00
[2022-07-28 19:48:04,579] {processor.py:161} INFO - Processing /home/lemon/airflow/airflowenv/lib/python3.8/site-packages/airflow/example_dags/example_short_circuit_operator.py took 0.033 seconds
[2022-07-28 19:48:35,415] {processor.py:153} INFO - Started process (PID=1009) to work on /home/lemon/airflow/airflowenv/lib/python3.8/site-packages/airflow/example_dags/example_short_circuit_operator.py
[2022-07-28 19:48:35,416] {processor.py:641} INFO - Processing file /home/lemon/airflow/airflowenv/lib/python3.8/site-packages/airflow/example_dags/example_short_circuit_operator.py for tasks to queue
[2022-07-28 19:48:35,416] {logging_mixin.py:115} INFO - [2022-07-28 19:48:35,416] {dagbag.py:507} INFO - Filling up the DagBag from /home/lemon/airflow/airflowenv/lib/python3.8/site-packages/airflow/example_dags/example_short_circuit_operator.py
[2022-07-28 19:48:35,421] {processor.py:651} INFO - DAG(s) dict_keys(['example_short_circuit_operator']) retrieved from /home/lemon/airflow/airflowenv/lib/python3.8/site-packages/airflow/example_dags/example_short_circuit_operator.py
[2022-07-28 19:48:35,429] {logging_mixin.py:115} INFO - [2022-07-28 19:48:35,429] {dag.py:2379} INFO - Sync 1 DAGs
[2022-07-28 19:48:35,446] {logging_mixin.py:115} INFO - [2022-07-28 19:48:35,446] {dag.py:2927} INFO - Setting next_dagrun for example_short_circuit_operator to 2022-07-27T23:48:35.446231+00:00, run_after=2022-07-28T23:48:35.446231+00:00
[2022-07-28 19:48:35,457] {processor.py:161} INFO - Processing /home/lemon/airflow/airflowenv/lib/python3.8/site-packages/airflow/example_dags/example_short_circuit_operator.py took 0.043 seconds
[2022-07-28 19:49:06,815] {processor.py:153} INFO - Started process (PID=1054) to work on /home/lemon/airflow/airflowenv/lib/python3.8/site-packages/airflow/example_dags/example_short_circuit_operator.py
[2022-07-28 19:49:06,815] {processor.py:641} INFO - Processing file /home/lemon/airflow/airflowenv/lib/python3.8/site-packages/airflow/example_dags/example_short_circuit_operator.py for tasks to queue
[2022-07-28 19:49:06,815] {logging_mixin.py:115} INFO - [2022-07-28 19:49:06,815] {dagbag.py:507} INFO - Filling up the DagBag from /home/lemon/airflow/airflowenv/lib/python3.8/site-packages/airflow/example_dags/example_short_circuit_operator.py
[2022-07-28 19:49:06,819] {processor.py:651} INFO - DAG(s) dict_keys(['example_short_circuit_operator']) retrieved from /home/lemon/airflow/airflowenv/lib/python3.8/site-packages/airflow/example_dags/example_short_circuit_operator.py
[2022-07-28 19:49:06,828] {logging_mixin.py:115} INFO - [2022-07-28 19:49:06,828] {dag.py:2379} INFO - Sync 1 DAGs
[2022-07-28 19:49:06,836] {logging_mixin.py:115} INFO - [2022-07-28 19:49:06,836] {dag.py:2927} INFO - Setting next_dagrun for example_short_circuit_operator to 2022-07-27T23:49:06.835912+00:00, run_after=2022-07-28T23:49:06.835912+00:00
[2022-07-28 19:49:06,847] {processor.py:161} INFO - Processing /home/lemon/airflow/airflowenv/lib/python3.8/site-packages/airflow/example_dags/example_short_circuit_operator.py took 0.034 seconds
[2022-07-28 19:51:06,938] {processor.py:153} INFO - Started process (PID=1249) to work on /home/lemon/airflow/airflowenv/lib/python3.8/site-packages/airflow/example_dags/example_short_circuit_operator.py
[2022-07-28 19:51:06,946] {processor.py:641} INFO - Processing file /home/lemon/airflow/airflowenv/lib/python3.8/site-packages/airflow/example_dags/example_short_circuit_operator.py for tasks to queue
[2022-07-28 19:51:06,947] {logging_mixin.py:115} INFO - [2022-07-28 19:51:06,947] {dagbag.py:507} INFO - Filling up the DagBag from /home/lemon/airflow/airflowenv/lib/python3.8/site-packages/airflow/example_dags/example_short_circuit_operator.py
[2022-07-28 19:51:06,952] {processor.py:651} INFO - DAG(s) dict_keys(['example_short_circuit_operator']) retrieved from /home/lemon/airflow/airflowenv/lib/python3.8/site-packages/airflow/example_dags/example_short_circuit_operator.py
[2022-07-28 19:51:06,961] {logging_mixin.py:115} INFO - [2022-07-28 19:51:06,961] {dag.py:2379} INFO - Sync 1 DAGs
[2022-07-28 19:51:06,969] {logging_mixin.py:115} INFO - [2022-07-28 19:51:06,969] {dag.py:2927} INFO - Setting next_dagrun for example_short_circuit_operator to 2022-07-27T23:51:06.969241+00:00, run_after=2022-07-28T23:51:06.969241+00:00
[2022-07-28 19:51:06,980] {processor.py:161} INFO - Processing /home/lemon/airflow/airflowenv/lib/python3.8/site-packages/airflow/example_dags/example_short_circuit_operator.py took 0.044 seconds
[2022-07-28 19:51:38,708] {processor.py:153} INFO - Started process (PID=1489) to work on /home/lemon/airflow/airflowenv/lib/python3.8/site-packages/airflow/example_dags/example_short_circuit_operator.py
[2022-07-28 19:51:38,710] {processor.py:641} INFO - Processing file /home/lemon/airflow/airflowenv/lib/python3.8/site-packages/airflow/example_dags/example_short_circuit_operator.py for tasks to queue
[2022-07-28 19:51:38,710] {logging_mixin.py:115} INFO - [2022-07-28 19:51:38,710] {dagbag.py:507} INFO - Filling up the DagBag from /home/lemon/airflow/airflowenv/lib/python3.8/site-packages/airflow/example_dags/example_short_circuit_operator.py
[2022-07-28 19:51:38,715] {processor.py:651} INFO - DAG(s) dict_keys(['example_short_circuit_operator']) retrieved from /home/lemon/airflow/airflowenv/lib/python3.8/site-packages/airflow/example_dags/example_short_circuit_operator.py
[2022-07-28 19:51:38,723] {logging_mixin.py:115} INFO - [2022-07-28 19:51:38,723] {dag.py:2379} INFO - Sync 1 DAGs
[2022-07-28 19:51:38,730] {logging_mixin.py:115} INFO - [2022-07-28 19:51:38,730] {dag.py:2927} INFO - Setting next_dagrun for example_short_circuit_operator to 2022-07-27T23:51:38.730727+00:00, run_after=2022-07-28T23:51:38.730727+00:00
[2022-07-28 19:51:38,742] {processor.py:161} INFO - Processing /home/lemon/airflow/airflowenv/lib/python3.8/site-packages/airflow/example_dags/example_short_circuit_operator.py took 0.035 seconds
[2022-07-28 19:52:34,864] {processor.py:153} INFO - Started process (PID=1770) to work on /home/lemon/airflow/airflowenv/lib/python3.8/site-packages/airflow/example_dags/example_short_circuit_operator.py
[2022-07-28 19:52:34,872] {processor.py:641} INFO - Processing file /home/lemon/airflow/airflowenv/lib/python3.8/site-packages/airflow/example_dags/example_short_circuit_operator.py for tasks to queue
[2022-07-28 19:52:34,872] {logging_mixin.py:115} INFO - [2022-07-28 19:52:34,872] {dagbag.py:507} INFO - Filling up the DagBag from /home/lemon/airflow/airflowenv/lib/python3.8/site-packages/airflow/example_dags/example_short_circuit_operator.py
[2022-07-28 19:52:34,877] {processor.py:651} INFO - DAG(s) dict_keys(['example_short_circuit_operator']) retrieved from /home/lemon/airflow/airflowenv/lib/python3.8/site-packages/airflow/example_dags/example_short_circuit_operator.py
[2022-07-28 19:52:34,886] {logging_mixin.py:115} INFO - [2022-07-28 19:52:34,886] {dag.py:2379} INFO - Sync 1 DAGs
[2022-07-28 19:52:34,896] {logging_mixin.py:115} INFO - [2022-07-28 19:52:34,896] {dag.py:2927} INFO - Setting next_dagrun for example_short_circuit_operator to 2022-07-27T23:52:34.896703+00:00, run_after=2022-07-28T23:52:34.896703+00:00
[2022-07-28 19:52:34,907] {processor.py:161} INFO - Processing /home/lemon/airflow/airflowenv/lib/python3.8/site-packages/airflow/example_dags/example_short_circuit_operator.py took 0.044 seconds
[2022-07-28 19:53:07,527] {processor.py:153} INFO - Started process (PID=2026) to work on /home/lemon/airflow/airflowenv/lib/python3.8/site-packages/airflow/example_dags/example_short_circuit_operator.py
[2022-07-28 19:53:07,535] {processor.py:641} INFO - Processing file /home/lemon/airflow/airflowenv/lib/python3.8/site-packages/airflow/example_dags/example_short_circuit_operator.py for tasks to queue
[2022-07-28 19:53:07,535] {logging_mixin.py:115} INFO - [2022-07-28 19:53:07,535] {dagbag.py:507} INFO - Filling up the DagBag from /home/lemon/airflow/airflowenv/lib/python3.8/site-packages/airflow/example_dags/example_short_circuit_operator.py
[2022-07-28 19:53:07,540] {processor.py:651} INFO - DAG(s) dict_keys(['example_short_circuit_operator']) retrieved from /home/lemon/airflow/airflowenv/lib/python3.8/site-packages/airflow/example_dags/example_short_circuit_operator.py
[2022-07-28 19:53:07,549] {logging_mixin.py:115} INFO - [2022-07-28 19:53:07,549] {dag.py:2379} INFO - Sync 1 DAGs
[2022-07-28 19:53:07,560] {logging_mixin.py:115} INFO - [2022-07-28 19:53:07,560] {dag.py:2927} INFO - Setting next_dagrun for example_short_circuit_operator to 2022-07-27T23:53:07.560678+00:00, run_after=2022-07-28T23:53:07.560678+00:00
[2022-07-28 19:53:07,573] {processor.py:161} INFO - Processing /home/lemon/airflow/airflowenv/lib/python3.8/site-packages/airflow/example_dags/example_short_circuit_operator.py took 0.047 seconds
[2022-07-28 19:53:39,976] {processor.py:153} INFO - Started process (PID=2369) to work on /home/lemon/airflow/airflowenv/lib/python3.8/site-packages/airflow/example_dags/example_short_circuit_operator.py
[2022-07-28 19:53:39,985] {processor.py:641} INFO - Processing file /home/lemon/airflow/airflowenv/lib/python3.8/site-packages/airflow/example_dags/example_short_circuit_operator.py for tasks to queue
[2022-07-28 19:53:39,985] {logging_mixin.py:115} INFO - [2022-07-28 19:53:39,985] {dagbag.py:507} INFO - Filling up the DagBag from /home/lemon/airflow/airflowenv/lib/python3.8/site-packages/airflow/example_dags/example_short_circuit_operator.py
[2022-07-28 19:53:39,990] {processor.py:651} INFO - DAG(s) dict_keys(['example_short_circuit_operator']) retrieved from /home/lemon/airflow/airflowenv/lib/python3.8/site-packages/airflow/example_dags/example_short_circuit_operator.py
[2022-07-28 19:53:39,998] {logging_mixin.py:115} INFO - [2022-07-28 19:53:39,998] {dag.py:2379} INFO - Sync 1 DAGs
[2022-07-28 19:53:40,007] {logging_mixin.py:115} INFO - [2022-07-28 19:53:40,007] {dag.py:2927} INFO - Setting next_dagrun for example_short_circuit_operator to 2022-07-27T23:53:40.007053+00:00, run_after=2022-07-28T23:53:40.007053+00:00
[2022-07-28 19:53:40,017] {processor.py:161} INFO - Processing /home/lemon/airflow/airflowenv/lib/python3.8/site-packages/airflow/example_dags/example_short_circuit_operator.py took 0.042 seconds
[2022-07-28 19:54:14,730] {processor.py:153} INFO - Started process (PID=2506) to work on /home/lemon/airflow/airflowenv/lib/python3.8/site-packages/airflow/example_dags/example_short_circuit_operator.py
[2022-07-28 19:54:14,738] {processor.py:641} INFO - Processing file /home/lemon/airflow/airflowenv/lib/python3.8/site-packages/airflow/example_dags/example_short_circuit_operator.py for tasks to queue
[2022-07-28 19:54:14,738] {logging_mixin.py:115} INFO - [2022-07-28 19:54:14,738] {dagbag.py:507} INFO - Filling up the DagBag from /home/lemon/airflow/airflowenv/lib/python3.8/site-packages/airflow/example_dags/example_short_circuit_operator.py
[2022-07-28 19:54:14,743] {processor.py:651} INFO - DAG(s) dict_keys(['example_short_circuit_operator']) retrieved from /home/lemon/airflow/airflowenv/lib/python3.8/site-packages/airflow/example_dags/example_short_circuit_operator.py
[2022-07-28 19:54:14,751] {logging_mixin.py:115} INFO - [2022-07-28 19:54:14,751] {dag.py:2379} INFO - Sync 1 DAGs
[2022-07-28 19:54:14,760] {logging_mixin.py:115} INFO - [2022-07-28 19:54:14,760] {dag.py:2927} INFO - Setting next_dagrun for example_short_circuit_operator to 2022-07-27T23:54:14.760004+00:00, run_after=2022-07-28T23:54:14.760004+00:00
[2022-07-28 19:54:14,770] {processor.py:161} INFO - Processing /home/lemon/airflow/airflowenv/lib/python3.8/site-packages/airflow/example_dags/example_short_circuit_operator.py took 0.041 seconds
[2022-07-28 19:54:45,356] {processor.py:153} INFO - Started process (PID=2538) to work on /home/lemon/airflow/airflowenv/lib/python3.8/site-packages/airflow/example_dags/example_short_circuit_operator.py
[2022-07-28 19:54:45,357] {processor.py:641} INFO - Processing file /home/lemon/airflow/airflowenv/lib/python3.8/site-packages/airflow/example_dags/example_short_circuit_operator.py for tasks to queue
[2022-07-28 19:54:45,357] {logging_mixin.py:115} INFO - [2022-07-28 19:54:45,357] {dagbag.py:507} INFO - Filling up the DagBag from /home/lemon/airflow/airflowenv/lib/python3.8/site-packages/airflow/example_dags/example_short_circuit_operator.py
[2022-07-28 19:54:45,362] {processor.py:651} INFO - DAG(s) dict_keys(['example_short_circuit_operator']) retrieved from /home/lemon/airflow/airflowenv/lib/python3.8/site-packages/airflow/example_dags/example_short_circuit_operator.py
[2022-07-28 19:54:45,369] {logging_mixin.py:115} INFO - [2022-07-28 19:54:45,369] {dag.py:2379} INFO - Sync 1 DAGs
[2022-07-28 19:54:45,380] {logging_mixin.py:115} INFO - [2022-07-28 19:54:45,380] {dag.py:2927} INFO - Setting next_dagrun for example_short_circuit_operator to 2022-07-27T23:54:45.380179+00:00, run_after=2022-07-28T23:54:45.380179+00:00
[2022-07-28 19:54:45,391] {processor.py:161} INFO - Processing /home/lemon/airflow/airflowenv/lib/python3.8/site-packages/airflow/example_dags/example_short_circuit_operator.py took 0.037 seconds
[2022-07-28 19:55:16,139] {processor.py:153} INFO - Started process (PID=2570) to work on /home/lemon/airflow/airflowenv/lib/python3.8/site-packages/airflow/example_dags/example_short_circuit_operator.py
[2022-07-28 19:55:16,142] {processor.py:641} INFO - Processing file /home/lemon/airflow/airflowenv/lib/python3.8/site-packages/airflow/example_dags/example_short_circuit_operator.py for tasks to queue
[2022-07-28 19:55:16,143] {logging_mixin.py:115} INFO - [2022-07-28 19:55:16,143] {dagbag.py:507} INFO - Filling up the DagBag from /home/lemon/airflow/airflowenv/lib/python3.8/site-packages/airflow/example_dags/example_short_circuit_operator.py
[2022-07-28 19:55:16,148] {processor.py:651} INFO - DAG(s) dict_keys(['example_short_circuit_operator']) retrieved from /home/lemon/airflow/airflowenv/lib/python3.8/site-packages/airflow/example_dags/example_short_circuit_operator.py
[2022-07-28 19:55:16,157] {logging_mixin.py:115} INFO - [2022-07-28 19:55:16,157] {dag.py:2379} INFO - Sync 1 DAGs
[2022-07-28 19:55:16,168] {logging_mixin.py:115} INFO - [2022-07-28 19:55:16,168] {dag.py:2927} INFO - Setting next_dagrun for example_short_circuit_operator to 2022-07-27T23:55:16.168555+00:00, run_after=2022-07-28T23:55:16.168555+00:00
[2022-07-28 19:55:16,181] {processor.py:161} INFO - Processing /home/lemon/airflow/airflowenv/lib/python3.8/site-packages/airflow/example_dags/example_short_circuit_operator.py took 0.043 seconds
