[2022-07-28 19:46:36,305] {processor.py:153} INFO - Started process (PID=423) to work on /home/lemon/airflow/airflowenv/lib/python3.8/site-packages/airflow/example_dags/tutorial.py
[2022-07-28 19:46:36,305] {processor.py:641} INFO - Processing file /home/lemon/airflow/airflowenv/lib/python3.8/site-packages/airflow/example_dags/tutorial.py for tasks to queue
[2022-07-28 19:46:36,306] {logging_mixin.py:115} INFO - [2022-07-28 19:46:36,306] {dagbag.py:507} INFO - Filling up the DagBag from /home/lemon/airflow/airflowenv/lib/python3.8/site-packages/airflow/example_dags/tutorial.py
[2022-07-28 19:46:36,308] {processor.py:651} INFO - DAG(s) dict_keys(['tutorial']) retrieved from /home/lemon/airflow/airflowenv/lib/python3.8/site-packages/airflow/example_dags/tutorial.py
[2022-07-28 19:46:36,356] {logging_mixin.py:115} INFO - [2022-07-28 19:46:36,355] {manager.py:508} INFO - Created Permission View: can delete on DAG:tutorial
[2022-07-28 19:46:36,364] {logging_mixin.py:115} INFO - [2022-07-28 19:46:36,364] {manager.py:508} INFO - Created Permission View: can read on DAG:tutorial
[2022-07-28 19:46:36,372] {logging_mixin.py:115} INFO - [2022-07-28 19:46:36,372] {manager.py:508} INFO - Created Permission View: can edit on DAG:tutorial
[2022-07-28 19:46:36,372] {logging_mixin.py:115} INFO - [2022-07-28 19:46:36,372] {dag.py:2379} INFO - Sync 1 DAGs
[2022-07-28 19:46:36,376] {logging_mixin.py:115} INFO - [2022-07-28 19:46:36,376] {dag.py:2398} INFO - Creating ORM DAG for tutorial
[2022-07-28 19:46:36,380] {logging_mixin.py:115} INFO - [2022-07-28 19:46:36,380] {dag.py:2927} INFO - Setting next_dagrun for tutorial to 2022-07-27T23:46:36.380763+00:00, run_after=2022-07-28T23:46:36.380763+00:00
[2022-07-28 19:46:36,392] {processor.py:161} INFO - Processing /home/lemon/airflow/airflowenv/lib/python3.8/site-packages/airflow/example_dags/tutorial.py took 0.088 seconds
[2022-07-28 19:47:09,398] {processor.py:153} INFO - Started process (PID=663) to work on /home/lemon/airflow/airflowenv/lib/python3.8/site-packages/airflow/example_dags/tutorial.py
[2022-07-28 19:47:09,399] {processor.py:641} INFO - Processing file /home/lemon/airflow/airflowenv/lib/python3.8/site-packages/airflow/example_dags/tutorial.py for tasks to queue
[2022-07-28 19:47:09,399] {logging_mixin.py:115} INFO - [2022-07-28 19:47:09,399] {dagbag.py:507} INFO - Filling up the DagBag from /home/lemon/airflow/airflowenv/lib/python3.8/site-packages/airflow/example_dags/tutorial.py
[2022-07-28 19:47:09,402] {processor.py:651} INFO - DAG(s) dict_keys(['tutorial']) retrieved from /home/lemon/airflow/airflowenv/lib/python3.8/site-packages/airflow/example_dags/tutorial.py
[2022-07-28 19:47:09,410] {logging_mixin.py:115} INFO - [2022-07-28 19:47:09,409] {dag.py:2379} INFO - Sync 1 DAGs
[2022-07-28 19:47:09,419] {logging_mixin.py:115} INFO - [2022-07-28 19:47:09,419] {dag.py:2927} INFO - Setting next_dagrun for tutorial to 2022-07-27T23:47:09.419076+00:00, run_after=2022-07-28T23:47:09.419076+00:00
[2022-07-28 19:47:09,437] {processor.py:161} INFO - Processing /home/lemon/airflow/airflowenv/lib/python3.8/site-packages/airflow/example_dags/tutorial.py took 0.040 seconds
[2022-07-28 19:47:44,165] {processor.py:153} INFO - Started process (PID=952) to work on /home/lemon/airflow/airflowenv/lib/python3.8/site-packages/airflow/example_dags/tutorial.py
[2022-07-28 19:47:44,166] {processor.py:641} INFO - Processing file /home/lemon/airflow/airflowenv/lib/python3.8/site-packages/airflow/example_dags/tutorial.py for tasks to queue
[2022-07-28 19:47:44,167] {logging_mixin.py:115} INFO - [2022-07-28 19:47:44,166] {dagbag.py:507} INFO - Filling up the DagBag from /home/lemon/airflow/airflowenv/lib/python3.8/site-packages/airflow/example_dags/tutorial.py
[2022-07-28 19:47:44,169] {processor.py:651} INFO - DAG(s) dict_keys(['tutorial']) retrieved from /home/lemon/airflow/airflowenv/lib/python3.8/site-packages/airflow/example_dags/tutorial.py
[2022-07-28 19:47:44,177] {logging_mixin.py:115} INFO - [2022-07-28 19:47:44,177] {dag.py:2379} INFO - Sync 1 DAGs
[2022-07-28 19:47:44,185] {logging_mixin.py:115} INFO - [2022-07-28 19:47:44,185] {dag.py:2927} INFO - Setting next_dagrun for tutorial to 2022-07-27T23:47:44.185171+00:00, run_after=2022-07-28T23:47:44.185171+00:00
[2022-07-28 19:47:44,196] {processor.py:161} INFO - Processing /home/lemon/airflow/airflowenv/lib/python3.8/site-packages/airflow/example_dags/tutorial.py took 0.032 seconds
[2022-07-28 19:48:16,292] {processor.py:153} INFO - Started process (PID=986) to work on /home/lemon/airflow/airflowenv/lib/python3.8/site-packages/airflow/example_dags/tutorial.py
[2022-07-28 19:48:16,292] {processor.py:641} INFO - Processing file /home/lemon/airflow/airflowenv/lib/python3.8/site-packages/airflow/example_dags/tutorial.py for tasks to queue
[2022-07-28 19:48:16,292] {logging_mixin.py:115} INFO - [2022-07-28 19:48:16,292] {dagbag.py:507} INFO - Filling up the DagBag from /home/lemon/airflow/airflowenv/lib/python3.8/site-packages/airflow/example_dags/tutorial.py
[2022-07-28 19:48:16,295] {processor.py:651} INFO - DAG(s) dict_keys(['tutorial']) retrieved from /home/lemon/airflow/airflowenv/lib/python3.8/site-packages/airflow/example_dags/tutorial.py
[2022-07-28 19:48:16,303] {logging_mixin.py:115} INFO - [2022-07-28 19:48:16,303] {dag.py:2379} INFO - Sync 1 DAGs
[2022-07-28 19:48:16,311] {logging_mixin.py:115} INFO - [2022-07-28 19:48:16,311] {dag.py:2927} INFO - Setting next_dagrun for tutorial to 2022-07-27T23:48:16.311214+00:00, run_after=2022-07-28T23:48:16.311214+00:00
[2022-07-28 19:48:16,322] {processor.py:161} INFO - Processing /home/lemon/airflow/airflowenv/lib/python3.8/site-packages/airflow/example_dags/tutorial.py took 0.031 seconds
[2022-07-28 19:48:48,299] {processor.py:153} INFO - Started process (PID=1022) to work on /home/lemon/airflow/airflowenv/lib/python3.8/site-packages/airflow/example_dags/tutorial.py
[2022-07-28 19:48:48,300] {processor.py:641} INFO - Processing file /home/lemon/airflow/airflowenv/lib/python3.8/site-packages/airflow/example_dags/tutorial.py for tasks to queue
[2022-07-28 19:48:48,300] {logging_mixin.py:115} INFO - [2022-07-28 19:48:48,300] {dagbag.py:507} INFO - Filling up the DagBag from /home/lemon/airflow/airflowenv/lib/python3.8/site-packages/airflow/example_dags/tutorial.py
[2022-07-28 19:48:48,302] {processor.py:651} INFO - DAG(s) dict_keys(['tutorial']) retrieved from /home/lemon/airflow/airflowenv/lib/python3.8/site-packages/airflow/example_dags/tutorial.py
[2022-07-28 19:48:48,310] {logging_mixin.py:115} INFO - [2022-07-28 19:48:48,310] {dag.py:2379} INFO - Sync 1 DAGs
[2022-07-28 19:48:48,318] {logging_mixin.py:115} INFO - [2022-07-28 19:48:48,318] {dag.py:2927} INFO - Setting next_dagrun for tutorial to 2022-07-27T23:48:48.318110+00:00, run_after=2022-07-28T23:48:48.318110+00:00
[2022-07-28 19:48:48,328] {processor.py:161} INFO - Processing /home/lemon/airflow/airflowenv/lib/python3.8/site-packages/airflow/example_dags/tutorial.py took 0.031 seconds
[2022-07-28 19:51:17,051] {processor.py:153} INFO - Started process (PID=1363) to work on /home/lemon/airflow/airflowenv/lib/python3.8/site-packages/airflow/example_dags/tutorial.py
[2022-07-28 19:51:17,052] {processor.py:641} INFO - Processing file /home/lemon/airflow/airflowenv/lib/python3.8/site-packages/airflow/example_dags/tutorial.py for tasks to queue
[2022-07-28 19:51:17,052] {logging_mixin.py:115} INFO - [2022-07-28 19:51:17,052] {dagbag.py:507} INFO - Filling up the DagBag from /home/lemon/airflow/airflowenv/lib/python3.8/site-packages/airflow/example_dags/tutorial.py
[2022-07-28 19:51:17,055] {processor.py:651} INFO - DAG(s) dict_keys(['tutorial']) retrieved from /home/lemon/airflow/airflowenv/lib/python3.8/site-packages/airflow/example_dags/tutorial.py
[2022-07-28 19:51:17,063] {logging_mixin.py:115} INFO - [2022-07-28 19:51:17,063] {dag.py:2379} INFO - Sync 1 DAGs
[2022-07-28 19:51:17,071] {logging_mixin.py:115} INFO - [2022-07-28 19:51:17,071] {dag.py:2927} INFO - Setting next_dagrun for tutorial to 2022-07-27T23:51:17.071636+00:00, run_after=2022-07-28T23:51:17.071636+00:00
[2022-07-28 19:51:17,083] {processor.py:161} INFO - Processing /home/lemon/airflow/airflowenv/lib/python3.8/site-packages/airflow/example_dags/tutorial.py took 0.033 seconds
[2022-07-28 19:51:49,825] {processor.py:153} INFO - Started process (PID=1501) to work on /home/lemon/airflow/airflowenv/lib/python3.8/site-packages/airflow/example_dags/tutorial.py
[2022-07-28 19:51:49,833] {processor.py:641} INFO - Processing file /home/lemon/airflow/airflowenv/lib/python3.8/site-packages/airflow/example_dags/tutorial.py for tasks to queue
[2022-07-28 19:51:49,834] {logging_mixin.py:115} INFO - [2022-07-28 19:51:49,833] {dagbag.py:507} INFO - Filling up the DagBag from /home/lemon/airflow/airflowenv/lib/python3.8/site-packages/airflow/example_dags/tutorial.py
[2022-07-28 19:51:49,837] {processor.py:651} INFO - DAG(s) dict_keys(['tutorial']) retrieved from /home/lemon/airflow/airflowenv/lib/python3.8/site-packages/airflow/example_dags/tutorial.py
[2022-07-28 19:51:49,844] {logging_mixin.py:115} INFO - [2022-07-28 19:51:49,844] {dag.py:2379} INFO - Sync 1 DAGs
[2022-07-28 19:51:49,853] {logging_mixin.py:115} INFO - [2022-07-28 19:51:49,853] {dag.py:2927} INFO - Setting next_dagrun for tutorial to 2022-07-27T23:51:49.852909+00:00, run_after=2022-07-28T23:51:49.852909+00:00
[2022-07-28 19:51:49,864] {processor.py:161} INFO - Processing /home/lemon/airflow/airflowenv/lib/python3.8/site-packages/airflow/example_dags/tutorial.py took 0.041 seconds
[2022-07-28 19:52:45,980] {processor.py:153} INFO - Started process (PID=1849) to work on /home/lemon/airflow/airflowenv/lib/python3.8/site-packages/airflow/example_dags/tutorial.py
[2022-07-28 19:52:45,988] {processor.py:641} INFO - Processing file /home/lemon/airflow/airflowenv/lib/python3.8/site-packages/airflow/example_dags/tutorial.py for tasks to queue
[2022-07-28 19:52:45,989] {logging_mixin.py:115} INFO - [2022-07-28 19:52:45,989] {dagbag.py:507} INFO - Filling up the DagBag from /home/lemon/airflow/airflowenv/lib/python3.8/site-packages/airflow/example_dags/tutorial.py
[2022-07-28 19:52:45,992] {processor.py:651} INFO - DAG(s) dict_keys(['tutorial']) retrieved from /home/lemon/airflow/airflowenv/lib/python3.8/site-packages/airflow/example_dags/tutorial.py
[2022-07-28 19:52:46,000] {logging_mixin.py:115} INFO - [2022-07-28 19:52:46,000] {dag.py:2379} INFO - Sync 1 DAGs
[2022-07-28 19:52:46,009] {logging_mixin.py:115} INFO - [2022-07-28 19:52:46,009] {dag.py:2927} INFO - Setting next_dagrun for tutorial to 2022-07-27T23:52:46.009573+00:00, run_after=2022-07-28T23:52:46.009573+00:00
[2022-07-28 19:52:46,019] {processor.py:161} INFO - Processing /home/lemon/airflow/airflowenv/lib/python3.8/site-packages/airflow/example_dags/tutorial.py took 0.040 seconds
[2022-07-28 19:53:17,732] {processor.py:153} INFO - Started process (PID=2141) to work on /home/lemon/airflow/airflowenv/lib/python3.8/site-packages/airflow/example_dags/tutorial.py
[2022-07-28 19:53:17,740] {processor.py:641} INFO - Processing file /home/lemon/airflow/airflowenv/lib/python3.8/site-packages/airflow/example_dags/tutorial.py for tasks to queue
[2022-07-28 19:53:17,741] {logging_mixin.py:115} INFO - [2022-07-28 19:53:17,741] {dagbag.py:507} INFO - Filling up the DagBag from /home/lemon/airflow/airflowenv/lib/python3.8/site-packages/airflow/example_dags/tutorial.py
[2022-07-28 19:53:17,744] {processor.py:651} INFO - DAG(s) dict_keys(['tutorial']) retrieved from /home/lemon/airflow/airflowenv/lib/python3.8/site-packages/airflow/example_dags/tutorial.py
[2022-07-28 19:53:17,752] {logging_mixin.py:115} INFO - [2022-07-28 19:53:17,752] {dag.py:2379} INFO - Sync 1 DAGs
[2022-07-28 19:53:17,761] {logging_mixin.py:115} INFO - [2022-07-28 19:53:17,761] {dag.py:2927} INFO - Setting next_dagrun for tutorial to 2022-07-27T23:53:17.761610+00:00, run_after=2022-07-28T23:53:17.761610+00:00
[2022-07-28 19:53:17,775] {processor.py:161} INFO - Processing /home/lemon/airflow/airflowenv/lib/python3.8/site-packages/airflow/example_dags/tutorial.py took 0.044 seconds
[2022-07-28 19:53:51,352] {processor.py:153} INFO - Started process (PID=2431) to work on /home/lemon/airflow/airflowenv/lib/python3.8/site-packages/airflow/example_dags/tutorial.py
[2022-07-28 19:53:51,360] {processor.py:641} INFO - Processing file /home/lemon/airflow/airflowenv/lib/python3.8/site-packages/airflow/example_dags/tutorial.py for tasks to queue
[2022-07-28 19:53:51,360] {logging_mixin.py:115} INFO - [2022-07-28 19:53:51,360] {dagbag.py:507} INFO - Filling up the DagBag from /home/lemon/airflow/airflowenv/lib/python3.8/site-packages/airflow/example_dags/tutorial.py
[2022-07-28 19:53:51,363] {processor.py:651} INFO - DAG(s) dict_keys(['tutorial']) retrieved from /home/lemon/airflow/airflowenv/lib/python3.8/site-packages/airflow/example_dags/tutorial.py
[2022-07-28 19:53:51,371] {logging_mixin.py:115} INFO - [2022-07-28 19:53:51,371] {dag.py:2379} INFO - Sync 1 DAGs
[2022-07-28 19:53:51,381] {logging_mixin.py:115} INFO - [2022-07-28 19:53:51,381] {dag.py:2927} INFO - Setting next_dagrun for tutorial to 2022-07-27T23:53:51.381332+00:00, run_after=2022-07-28T23:53:51.381332+00:00
[2022-07-28 19:53:51,393] {processor.py:161} INFO - Processing /home/lemon/airflow/airflowenv/lib/python3.8/site-packages/airflow/example_dags/tutorial.py took 0.042 seconds
[2022-07-28 19:54:24,976] {processor.py:153} INFO - Started process (PID=2517) to work on /home/lemon/airflow/airflowenv/lib/python3.8/site-packages/airflow/example_dags/tutorial.py
[2022-07-28 19:54:24,984] {processor.py:641} INFO - Processing file /home/lemon/airflow/airflowenv/lib/python3.8/site-packages/airflow/example_dags/tutorial.py for tasks to queue
[2022-07-28 19:54:24,985] {logging_mixin.py:115} INFO - [2022-07-28 19:54:24,984] {dagbag.py:507} INFO - Filling up the DagBag from /home/lemon/airflow/airflowenv/lib/python3.8/site-packages/airflow/example_dags/tutorial.py
[2022-07-28 19:54:24,987] {processor.py:651} INFO - DAG(s) dict_keys(['tutorial']) retrieved from /home/lemon/airflow/airflowenv/lib/python3.8/site-packages/airflow/example_dags/tutorial.py
[2022-07-28 19:54:24,995] {logging_mixin.py:115} INFO - [2022-07-28 19:54:24,995] {dag.py:2379} INFO - Sync 1 DAGs
[2022-07-28 19:54:25,005] {logging_mixin.py:115} INFO - [2022-07-28 19:54:25,005] {dag.py:2927} INFO - Setting next_dagrun for tutorial to 2022-07-27T23:54:25.005564+00:00, run_after=2022-07-28T23:54:25.005564+00:00
[2022-07-28 19:54:25,016] {processor.py:161} INFO - Processing /home/lemon/airflow/airflowenv/lib/python3.8/site-packages/airflow/example_dags/tutorial.py took 0.041 seconds
[2022-07-28 19:54:58,978] {processor.py:153} INFO - Started process (PID=2552) to work on /home/lemon/airflow/airflowenv/lib/python3.8/site-packages/airflow/example_dags/tutorial.py
[2022-07-28 19:54:58,987] {processor.py:641} INFO - Processing file /home/lemon/airflow/airflowenv/lib/python3.8/site-packages/airflow/example_dags/tutorial.py for tasks to queue
[2022-07-28 19:54:58,987] {logging_mixin.py:115} INFO - [2022-07-28 19:54:58,987] {dagbag.py:507} INFO - Filling up the DagBag from /home/lemon/airflow/airflowenv/lib/python3.8/site-packages/airflow/example_dags/tutorial.py
[2022-07-28 19:54:58,990] {processor.py:651} INFO - DAG(s) dict_keys(['tutorial']) retrieved from /home/lemon/airflow/airflowenv/lib/python3.8/site-packages/airflow/example_dags/tutorial.py
[2022-07-28 19:54:58,998] {logging_mixin.py:115} INFO - [2022-07-28 19:54:58,998] {dag.py:2379} INFO - Sync 1 DAGs
[2022-07-28 19:54:59,008] {logging_mixin.py:115} INFO - [2022-07-28 19:54:59,008] {dag.py:2927} INFO - Setting next_dagrun for tutorial to 2022-07-27T23:54:59.008479+00:00, run_after=2022-07-28T23:54:59.008479+00:00
[2022-07-28 19:54:59,018] {processor.py:161} INFO - Processing /home/lemon/airflow/airflowenv/lib/python3.8/site-packages/airflow/example_dags/tutorial.py took 0.041 seconds
[2022-07-28 19:55:32,683] {processor.py:153} INFO - Started process (PID=2587) to work on /home/lemon/airflow/airflowenv/lib/python3.8/site-packages/airflow/example_dags/tutorial.py
[2022-07-28 19:55:32,691] {processor.py:641} INFO - Processing file /home/lemon/airflow/airflowenv/lib/python3.8/site-packages/airflow/example_dags/tutorial.py for tasks to queue
[2022-07-28 19:55:32,692] {logging_mixin.py:115} INFO - [2022-07-28 19:55:32,692] {dagbag.py:507} INFO - Filling up the DagBag from /home/lemon/airflow/airflowenv/lib/python3.8/site-packages/airflow/example_dags/tutorial.py
[2022-07-28 19:55:32,695] {processor.py:651} INFO - DAG(s) dict_keys(['tutorial']) retrieved from /home/lemon/airflow/airflowenv/lib/python3.8/site-packages/airflow/example_dags/tutorial.py
[2022-07-28 19:55:32,703] {logging_mixin.py:115} INFO - [2022-07-28 19:55:32,703] {dag.py:2379} INFO - Sync 1 DAGs
[2022-07-28 19:55:32,712] {logging_mixin.py:115} INFO - [2022-07-28 19:55:32,712] {dag.py:2927} INFO - Setting next_dagrun for tutorial to 2022-07-27T23:55:32.712109+00:00, run_after=2022-07-28T23:55:32.712109+00:00
[2022-07-28 19:55:32,722] {processor.py:161} INFO - Processing /home/lemon/airflow/airflowenv/lib/python3.8/site-packages/airflow/example_dags/tutorial.py took 0.040 seconds
