[2022-07-28 19:46:40,400] {processor.py:153} INFO - Started process (PID=428) to work on /home/lemon/airflow/airflowenv/lib/python3.8/site-packages/airflow/example_dags/tutorial_taskflow_api_etl_virtualenv.py
[2022-07-28 19:46:40,400] {processor.py:641} INFO - Processing file /home/lemon/airflow/airflowenv/lib/python3.8/site-packages/airflow/example_dags/tutorial_taskflow_api_etl_virtualenv.py for tasks to queue
[2022-07-28 19:46:40,400] {logging_mixin.py:115} INFO - [2022-07-28 19:46:40,400] {dagbag.py:507} INFO - Filling up the DagBag from /home/lemon/airflow/airflowenv/lib/python3.8/site-packages/airflow/example_dags/tutorial_taskflow_api_etl_virtualenv.py
[2022-07-28 19:46:40,409] {processor.py:651} INFO - DAG(s) dict_keys(['tutorial_taskflow_api_etl_virtualenv']) retrieved from /home/lemon/airflow/airflowenv/lib/python3.8/site-packages/airflow/example_dags/tutorial_taskflow_api_etl_virtualenv.py
[2022-07-28 19:46:40,447] {logging_mixin.py:115} INFO - [2022-07-28 19:46:40,447] {manager.py:508} INFO - Created Permission View: can delete on DAG:tutorial_taskflow_api_etl_virtualenv
[2022-07-28 19:46:40,455] {logging_mixin.py:115} INFO - [2022-07-28 19:46:40,455] {manager.py:508} INFO - Created Permission View: can read on DAG:tutorial_taskflow_api_etl_virtualenv
[2022-07-28 19:46:40,463] {logging_mixin.py:115} INFO - [2022-07-28 19:46:40,463] {manager.py:508} INFO - Created Permission View: can edit on DAG:tutorial_taskflow_api_etl_virtualenv
[2022-07-28 19:46:40,463] {logging_mixin.py:115} INFO - [2022-07-28 19:46:40,463] {dag.py:2379} INFO - Sync 1 DAGs
[2022-07-28 19:46:40,467] {logging_mixin.py:115} INFO - [2022-07-28 19:46:40,467] {dag.py:2398} INFO - Creating ORM DAG for tutorial_taskflow_api_etl_virtualenv
[2022-07-28 19:46:40,471] {logging_mixin.py:115} INFO - [2022-07-28 19:46:40,471] {dag.py:2927} INFO - Setting next_dagrun for tutorial_taskflow_api_etl_virtualenv to None, run_after=None
[2022-07-28 19:46:40,483] {processor.py:161} INFO - Processing /home/lemon/airflow/airflowenv/lib/python3.8/site-packages/airflow/example_dags/tutorial_taskflow_api_etl_virtualenv.py took 0.085 seconds
[2022-07-28 19:47:14,405] {processor.py:153} INFO - Started process (PID=719) to work on /home/lemon/airflow/airflowenv/lib/python3.8/site-packages/airflow/example_dags/tutorial_taskflow_api_etl_virtualenv.py
[2022-07-28 19:47:14,413] {processor.py:641} INFO - Processing file /home/lemon/airflow/airflowenv/lib/python3.8/site-packages/airflow/example_dags/tutorial_taskflow_api_etl_virtualenv.py for tasks to queue
[2022-07-28 19:47:14,413] {logging_mixin.py:115} INFO - [2022-07-28 19:47:14,413] {dagbag.py:507} INFO - Filling up the DagBag from /home/lemon/airflow/airflowenv/lib/python3.8/site-packages/airflow/example_dags/tutorial_taskflow_api_etl_virtualenv.py
[2022-07-28 19:47:14,422] {processor.py:651} INFO - DAG(s) dict_keys(['tutorial_taskflow_api_etl_virtualenv']) retrieved from /home/lemon/airflow/airflowenv/lib/python3.8/site-packages/airflow/example_dags/tutorial_taskflow_api_etl_virtualenv.py
[2022-07-28 19:47:14,444] {logging_mixin.py:115} INFO - [2022-07-28 19:47:14,444] {dag.py:2379} INFO - Sync 1 DAGs
[2022-07-28 19:47:14,451] {logging_mixin.py:115} INFO - [2022-07-28 19:47:14,451] {dag.py:2927} INFO - Setting next_dagrun for tutorial_taskflow_api_etl_virtualenv to None, run_after=None
[2022-07-28 19:47:14,462] {processor.py:161} INFO - Processing /home/lemon/airflow/airflowenv/lib/python3.8/site-packages/airflow/example_dags/tutorial_taskflow_api_etl_virtualenv.py took 0.058 seconds
[2022-07-28 19:47:49,291] {processor.py:153} INFO - Started process (PID=957) to work on /home/lemon/airflow/airflowenv/lib/python3.8/site-packages/airflow/example_dags/tutorial_taskflow_api_etl_virtualenv.py
[2022-07-28 19:47:49,299] {processor.py:641} INFO - Processing file /home/lemon/airflow/airflowenv/lib/python3.8/site-packages/airflow/example_dags/tutorial_taskflow_api_etl_virtualenv.py for tasks to queue
[2022-07-28 19:47:49,299] {logging_mixin.py:115} INFO - [2022-07-28 19:47:49,299] {dagbag.py:507} INFO - Filling up the DagBag from /home/lemon/airflow/airflowenv/lib/python3.8/site-packages/airflow/example_dags/tutorial_taskflow_api_etl_virtualenv.py
[2022-07-28 19:47:49,308] {processor.py:651} INFO - DAG(s) dict_keys(['tutorial_taskflow_api_etl_virtualenv']) retrieved from /home/lemon/airflow/airflowenv/lib/python3.8/site-packages/airflow/example_dags/tutorial_taskflow_api_etl_virtualenv.py
[2022-07-28 19:47:49,315] {logging_mixin.py:115} INFO - [2022-07-28 19:47:49,315] {dag.py:2379} INFO - Sync 1 DAGs
[2022-07-28 19:47:49,326] {logging_mixin.py:115} INFO - [2022-07-28 19:47:49,326] {dag.py:2927} INFO - Setting next_dagrun for tutorial_taskflow_api_etl_virtualenv to None, run_after=None
[2022-07-28 19:47:49,337] {processor.py:161} INFO - Processing /home/lemon/airflow/airflowenv/lib/python3.8/site-packages/airflow/example_dags/tutorial_taskflow_api_etl_virtualenv.py took 0.048 seconds
[2022-07-28 19:48:20,928] {processor.py:153} INFO - Started process (PID=991) to work on /home/lemon/airflow/airflowenv/lib/python3.8/site-packages/airflow/example_dags/tutorial_taskflow_api_etl_virtualenv.py
[2022-07-28 19:48:20,928] {processor.py:641} INFO - Processing file /home/lemon/airflow/airflowenv/lib/python3.8/site-packages/airflow/example_dags/tutorial_taskflow_api_etl_virtualenv.py for tasks to queue
[2022-07-28 19:48:20,929] {logging_mixin.py:115} INFO - [2022-07-28 19:48:20,928] {dagbag.py:507} INFO - Filling up the DagBag from /home/lemon/airflow/airflowenv/lib/python3.8/site-packages/airflow/example_dags/tutorial_taskflow_api_etl_virtualenv.py
[2022-07-28 19:48:20,937] {processor.py:651} INFO - DAG(s) dict_keys(['tutorial_taskflow_api_etl_virtualenv']) retrieved from /home/lemon/airflow/airflowenv/lib/python3.8/site-packages/airflow/example_dags/tutorial_taskflow_api_etl_virtualenv.py
[2022-07-28 19:48:20,958] {logging_mixin.py:115} INFO - [2022-07-28 19:48:20,958] {dag.py:2379} INFO - Sync 1 DAGs
[2022-07-28 19:48:20,965] {logging_mixin.py:115} INFO - [2022-07-28 19:48:20,965] {dag.py:2927} INFO - Setting next_dagrun for tutorial_taskflow_api_etl_virtualenv to None, run_after=None
[2022-07-28 19:48:20,975] {processor.py:161} INFO - Processing /home/lemon/airflow/airflowenv/lib/python3.8/site-packages/airflow/example_dags/tutorial_taskflow_api_etl_virtualenv.py took 0.048 seconds
[2022-07-28 19:48:53,424] {processor.py:153} INFO - Started process (PID=1027) to work on /home/lemon/airflow/airflowenv/lib/python3.8/site-packages/airflow/example_dags/tutorial_taskflow_api_etl_virtualenv.py
[2022-07-28 19:48:53,432] {processor.py:641} INFO - Processing file /home/lemon/airflow/airflowenv/lib/python3.8/site-packages/airflow/example_dags/tutorial_taskflow_api_etl_virtualenv.py for tasks to queue
[2022-07-28 19:48:53,433] {logging_mixin.py:115} INFO - [2022-07-28 19:48:53,433] {dagbag.py:507} INFO - Filling up the DagBag from /home/lemon/airflow/airflowenv/lib/python3.8/site-packages/airflow/example_dags/tutorial_taskflow_api_etl_virtualenv.py
[2022-07-28 19:48:53,442] {processor.py:651} INFO - DAG(s) dict_keys(['tutorial_taskflow_api_etl_virtualenv']) retrieved from /home/lemon/airflow/airflowenv/lib/python3.8/site-packages/airflow/example_dags/tutorial_taskflow_api_etl_virtualenv.py
[2022-07-28 19:48:53,462] {logging_mixin.py:115} INFO - [2022-07-28 19:48:53,462] {dag.py:2379} INFO - Sync 1 DAGs
[2022-07-28 19:48:53,469] {logging_mixin.py:115} INFO - [2022-07-28 19:48:53,469] {dag.py:2927} INFO - Setting next_dagrun for tutorial_taskflow_api_etl_virtualenv to None, run_after=None
[2022-07-28 19:48:53,479] {processor.py:161} INFO - Processing /home/lemon/airflow/airflowenv/lib/python3.8/site-packages/airflow/example_dags/tutorial_taskflow_api_etl_virtualenv.py took 0.056 seconds
[2022-07-28 19:51:21,060] {processor.py:153} INFO - Started process (PID=1368) to work on /home/lemon/airflow/airflowenv/lib/python3.8/site-packages/airflow/example_dags/tutorial_taskflow_api_etl_virtualenv.py
[2022-07-28 19:51:21,068] {processor.py:641} INFO - Processing file /home/lemon/airflow/airflowenv/lib/python3.8/site-packages/airflow/example_dags/tutorial_taskflow_api_etl_virtualenv.py for tasks to queue
[2022-07-28 19:51:21,068] {logging_mixin.py:115} INFO - [2022-07-28 19:51:21,068] {dagbag.py:507} INFO - Filling up the DagBag from /home/lemon/airflow/airflowenv/lib/python3.8/site-packages/airflow/example_dags/tutorial_taskflow_api_etl_virtualenv.py
[2022-07-28 19:51:21,076] {processor.py:651} INFO - DAG(s) dict_keys(['tutorial_taskflow_api_etl_virtualenv']) retrieved from /home/lemon/airflow/airflowenv/lib/python3.8/site-packages/airflow/example_dags/tutorial_taskflow_api_etl_virtualenv.py
[2022-07-28 19:51:21,098] {logging_mixin.py:115} INFO - [2022-07-28 19:51:21,098] {dag.py:2379} INFO - Sync 1 DAGs
[2022-07-28 19:51:21,106] {logging_mixin.py:115} INFO - [2022-07-28 19:51:21,106] {dag.py:2927} INFO - Setting next_dagrun for tutorial_taskflow_api_etl_virtualenv to None, run_after=None
[2022-07-28 19:51:21,116] {processor.py:161} INFO - Processing /home/lemon/airflow/airflowenv/lib/python3.8/site-packages/airflow/example_dags/tutorial_taskflow_api_etl_virtualenv.py took 0.058 seconds
[2022-07-28 19:51:55,091] {processor.py:153} INFO - Started process (PID=1506) to work on /home/lemon/airflow/airflowenv/lib/python3.8/site-packages/airflow/example_dags/tutorial_taskflow_api_etl_virtualenv.py
[2022-07-28 19:51:55,091] {processor.py:641} INFO - Processing file /home/lemon/airflow/airflowenv/lib/python3.8/site-packages/airflow/example_dags/tutorial_taskflow_api_etl_virtualenv.py for tasks to queue
[2022-07-28 19:51:55,091] {logging_mixin.py:115} INFO - [2022-07-28 19:51:55,091] {dagbag.py:507} INFO - Filling up the DagBag from /home/lemon/airflow/airflowenv/lib/python3.8/site-packages/airflow/example_dags/tutorial_taskflow_api_etl_virtualenv.py
[2022-07-28 19:51:55,100] {processor.py:651} INFO - DAG(s) dict_keys(['tutorial_taskflow_api_etl_virtualenv']) retrieved from /home/lemon/airflow/airflowenv/lib/python3.8/site-packages/airflow/example_dags/tutorial_taskflow_api_etl_virtualenv.py
[2022-07-28 19:51:55,121] {logging_mixin.py:115} INFO - [2022-07-28 19:51:55,121] {dag.py:2379} INFO - Sync 1 DAGs
[2022-07-28 19:51:55,128] {logging_mixin.py:115} INFO - [2022-07-28 19:51:55,128] {dag.py:2927} INFO - Setting next_dagrun for tutorial_taskflow_api_etl_virtualenv to None, run_after=None
[2022-07-28 19:51:55,138] {processor.py:161} INFO - Processing /home/lemon/airflow/airflowenv/lib/python3.8/site-packages/airflow/example_dags/tutorial_taskflow_api_etl_virtualenv.py took 0.049 seconds
[2022-07-28 19:52:50,080] {processor.py:153} INFO - Started process (PID=1876) to work on /home/lemon/airflow/airflowenv/lib/python3.8/site-packages/airflow/example_dags/tutorial_taskflow_api_etl_virtualenv.py
[2022-07-28 19:52:50,088] {processor.py:641} INFO - Processing file /home/lemon/airflow/airflowenv/lib/python3.8/site-packages/airflow/example_dags/tutorial_taskflow_api_etl_virtualenv.py for tasks to queue
[2022-07-28 19:52:50,088] {logging_mixin.py:115} INFO - [2022-07-28 19:52:50,088] {dagbag.py:507} INFO - Filling up the DagBag from /home/lemon/airflow/airflowenv/lib/python3.8/site-packages/airflow/example_dags/tutorial_taskflow_api_etl_virtualenv.py
[2022-07-28 19:52:50,096] {processor.py:651} INFO - DAG(s) dict_keys(['tutorial_taskflow_api_etl_virtualenv']) retrieved from /home/lemon/airflow/airflowenv/lib/python3.8/site-packages/airflow/example_dags/tutorial_taskflow_api_etl_virtualenv.py
[2022-07-28 19:52:50,118] {logging_mixin.py:115} INFO - [2022-07-28 19:52:50,118] {dag.py:2379} INFO - Sync 1 DAGs
[2022-07-28 19:52:50,126] {logging_mixin.py:115} INFO - [2022-07-28 19:52:50,126] {dag.py:2927} INFO - Setting next_dagrun for tutorial_taskflow_api_etl_virtualenv to None, run_after=None
[2022-07-28 19:52:50,136] {processor.py:161} INFO - Processing /home/lemon/airflow/airflowenv/lib/python3.8/site-packages/airflow/example_dags/tutorial_taskflow_api_etl_virtualenv.py took 0.057 seconds
[2022-07-28 19:53:22,855] {processor.py:153} INFO - Started process (PID=2197) to work on /home/lemon/airflow/airflowenv/lib/python3.8/site-packages/airflow/example_dags/tutorial_taskflow_api_etl_virtualenv.py
[2022-07-28 19:53:22,855] {processor.py:641} INFO - Processing file /home/lemon/airflow/airflowenv/lib/python3.8/site-packages/airflow/example_dags/tutorial_taskflow_api_etl_virtualenv.py for tasks to queue
[2022-07-28 19:53:22,856] {logging_mixin.py:115} INFO - [2022-07-28 19:53:22,856] {dagbag.py:507} INFO - Filling up the DagBag from /home/lemon/airflow/airflowenv/lib/python3.8/site-packages/airflow/example_dags/tutorial_taskflow_api_etl_virtualenv.py
[2022-07-28 19:53:22,864] {processor.py:651} INFO - DAG(s) dict_keys(['tutorial_taskflow_api_etl_virtualenv']) retrieved from /home/lemon/airflow/airflowenv/lib/python3.8/site-packages/airflow/example_dags/tutorial_taskflow_api_etl_virtualenv.py
[2022-07-28 19:53:22,885] {logging_mixin.py:115} INFO - [2022-07-28 19:53:22,885] {dag.py:2379} INFO - Sync 1 DAGs
[2022-07-28 19:53:22,892] {logging_mixin.py:115} INFO - [2022-07-28 19:53:22,892] {dag.py:2927} INFO - Setting next_dagrun for tutorial_taskflow_api_etl_virtualenv to None, run_after=None
[2022-07-28 19:53:22,904] {processor.py:161} INFO - Processing /home/lemon/airflow/airflowenv/lib/python3.8/site-packages/airflow/example_dags/tutorial_taskflow_api_etl_virtualenv.py took 0.050 seconds
[2022-07-28 19:53:56,477] {processor.py:153} INFO - Started process (PID=2487) to work on /home/lemon/airflow/airflowenv/lib/python3.8/site-packages/airflow/example_dags/tutorial_taskflow_api_etl_virtualenv.py
[2022-07-28 19:53:56,485] {processor.py:641} INFO - Processing file /home/lemon/airflow/airflowenv/lib/python3.8/site-packages/airflow/example_dags/tutorial_taskflow_api_etl_virtualenv.py for tasks to queue
[2022-07-28 19:53:56,485] {logging_mixin.py:115} INFO - [2022-07-28 19:53:56,485] {dagbag.py:507} INFO - Filling up the DagBag from /home/lemon/airflow/airflowenv/lib/python3.8/site-packages/airflow/example_dags/tutorial_taskflow_api_etl_virtualenv.py
[2022-07-28 19:53:56,500] {processor.py:651} INFO - DAG(s) dict_keys(['tutorial_taskflow_api_etl_virtualenv']) retrieved from /home/lemon/airflow/airflowenv/lib/python3.8/site-packages/airflow/example_dags/tutorial_taskflow_api_etl_virtualenv.py
[2022-07-28 19:53:56,563] {logging_mixin.py:115} INFO - [2022-07-28 19:53:56,563] {dag.py:2379} INFO - Sync 1 DAGs
[2022-07-28 19:53:56,575] {logging_mixin.py:115} INFO - [2022-07-28 19:53:56,575] {dag.py:2927} INFO - Setting next_dagrun for tutorial_taskflow_api_etl_virtualenv to None, run_after=None
[2022-07-28 19:53:56,592] {processor.py:161} INFO - Processing /home/lemon/airflow/airflowenv/lib/python3.8/site-packages/airflow/example_dags/tutorial_taskflow_api_etl_virtualenv.py took 0.117 seconds
[2022-07-28 19:54:30,102] {processor.py:153} INFO - Started process (PID=2522) to work on /home/lemon/airflow/airflowenv/lib/python3.8/site-packages/airflow/example_dags/tutorial_taskflow_api_etl_virtualenv.py
[2022-07-28 19:54:30,103] {processor.py:641} INFO - Processing file /home/lemon/airflow/airflowenv/lib/python3.8/site-packages/airflow/example_dags/tutorial_taskflow_api_etl_virtualenv.py for tasks to queue
[2022-07-28 19:54:30,104] {logging_mixin.py:115} INFO - [2022-07-28 19:54:30,104] {dagbag.py:507} INFO - Filling up the DagBag from /home/lemon/airflow/airflowenv/lib/python3.8/site-packages/airflow/example_dags/tutorial_taskflow_api_etl_virtualenv.py
[2022-07-28 19:54:30,113] {processor.py:651} INFO - DAG(s) dict_keys(['tutorial_taskflow_api_etl_virtualenv']) retrieved from /home/lemon/airflow/airflowenv/lib/python3.8/site-packages/airflow/example_dags/tutorial_taskflow_api_etl_virtualenv.py
[2022-07-28 19:54:30,133] {logging_mixin.py:115} INFO - [2022-07-28 19:54:30,133] {dag.py:2379} INFO - Sync 1 DAGs
[2022-07-28 19:54:30,140] {logging_mixin.py:115} INFO - [2022-07-28 19:54:30,140] {dag.py:2927} INFO - Setting next_dagrun for tutorial_taskflow_api_etl_virtualenv to None, run_after=None
[2022-07-28 19:54:30,150] {processor.py:161} INFO - Processing /home/lemon/airflow/airflowenv/lib/python3.8/site-packages/airflow/example_dags/tutorial_taskflow_api_etl_virtualenv.py took 0.049 seconds
[2022-07-28 19:55:03,623] {processor.py:153} INFO - Started process (PID=2557) to work on /home/lemon/airflow/airflowenv/lib/python3.8/site-packages/airflow/example_dags/tutorial_taskflow_api_etl_virtualenv.py
[2022-07-28 19:55:03,631] {processor.py:641} INFO - Processing file /home/lemon/airflow/airflowenv/lib/python3.8/site-packages/airflow/example_dags/tutorial_taskflow_api_etl_virtualenv.py for tasks to queue
[2022-07-28 19:55:03,631] {logging_mixin.py:115} INFO - [2022-07-28 19:55:03,631] {dagbag.py:507} INFO - Filling up the DagBag from /home/lemon/airflow/airflowenv/lib/python3.8/site-packages/airflow/example_dags/tutorial_taskflow_api_etl_virtualenv.py
[2022-07-28 19:55:03,640] {processor.py:651} INFO - DAG(s) dict_keys(['tutorial_taskflow_api_etl_virtualenv']) retrieved from /home/lemon/airflow/airflowenv/lib/python3.8/site-packages/airflow/example_dags/tutorial_taskflow_api_etl_virtualenv.py
[2022-07-28 19:55:03,661] {logging_mixin.py:115} INFO - [2022-07-28 19:55:03,661] {dag.py:2379} INFO - Sync 1 DAGs
[2022-07-28 19:55:03,669] {logging_mixin.py:115} INFO - [2022-07-28 19:55:03,668] {dag.py:2927} INFO - Setting next_dagrun for tutorial_taskflow_api_etl_virtualenv to None, run_after=None
[2022-07-28 19:55:03,679] {processor.py:161} INFO - Processing /home/lemon/airflow/airflowenv/lib/python3.8/site-packages/airflow/example_dags/tutorial_taskflow_api_etl_virtualenv.py took 0.057 seconds
