[2022-07-28 21:54:06,618] {taskinstance.py:1159} INFO - Dependencies all met for <TaskInstance: my_dag.venv manual__2022-07-29T01:54:04.317014+00:00 [queued]>
[2022-07-28 21:54:06,621] {taskinstance.py:1159} INFO - Dependencies all met for <TaskInstance: my_dag.venv manual__2022-07-29T01:54:04.317014+00:00 [queued]>
[2022-07-28 21:54:06,621] {taskinstance.py:1356} INFO - 
--------------------------------------------------------------------------------
[2022-07-28 21:54:06,621] {taskinstance.py:1357} INFO - Starting attempt 1 of 1
[2022-07-28 21:54:06,621] {taskinstance.py:1358} INFO - 
--------------------------------------------------------------------------------
[2022-07-28 21:54:06,631] {taskinstance.py:1377} INFO - Executing <Task(BashOperator): venv> on 2022-07-29 01:54:04.317014+00:00
[2022-07-28 21:54:06,632] {standard_task_runner.py:52} INFO - Started process 16434 to run task
[2022-07-28 21:54:06,634] {standard_task_runner.py:79} INFO - Running: ['airflow', 'tasks', 'run', 'my_dag', 'venv', 'manual__2022-07-29T01:54:04.317014+00:00', '--job-id', '39', '--raw', '--subdir', 'DAGS_FOLDER/mydag.py', '--cfg-path', '/tmp/tmpdmf5o1u3', '--error-file', '/tmp/tmpqlrbxbds']
[2022-07-28 21:54:06,634] {standard_task_runner.py:80} INFO - Job 39: Subtask venv
[2022-07-28 21:54:06,658] {task_command.py:370} INFO - Running <TaskInstance: my_dag.venv manual__2022-07-29T01:54:04.317014+00:00 [running]> on host DESKTOP-5GAFI6N.localdomain
[2022-07-28 21:54:06,690] {taskinstance.py:1569} INFO - Exporting the following env vars:
AIRFLOW_CTX_DAG_OWNER=airflow
AIRFLOW_CTX_DAG_ID=my_dag
AIRFLOW_CTX_TASK_ID=venv
AIRFLOW_CTX_EXECUTION_DATE=2022-07-29T01:54:04.317014+00:00
AIRFLOW_CTX_TRY_NUMBER=1
AIRFLOW_CTX_DAG_RUN_ID=manual__2022-07-29T01:54:04.317014+00:00
[2022-07-28 21:54:06,690] {subprocess.py:62} INFO - Tmp dir root location: 
 /tmp
[2022-07-28 21:54:06,691] {subprocess.py:74} INFO - Running command: ['bash', '-c', 'source /home/lemon/main/Assignment4/dataperf-vision-debugging/.venv/bin/activate']
[2022-07-28 21:54:06,694] {subprocess.py:85} INFO - Output:
[2022-07-28 21:54:06,694] {subprocess.py:96} INFO - Command exited with return code 0
[2022-07-28 21:54:06,708] {taskinstance.py:1395} INFO - Marking task as SUCCESS. dag_id=my_dag, task_id=venv, execution_date=20220729T015404, start_date=20220729T015406, end_date=20220729T015406
[2022-07-28 21:54:06,725] {local_task_job.py:156} INFO - Task exited with return code 0
[2022-07-28 21:54:06,743] {local_task_job.py:273} INFO - 1 downstream tasks scheduled from follow-on schedule check
